#
# There is insufficient memory for the Java Runtime Environment to continue.
# Native memory allocation (malloc) failed to allocate 844816 bytes for Chunk::new
# Possible reasons:
#   The system is out of physical RAM or swap space
#   The process is running with CompressedOops enabled, and the Java Heap may be blocking the growth of the native heap
# Possible solutions:
#   Reduce memory load on the system
#   Increase physical memory or swap space
#   Check if swap backing store is full
#   Decrease Java heap size (-Xmx/-Xms)
#   Decrease number of Java threads
#   Decrease Java thread stack sizes (-Xss)
#   Set larger code cache with -XX:ReservedCodeCacheSize=
#   JVM is running with Unscaled Compressed Oops mode in which the Java heap is
#     placed in the first 4GB address space. The Java Heap base address is the
#     maximum limit for the native heap growth. Please use -XX:HeapBaseMinAddress
#     to set the Java Heap base and to place the Java Heap above 4GB virtual address.
# This output file may be truncated or incomplete.
#
#  Out of Memory Error (arena.cpp:189), pid=12392, tid=12544
#
# JRE version: Java(TM) SE Runtime Environment (17.0.12+8) (build 17.0.12+8-LTS-286)
# Java VM: Java HotSpot(TM) 64-Bit Server VM (17.0.12+8-LTS-286, mixed mode, sharing, tiered, compressed oops, compressed class ptrs, g1 gc, windows-amd64)
# No core dump will be written. Minidumps are not enabled by default on client versions of Windows
#

---------------  S U M M A R Y ------------

Command Line: --add-opens=java.base/java.lang=ALL-UNNAMED --add-opens=java.base/java.lang.invoke=ALL-UNNAMED --add-opens=java.base/java.util=ALL-UNNAMED --add-opens=java.prefs/java.util.prefs=ALL-UNNAMED --add-exports=jdk.compiler/com.sun.tools.javac.api=ALL-UNNAMED --add-exports=jdk.compiler/com.sun.tools.javac.util=ALL-UNNAMED --add-opens=java.base/java.util=ALL-UNNAMED --add-opens=java.prefs/java.util.prefs=ALL-UNNAMED --add-opens=java.base/java.nio.charset=ALL-UNNAMED --add-opens=java.base/java.net=ALL-UNNAMED --add-opens=java.base/java.util.concurrent.atomic=ALL-UNNAMED --add-opens=java.xml/javax.xml.namespace=ALL-UNNAMED -XX:MaxMetaspaceSize=384m -XX:+HeapDumpOnOutOfMemoryError -Xms256m -Xmx512m -Dfile.encoding=UTF-8 -Duser.country=KR -Duser.language=ko -Duser.variant -javaagent:C:\Users\dkanr\.gradle\wrapper\dists\gradle-8.12.1-bin\eumc4uhoysa37zql93vfjkxy0\gradle-8.12.1\lib\agents\gradle-instrumentation-agent-8.12.1.jar org.gradle.launcher.daemon.bootstrap.GradleDaemon 8.12.1

Host: Intel(R) Core(TM) i3-7100U CPU @ 2.40GHz, 4 cores, 7G,  Windows 10 , 64 bit Build 19041 (10.0.19041.5438)
Time: Sun Mar 23 00:32:18 2025  Windows 10 , 64 bit Build 19041 (10.0.19041.5438) elapsed time: 23.434500 seconds (0d 0h 0m 23s)

---------------  T H R E A D  ---------------

Current thread (0x0000023834a997b0):  JavaThread "C2 CompilerThread0" daemon [_thread_in_native, id=12544, stack(0x000000f414600000,0x000000f414700000)]


Current CompileTask:
C2:  23435 2390   !   4       java.lang.ClassLoader::loadClass (121 bytes)

Stack: [0x000000f414600000,0x000000f414700000]
Native frames: (J=compiled Java code, j=interpreted, Vv=VM code, C=native code)
V  [jvm.dll+0x67a04a]
V  [jvm.dll+0x7da4ed]
V  [jvm.dll+0x7dbe33]
V  [jvm.dll+0x7dc4a3]
V  [jvm.dll+0x24508f]
V  [jvm.dll+0xab773]
V  [jvm.dll+0xabd3c]
V  [jvm.dll+0x2aa52f]
V  [jvm.dll+0x581eb9]
V  [jvm.dll+0x21f422]
V  [jvm.dll+0x21856c]
V  [jvm.dll+0x215b65]
V  [jvm.dll+0x1a2960]
V  [jvm.dll+0x22610b]
V  [jvm.dll+0x2242ab]
V  [jvm.dll+0x79075c]
V  [jvm.dll+0x78abea]
V  [jvm.dll+0x678f35]
C  [ucrtbase.dll+0x21bb2]
C  [KERNEL32.DLL+0x17374]
C  [ntdll.dll+0x4cc91]


---------------  P R O C E S S  ---------------

Threads class SMR info:
_java_thread_list=0x000002384fa85f20, length=25, elements={
0x000002381aa0d9c0, 0x0000023834a789f0, 0x0000023834a79780, 0x0000023834a92e50,
0x0000023834a93d30, 0x0000023834a96610, 0x0000023834a96ee0, 0x0000023834a997b0,
0x0000023834acec20, 0x0000023834b18070, 0x0000023834a64e10, 0x0000023834c096a0,
0x000002384ecff430, 0x000002384ecdaff0, 0x000002384e758020, 0x000002384e712e70,
0x000002384e713350, 0x000002384eebadf0, 0x000002384eeb9ec0, 0x000002384eeba3d0,
0x000002384eeba8e0, 0x000002384eebb300, 0x000002384eeb99b0, 0x000002384ef2c280,
0x000002384ef26c70
}

Java Threads: ( => current thread )
  0x000002381aa0d9c0 JavaThread "main" [_thread_blocked, id=16784, stack(0x000000f413900000,0x000000f413a00000)]
  0x0000023834a789f0 JavaThread "Reference Handler" daemon [_thread_blocked, id=14928, stack(0x000000f414000000,0x000000f414100000)]
  0x0000023834a79780 JavaThread "Finalizer" daemon [_thread_blocked, id=23504, stack(0x000000f414100000,0x000000f414200000)]
  0x0000023834a92e50 JavaThread "Signal Dispatcher" daemon [_thread_blocked, id=6064, stack(0x000000f414200000,0x000000f414300000)]
  0x0000023834a93d30 JavaThread "Attach Listener" daemon [_thread_blocked, id=26592, stack(0x000000f414300000,0x000000f414400000)]
  0x0000023834a96610 JavaThread "Service Thread" daemon [_thread_blocked, id=20232, stack(0x000000f414400000,0x000000f414500000)]
  0x0000023834a96ee0 JavaThread "Monitor Deflation Thread" daemon [_thread_blocked, id=2012, stack(0x000000f414500000,0x000000f414600000)]
=>0x0000023834a997b0 JavaThread "C2 CompilerThread0" daemon [_thread_in_native, id=12544, stack(0x000000f414600000,0x000000f414700000)]
  0x0000023834acec20 JavaThread "C1 CompilerThread0" daemon [_thread_blocked, id=7576, stack(0x000000f414700000,0x000000f414800000)]
  0x0000023834b18070 JavaThread "Sweeper thread" daemon [_thread_blocked, id=28212, stack(0x000000f414800000,0x000000f414900000)]
  0x0000023834a64e10 JavaThread "Common-Cleaner" daemon [_thread_blocked, id=12936, stack(0x000000f414900000,0x000000f414a00000)]
  0x0000023834c096a0 JavaThread "Notification Thread" daemon [_thread_blocked, id=22808, stack(0x000000f414a00000,0x000000f414b00000)]
  0x000002384ecff430 JavaThread "Daemon health stats" [_thread_blocked, id=5876, stack(0x000000f414f00000,0x000000f415000000)]
  0x000002384ecdaff0 JavaThread "Incoming local TCP Connector on port 14879" [_thread_in_native, id=19712, stack(0x000000f415000000,0x000000f415100000)]
  0x000002384e758020 JavaThread "Daemon periodic checks" [_thread_blocked, id=11552, stack(0x000000f415100000,0x000000f415200000)]
  0x000002384e712e70 JavaThread "Daemon" [_thread_blocked, id=13768, stack(0x000000f415200000,0x000000f415300000)]
  0x000002384e713350 JavaThread "Handler for socket connection from /127.0.0.1:14879 to /127.0.0.1:14884" [_thread_in_native, id=24404, stack(0x000000f415300000,0x000000f415400000)]
  0x000002384eebadf0 JavaThread "Cancel handler" [_thread_blocked, id=11916, stack(0x000000f415400000,0x000000f415500000)]
  0x000002384eeb9ec0 JavaThread "Daemon worker" [_thread_in_vm, id=8624, stack(0x000000f415500000,0x000000f415600000)]
  0x000002384eeba3d0 JavaThread "Asynchronous log dispatcher for DefaultDaemonConnection: socket connection from /127.0.0.1:14879 to /127.0.0.1:14884" [_thread_blocked, id=21196, stack(0x000000f415600000,0x000000f415700000)]
  0x000002384eeba8e0 JavaThread "Stdin handler" [_thread_blocked, id=2192, stack(0x000000f415700000,0x000000f415800000)]
  0x000002384eebb300 JavaThread "Daemon client event forwarder" [_thread_blocked, id=21888, stack(0x000000f415800000,0x000000f415900000)]
  0x000002384eeb99b0 JavaThread "Cache worker for journal cache (C:\Users\dkanr\.gradle\caches\journal-1)" [_thread_blocked, id=5472, stack(0x000000f415900000,0x000000f415a00000)]
  0x000002384ef2c280 JavaThread "File lock request listener" [_thread_in_native, id=6748, stack(0x000000f415a00000,0x000000f415b00000)]
  0x000002384ef26c70 JavaThread "Cache worker for file hash cache (C:\Users\dkanr\.gradle\caches\8.12.1\fileHashes)" [_thread_blocked, id=3312, stack(0x000000f415b00000,0x000000f415c00000)]

Other Threads:
  0x0000023834a74740 VMThread "VM Thread" [stack: 0x000000f413f00000,0x000000f414000000] [id=29276]
  0x0000023834ce9dc0 WatcherThread [stack: 0x000000f414b00000,0x000000f414c00000] [id=9716]
  0x000002381aa3bba0 GCTaskThread "GC Thread#0" [stack: 0x000000f413a00000,0x000000f413b00000] [id=25212]
  0x0000023834d45d20 GCTaskThread "GC Thread#1" [stack: 0x000000f414c00000,0x000000f414d00000] [id=19340]
  0x0000023834d4c1c0 GCTaskThread "GC Thread#2" [stack: 0x000000f414d00000,0x000000f414e00000] [id=10140]
  0x0000023834d601e0 GCTaskThread "GC Thread#3" [stack: 0x000000f414e00000,0x000000f414f00000] [id=5716]
  0x000002381893ea20 ConcurrentGCThread "G1 Main Marker" [stack: 0x000000f413b00000,0x000000f413c00000] [id=15336]
  0x000002381aa3c350 ConcurrentGCThread "G1 Conc#0" [stack: 0x000000f413c00000,0x000000f413d00000] [id=14352]
  0x000002381aade5b0 ConcurrentGCThread "G1 Refine#0" [stack: 0x000000f413d00000,0x000000f413e00000] [id=29036]
  0x00000238349380d0 ConcurrentGCThread "G1 Service" [stack: 0x000000f413e00000,0x000000f413f00000] [id=4896]

Threads with active compile tasks:
C2 CompilerThread0    23532 2390   !   4       java.lang.ClassLoader::loadClass (121 bytes)

VM state: not at safepoint (normal execution)

VM Mutex/Monitor currently owned by a thread: None

Heap address: 0x00000000e0000000, size: 512 MB, Compressed Oops mode: 32-bit

CDS archive(s) mapped at: [0x0000023835000000-0x0000023835bd0000-0x0000023835bd0000), size 12386304, SharedBaseAddress: 0x0000023835000000, ArchiveRelocationMode: 1.
Compressed class space mapped at: 0x0000023836000000-0x000002384a000000, reserved size: 335544320
Narrow klass base: 0x0000023835000000, Narrow klass shift: 0, Narrow klass range: 0x100000000

GC Precious Log:
 CPUs: 4 total, 4 available
 Memory: 8107M
 Large Page Support: Disabled
 NUMA Support: Disabled
 Compressed Oops: Enabled (32-bit)
 Heap Region Size: 1M
 Heap Min Capacity: 256M
 Heap Initial Capacity: 256M
 Heap Max Capacity: 512M
 Pre-touch: Disabled
 Parallel Workers: 4
 Concurrent Workers: 1
 Concurrent Refinement Workers: 4
 Periodic GC: Disabled

Heap:
 garbage-first heap   total 262144K, used 134792K [0x00000000e0000000, 0x0000000100000000)
  region size 1024K, 124 young (126976K), 3 survivors (3072K)
 Metaspace       used 14666K, committed 14912K, reserved 393216K
  class space    used 2007K, committed 2112K, reserved 327680K

Heap Regions: E=young(eden), S=young(survivor), O=old, HS=humongous(starts), HC=humongous(continues), CS=collection set, F=free, OA=open archive, CA=closed archive, TAMS=top-at-mark-start (previous, next)
|   0|0x00000000e0000000, 0x00000000e0100000, 0x00000000e0100000|100%|HS|  |TAMS 0x00000000e0000000, 0x00000000e0000000| Complete 
|   1|0x00000000e0100000, 0x00000000e0200000, 0x00000000e0200000|100%|HC|  |TAMS 0x00000000e0100000, 0x00000000e0100000| Complete 
|   2|0x00000000e0200000, 0x00000000e0300000, 0x00000000e0300000|100%|HC|  |TAMS 0x00000000e0200000, 0x00000000e0200000| Complete 
|   3|0x00000000e0300000, 0x00000000e0400000, 0x00000000e0400000|100%| O|  |TAMS 0x00000000e0300000, 0x00000000e0300000| Untracked 
|   4|0x00000000e0400000, 0x00000000e0500000, 0x00000000e0500000|100%| O|  |TAMS 0x00000000e0400000, 0x00000000e0400000| Untracked 
|   5|0x00000000e0500000, 0x00000000e0600000, 0x00000000e0600000|100%| O|  |TAMS 0x00000000e0500000, 0x00000000e0500000| Untracked 
|   6|0x00000000e0600000, 0x00000000e06a2000, 0x00000000e0700000| 63%| O|  |TAMS 0x00000000e0600000, 0x00000000e0600000| Untracked 
|   7|0x00000000e0700000, 0x00000000e0800000, 0x00000000e0800000|100%|HS|  |TAMS 0x00000000e0700000, 0x00000000e0700000| Complete 
|   8|0x00000000e0800000, 0x00000000e0900000, 0x00000000e0900000|100%|HS|  |TAMS 0x00000000e0800000, 0x00000000e0800000| Complete 
|   9|0x00000000e0900000, 0x00000000e0900000, 0x00000000e0a00000|  0%| F|  |TAMS 0x00000000e0900000, 0x00000000e0900000| Untracked 
|  10|0x00000000e0a00000, 0x00000000e0a00000, 0x00000000e0b00000|  0%| F|  |TAMS 0x00000000e0a00000, 0x00000000e0a00000| Untracked 
|  11|0x00000000e0b00000, 0x00000000e0b00000, 0x00000000e0c00000|  0%| F|  |TAMS 0x00000000e0b00000, 0x00000000e0b00000| Untracked 
|  12|0x00000000e0c00000, 0x00000000e0c00000, 0x00000000e0d00000|  0%| F|  |TAMS 0x00000000e0c00000, 0x00000000e0c00000| Untracked 
|  13|0x00000000e0d00000, 0x00000000e0d00000, 0x00000000e0e00000|  0%| F|  |TAMS 0x00000000e0d00000, 0x00000000e0d00000| Untracked 
|  14|0x00000000e0e00000, 0x00000000e0e00000, 0x00000000e0f00000|  0%| F|  |TAMS 0x00000000e0e00000, 0x00000000e0e00000| Untracked 
|  15|0x00000000e0f00000, 0x00000000e0f00000, 0x00000000e1000000|  0%| F|  |TAMS 0x00000000e0f00000, 0x00000000e0f00000| Untracked 
|  16|0x00000000e1000000, 0x00000000e1000000, 0x00000000e1100000|  0%| F|  |TAMS 0x00000000e1000000, 0x00000000e1000000| Untracked 
|  17|0x00000000e1100000, 0x00000000e1100000, 0x00000000e1200000|  0%| F|  |TAMS 0x00000000e1100000, 0x00000000e1100000| Untracked 
|  18|0x00000000e1200000, 0x00000000e1200000, 0x00000000e1300000|  0%| F|  |TAMS 0x00000000e1200000, 0x00000000e1200000| Untracked 
|  19|0x00000000e1300000, 0x00000000e1300000, 0x00000000e1400000|  0%| F|  |TAMS 0x00000000e1300000, 0x00000000e1300000| Untracked 
|  20|0x00000000e1400000, 0x00000000e1400000, 0x00000000e1500000|  0%| F|  |TAMS 0x00000000e1400000, 0x00000000e1400000| Untracked 
|  21|0x00000000e1500000, 0x00000000e1500000, 0x00000000e1600000|  0%| F|  |TAMS 0x00000000e1500000, 0x00000000e1500000| Untracked 
|  22|0x00000000e1600000, 0x00000000e1600000, 0x00000000e1700000|  0%| F|  |TAMS 0x00000000e1600000, 0x00000000e1600000| Untracked 
|  23|0x00000000e1700000, 0x00000000e1700000, 0x00000000e1800000|  0%| F|  |TAMS 0x00000000e1700000, 0x00000000e1700000| Untracked 
|  24|0x00000000e1800000, 0x00000000e1800000, 0x00000000e1900000|  0%| F|  |TAMS 0x00000000e1800000, 0x00000000e1800000| Untracked 
|  25|0x00000000e1900000, 0x00000000e1900000, 0x00000000e1a00000|  0%| F|  |TAMS 0x00000000e1900000, 0x00000000e1900000| Untracked 
|  26|0x00000000e1a00000, 0x00000000e1a00000, 0x00000000e1b00000|  0%| F|  |TAMS 0x00000000e1a00000, 0x00000000e1a00000| Untracked 
|  27|0x00000000e1b00000, 0x00000000e1b00000, 0x00000000e1c00000|  0%| F|  |TAMS 0x00000000e1b00000, 0x00000000e1b00000| Untracked 
|  28|0x00000000e1c00000, 0x00000000e1c00000, 0x00000000e1d00000|  0%| F|  |TAMS 0x00000000e1c00000, 0x00000000e1c00000| Untracked 
|  29|0x00000000e1d00000, 0x00000000e1d00000, 0x00000000e1e00000|  0%| F|  |TAMS 0x00000000e1d00000, 0x00000000e1d00000| Untracked 
|  30|0x00000000e1e00000, 0x00000000e1e00000, 0x00000000e1f00000|  0%| F|  |TAMS 0x00000000e1e00000, 0x00000000e1e00000| Untracked 
|  31|0x00000000e1f00000, 0x00000000e1f00000, 0x00000000e2000000|  0%| F|  |TAMS 0x00000000e1f00000, 0x00000000e1f00000| Untracked 
|  32|0x00000000e2000000, 0x00000000e2000000, 0x00000000e2100000|  0%| F|  |TAMS 0x00000000e2000000, 0x00000000e2000000| Untracked 
|  33|0x00000000e2100000, 0x00000000e2100000, 0x00000000e2200000|  0%| F|  |TAMS 0x00000000e2100000, 0x00000000e2100000| Untracked 
|  34|0x00000000e2200000, 0x00000000e2200000, 0x00000000e2300000|  0%| F|  |TAMS 0x00000000e2200000, 0x00000000e2200000| Untracked 
|  35|0x00000000e2300000, 0x00000000e2300000, 0x00000000e2400000|  0%| F|  |TAMS 0x00000000e2300000, 0x00000000e2300000| Untracked 
|  36|0x00000000e2400000, 0x00000000e2400000, 0x00000000e2500000|  0%| F|  |TAMS 0x00000000e2400000, 0x00000000e2400000| Untracked 
|  37|0x00000000e2500000, 0x00000000e2500000, 0x00000000e2600000|  0%| F|  |TAMS 0x00000000e2500000, 0x00000000e2500000| Untracked 
|  38|0x00000000e2600000, 0x00000000e2600000, 0x00000000e2700000|  0%| F|  |TAMS 0x00000000e2600000, 0x00000000e2600000| Untracked 
|  39|0x00000000e2700000, 0x00000000e2700000, 0x00000000e2800000|  0%| F|  |TAMS 0x00000000e2700000, 0x00000000e2700000| Untracked 
|  40|0x00000000e2800000, 0x00000000e2800000, 0x00000000e2900000|  0%| F|  |TAMS 0x00000000e2800000, 0x00000000e2800000| Untracked 
|  41|0x00000000e2900000, 0x00000000e2900000, 0x00000000e2a00000|  0%| F|  |TAMS 0x00000000e2900000, 0x00000000e2900000| Untracked 
|  42|0x00000000e2a00000, 0x00000000e2a00000, 0x00000000e2b00000|  0%| F|  |TAMS 0x00000000e2a00000, 0x00000000e2a00000| Untracked 
|  43|0x00000000e2b00000, 0x00000000e2b00000, 0x00000000e2c00000|  0%| F|  |TAMS 0x00000000e2b00000, 0x00000000e2b00000| Untracked 
|  44|0x00000000e2c00000, 0x00000000e2c00000, 0x00000000e2d00000|  0%| F|  |TAMS 0x00000000e2c00000, 0x00000000e2c00000| Untracked 
|  45|0x00000000e2d00000, 0x00000000e2d00000, 0x00000000e2e00000|  0%| F|  |TAMS 0x00000000e2d00000, 0x00000000e2d00000| Untracked 
|  46|0x00000000e2e00000, 0x00000000e2e00000, 0x00000000e2f00000|  0%| F|  |TAMS 0x00000000e2e00000, 0x00000000e2e00000| Untracked 
|  47|0x00000000e2f00000, 0x00000000e2f00000, 0x00000000e3000000|  0%| F|  |TAMS 0x00000000e2f00000, 0x00000000e2f00000| Untracked 
|  48|0x00000000e3000000, 0x00000000e3000000, 0x00000000e3100000|  0%| F|  |TAMS 0x00000000e3000000, 0x00000000e3000000| Untracked 
|  49|0x00000000e3100000, 0x00000000e3100000, 0x00000000e3200000|  0%| F|  |TAMS 0x00000000e3100000, 0x00000000e3100000| Untracked 
|  50|0x00000000e3200000, 0x00000000e3200000, 0x00000000e3300000|  0%| F|  |TAMS 0x00000000e3200000, 0x00000000e3200000| Untracked 
|  51|0x00000000e3300000, 0x00000000e3300000, 0x00000000e3400000|  0%| F|  |TAMS 0x00000000e3300000, 0x00000000e3300000| Untracked 
|  52|0x00000000e3400000, 0x00000000e3400000, 0x00000000e3500000|  0%| F|  |TAMS 0x00000000e3400000, 0x00000000e3400000| Untracked 
|  53|0x00000000e3500000, 0x00000000e3500000, 0x00000000e3600000|  0%| F|  |TAMS 0x00000000e3500000, 0x00000000e3500000| Untracked 
|  54|0x00000000e3600000, 0x00000000e3600000, 0x00000000e3700000|  0%| F|  |TAMS 0x00000000e3600000, 0x00000000e3600000| Untracked 
|  55|0x00000000e3700000, 0x00000000e3700000, 0x00000000e3800000|  0%| F|  |TAMS 0x00000000e3700000, 0x00000000e3700000| Untracked 
|  56|0x00000000e3800000, 0x00000000e3800000, 0x00000000e3900000|  0%| F|  |TAMS 0x00000000e3800000, 0x00000000e3800000| Untracked 
|  57|0x00000000e3900000, 0x00000000e3900000, 0x00000000e3a00000|  0%| F|  |TAMS 0x00000000e3900000, 0x00000000e3900000| Untracked 
|  58|0x00000000e3a00000, 0x00000000e3a00000, 0x00000000e3b00000|  0%| F|  |TAMS 0x00000000e3a00000, 0x00000000e3a00000| Untracked 
|  59|0x00000000e3b00000, 0x00000000e3b00000, 0x00000000e3c00000|  0%| F|  |TAMS 0x00000000e3b00000, 0x00000000e3b00000| Untracked 
|  60|0x00000000e3c00000, 0x00000000e3c00000, 0x00000000e3d00000|  0%| F|  |TAMS 0x00000000e3c00000, 0x00000000e3c00000| Untracked 
|  61|0x00000000e3d00000, 0x00000000e3d00000, 0x00000000e3e00000|  0%| F|  |TAMS 0x00000000e3d00000, 0x00000000e3d00000| Untracked 
|  62|0x00000000e3e00000, 0x00000000e3e00000, 0x00000000e3f00000|  0%| F|  |TAMS 0x00000000e3e00000, 0x00000000e3e00000| Untracked 
|  63|0x00000000e3f00000, 0x00000000e3f00000, 0x00000000e4000000|  0%| F|  |TAMS 0x00000000e3f00000, 0x00000000e3f00000| Untracked 
|  64|0x00000000e4000000, 0x00000000e4000000, 0x00000000e4100000|  0%| F|  |TAMS 0x00000000e4000000, 0x00000000e4000000| Untracked 
|  65|0x00000000e4100000, 0x00000000e4100000, 0x00000000e4200000|  0%| F|  |TAMS 0x00000000e4100000, 0x00000000e4100000| Untracked 
|  66|0x00000000e4200000, 0x00000000e4200000, 0x00000000e4300000|  0%| F|  |TAMS 0x00000000e4200000, 0x00000000e4200000| Untracked 
|  67|0x00000000e4300000, 0x00000000e4300000, 0x00000000e4400000|  0%| F|  |TAMS 0x00000000e4300000, 0x00000000e4300000| Untracked 
|  68|0x00000000e4400000, 0x00000000e4400000, 0x00000000e4500000|  0%| F|  |TAMS 0x00000000e4400000, 0x00000000e4400000| Untracked 
|  69|0x00000000e4500000, 0x00000000e4500000, 0x00000000e4600000|  0%| F|  |TAMS 0x00000000e4500000, 0x00000000e4500000| Untracked 
|  70|0x00000000e4600000, 0x00000000e4600000, 0x00000000e4700000|  0%| F|  |TAMS 0x00000000e4600000, 0x00000000e4600000| Untracked 
|  71|0x00000000e4700000, 0x00000000e4700000, 0x00000000e4800000|  0%| F|  |TAMS 0x00000000e4700000, 0x00000000e4700000| Untracked 
|  72|0x00000000e4800000, 0x00000000e4800000, 0x00000000e4900000|  0%| F|  |TAMS 0x00000000e4800000, 0x00000000e4800000| Untracked 
|  73|0x00000000e4900000, 0x00000000e4900000, 0x00000000e4a00000|  0%| F|  |TAMS 0x00000000e4900000, 0x00000000e4900000| Untracked 
|  74|0x00000000e4a00000, 0x00000000e4a00000, 0x00000000e4b00000|  0%| F|  |TAMS 0x00000000e4a00000, 0x00000000e4a00000| Untracked 
|  75|0x00000000e4b00000, 0x00000000e4b00000, 0x00000000e4c00000|  0%| F|  |TAMS 0x00000000e4b00000, 0x00000000e4b00000| Untracked 
|  76|0x00000000e4c00000, 0x00000000e4c00000, 0x00000000e4d00000|  0%| F|  |TAMS 0x00000000e4c00000, 0x00000000e4c00000| Untracked 
|  77|0x00000000e4d00000, 0x00000000e4d00000, 0x00000000e4e00000|  0%| F|  |TAMS 0x00000000e4d00000, 0x00000000e4d00000| Untracked 
|  78|0x00000000e4e00000, 0x00000000e4e00000, 0x00000000e4f00000|  0%| F|  |TAMS 0x00000000e4e00000, 0x00000000e4e00000| Untracked 
|  79|0x00000000e4f00000, 0x00000000e4f00000, 0x00000000e5000000|  0%| F|  |TAMS 0x00000000e4f00000, 0x00000000e4f00000| Untracked 
|  80|0x00000000e5000000, 0x00000000e5000000, 0x00000000e5100000|  0%| F|  |TAMS 0x00000000e5000000, 0x00000000e5000000| Untracked 
|  81|0x00000000e5100000, 0x00000000e5100000, 0x00000000e5200000|  0%| F|  |TAMS 0x00000000e5100000, 0x00000000e5100000| Untracked 
|  82|0x00000000e5200000, 0x00000000e5200000, 0x00000000e5300000|  0%| F|  |TAMS 0x00000000e5200000, 0x00000000e5200000| Untracked 
|  83|0x00000000e5300000, 0x00000000e5300000, 0x00000000e5400000|  0%| F|  |TAMS 0x00000000e5300000, 0x00000000e5300000| Untracked 
|  84|0x00000000e5400000, 0x00000000e5400000, 0x00000000e5500000|  0%| F|  |TAMS 0x00000000e5400000, 0x00000000e5400000| Untracked 
|  85|0x00000000e5500000, 0x00000000e5500000, 0x00000000e5600000|  0%| F|  |TAMS 0x00000000e5500000, 0x00000000e5500000| Untracked 
|  86|0x00000000e5600000, 0x00000000e5600000, 0x00000000e5700000|  0%| F|  |TAMS 0x00000000e5600000, 0x00000000e5600000| Untracked 
|  87|0x00000000e5700000, 0x00000000e5700000, 0x00000000e5800000|  0%| F|  |TAMS 0x00000000e5700000, 0x00000000e5700000| Untracked 
|  88|0x00000000e5800000, 0x00000000e5800000, 0x00000000e5900000|  0%| F|  |TAMS 0x00000000e5800000, 0x00000000e5800000| Untracked 
|  89|0x00000000e5900000, 0x00000000e5900000, 0x00000000e5a00000|  0%| F|  |TAMS 0x00000000e5900000, 0x00000000e5900000| Untracked 
|  90|0x00000000e5a00000, 0x00000000e5a00000, 0x00000000e5b00000|  0%| F|  |TAMS 0x00000000e5a00000, 0x00000000e5a00000| Untracked 
|  91|0x00000000e5b00000, 0x00000000e5b00000, 0x00000000e5c00000|  0%| F|  |TAMS 0x00000000e5b00000, 0x00000000e5b00000| Untracked 
|  92|0x00000000e5c00000, 0x00000000e5c00000, 0x00000000e5d00000|  0%| F|  |TAMS 0x00000000e5c00000, 0x00000000e5c00000| Untracked 
|  93|0x00000000e5d00000, 0x00000000e5d00000, 0x00000000e5e00000|  0%| F|  |TAMS 0x00000000e5d00000, 0x00000000e5d00000| Untracked 
|  94|0x00000000e5e00000, 0x00000000e5e00000, 0x00000000e5f00000|  0%| F|  |TAMS 0x00000000e5e00000, 0x00000000e5e00000| Untracked 
|  95|0x00000000e5f00000, 0x00000000e5f00000, 0x00000000e6000000|  0%| F|  |TAMS 0x00000000e5f00000, 0x00000000e5f00000| Untracked 
|  96|0x00000000e6000000, 0x00000000e6000000, 0x00000000e6100000|  0%| F|  |TAMS 0x00000000e6000000, 0x00000000e6000000| Untracked 
|  97|0x00000000e6100000, 0x00000000e6100000, 0x00000000e6200000|  0%| F|  |TAMS 0x00000000e6100000, 0x00000000e6100000| Untracked 
|  98|0x00000000e6200000, 0x00000000e6200000, 0x00000000e6300000|  0%| F|  |TAMS 0x00000000e6200000, 0x00000000e6200000| Untracked 
|  99|0x00000000e6300000, 0x00000000e6300000, 0x00000000e6400000|  0%| F|  |TAMS 0x00000000e6300000, 0x00000000e6300000| Untracked 
| 100|0x00000000e6400000, 0x00000000e6400000, 0x00000000e6500000|  0%| F|  |TAMS 0x00000000e6400000, 0x00000000e6400000| Untracked 
| 101|0x00000000e6500000, 0x00000000e6500000, 0x00000000e6600000|  0%| F|  |TAMS 0x00000000e6500000, 0x00000000e6500000| Untracked 
| 102|0x00000000e6600000, 0x00000000e6600000, 0x00000000e6700000|  0%| F|  |TAMS 0x00000000e6600000, 0x00000000e6600000| Untracked 
| 103|0x00000000e6700000, 0x00000000e6700000, 0x00000000e6800000|  0%| F|  |TAMS 0x00000000e6700000, 0x00000000e6700000| Untracked 
| 104|0x00000000e6800000, 0x00000000e6800000, 0x00000000e6900000|  0%| F|  |TAMS 0x00000000e6800000, 0x00000000e6800000| Untracked 
| 105|0x00000000e6900000, 0x00000000e6900000, 0x00000000e6a00000|  0%| F|  |TAMS 0x00000000e6900000, 0x00000000e6900000| Untracked 
| 106|0x00000000e6a00000, 0x00000000e6a00000, 0x00000000e6b00000|  0%| F|  |TAMS 0x00000000e6a00000, 0x00000000e6a00000| Untracked 
| 107|0x00000000e6b00000, 0x00000000e6b00000, 0x00000000e6c00000|  0%| F|  |TAMS 0x00000000e6b00000, 0x00000000e6b00000| Untracked 
| 108|0x00000000e6c00000, 0x00000000e6c00000, 0x00000000e6d00000|  0%| F|  |TAMS 0x00000000e6c00000, 0x00000000e6c00000| Untracked 
| 109|0x00000000e6d00000, 0x00000000e6d00000, 0x00000000e6e00000|  0%| F|  |TAMS 0x00000000e6d00000, 0x00000000e6d00000| Untracked 
| 110|0x00000000e6e00000, 0x00000000e6e00000, 0x00000000e6f00000|  0%| F|  |TAMS 0x00000000e6e00000, 0x00000000e6e00000| Untracked 
| 111|0x00000000e6f00000, 0x00000000e6f00000, 0x00000000e7000000|  0%| F|  |TAMS 0x00000000e6f00000, 0x00000000e6f00000| Untracked 
| 112|0x00000000e7000000, 0x00000000e7000000, 0x00000000e7100000|  0%| F|  |TAMS 0x00000000e7000000, 0x00000000e7000000| Untracked 
| 113|0x00000000e7100000, 0x00000000e7100000, 0x00000000e7200000|  0%| F|  |TAMS 0x00000000e7100000, 0x00000000e7100000| Untracked 
| 114|0x00000000e7200000, 0x00000000e7200000, 0x00000000e7300000|  0%| F|  |TAMS 0x00000000e7200000, 0x00000000e7200000| Untracked 
| 115|0x00000000e7300000, 0x00000000e7300000, 0x00000000e7400000|  0%| F|  |TAMS 0x00000000e7300000, 0x00000000e7300000| Untracked 
| 116|0x00000000e7400000, 0x00000000e7400000, 0x00000000e7500000|  0%| F|  |TAMS 0x00000000e7400000, 0x00000000e7400000| Untracked 
| 117|0x00000000e7500000, 0x00000000e7500000, 0x00000000e7600000|  0%| F|  |TAMS 0x00000000e7500000, 0x00000000e7500000| Untracked 
| 118|0x00000000e7600000, 0x00000000e7600000, 0x00000000e7700000|  0%| F|  |TAMS 0x00000000e7600000, 0x00000000e7600000| Untracked 
| 119|0x00000000e7700000, 0x00000000e7700000, 0x00000000e7800000|  0%| F|  |TAMS 0x00000000e7700000, 0x00000000e7700000| Untracked 
| 120|0x00000000e7800000, 0x00000000e7800000, 0x00000000e7900000|  0%| F|  |TAMS 0x00000000e7800000, 0x00000000e7800000| Untracked 
| 121|0x00000000e7900000, 0x00000000e7900000, 0x00000000e7a00000|  0%| F|  |TAMS 0x00000000e7900000, 0x00000000e7900000| Untracked 
| 122|0x00000000e7a00000, 0x00000000e7a00000, 0x00000000e7b00000|  0%| F|  |TAMS 0x00000000e7a00000, 0x00000000e7a00000| Untracked 
| 123|0x00000000e7b00000, 0x00000000e7b00000, 0x00000000e7c00000|  0%| F|  |TAMS 0x00000000e7b00000, 0x00000000e7b00000| Untracked 
| 124|0x00000000e7c00000, 0x00000000e7c00000, 0x00000000e7d00000|  0%| F|  |TAMS 0x00000000e7c00000, 0x00000000e7c00000| Untracked 
| 125|0x00000000e7d00000, 0x00000000e7d00000, 0x00000000e7e00000|  0%| F|  |TAMS 0x00000000e7d00000, 0x00000000e7d00000| Untracked 
| 126|0x00000000e7e00000, 0x00000000e7e00000, 0x00000000e7f00000|  0%| F|  |TAMS 0x00000000e7e00000, 0x00000000e7e00000| Untracked 
| 127|0x00000000e7f00000, 0x00000000e7f00000, 0x00000000e8000000|  0%| F|  |TAMS 0x00000000e7f00000, 0x00000000e7f00000| Untracked 
| 128|0x00000000e8000000, 0x00000000e8000000, 0x00000000e8100000|  0%| F|  |TAMS 0x00000000e8000000, 0x00000000e8000000| Untracked 
| 129|0x00000000e8100000, 0x00000000e8100000, 0x00000000e8200000|  0%| F|  |TAMS 0x00000000e8100000, 0x00000000e8100000| Untracked 
| 130|0x00000000e8200000, 0x00000000e8200000, 0x00000000e8300000|  0%| F|  |TAMS 0x00000000e8200000, 0x00000000e8200000| Untracked 
| 131|0x00000000e8300000, 0x00000000e8300000, 0x00000000e8400000|  0%| F|  |TAMS 0x00000000e8300000, 0x00000000e8300000| Untracked 
| 132|0x00000000e8400000, 0x00000000e84809f0, 0x00000000e8500000| 50%| E|  |TAMS 0x00000000e8400000, 0x00000000e8400000| Complete 
| 133|0x00000000e8500000, 0x00000000e8600000, 0x00000000e8600000|100%| E|CS|TAMS 0x00000000e8500000, 0x00000000e8500000| Complete 
| 134|0x00000000e8600000, 0x00000000e8700000, 0x00000000e8700000|100%| E|CS|TAMS 0x00000000e8600000, 0x00000000e8600000| Complete 
| 135|0x00000000e8700000, 0x00000000e8800000, 0x00000000e8800000|100%| E|CS|TAMS 0x00000000e8700000, 0x00000000e8700000| Complete 
| 136|0x00000000e8800000, 0x00000000e8900000, 0x00000000e8900000|100%| E|CS|TAMS 0x00000000e8800000, 0x00000000e8800000| Complete 
| 137|0x00000000e8900000, 0x00000000e8a00000, 0x00000000e8a00000|100%| E|CS|TAMS 0x00000000e8900000, 0x00000000e8900000| Complete 
| 138|0x00000000e8a00000, 0x00000000e8b00000, 0x00000000e8b00000|100%| E|CS|TAMS 0x00000000e8a00000, 0x00000000e8a00000| Complete 
| 139|0x00000000e8b00000, 0x00000000e8c00000, 0x00000000e8c00000|100%| E|CS|TAMS 0x00000000e8b00000, 0x00000000e8b00000| Complete 
| 140|0x00000000e8c00000, 0x00000000e8d00000, 0x00000000e8d00000|100%| E|CS|TAMS 0x00000000e8c00000, 0x00000000e8c00000| Complete 
| 141|0x00000000e8d00000, 0x00000000e8e00000, 0x00000000e8e00000|100%| E|CS|TAMS 0x00000000e8d00000, 0x00000000e8d00000| Complete 
| 142|0x00000000e8e00000, 0x00000000e8f00000, 0x00000000e8f00000|100%| E|CS|TAMS 0x00000000e8e00000, 0x00000000e8e00000| Complete 
| 143|0x00000000e8f00000, 0x00000000e9000000, 0x00000000e9000000|100%| E|CS|TAMS 0x00000000e8f00000, 0x00000000e8f00000| Complete 
| 144|0x00000000e9000000, 0x00000000e9100000, 0x00000000e9100000|100%| E|CS|TAMS 0x00000000e9000000, 0x00000000e9000000| Complete 
| 145|0x00000000e9100000, 0x00000000e9200000, 0x00000000e9200000|100%| E|CS|TAMS 0x00000000e9100000, 0x00000000e9100000| Complete 
| 146|0x00000000e9200000, 0x00000000e9300000, 0x00000000e9300000|100%| E|CS|TAMS 0x00000000e9200000, 0x00000000e9200000| Complete 
| 147|0x00000000e9300000, 0x00000000e9400000, 0x00000000e9400000|100%| E|CS|TAMS 0x00000000e9300000, 0x00000000e9300000| Complete 
| 148|0x00000000e9400000, 0x00000000e9500000, 0x00000000e9500000|100%| E|CS|TAMS 0x00000000e9400000, 0x00000000e9400000| Complete 
| 149|0x00000000e9500000, 0x00000000e9600000, 0x00000000e9600000|100%| E|CS|TAMS 0x00000000e9500000, 0x00000000e9500000| Complete 
| 150|0x00000000e9600000, 0x00000000e9700000, 0x00000000e9700000|100%| E|CS|TAMS 0x00000000e9600000, 0x00000000e9600000| Complete 
| 151|0x00000000e9700000, 0x00000000e9800000, 0x00000000e9800000|100%| E|CS|TAMS 0x00000000e9700000, 0x00000000e9700000| Complete 
| 152|0x00000000e9800000, 0x00000000e9900000, 0x00000000e9900000|100%| E|CS|TAMS 0x00000000e9800000, 0x00000000e9800000| Complete 
| 153|0x00000000e9900000, 0x00000000e9a00000, 0x00000000e9a00000|100%| E|CS|TAMS 0x00000000e9900000, 0x00000000e9900000| Complete 
| 154|0x00000000e9a00000, 0x00000000e9b00000, 0x00000000e9b00000|100%| E|CS|TAMS 0x00000000e9a00000, 0x00000000e9a00000| Complete 
| 155|0x00000000e9b00000, 0x00000000e9c00000, 0x00000000e9c00000|100%| E|CS|TAMS 0x00000000e9b00000, 0x00000000e9b00000| Complete 
| 156|0x00000000e9c00000, 0x00000000e9d00000, 0x00000000e9d00000|100%| E|CS|TAMS 0x00000000e9c00000, 0x00000000e9c00000| Complete 
| 157|0x00000000e9d00000, 0x00000000e9e00000, 0x00000000e9e00000|100%| E|CS|TAMS 0x00000000e9d00000, 0x00000000e9d00000| Complete 
| 158|0x00000000e9e00000, 0x00000000e9f00000, 0x00000000e9f00000|100%| E|CS|TAMS 0x00000000e9e00000, 0x00000000e9e00000| Complete 
| 159|0x00000000e9f00000, 0x00000000ea000000, 0x00000000ea000000|100%| E|CS|TAMS 0x00000000e9f00000, 0x00000000e9f00000| Complete 
| 160|0x00000000ea000000, 0x00000000ea100000, 0x00000000ea100000|100%| E|CS|TAMS 0x00000000ea000000, 0x00000000ea000000| Complete 
| 161|0x00000000ea100000, 0x00000000ea200000, 0x00000000ea200000|100%| E|CS|TAMS 0x00000000ea100000, 0x00000000ea100000| Complete 
| 162|0x00000000ea200000, 0x00000000ea300000, 0x00000000ea300000|100%| E|CS|TAMS 0x00000000ea200000, 0x00000000ea200000| Complete 
| 163|0x00000000ea300000, 0x00000000ea400000, 0x00000000ea400000|100%| E|CS|TAMS 0x00000000ea300000, 0x00000000ea300000| Complete 
| 164|0x00000000ea400000, 0x00000000ea500000, 0x00000000ea500000|100%| E|CS|TAMS 0x00000000ea400000, 0x00000000ea400000| Complete 
| 165|0x00000000ea500000, 0x00000000ea600000, 0x00000000ea600000|100%| E|CS|TAMS 0x00000000ea500000, 0x00000000ea500000| Complete 
| 166|0x00000000ea600000, 0x00000000ea700000, 0x00000000ea700000|100%| E|CS|TAMS 0x00000000ea600000, 0x00000000ea600000| Complete 
| 167|0x00000000ea700000, 0x00000000ea800000, 0x00000000ea800000|100%| E|CS|TAMS 0x00000000ea700000, 0x00000000ea700000| Complete 
| 168|0x00000000ea800000, 0x00000000ea900000, 0x00000000ea900000|100%| E|CS|TAMS 0x00000000ea800000, 0x00000000ea800000| Complete 
| 169|0x00000000ea900000, 0x00000000eaa00000, 0x00000000eaa00000|100%| E|CS|TAMS 0x00000000ea900000, 0x00000000ea900000| Complete 
| 170|0x00000000eaa00000, 0x00000000eab00000, 0x00000000eab00000|100%| E|CS|TAMS 0x00000000eaa00000, 0x00000000eaa00000| Complete 
| 171|0x00000000eab00000, 0x00000000eac00000, 0x00000000eac00000|100%| E|CS|TAMS 0x00000000eab00000, 0x00000000eab00000| Complete 
| 172|0x00000000eac00000, 0x00000000ead00000, 0x00000000ead00000|100%| E|CS|TAMS 0x00000000eac00000, 0x00000000eac00000| Complete 
| 173|0x00000000ead00000, 0x00000000eae00000, 0x00000000eae00000|100%| E|CS|TAMS 0x00000000ead00000, 0x00000000ead00000| Complete 
| 174|0x00000000eae00000, 0x00000000eaf00000, 0x00000000eaf00000|100%| E|CS|TAMS 0x00000000eae00000, 0x00000000eae00000| Complete 
| 175|0x00000000eaf00000, 0x00000000eb000000, 0x00000000eb000000|100%| E|CS|TAMS 0x00000000eaf00000, 0x00000000eaf00000| Complete 
| 176|0x00000000eb000000, 0x00000000eb100000, 0x00000000eb100000|100%| E|CS|TAMS 0x00000000eb000000, 0x00000000eb000000| Complete 
| 177|0x00000000eb100000, 0x00000000eb200000, 0x00000000eb200000|100%| E|CS|TAMS 0x00000000eb100000, 0x00000000eb100000| Complete 
| 178|0x00000000eb200000, 0x00000000eb300000, 0x00000000eb300000|100%| E|CS|TAMS 0x00000000eb200000, 0x00000000eb200000| Complete 
| 179|0x00000000eb300000, 0x00000000eb400000, 0x00000000eb400000|100%| E|CS|TAMS 0x00000000eb300000, 0x00000000eb300000| Complete 
| 180|0x00000000eb400000, 0x00000000eb500000, 0x00000000eb500000|100%| E|CS|TAMS 0x00000000eb400000, 0x00000000eb400000| Complete 
| 181|0x00000000eb500000, 0x00000000eb600000, 0x00000000eb600000|100%| E|CS|TAMS 0x00000000eb500000, 0x00000000eb500000| Complete 
| 182|0x00000000eb600000, 0x00000000eb700000, 0x00000000eb700000|100%| E|CS|TAMS 0x00000000eb600000, 0x00000000eb600000| Complete 
| 183|0x00000000eb700000, 0x00000000eb800000, 0x00000000eb800000|100%| E|CS|TAMS 0x00000000eb700000, 0x00000000eb700000| Complete 
| 184|0x00000000eb800000, 0x00000000eb900000, 0x00000000eb900000|100%| E|CS|TAMS 0x00000000eb800000, 0x00000000eb800000| Complete 
| 185|0x00000000eb900000, 0x00000000eba00000, 0x00000000eba00000|100%| E|CS|TAMS 0x00000000eb900000, 0x00000000eb900000| Complete 
| 186|0x00000000eba00000, 0x00000000ebb00000, 0x00000000ebb00000|100%| E|CS|TAMS 0x00000000eba00000, 0x00000000eba00000| Complete 
| 187|0x00000000ebb00000, 0x00000000ebc00000, 0x00000000ebc00000|100%| E|CS|TAMS 0x00000000ebb00000, 0x00000000ebb00000| Complete 
| 188|0x00000000ebc00000, 0x00000000ebd00000, 0x00000000ebd00000|100%| E|CS|TAMS 0x00000000ebc00000, 0x00000000ebc00000| Complete 
| 189|0x00000000ebd00000, 0x00000000ebe00000, 0x00000000ebe00000|100%| E|CS|TAMS 0x00000000ebd00000, 0x00000000ebd00000| Complete 
| 190|0x00000000ebe00000, 0x00000000ebf00000, 0x00000000ebf00000|100%| E|CS|TAMS 0x00000000ebe00000, 0x00000000ebe00000| Complete 
| 191|0x00000000ebf00000, 0x00000000ec000000, 0x00000000ec000000|100%| E|CS|TAMS 0x00000000ebf00000, 0x00000000ebf00000| Complete 
| 192|0x00000000ec000000, 0x00000000ec100000, 0x00000000ec100000|100%| E|CS|TAMS 0x00000000ec000000, 0x00000000ec000000| Complete 
| 193|0x00000000ec100000, 0x00000000ec200000, 0x00000000ec200000|100%| E|CS|TAMS 0x00000000ec100000, 0x00000000ec100000| Complete 
| 194|0x00000000ec200000, 0x00000000ec300000, 0x00000000ec300000|100%| E|CS|TAMS 0x00000000ec200000, 0x00000000ec200000| Complete 
| 195|0x00000000ec300000, 0x00000000ec400000, 0x00000000ec400000|100%| E|CS|TAMS 0x00000000ec300000, 0x00000000ec300000| Complete 
| 196|0x00000000ec400000, 0x00000000ec500000, 0x00000000ec500000|100%| E|CS|TAMS 0x00000000ec400000, 0x00000000ec400000| Complete 
| 197|0x00000000ec500000, 0x00000000ec600000, 0x00000000ec600000|100%| E|CS|TAMS 0x00000000ec500000, 0x00000000ec500000| Complete 
| 198|0x00000000ec600000, 0x00000000ec700000, 0x00000000ec700000|100%| E|CS|TAMS 0x00000000ec600000, 0x00000000ec600000| Complete 
| 199|0x00000000ec700000, 0x00000000ec800000, 0x00000000ec800000|100%| E|CS|TAMS 0x00000000ec700000, 0x00000000ec700000| Complete 
| 200|0x00000000ec800000, 0x00000000ec900000, 0x00000000ec900000|100%| E|CS|TAMS 0x00000000ec800000, 0x00000000ec800000| Complete 
| 201|0x00000000ec900000, 0x00000000eca00000, 0x00000000eca00000|100%| E|CS|TAMS 0x00000000ec900000, 0x00000000ec900000| Complete 
| 202|0x00000000eca00000, 0x00000000ecb00000, 0x00000000ecb00000|100%| E|CS|TAMS 0x00000000eca00000, 0x00000000eca00000| Complete 
| 203|0x00000000ecb00000, 0x00000000ecc00000, 0x00000000ecc00000|100%| E|CS|TAMS 0x00000000ecb00000, 0x00000000ecb00000| Complete 
| 204|0x00000000ecc00000, 0x00000000ecd00000, 0x00000000ecd00000|100%| E|CS|TAMS 0x00000000ecc00000, 0x00000000ecc00000| Complete 
| 205|0x00000000ecd00000, 0x00000000ece00000, 0x00000000ece00000|100%| E|CS|TAMS 0x00000000ecd00000, 0x00000000ecd00000| Complete 
| 206|0x00000000ece00000, 0x00000000ecf00000, 0x00000000ecf00000|100%| E|CS|TAMS 0x00000000ece00000, 0x00000000ece00000| Complete 
| 207|0x00000000ecf00000, 0x00000000ed000000, 0x00000000ed000000|100%| E|CS|TAMS 0x00000000ecf00000, 0x00000000ecf00000| Complete 
| 208|0x00000000ed000000, 0x00000000ed100000, 0x00000000ed100000|100%| E|CS|TAMS 0x00000000ed000000, 0x00000000ed000000| Complete 
| 209|0x00000000ed100000, 0x00000000ed200000, 0x00000000ed200000|100%| E|CS|TAMS 0x00000000ed100000, 0x00000000ed100000| Complete 
| 210|0x00000000ed200000, 0x00000000ed300000, 0x00000000ed300000|100%| E|CS|TAMS 0x00000000ed200000, 0x00000000ed200000| Complete 
| 211|0x00000000ed300000, 0x00000000ed400000, 0x00000000ed400000|100%| E|CS|TAMS 0x00000000ed300000, 0x00000000ed300000| Complete 
| 212|0x00000000ed400000, 0x00000000ed500000, 0x00000000ed500000|100%| E|CS|TAMS 0x00000000ed400000, 0x00000000ed400000| Complete 
| 213|0x00000000ed500000, 0x00000000ed600000, 0x00000000ed600000|100%| E|CS|TAMS 0x00000000ed500000, 0x00000000ed500000| Complete 
| 214|0x00000000ed600000, 0x00000000ed700000, 0x00000000ed700000|100%| E|CS|TAMS 0x00000000ed600000, 0x00000000ed600000| Complete 
| 215|0x00000000ed700000, 0x00000000ed800000, 0x00000000ed800000|100%| E|CS|TAMS 0x00000000ed700000, 0x00000000ed700000| Complete 
| 216|0x00000000ed800000, 0x00000000ed900000, 0x00000000ed900000|100%| E|CS|TAMS 0x00000000ed800000, 0x00000000ed800000| Complete 
| 217|0x00000000ed900000, 0x00000000eda00000, 0x00000000eda00000|100%| E|CS|TAMS 0x00000000ed900000, 0x00000000ed900000| Complete 
| 218|0x00000000eda00000, 0x00000000edb00000, 0x00000000edb00000|100%| E|CS|TAMS 0x00000000eda00000, 0x00000000eda00000| Complete 
| 219|0x00000000edb00000, 0x00000000edc00000, 0x00000000edc00000|100%| E|CS|TAMS 0x00000000edb00000, 0x00000000edb00000| Complete 
| 220|0x00000000edc00000, 0x00000000edd00000, 0x00000000edd00000|100%| E|CS|TAMS 0x00000000edc00000, 0x00000000edc00000| Complete 
| 221|0x00000000edd00000, 0x00000000ede00000, 0x00000000ede00000|100%| E|CS|TAMS 0x00000000edd00000, 0x00000000edd00000| Complete 
| 222|0x00000000ede00000, 0x00000000edf00000, 0x00000000edf00000|100%| E|CS|TAMS 0x00000000ede00000, 0x00000000ede00000| Complete 
| 223|0x00000000edf00000, 0x00000000ee000000, 0x00000000ee000000|100%| E|CS|TAMS 0x00000000edf00000, 0x00000000edf00000| Complete 
| 224|0x00000000ee000000, 0x00000000ee100000, 0x00000000ee100000|100%| E|CS|TAMS 0x00000000ee000000, 0x00000000ee000000| Complete 
| 225|0x00000000ee100000, 0x00000000ee200000, 0x00000000ee200000|100%| E|CS|TAMS 0x00000000ee100000, 0x00000000ee100000| Complete 
| 226|0x00000000ee200000, 0x00000000ee300000, 0x00000000ee300000|100%| E|CS|TAMS 0x00000000ee200000, 0x00000000ee200000| Complete 
| 227|0x00000000ee300000, 0x00000000ee400000, 0x00000000ee400000|100%| E|CS|TAMS 0x00000000ee300000, 0x00000000ee300000| Complete 
| 228|0x00000000ee400000, 0x00000000ee500000, 0x00000000ee500000|100%| E|CS|TAMS 0x00000000ee400000, 0x00000000ee400000| Complete 
| 229|0x00000000ee500000, 0x00000000ee600000, 0x00000000ee600000|100%| E|CS|TAMS 0x00000000ee500000, 0x00000000ee500000| Complete 
| 230|0x00000000ee600000, 0x00000000ee700000, 0x00000000ee700000|100%| E|CS|TAMS 0x00000000ee600000, 0x00000000ee600000| Complete 
| 231|0x00000000ee700000, 0x00000000ee800000, 0x00000000ee800000|100%| E|CS|TAMS 0x00000000ee700000, 0x00000000ee700000| Complete 
| 232|0x00000000ee800000, 0x00000000ee900000, 0x00000000ee900000|100%| E|CS|TAMS 0x00000000ee800000, 0x00000000ee800000| Complete 
| 233|0x00000000ee900000, 0x00000000eea00000, 0x00000000eea00000|100%| S|CS|TAMS 0x00000000ee900000, 0x00000000ee900000| Complete 
| 234|0x00000000eea00000, 0x00000000eeb00000, 0x00000000eeb00000|100%| S|CS|TAMS 0x00000000eea00000, 0x00000000eea00000| Complete 
| 235|0x00000000eeb00000, 0x00000000eec00000, 0x00000000eec00000|100%| S|CS|TAMS 0x00000000eeb00000, 0x00000000eeb00000| Complete 
| 236|0x00000000eec00000, 0x00000000eed00000, 0x00000000eed00000|100%| E|CS|TAMS 0x00000000eec00000, 0x00000000eec00000| Complete 
| 237|0x00000000eed00000, 0x00000000eee00000, 0x00000000eee00000|100%| E|CS|TAMS 0x00000000eed00000, 0x00000000eed00000| Complete 
| 238|0x00000000eee00000, 0x00000000eef00000, 0x00000000eef00000|100%| E|CS|TAMS 0x00000000eee00000, 0x00000000eee00000| Complete 
| 239|0x00000000eef00000, 0x00000000ef000000, 0x00000000ef000000|100%| E|CS|TAMS 0x00000000eef00000, 0x00000000eef00000| Complete 
| 240|0x00000000ef000000, 0x00000000ef100000, 0x00000000ef100000|100%| E|CS|TAMS 0x00000000ef000000, 0x00000000ef000000| Complete 
| 241|0x00000000ef100000, 0x00000000ef200000, 0x00000000ef200000|100%| E|CS|TAMS 0x00000000ef100000, 0x00000000ef100000| Complete 
| 242|0x00000000ef200000, 0x00000000ef300000, 0x00000000ef300000|100%| E|CS|TAMS 0x00000000ef200000, 0x00000000ef200000| Complete 
| 243|0x00000000ef300000, 0x00000000ef400000, 0x00000000ef400000|100%| E|CS|TAMS 0x00000000ef300000, 0x00000000ef300000| Complete 
| 244|0x00000000ef400000, 0x00000000ef500000, 0x00000000ef500000|100%| E|CS|TAMS 0x00000000ef400000, 0x00000000ef400000| Complete 
| 245|0x00000000ef500000, 0x00000000ef600000, 0x00000000ef600000|100%| E|CS|TAMS 0x00000000ef500000, 0x00000000ef500000| Complete 
| 246|0x00000000ef600000, 0x00000000ef700000, 0x00000000ef700000|100%| E|CS|TAMS 0x00000000ef600000, 0x00000000ef600000| Complete 
| 247|0x00000000ef700000, 0x00000000ef800000, 0x00000000ef800000|100%| E|CS|TAMS 0x00000000ef700000, 0x00000000ef700000| Complete 
| 248|0x00000000ef800000, 0x00000000ef900000, 0x00000000ef900000|100%| E|CS|TAMS 0x00000000ef800000, 0x00000000ef800000| Complete 
| 249|0x00000000ef900000, 0x00000000efa00000, 0x00000000efa00000|100%| E|CS|TAMS 0x00000000ef900000, 0x00000000ef900000| Complete 
| 250|0x00000000efa00000, 0x00000000efb00000, 0x00000000efb00000|100%| E|CS|TAMS 0x00000000efa00000, 0x00000000efa00000| Complete 
| 251|0x00000000efb00000, 0x00000000efc00000, 0x00000000efc00000|100%| E|CS|TAMS 0x00000000efb00000, 0x00000000efb00000| Complete 
| 252|0x00000000efc00000, 0x00000000efd00000, 0x00000000efd00000|100%| E|CS|TAMS 0x00000000efc00000, 0x00000000efc00000| Complete 
| 253|0x00000000efd00000, 0x00000000efe00000, 0x00000000efe00000|100%| E|CS|TAMS 0x00000000efd00000, 0x00000000efd00000| Complete 
| 254|0x00000000efe00000, 0x00000000eff00000, 0x00000000eff00000|100%| E|CS|TAMS 0x00000000efe00000, 0x00000000efe00000| Complete 
| 255|0x00000000eff00000, 0x00000000f0000000, 0x00000000f0000000|100%| E|CS|TAMS 0x00000000eff00000, 0x00000000eff00000| Complete 

Card table byte_map: [0x00000238312d0000,0x00000238313d0000] _byte_map_base: 0x0000023830bd0000

Marking Bits (Prev, Next): (CMBitMap*) 0x000002381893a0f0, (CMBitMap*) 0x000002381893a130
 Prev Bits: [0x00000238314d0000, 0x0000023831cd0000)
 Next Bits: [0x0000023831cd0000, 0x00000238324d0000)

Polling page: 0x00000238189b0000

Metaspace:

Usage:
  Non-class:     12.38 MB used.
      Class:      1.96 MB used.
       Both:     14.34 MB used.

Virtual space:
  Non-class space:       64.00 MB reserved,      12.50 MB ( 20%) committed,  1 nodes.
      Class space:      320.00 MB reserved,       2.06 MB ( <1%) committed,  1 nodes.
             Both:      384.00 MB reserved,      14.56 MB (  4%) committed. 

Chunk freelists:
   Non-Class:  2.94 MB
       Class:  13.89 MB
        Both:  16.83 MB

MaxMetaspaceSize: 384.00 MB
CompressedClassSpaceSize: 320.00 MB
Initial GC threshold: 21.00 MB
Current GC threshold: 21.00 MB
CDS: on
MetaspaceReclaimPolicy: balanced
 - commit_granule_bytes: 65536.
 - commit_granule_words: 8192.
 - virtual_space_node_default_size: 8388608.
 - enlarge_chunks_in_place: 1.
 - new_chunks_are_fully_committed: 0.
 - uncommit_free_chunks: 1.
 - use_allocation_guard: 0.
 - handle_deallocations: 1.


Internal statistics:

num_allocs_failed_limit: 0.
num_arena_births: 172.
num_arena_deaths: 0.
num_vsnodes_births: 2.
num_vsnodes_deaths: 0.
num_space_committed: 233.
num_space_uncommitted: 0.
num_chunks_returned_to_freelist: 0.
num_chunks_taken_from_freelist: 613.
num_chunk_merges: 0.
num_chunk_splits: 421.
num_chunks_enlarged: 320.
num_inconsistent_stats: 0.

CodeHeap 'non-profiled nmethods': size=120000Kb used=1283Kb max_used=1283Kb free=118716Kb
 bounds [0x0000023829da0000, 0x000002382a010000, 0x00000238312d0000]
CodeHeap 'profiled nmethods': size=120000Kb used=4998Kb max_used=4998Kb free=115002Kb
 bounds [0x00000238222d0000, 0x00000238227c0000, 0x0000023829800000]
CodeHeap 'non-nmethods': size=5760Kb used=1225Kb max_used=1286Kb free=4534Kb
 bounds [0x0000023829800000, 0x0000023829a70000, 0x0000023829da0000]
 total_blobs=2939 nmethods=2408 adapters=444
 compilation: enabled
              stopped_count=0, restarted_count=0
 full_count=0

Compilation events (20 events):
Event: 23.036 Thread 0x0000023834acec20 2395       3       java.lang.Integer::parseInt (7 bytes)
Event: 23.036 Thread 0x0000023834acec20 nmethod 2395 0x00000238227a7d90 code [0x00000238227a7f20, 0x00000238227a8048]
Event: 23.037 Thread 0x0000023834acec20 2396       3       java.util.regex.Pattern$Node::study (21 bytes)
Event: 23.037 Thread 0x0000023834acec20 nmethod 2396 0x00000238227a8110 code [0x00000238227a82c0, 0x00000238227a8508]
Event: 23.037 Thread 0x0000023834acec20 2397       3       java.util.regex.Matcher::groupCount (10 bytes)
Event: 23.038 Thread 0x0000023834acec20 nmethod 2397 0x00000238227a8610 code [0x00000238227a87a0, 0x00000238227a88b8]
Event: 23.038 Thread 0x0000023834acec20 2398       3       java.util.regex.Matcher::group (112 bytes)
Event: 23.039 Thread 0x0000023834acec20 nmethod 2398 0x00000238227a8990 code [0x00000238227a8c20, 0x00000238227a9728]
Event: 23.039 Thread 0x0000023834acec20 2401       3       java.util.regex.Pattern$GroupHead::match (47 bytes)
Event: 23.039 Thread 0x0000023834acec20 nmethod 2401 0x00000238227a9b10 code [0x00000238227a9cc0, 0x00000238227a9f28]
Event: 23.039 Thread 0x0000023834acec20 2400       2       java.util.regex.ASCII::getType (17 bytes)
Event: 23.040 Thread 0x0000023834acec20 nmethod 2400 0x00000238227aa110 code [0x00000238227aa2a0, 0x00000238227aa3f8]
Event: 23.040 Thread 0x0000023834acec20 2403       3       org.gradle.util.internal.DefaultGradleVersion::compareTo (294 bytes)
Event: 23.043 Thread 0x0000023834acec20 nmethod 2403 0x00000238227aa490 code [0x00000238227aa840, 0x00000238227abf88]
Event: 23.043 Thread 0x0000023834acec20 2405       3       java.lang.String::subSequence (7 bytes)
Event: 23.043 Thread 0x0000023834acec20 nmethod 2405 0x00000238227ac710 code [0x00000238227ac8a0, 0x00000238227ac9e8]
Event: 23.044 Thread 0x0000023834acec20 2404       3       java.util.regex.Pattern$GroupTail::match (111 bytes)
Event: 23.044 Thread 0x0000023834acec20 nmethod 2404 0x00000238227aca90 code [0x00000238227acc60, 0x00000238227ad028]
Event: 23.044 Thread 0x0000023834acec20 2406       1       java.lang.Character::charValue (5 bytes)
Event: 23.044 Thread 0x0000023834acec20 nmethod 2406 0x0000023829ee0690 code [0x0000023829ee0820, 0x0000023829ee08f8]

GC Heap History (4 events):
Event: 3.165 GC heap before
{Heap before GC invocations=0 (full 0):
 garbage-first heap   total 262144K, used 12288K [0x00000000e0000000, 0x0000000100000000)
  region size 1024K, 13 young (13312K), 0 survivors (0K)
 Metaspace       used 787K, committed 896K, reserved 393216K
  class space    used 66K, committed 128K, reserved 327680K
}
Event: 3.204 GC heap after
{Heap after GC invocations=1 (full 0):
 garbage-first heap   total 262144K, used 1376K [0x00000000e0000000, 0x0000000100000000)
  region size 1024K, 2 young (2048K), 2 survivors (2048K)
 Metaspace       used 787K, committed 896K, reserved 393216K
  class space    used 66K, committed 128K, reserved 327680K
}
Event: 6.523 GC heap before
{Heap before GC invocations=1 (full 0):
 garbage-first heap   total 262144K, used 21856K [0x00000000e0000000, 0x0000000100000000)
  region size 1024K, 20 young (20480K), 2 survivors (2048K)
 Metaspace       used 2377K, committed 2560K, reserved 393216K
  class space    used 252K, committed 320K, reserved 327680K
}
Event: 6.530 GC heap after
{Heap after GC invocations=2 (full 0):
 garbage-first heap   total 262144K, used 9864K [0x00000000e0000000, 0x0000000100000000)
  region size 1024K, 3 young (3072K), 3 survivors (3072K)
 Metaspace       used 2377K, committed 2560K, reserved 393216K
  class space    used 252K, committed 320K, reserved 327680K
}

Deoptimization events (20 events):
Event: 17.308 Thread 0x000002384eeb9ec0 Uncommon trap: trap_request=0xffffff45 fr.pc=0x0000023829eab51c relative=0x000000000000145c
Event: 17.308 Thread 0x000002384eeb9ec0 Uncommon trap: reason=unstable_if action=reinterpret pc=0x0000023829eab51c method=java.util.concurrent.ConcurrentHashMap.putVal(Ljava/lang/Object;Ljava/lang/Object;Z)Ljava/lang/Object; @ 231 c2
Event: 17.308 Thread 0x000002384eeb9ec0 DEOPT PACKING pc=0x0000023829eab51c sp=0x000000f4155fe8c0
Event: 17.309 Thread 0x000002384eeb9ec0 DEOPT UNPACKING pc=0x00000238298523a3 sp=0x000000f4155fe830 mode 2
Event: 17.505 Thread 0x000002384eeb9ec0 DEOPT PACKING pc=0x00000238223c4f43 sp=0x000000f4155f8660
Event: 17.505 Thread 0x000002384eeb9ec0 DEOPT UNPACKING pc=0x0000023829852b43 sp=0x000000f4155f7b80 mode 0
Event: 18.127 Thread 0x000002384eeb9ec0 Uncommon trap: trap_request=0xffffff45 fr.pc=0x0000023829e94b10 relative=0x0000000000000410
Event: 18.127 Thread 0x000002384eeb9ec0 Uncommon trap: reason=unstable_if action=reinterpret pc=0x0000023829e94b10 method=java.util.HashMap.getNode(Ljava/lang/Object;)Ljava/util/HashMap$Node; @ 66 c2
Event: 18.127 Thread 0x000002384eeb9ec0 DEOPT PACKING pc=0x0000023829e94b10 sp=0x000000f4155fbf00
Event: 18.127 Thread 0x000002384eeb9ec0 DEOPT UNPACKING pc=0x00000238298523a3 sp=0x000000f4155fbe50 mode 2
Event: 18.127 Thread 0x000002384eeb9ec0 Uncommon trap: trap_request=0xffffff45 fr.pc=0x0000023829dde798 relative=0x00000000000003d8
Event: 18.127 Thread 0x000002384eeb9ec0 Uncommon trap: reason=unstable_if action=reinterpret pc=0x0000023829dde798 method=java.util.HashMap.getNode(Ljava/lang/Object;)Ljava/util/HashMap$Node; @ 66 c2
Event: 18.127 Thread 0x000002384eeb9ec0 DEOPT PACKING pc=0x0000023829dde798 sp=0x000000f4155fbec0
Event: 18.127 Thread 0x000002384eeb9ec0 DEOPT UNPACKING pc=0x00000238298523a3 sp=0x000000f4155fbe50 mode 2
Event: 18.348 Thread 0x000002384eeb9ec0 Uncommon trap: trap_request=0xffffff45 fr.pc=0x0000023829e9b284 relative=0x00000000000003c4
Event: 18.348 Thread 0x000002384eeb9ec0 Uncommon trap: reason=unstable_if action=reinterpret pc=0x0000023829e9b284 method=java.util.concurrent.ConcurrentHashMap.get(Ljava/lang/Object;)Ljava/lang/Object; @ 76 c2
Event: 18.348 Thread 0x000002384eeb9ec0 DEOPT PACKING pc=0x0000023829e9b284 sp=0x000000f4155fb430
Event: 18.348 Thread 0x000002384eeb9ec0 DEOPT UNPACKING pc=0x00000238298523a3 sp=0x000000f4155fb3b8 mode 2
Event: 23.035 Thread 0x000002384eeb9ec0 DEOPT PACKING pc=0x00000238223b07bc sp=0x000000f4155fa260
Event: 23.035 Thread 0x000002384eeb9ec0 DEOPT UNPACKING pc=0x0000023829852b43 sp=0x000000f4155f96f8 mode 0

Classes unloaded (0 events):
No events

Classes redefined (0 events):
No events

Internal exceptions (20 events):
Event: 6.866 Thread 0x000002381aa0d9c0 Exception <a 'java/lang/NoSuchMethodError'{0x00000000efec2b78}: 'int java.lang.invoke.DirectMethodHandle$Holder.invokeStatic(java.lang.Object)'> (0x00000000efec2b78) 
thrown [s\open\src\hotspot\share\interpreter\linkResolver.cpp, line 759]
Event: 6.885 Thread 0x000002381aa0d9c0 Exception <a 'java/lang/NoSuchMethodError'{0x00000000efec6028}: 'int java.lang.invoke.DirectMethodHandle$Holder.invokeStaticInit(java.lang.Object)'> (0x00000000efec6028) 
thrown [s\open\src\hotspot\share\interpreter\linkResolver.cpp, line 759]
Event: 12.214 Thread 0x000002381aa0d9c0 Exception <a 'java/lang/NoSuchMethodError'{0x00000000eb1cdb68}: 'java.lang.Object java.lang.invoke.DirectMethodHandle$Holder.invokeStaticInit(java.lang.Object)'> (0x00000000eb1cdb68) 
thrown [s\open\src\hotspot\share\interpreter\linkResolver.cpp, line 759]
Event: 12.405 Thread 0x000002381aa0d9c0 Exception <a 'java/lang/NoSuchMethodError'{0x00000000eb057258}: 'java.lang.Object java.lang.invoke.DirectMethodHandle$Holder.invokeInterface(java.lang.Object, java.lang.Object)'> (0x00000000eb057258) 
thrown [s\open\src\hotspot\share\interpreter\linkResolver.cpp, line 759]
Event: 13.453 Thread 0x000002381aa0d9c0 Exception <a 'java/lang/NoSuchMethodError'{0x00000000eac30058}: 'void java.lang.invoke.DirectMethodHandle$Holder.invokeStatic(java.lang.Object, java.lang.Object, java.lang.Object)'> (0x00000000eac30058) 
thrown [s\open\src\hotspot\share\interpreter\linkResolver.cpp, line 759]
Event: 13.826 Thread 0x000002381aa0d9c0 Exception <a 'java/lang/NoSuchMethodError'{0x00000000eaabb1f0}: 'java.lang.Object java.lang.invoke.DirectMethodHandle$Holder.invokeStaticInit(java.lang.Object, int, int, int, int)'> (0x00000000eaabb1f0) 
thrown [s\open\src\hotspot\share\interpreter\linkResolver.cpp, line 759]
Event: 14.133 Thread 0x000002381aa0d9c0 Exception <a 'java/lang/NoSuchMethodError'{0x00000000ea951070}: 'java.lang.Object java.lang.invoke.DirectMethodHandle$Holder.invokeStaticInit(java.lang.Object, java.lang.Object, int, int, int, int)'> (0x00000000ea951070) 
thrown [s\open\src\hotspot\share\interpreter\linkResolver.cpp, line 759]
Event: 14.596 Thread 0x000002381aa0d9c0 Exception <a 'java/io/IOException'{0x00000000ea7f0d58}> (0x00000000ea7f0d58) 
thrown [s\open\src\hotspot\share\prims\jni.cpp, line 516]
Event: 14.608 Thread 0x000002381aa0d9c0 Implicit null exception at 0x0000023829e25cf2 to 0x0000023829e2630c
Event: 14.629 Thread 0x000002381aa0d9c0 Exception <a 'java/lang/NoSuchMethodError'{0x00000000ea656968}: 'java.lang.Object java.lang.invoke.DirectMethodHandle$Holder.newInvokeSpecial(java.lang.Object, java.lang.Object, java.lang.Object, java.lang.Object, java.lang.Object)'> (0x00000000ea656968) 
thrown [s\open\src\hotspot\share\interpreter\linkResolver.cpp, line 759]
Event: 17.262 Thread 0x000002384e712e70 Exception <a 'java/lang/NoSuchMethodError'{0x00000000ea00b680}: 'void java.lang.invoke.DirectMethodHandle$Holder.invokeSpecial(java.lang.Object, java.lang.Object, java.lang.Object)'> (0x00000000ea00b680) 
thrown [s\open\src\hotspot\share\interpreter\linkResolver.cpp, line 759]
Event: 17.592 Thread 0x000002384eeb9ec0 Exception <a 'java/lang/NoSuchMethodError'{0x00000000e9dd76d0}: 'long java.lang.invoke.DirectMethodHandle$Holder.invokeInterface(java.lang.Object, java.lang.Object)'> (0x00000000e9dd76d0) 
thrown [s\open\src\hotspot\share\interpreter\linkResolver.cpp, line 759]
Event: 17.937 Thread 0x000002384eeb9ec0 Exception <a 'java/lang/NoSuchMethodError'{0x00000000e9855dc0}: 'void java.lang.invoke.DirectMethodHandle$Holder.invokeStatic(java.lang.Object, java.lang.Object)'> (0x00000000e9855dc0) 
thrown [s\open\src\hotspot\share\interpreter\linkResolver.cpp, line 759]
Event: 18.363 Thread 0x000002384eeb9ec0 Exception <a 'java/lang/NoSuchMethodError'{0x00000000e966fc00}: 'int java.lang.invoke.DirectMethodHandle$Holder.invokeVirtual(java.lang.Object, java.lang.Object, java.lang.Object)'> (0x00000000e966fc00) 
thrown [s\open\src\hotspot\share\interpreter\linkResolver.cpp, line 759]
Event: 18.962 Thread 0x000002384eeb9ec0 Exception <a 'java/lang/NoSuchMethodError'{0x00000000e9306e50}: 'java.lang.Object java.lang.invoke.DirectMethodHandle$Holder.newInvokeSpecial(java.lang.Object, java.lang.Object, java.lang.Object, java.lang.Object, java.lang.Object, java.lang.Object)'> (0x00000000e9306e50) 
thrown [s\open\src\hotspot\share\interpreter\linkResolver.cpp, line 759]
Event: 19.724 Thread 0x000002384eeb9ec0 Exception <a 'java/lang/NoSuchMethodError'{0x00000000e9010bf0}: 'void java.lang.invoke.DelegatingMethodHandle$Holder.reinvoke_L(java.lang.Object, java.lang.Object, java.lang.Object, java.lang.Object, java.lang.Object, java.lang.Object, java.lang.Object, java.lang.Object, java.lang.Object, java.lang.Object)'> (0x00000000e9010bf0) 
thrown [s\open\src\hotspot\share\interpreter\linkResolver.cpp, line 759]
Event: 19.726 Thread 0x000002384eeb9ec0 Exception <a 'java/lang/NoSuchMethodError'{0x00000000e9019060}: 'java.lang.Object java.lang.invoke.DirectMethodHandle$Holder.invokeSpecial(java.lang.Object, java.lang.Object, java.lang.Object, java.lang.Object, java.lang.Object, java.lang.Object, java.lang.Object, java.lang.Object, java.lang.Object, java.lang.Object)'> (0x00000000e9019060) 
thrown [s\open\src\hotspot\share\interpreter\linkResolver.cpp, line 759]
Event: 19.726 Thread 0x000002384eeb9ec0 Exception <a 'java/lang/NoSuchMethodError'{0x00000000e901d930}: 'java.lang.Object java.lang.invoke.Invokers$Holder.invoker(java.lang.Object, java.lang.Object, java.lang.Object, java.lang.Object, java.lang.Object, java.lang.Object, java.lang.Object, java.lang.Object, java.lang.Object, java.lang.Object)'> (0x00000000e901d930) 
thrown [s\open\src\hotspot\share\interpreter\linkResolver.cpp, line 759]
Event: 19.728 Thread 0x000002384eeb9ec0 Exception <a 'java/lang/NoSuchMethodError'{0x00000000e90234b8}: 'java.lang.Object java.lang.invoke.DirectMethodHandle$Holder.invokeSpecial(java.lang.Object, java.lang.Object, java.lang.Object, java.lang.Object, java.lang.Object, java.lang.Object, java.lang.Object, java.lang.Object, java.lang.Object, java.lang.Object, java.lang.Object)'> (0x00000000e90234b8) 
thrown [s\open\src\hotspot\share\interpreter\linkResolver.cpp, line 759]
Event: 21.677 Thread 0x000002384eeb9ec0 Exception <a 'java/lang/NoSuchMethodError'{0x00000000e8815df8}: 'java.lang.Object java.lang.invoke.DirectMethodHandle$Holder.newInvokeSpecial(java.lang.Object, java.lang.Object, int)'> (0x00000000e8815df8) 
thrown [s\open\src\hotspot\share\interpreter\linkResolver.cpp, line 759]

VM Operations (20 events):
Event: 13.871 Executing VM operation: HandshakeAllThreads
Event: 13.871 Executing VM operation: HandshakeAllThreads done
Event: 14.076 Executing VM operation: HandshakeAllThreads
Event: 14.076 Executing VM operation: HandshakeAllThreads done
Event: 15.078 Executing VM operation: Cleanup
Event: 15.078 Executing VM operation: Cleanup done
Event: 16.076 Executing VM operation: HandshakeAllThreads
Event: 16.076 Executing VM operation: HandshakeAllThreads done
Event: 17.082 Executing VM operation: Cleanup
Event: 17.146 Executing VM operation: Cleanup done
Event: 18.151 Executing VM operation: Cleanup
Event: 18.343 Executing VM operation: Cleanup done
Event: 19.348 Executing VM operation: Cleanup
Event: 19.348 Executing VM operation: Cleanup done
Event: 20.362 Executing VM operation: Cleanup
Event: 20.363 Executing VM operation: Cleanup done
Event: 21.378 Executing VM operation: Cleanup
Event: 21.541 Executing VM operation: Cleanup done
Event: 22.549 Executing VM operation: Cleanup
Event: 22.549 Executing VM operation: Cleanup done

Events (20 events):
Event: 21.527 loading class java/nio/file/NoSuchFileException
Event: 21.528 loading class java/nio/file/FileSystemException
Event: 21.528 loading class java/nio/file/FileSystemException done
Event: 21.528 loading class java/nio/file/NoSuchFileException done
Event: 21.529 loading class java/nio/file/attribute/PosixFilePermissions
Event: 21.529 loading class java/nio/file/attribute/PosixFilePermissions done
Event: 21.529 loading class java/nio/file/attribute/PosixFilePermissions$1
Event: 21.529 loading class java/nio/file/attribute/PosixFilePermissions$1 done
Event: 21.537 loading class sun/invoke/util/VerifyAccess$1
Event: 21.537 loading class sun/invoke/util/VerifyAccess$1 done
Event: 21.672 loading class java/util/concurrent/ArrayBlockingQueue
Event: 21.672 loading class java/util/concurrent/ArrayBlockingQueue done
Event: 21.672 loading class java/util/concurrent/locks/ReentrantLock$FairSync
Event: 21.673 loading class java/util/concurrent/locks/ReentrantLock$FairSync done
Event: 21.674 Thread 0x000002384eeb99b0 Thread added: 0x000002384eeb99b0
Event: 21.785 loading class sun/misc/Unsafe
Event: 21.785 loading class sun/misc/Unsafe done
Event: 22.085 Thread 0x000002384ef2c280 Thread added: 0x000002384ef2c280
Event: 22.178 loading class sun/nio/ch/DatagramSocketAdaptor$DatagramPackets
Event: 22.178 loading class sun/nio/ch/DatagramSocketAdaptor$DatagramPackets done


Dynamic libraries:
0x00007ff753690000 - 0x00007ff7536a0000 	C:\Java\jdk-17\bin\java.exe
0x00007ff9f14d0000 - 0x00007ff9f16c8000 	C:\WINDOWS\SYSTEM32\ntdll.dll
0x00007ff9eff60000 - 0x00007ff9f0022000 	C:\WINDOWS\System32\KERNEL32.DLL
0x00007ff9ef1f0000 - 0x00007ff9ef4ef000 	C:\WINDOWS\System32\KERNELBASE.dll
0x00007ff9eee10000 - 0x00007ff9eef10000 	C:\WINDOWS\System32\ucrtbase.dll
0x00007ff9cbf80000 - 0x00007ff9cbf99000 	C:\Java\jdk-17\bin\jli.dll
0x00007ff9ef510000 - 0x00007ff9ef5bf000 	C:\WINDOWS\System32\ADVAPI32.dll
0x00007ff9ef6f0000 - 0x00007ff9ef78e000 	C:\WINDOWS\System32\msvcrt.dll
0x00007ff9f0d00000 - 0x00007ff9f0d9f000 	C:\WINDOWS\System32\sechost.dll
0x00007ff9f0e60000 - 0x00007ff9f0f83000 	C:\WINDOWS\System32\RPCRT4.dll
0x00007ff9ef080000 - 0x00007ff9ef0a7000 	C:\WINDOWS\System32\bcrypt.dll
0x00007ff9efc10000 - 0x00007ff9efdad000 	C:\WINDOWS\System32\USER32.dll
0x00007ff9eed70000 - 0x00007ff9eed92000 	C:\WINDOWS\System32\win32u.dll
0x00007ff9f0390000 - 0x00007ff9f03bb000 	C:\WINDOWS\System32\GDI32.dll
0x00007ff9eef60000 - 0x00007ff9ef07a000 	C:\WINDOWS\System32\gdi32full.dll
0x00007ff9eeb70000 - 0x00007ff9eec0d000 	C:\WINDOWS\System32\msvcp_win.dll
0x00007ff9dd530000 - 0x00007ff9dd7ca000 	C:\WINDOWS\WinSxS\amd64_microsoft.windows.common-controls_6595b64144ccf1df_6.0.19041.4355_none_60b8b9eb71f62e16\COMCTL32.dll
0x00007ff9e1fc0000 - 0x00007ff9e1fca000 	C:\WINDOWS\SYSTEM32\VERSION.dll
0x00007ff9de370000 - 0x00007ff9de38b000 	C:\Java\jdk-17\bin\VCRUNTIME140.dll
0x00007ff9ef5c0000 - 0x00007ff9ef5ef000 	C:\WINDOWS\System32\IMM32.DLL
0x00007ff9e64d0000 - 0x00007ff9e64dc000 	C:\Java\jdk-17\bin\vcruntime140_1.dll
0x00007ff9cd290000 - 0x00007ff9cd31e000 	C:\Java\jdk-17\bin\msvcp140.dll
0x00007ff95aa50000 - 0x00007ff95b630000 	C:\Java\jdk-17\bin\server\jvm.dll
0x00007ff9ef4f0000 - 0x00007ff9ef4f8000 	C:\WINDOWS\System32\PSAPI.DLL
0x00007ff9def00000 - 0x00007ff9def09000 	C:\WINDOWS\SYSTEM32\WSOCK32.dll
0x00007ff9f0b30000 - 0x00007ff9f0b9b000 	C:\WINDOWS\System32\WS2_32.dll
0x00007ff9de390000 - 0x00007ff9de3b7000 	C:\WINDOWS\SYSTEM32\WINMM.dll
0x00007ff9ed3b0000 - 0x00007ff9ed3c2000 	C:\WINDOWS\SYSTEM32\kernel.appcore.dll
0x00007ff9e4300000 - 0x00007ff9e430a000 	C:\Java\jdk-17\bin\jimage.dll
0x00007ff9ed070000 - 0x00007ff9ed254000 	C:\WINDOWS\SYSTEM32\DBGHELP.DLL
0x00007ff9e3470000 - 0x00007ff9e34a4000 	C:\WINDOWS\SYSTEM32\dbgcore.DLL
0x00007ff9ef0b0000 - 0x00007ff9ef132000 	C:\WINDOWS\System32\bcryptPrimitives.dll
0x00007ff9e34b0000 - 0x00007ff9e34be000 	C:\Java\jdk-17\bin\instrument.dll
0x00007ff9a5e20000 - 0x00007ff9a5e45000 	C:\Java\jdk-17\bin\java.dll
0x00007ff9a5d40000 - 0x00007ff9a5e17000 	C:\Java\jdk-17\bin\jsvml.dll
0x00007ff9f03c0000 - 0x00007ff9f0b2d000 	C:\WINDOWS\System32\SHELL32.dll
0x00007ff9ec7e0000 - 0x00007ff9ecf84000 	C:\WINDOWS\SYSTEM32\windows.storage.dll
0x00007ff9ef8b0000 - 0x00007ff9efc05000 	C:\WINDOWS\System32\combase.dll
0x00007ff9ee5a0000 - 0x00007ff9ee5cb000 	C:\WINDOWS\SYSTEM32\Wldp.dll
0x00007ff9f0210000 - 0x00007ff9f02dd000 	C:\WINDOWS\System32\OLEAUT32.dll
0x00007ff9f02e0000 - 0x00007ff9f038d000 	C:\WINDOWS\System32\SHCORE.dll
0x00007ff9f0e00000 - 0x00007ff9f0e55000 	C:\WINDOWS\System32\shlwapi.dll
0x00007ff9eeaa0000 - 0x00007ff9eeac5000 	C:\WINDOWS\SYSTEM32\profapi.dll
0x00007ff9b8fa0000 - 0x00007ff9b8fb8000 	C:\Java\jdk-17\bin\zip.dll
0x00007ff9b2930000 - 0x00007ff9b2949000 	C:\Java\jdk-17\bin\net.dll
0x00007ff9e2c50000 - 0x00007ff9e2d5a000 	C:\WINDOWS\SYSTEM32\WINHTTP.dll
0x00007ff9ee300000 - 0x00007ff9ee36c000 	C:\WINDOWS\system32\mswsock.dll
0x00007ff9a5d20000 - 0x00007ff9a5d36000 	C:\Java\jdk-17\bin\nio.dll
0x00007ff9e4210000 - 0x00007ff9e4220000 	C:\Java\jdk-17\bin\verify.dll
0x00007ff9e0f80000 - 0x00007ff9e0fa7000 	C:\Users\dkanr\.gradle\native\1def1411415f61bf3af743bc5b6707747c0891f09f0c88961ee8f79bc544acac\windows-amd64\native-platform.dll
0x00007ff9cde30000 - 0x00007ff9cdea8000 	C:\Users\dkanr\.gradle\native\0.2.6\x86_64-windows-gnu\gradle-fileevents.dll
0x00007ff9e4230000 - 0x00007ff9e423a000 	C:\Java\jdk-17\bin\management.dll
0x00007ff9e4220000 - 0x00007ff9e422b000 	C:\Java\jdk-17\bin\management_ext.dll
0x00007ff9edf90000 - 0x00007ff9edfcb000 	C:\WINDOWS\SYSTEM32\IPHLPAPI.DLL
0x00007ff9ef5f0000 - 0x00007ff9ef5f8000 	C:\WINDOWS\System32\NSI.dll
0x00007ff9e2d60000 - 0x00007ff9e2d77000 	C:\WINDOWS\SYSTEM32\dhcpcsvc6.DLL
0x00007ff9e3210000 - 0x00007ff9e322d000 	C:\WINDOWS\SYSTEM32\dhcpcsvc.DLL
0x00007ff9edfe0000 - 0x00007ff9ee0aa000 	C:\WINDOWS\SYSTEM32\DNSAPI.dll
0x00007ff9ee500000 - 0x00007ff9ee518000 	C:\WINDOWS\SYSTEM32\CRYPTSP.dll
0x00007ff9edb90000 - 0x00007ff9edbc8000 	C:\WINDOWS\system32\rsaenh.dll
0x00007ff9eea60000 - 0x00007ff9eea8e000 	C:\WINDOWS\SYSTEM32\USERENV.dll
0x00007ff9ee4f0000 - 0x00007ff9ee4fc000 	C:\WINDOWS\SYSTEM32\CRYPTBASE.dll
0x00007ff9e4120000 - 0x00007ff9e412e000 	C:\Java\jdk-17\bin\sunmscapi.dll
0x00007ff9eec10000 - 0x00007ff9eed6c000 	C:\WINDOWS\System32\CRYPT32.dll
0x00007ff9ee610000 - 0x00007ff9ee637000 	C:\WINDOWS\SYSTEM32\ncrypt.dll
0x00007ff9ee5d0000 - 0x00007ff9ee60b000 	C:\WINDOWS\SYSTEM32\NTASN1.dll
0x00007ff9e42c0000 - 0x00007ff9e42c7000 	C:\WINDOWS\system32\wshunix.dll

dbghelp: loaded successfully - version: 4.0.5 - missing functions: none
symbol engine: initialized successfully - sym options: 0x614 - pdb path: .;C:\Java\jdk-17\bin;C:\WINDOWS\SYSTEM32;C:\WINDOWS\WinSxS\amd64_microsoft.windows.common-controls_6595b64144ccf1df_6.0.19041.4355_none_60b8b9eb71f62e16;C:\Java\jdk-17\bin\server;C:\Users\dkanr\.gradle\native\1def1411415f61bf3af743bc5b6707747c0891f09f0c88961ee8f79bc544acac\windows-amd64;C:\Users\dkanr\.gradle\native\0.2.6\x86_64-windows-gnu

VM Arguments:
jvm_args: --add-opens=java.base/java.lang=ALL-UNNAMED --add-opens=java.base/java.lang.invoke=ALL-UNNAMED --add-opens=java.base/java.util=ALL-UNNAMED --add-opens=java.prefs/java.util.prefs=ALL-UNNAMED --add-exports=jdk.compiler/com.sun.tools.javac.api=ALL-UNNAMED --add-exports=jdk.compiler/com.sun.tools.javac.util=ALL-UNNAMED --add-opens=java.base/java.util=ALL-UNNAMED --add-opens=java.prefs/java.util.prefs=ALL-UNNAMED --add-opens=java.base/java.nio.charset=ALL-UNNAMED --add-opens=java.base/java.net=ALL-UNNAMED --add-opens=java.base/java.util.concurrent.atomic=ALL-UNNAMED --add-opens=java.xml/javax.xml.namespace=ALL-UNNAMED -XX:MaxMetaspaceSize=384m -XX:+HeapDumpOnOutOfMemoryError -Xms256m -Xmx512m -Dfile.encoding=UTF-8 -Duser.country=KR -Duser.language=ko -Duser.variant -javaagent:C:\Users\dkanr\.gradle\wrapper\dists\gradle-8.12.1-bin\eumc4uhoysa37zql93vfjkxy0\gradle-8.12.1\lib\agents\gradle-instrumentation-agent-8.12.1.jar 
java_command: org.gradle.launcher.daemon.bootstrap.GradleDaemon 8.12.1
java_class_path (initial): C:\Users\dkanr\.gradle\wrapper\dists\gradle-8.12.1-bin\eumc4uhoysa37zql93vfjkxy0\gradle-8.12.1\lib\gradle-daemon-main-8.12.1.jar
Launcher Type: SUN_STANDARD

[Global flags]
     intx CICompilerCount                          = 3                                         {product} {ergonomic}
   size_t CompressedClassSpaceSize                 = 335544320                                 {product} {ergonomic}
     uint ConcGCThreads                            = 1                                         {product} {ergonomic}
     uint G1ConcRefinementThreads                  = 4                                         {product} {ergonomic}
   size_t G1HeapRegionSize                         = 1048576                                   {product} {ergonomic}
    uintx GCDrainStackTargetSize                   = 64                                        {product} {ergonomic}
     bool HeapDumpOnOutOfMemoryError               = true                                   {manageable} {command line}
   size_t InitialHeapSize                          = 268435456                                 {product} {command line}
   size_t MarkStackSize                            = 4194304                                   {product} {ergonomic}
   size_t MaxHeapSize                              = 536870912                                 {product} {command line}
   size_t MaxMetaspaceSize                         = 402653184                                 {product} {command line}
   size_t MaxNewSize                               = 321912832                                 {product} {ergonomic}
   size_t MinHeapDeltaBytes                        = 1048576                                   {product} {ergonomic}
   size_t MinHeapSize                              = 268435456                                 {product} {command line}
    uintx NonNMethodCodeHeapSize                   = 5832780                                {pd product} {ergonomic}
    uintx NonProfiledCodeHeapSize                  = 122912730                              {pd product} {ergonomic}
    uintx ProfiledCodeHeapSize                     = 122912730                              {pd product} {ergonomic}
    uintx ReservedCodeCacheSize                    = 251658240                              {pd product} {ergonomic}
     bool SegmentedCodeCache                       = true                                      {product} {ergonomic}
   size_t SoftMaxHeapSize                          = 536870912                              {manageable} {ergonomic}
     bool UseCompressedClassPointers               = true                           {product lp64_product} {ergonomic}
     bool UseCompressedOops                        = true                           {product lp64_product} {ergonomic}
     bool UseG1GC                                  = true                                      {product} {ergonomic}
     bool UseLargePagesIndividualAllocation        = false                                  {pd product} {ergonomic}

Logging:
Log output configuration:
 #0: stdout all=warning uptime,level,tags
 #1: stderr all=off uptime,level,tags

Environment Variables:
JAVA_HOME=C:\Java\jdk-17
PATH=C:\Java\jdk-17\bin;C:\Program Files\Common Files\Oracle\Java\javapath;C:\Python312\Scripts\;C:\Python312\;%CPLEX_STUDIO_BINARIES201%;C:\Program Files (x86)\Intel\iCLS Client\;C:\Program Files\Intel\iCLS Client\;C:\WINDOWS\system32;C:\WINDOWS;C:\WINDOWS\System32\Wbem;C:\WINDOWS\System32\WindowsPowerShell\v1.0\;C:\Program Files (x86)\Intel\Intel(R) Management Engine Components\DAL;C:\Program Files\Intel\Intel(R) Management Engine Components\DAL;C:\Program Files (x86)\Intel\Intel(R) Management Engine Components\IPT;C:\Program Files\Intel\Intel(R) Management Engine Components\IPT;C:\WINDOWS\System32\OpenSSH\;C:\Program Files\Intel\WiFi\bin\;C:\Program Files\Common Files\Intel\WirelessCommon\;C:\Program Files\nodejs\;C:\ProgramData\chocolatey\bin;C:\Users\dkanr\AppData\Roaming\Microsoft\Windows\Start Menu\Programs\Git\Git CMD;C:\Program Files\Bandizip\;C:\Users\dkanr\AppData\Local\Programs\Python\Python312\Scripts\;C:\Users\dkanr\AppData\Local\Programs\Python\Python312\;C:\Users\dkanr\AppData\Local\Microsoft\WindowsApps;C:\Users\dkanr\AppData\Local\Programs\Microsoft VS Code\bin;C:\Users\dkanr\AppData\Roaming\npm;C:\Users\dkanr\AppData\Local\Programs\Git\cmd
USERNAME=dkanr
OS=Windows_NT
PROCESSOR_IDENTIFIER=Intel64 Family 6 Model 142 Stepping 9, GenuineIntel



---------------  S Y S T E M  ---------------

OS:
 Windows 10 , 64 bit Build 19041 (10.0.19041.5438)
OS uptime: 9 days 21:21 hours
Hyper-V role detected

CPU: total 4 (initial active 4) (2 cores per cpu, 2 threads per core) family 6 model 142 stepping 9 microcode 0xb4, cx8, cmov, fxsr, ht, mmx, 3dnowpref, sse, sse2, sse3, ssse3, sse4.1, sse4.2, popcnt, lzcnt, tsc, tscinvbit, avx, avx2, aes, erms, clmul, bmi1, bmi2, adx, fma, vzeroupper, clflush, clflushopt, hv

Memory: 4k page, system-wide physical 8107M (93M free)
TotalPageFile size 32683M (AvailPageFile size 0M)
current process WorkingSet (physical memory assigned to process): 216M, peak: 216M
current process commit charge ("private bytes"): 388M, peak: 394M

vm_info: Java HotSpot(TM) 64-Bit Server VM (17.0.12+8-LTS-286) for windows-amd64 JRE (17.0.12+8-LTS-286), built on Jun  5 2024 06:46:59 by "mach5one" with MS VC++ 17.6 (VS2022)

END.
