#
# There is insufficient memory for the Java Runtime Environment to continue.
# Native memory allocation (malloc) failed to allocate 2355072 bytes for Chunk::new
# Possible reasons:
#   The system is out of physical RAM or swap space
#   The process is running with CompressedOops enabled, and the Java Heap may be blocking the growth of the native heap
# Possible solutions:
#   Reduce memory load on the system
#   Increase physical memory or swap space
#   Check if swap backing store is full
#   Decrease Java heap size (-Xmx/-Xms)
#   Decrease number of Java threads
#   Decrease Java thread stack sizes (-Xss)
#   Set larger code cache with -XX:ReservedCodeCacheSize=
#   JVM is running with Unscaled Compressed Oops mode in which the Java heap is
#     placed in the first 4GB address space. The Java Heap base address is the
#     maximum limit for the native heap growth. Please use -XX:HeapBaseMinAddress
#     to set the Java Heap base and to place the Java Heap above 4GB virtual address.
# This output file may be truncated or incomplete.
#
#  Out of Memory Error (arena.cpp:189), pid=25940, tid=27556
#
# JRE version: Java(TM) SE Runtime Environment (17.0.12+8) (build 17.0.12+8-LTS-286)
# Java VM: Java HotSpot(TM) 64-Bit Server VM (17.0.12+8-LTS-286, mixed mode, sharing, tiered, compressed oops, compressed class ptrs, g1 gc, windows-amd64)
# No core dump will be written. Minidumps are not enabled by default on client versions of Windows
#

---------------  S U M M A R Y ------------

Command Line: --add-opens=java.base/java.lang=ALL-UNNAMED --add-opens=java.base/java.lang.invoke=ALL-UNNAMED --add-opens=java.base/java.util=ALL-UNNAMED --add-opens=java.prefs/java.util.prefs=ALL-UNNAMED --add-exports=jdk.compiler/com.sun.tools.javac.api=ALL-UNNAMED --add-exports=jdk.compiler/com.sun.tools.javac.util=ALL-UNNAMED --add-opens=java.base/java.util=ALL-UNNAMED --add-opens=java.prefs/java.util.prefs=ALL-UNNAMED --add-opens=java.base/java.nio.charset=ALL-UNNAMED --add-opens=java.base/java.net=ALL-UNNAMED --add-opens=java.base/java.util.concurrent.atomic=ALL-UNNAMED --add-opens=java.xml/javax.xml.namespace=ALL-UNNAMED -XX:MaxMetaspaceSize=384m -XX:+HeapDumpOnOutOfMemoryError -Xms256m -Xmx512m -Dfile.encoding=UTF-8 -Duser.country=KR -Duser.language=ko -Duser.variant -javaagent:C:\Users\dkanr\.gradle\wrapper\dists\gradle-8.12.1-bin\eumc4uhoysa37zql93vfjkxy0\gradle-8.12.1\lib\agents\gradle-instrumentation-agent-8.12.1.jar org.gradle.launcher.daemon.bootstrap.GradleDaemon 8.12.1

Host: Intel(R) Core(TM) i3-7100U CPU @ 2.40GHz, 4 cores, 7G,  Windows 10 , 64 bit Build 19041 (10.0.19041.5438)
Time: Sun Mar 23 00:35:45 2025  Windows 10 , 64 bit Build 19041 (10.0.19041.5438) elapsed time: 202.767306 seconds (0d 0h 3m 22s)

---------------  T H R E A D  ---------------

Current thread (0x00000238bf748aa0):  JavaThread "C2 CompilerThread0" daemon [_thread_in_native, id=27556, stack(0x00000094ed700000,0x00000094ed800000)]


Current CompileTask:
C2: 202770 12396   !   4       lombok.core.AST::buildWithField0 (121 bytes)

Stack: [0x00000094ed700000,0x00000094ed800000]
Native frames: (J=compiled Java code, j=interpreted, Vv=VM code, C=native code)
V  [jvm.dll+0x67a04a]
V  [jvm.dll+0x7da4ed]
V  [jvm.dll+0x7dbe33]
V  [jvm.dll+0x7dc4a3]
V  [jvm.dll+0x24508f]
V  [jvm.dll+0xab773]
V  [jvm.dll+0xabd3c]
V  [jvm.dll+0x361bee]
V  [jvm.dll+0x32c431]
V  [jvm.dll+0x32b8ca]
V  [jvm.dll+0x21683f]
V  [jvm.dll+0x215c6f]
V  [jvm.dll+0x1a2960]
V  [jvm.dll+0x22610b]
V  [jvm.dll+0x2242ab]
V  [jvm.dll+0x79075c]
V  [jvm.dll+0x78abea]
V  [jvm.dll+0x678f35]
C  [ucrtbase.dll+0x21bb2]
C  [KERNEL32.DLL+0x17374]
C  [ntdll.dll+0x4cc91]


---------------  P R O C E S S  ---------------

Threads class SMR info:
_java_thread_list=0x00000238da5fa850, length=87, elements={
0x00000238a56bda90, 0x00000238bf727020, 0x00000238bf727db0, 0x00000238bf742000,
0x00000238bf7448e0, 0x00000238bf7451b0, 0x00000238bf746e90, 0x00000238bf748aa0,
0x00000238bf74bc10, 0x00000238bf7b9e50, 0x00000238bf7bea40, 0x00000238bf8e98c0,
0x00000238d9942040, 0x00000238bf9b5480, 0x00000238bf898ea0, 0x00000238d9a96440,
0x00000238bf9b3da0, 0x00000238d9a4e2b0, 0x00000238d9a4ecd0, 0x00000238d9a4e7c0,
0x00000238d9a4f1e0, 0x00000238d9a50110, 0x00000238d9a50620, 0x00000238d9a50b30,
0x00000238d9a51040, 0x00000238d9a51550, 0x00000238d9a51a60, 0x00000238d9a4fc00,
0x00000238da7a8ee0, 0x00000238da7a93f0, 0x00000238da7ab760, 0x00000238da7aad40,
0x00000238da7abc70, 0x00000238da7ab250, 0x00000238da7a89d0, 0x00000238da7a84c0,
0x00000238da7a9e10, 0x00000238da7aa830, 0x00000238dbc18700, 0x00000238dbc19630,
0x00000238dbc1e220, 0x00000238dbc16db0, 0x00000238dbc1beb0, 0x00000238dbc177d0,
0x00000238dbc1e730, 0x00000238dbc1a560, 0x00000238dbc1dd10, 0x00000238dbc1c3c0,
0x00000238dbc172c0, 0x00000238dbc19b40, 0x00000238dbc1af80, 0x00000238dbc17ce0,
0x00000238dbc1a050, 0x00000238dbc19120, 0x00000238dbc1aa70, 0x00000238dbc18c10,
0x00000238dbc1b9a0, 0x00000238dbc1d800, 0x00000238dbc1c8d0, 0x00000238dbc1cde0,
0x00000238dbc1d2f0, 0x00000238db0c6490, 0x00000238db0cbfb0, 0x00000238db0c6eb0,
0x00000238db0c8800, 0x00000238db0c9730, 0x00000238db0c9c40, 0x00000238db0ca150,
0x00000238db0c7de0, 0x00000238db0cab70, 0x00000238db0ca660, 0x00000238db0cc4c0,
0x00000238db0c82f0, 0x00000238db0c8d10, 0x00000238db0c69a0, 0x00000238db0cb080,
0x00000238db0cb590, 0x00000238db0cbaa0, 0x00000238db0c78d0, 0x00000238db0cc9d0,
0x00000238db0c9220, 0x00000238db0c73c0, 0x00000238dbc181f0, 0x00000238dc998ad0,
0x00000238dc99d1b0, 0x00000238dc99d6c0, 0x00000238dc99dbd0
}

Java Threads: ( => current thread )
  0x00000238a56bda90 JavaThread "main" [_thread_blocked, id=8512, stack(0x00000094eca00000,0x00000094ecb00000)]
  0x00000238bf727020 JavaThread "Reference Handler" daemon [_thread_blocked, id=11812, stack(0x00000094ed100000,0x00000094ed200000)]
  0x00000238bf727db0 JavaThread "Finalizer" daemon [_thread_blocked, id=25640, stack(0x00000094ed200000,0x00000094ed300000)]
  0x00000238bf742000 JavaThread "Signal Dispatcher" daemon [_thread_blocked, id=15884, stack(0x00000094ed300000,0x00000094ed400000)]
  0x00000238bf7448e0 JavaThread "Attach Listener" daemon [_thread_blocked, id=15300, stack(0x00000094ed400000,0x00000094ed500000)]
  0x00000238bf7451b0 JavaThread "Service Thread" daemon [_thread_blocked, id=7620, stack(0x00000094ed500000,0x00000094ed600000)]
  0x00000238bf746e90 JavaThread "Monitor Deflation Thread" daemon [_thread_blocked, id=7088, stack(0x00000094ed600000,0x00000094ed700000)]
=>0x00000238bf748aa0 JavaThread "C2 CompilerThread0" daemon [_thread_in_native, id=27556, stack(0x00000094ed700000,0x00000094ed800000)]
  0x00000238bf74bc10 JavaThread "C1 CompilerThread0" daemon [_thread_blocked, id=3016, stack(0x00000094ed800000,0x00000094ed900000)]
  0x00000238bf7b9e50 JavaThread "Sweeper thread" daemon [_thread_blocked, id=13688, stack(0x00000094ed900000,0x00000094eda00000)]
  0x00000238bf7bea40 JavaThread "Common-Cleaner" daemon [_thread_blocked, id=11932, stack(0x00000094eda00000,0x00000094edb00000)]
  0x00000238bf8e98c0 JavaThread "Notification Thread" daemon [_thread_blocked, id=23500, stack(0x00000094edb00000,0x00000094edc00000)]
  0x00000238d9942040 JavaThread "Daemon health stats" [_thread_blocked, id=9092, stack(0x00000094ee000000,0x00000094ee100000)]
  0x00000238bf9b5480 JavaThread "Incoming local TCP Connector on port 14915" [_thread_in_native, id=14268, stack(0x00000094ee100000,0x00000094ee200000)]
  0x00000238bf898ea0 JavaThread "Daemon periodic checks" [_thread_blocked, id=10312, stack(0x00000094ee200000,0x00000094ee300000)]
  0x00000238d9a96440 JavaThread "Daemon" [_thread_blocked, id=21416, stack(0x00000094ee300000,0x00000094ee400000)]
  0x00000238bf9b3da0 JavaThread "Handler for socket connection from /127.0.0.1:14915 to /127.0.0.1:14920" [_thread_in_native, id=7440, stack(0x00000094ee400000,0x00000094ee500000)]
  0x00000238d9a4e2b0 JavaThread "Cancel handler" [_thread_blocked, id=7880, stack(0x00000094ee500000,0x00000094ee600000)]
  0x00000238d9a4ecd0 JavaThread "Daemon worker" [_thread_blocked, id=25632, stack(0x00000094ee600000,0x00000094ee700000)]
  0x00000238d9a4e7c0 JavaThread "Asynchronous log dispatcher for DefaultDaemonConnection: socket connection from /127.0.0.1:14915 to /127.0.0.1:14920" [_thread_blocked, id=28156, stack(0x00000094ee700000,0x00000094ee800000)]
  0x00000238d9a4f1e0 JavaThread "Stdin handler" [_thread_blocked, id=23920, stack(0x00000094ee800000,0x00000094ee900000)]
  0x00000238d9a50110 JavaThread "Daemon client event forwarder" [_thread_blocked, id=25268, stack(0x00000094ee900000,0x00000094eea00000)]
  0x00000238d9a50620 JavaThread "Cache worker for journal cache (C:\Users\dkanr\.gradle\caches\journal-1)" [_thread_blocked, id=16532, stack(0x00000094eea00000,0x00000094eeb00000)]
  0x00000238d9a50b30 JavaThread "File lock request listener" [_thread_in_native, id=22668, stack(0x00000094eeb00000,0x00000094eec00000)]
  0x00000238d9a51040 JavaThread "Cache worker for file hash cache (C:\Users\dkanr\.gradle\caches\8.12.1\fileHashes)" [_thread_blocked, id=15912, stack(0x00000094eec00000,0x00000094eed00000)]
  0x00000238d9a51550 JavaThread "File lock release action executor" [_thread_blocked, id=18228, stack(0x00000094eed00000,0x00000094eee00000)]
  0x00000238d9a51a60 JavaThread "Cache worker for file hash cache (C:\Users\dkanr\Desktop\sol-pick-be\.gradle\8.12.1\fileHashes)" [_thread_blocked, id=1072, stack(0x00000094ef000000,0x00000094ef100000)]
  0x00000238d9a4fc00 JavaThread "Cache worker for Build Output Cleanup Cache (C:\Users\dkanr\Desktop\sol-pick-be\.gradle\buildOutputCleanup)" [_thread_blocked, id=18620, stack(0x00000094ef100000,0x00000094ef200000)]
  0x00000238da7a8ee0 JavaThread "File watcher server" daemon [_thread_in_native, id=11620, stack(0x00000094ef200000,0x00000094ef300000)]
  0x00000238da7a93f0 JavaThread "File watcher consumer" daemon [_thread_blocked, id=11980, stack(0x00000094ef300000,0x00000094ef400000)]
  0x00000238da7ab760 JavaThread "jar transforms" [_thread_blocked, id=6832, stack(0x00000094ef400000,0x00000094ef500000)]
  0x00000238da7aad40 JavaThread "jar transforms Thread 2" [_thread_blocked, id=25692, stack(0x00000094ef500000,0x00000094ef600000)]
  0x00000238da7abc70 JavaThread "Cache worker for checksums cache (C:\Users\dkanr\Desktop\sol-pick-be\.gradle\8.12.1\checksums)" [_thread_blocked, id=27800, stack(0x00000094ec800000,0x00000094ec900000)]
  0x00000238da7ab250 JavaThread "Cache worker for file content cache (C:\Users\dkanr\.gradle\caches\8.12.1\fileContent)" [_thread_blocked, id=19040, stack(0x00000094ec900000,0x00000094eca00000)]
  0x00000238da7a89d0 JavaThread "jar transforms Thread 3" [_thread_blocked, id=20644, stack(0x00000094ef600000,0x00000094ef700000)]
  0x00000238da7a84c0 JavaThread "Cache worker for cache directory md-rule (C:\Users\dkanr\.gradle\caches\8.12.1\md-rule)" [_thread_blocked, id=5688, stack(0x00000094ef700000,0x00000094ef800000)]
  0x00000238da7a9e10 JavaThread "Cache worker for cache directory md-supplier (C:\Users\dkanr\.gradle\caches\8.12.1\md-supplier)" [_thread_blocked, id=25228, stack(0x00000094ef800000,0x00000094ef900000)]
  0x00000238da7aa830 JavaThread "Unconstrained build operations" [_thread_blocked, id=10656, stack(0x00000094efb00000,0x00000094efc00000)]
  0x00000238dbc18700 JavaThread "Unconstrained build operations Thread 2" [_thread_blocked, id=16308, stack(0x00000094efc00000,0x00000094efd00000)]
  0x00000238dbc19630 JavaThread "jar transforms Thread 4" [_thread_blocked, id=27492, stack(0x00000094efd00000,0x00000094efe00000)]
  0x00000238dbc1e220 JavaThread "Unconstrained build operations Thread 3" [_thread_blocked, id=23424, stack(0x00000094efe00000,0x00000094eff00000)]
  0x00000238dbc16db0 JavaThread "Unconstrained build operations Thread 4" [_thread_blocked, id=2532, stack(0x00000094eff00000,0x00000094f0000000)]
  0x00000238dbc1beb0 JavaThread "Unconstrained build operations Thread 5" [_thread_blocked, id=16740, stack(0x00000094f0000000,0x00000094f0100000)]
  0x00000238dbc177d0 JavaThread "Unconstrained build operations Thread 6" [_thread_blocked, id=26688, stack(0x00000094f0100000,0x00000094f0200000)]
  0x00000238dbc1e730 JavaThread "Unconstrained build operations Thread 7" [_thread_blocked, id=28744, stack(0x00000094f0200000,0x00000094f0300000)]
  0x00000238dbc1a560 JavaThread "Unconstrained build operations Thread 8" [_thread_blocked, id=10884, stack(0x00000094f0300000,0x00000094f0400000)]
  0x00000238dbc1dd10 JavaThread "Unconstrained build operations Thread 9" [_thread_blocked, id=2220, stack(0x00000094f0400000,0x00000094f0500000)]
  0x00000238dbc1c3c0 JavaThread "Unconstrained build operations Thread 10" [_thread_blocked, id=9044, stack(0x00000094f0500000,0x00000094f0600000)]
  0x00000238dbc172c0 JavaThread "Unconstrained build operations Thread 11" [_thread_blocked, id=20300, stack(0x00000094f0600000,0x00000094f0700000)]
  0x00000238dbc19b40 JavaThread "Memory manager" [_thread_blocked, id=13288, stack(0x00000094f0700000,0x00000094f0800000)]
  0x00000238dbc1af80 JavaThread "ForkJoinPool.commonPool-worker-1" daemon [_thread_blocked, id=24640, stack(0x00000094f0800000,0x00000094f0900000)]
  0x00000238dbc17ce0 JavaThread "ForkJoinPool.commonPool-worker-2" daemon [_thread_blocked, id=20564, stack(0x00000094f0900000,0x00000094f0a00000)]
  0x00000238dbc1a050 JavaThread "Unconstrained build operations Thread 12" [_thread_blocked, id=17248, stack(0x00000094f0b00000,0x00000094f0c00000)]
  0x00000238dbc19120 JavaThread "Unconstrained build operations Thread 13" [_thread_blocked, id=2368, stack(0x00000094f0c00000,0x00000094f0d00000)]
  0x00000238dbc1aa70 JavaThread "Unconstrained build operations Thread 14" [_thread_blocked, id=2632, stack(0x00000094f0d00000,0x00000094f0e00000)]
  0x00000238dbc18c10 JavaThread "Unconstrained build operations Thread 15" [_thread_blocked, id=13820, stack(0x00000094f0e00000,0x00000094f0f00000)]
  0x00000238dbc1b9a0 JavaThread "Unconstrained build operations Thread 16" [_thread_blocked, id=8516, stack(0x00000094f0f00000,0x00000094f1000000)]
  0x00000238dbc1d800 JavaThread "Unconstrained build operations Thread 17" [_thread_blocked, id=24076, stack(0x00000094f1000000,0x00000094f1100000)]
  0x00000238dbc1c8d0 JavaThread "Unconstrained build operations Thread 18" [_thread_blocked, id=7864, stack(0x00000094f1100000,0x00000094f1200000)]
  0x00000238dbc1cde0 JavaThread "Unconstrained build operations Thread 19" [_thread_blocked, id=24476, stack(0x00000094f1200000,0x00000094f1300000)]
  0x00000238dbc1d2f0 JavaThread "Unconstrained build operations Thread 20" [_thread_blocked, id=6008, stack(0x00000094f1300000,0x00000094f1400000)]
  0x00000238db0c6490 JavaThread "Unconstrained build operations Thread 21" [_thread_blocked, id=16884, stack(0x00000094f1400000,0x00000094f1500000)]
  0x00000238db0cbfb0 JavaThread "Unconstrained build operations Thread 22" [_thread_blocked, id=25036, stack(0x00000094f1500000,0x00000094f1600000)]
  0x00000238db0c6eb0 JavaThread "Unconstrained build operations Thread 23" [_thread_blocked, id=4372, stack(0x00000094f1600000,0x00000094f1700000)]
  0x00000238db0c8800 JavaThread "Unconstrained build operations Thread 24" [_thread_blocked, id=21240, stack(0x00000094f1700000,0x00000094f1800000)]
  0x00000238db0c9730 JavaThread "Unconstrained build operations Thread 25" [_thread_blocked, id=11456, stack(0x00000094f1800000,0x00000094f1900000)]
  0x00000238db0c9c40 JavaThread "Unconstrained build operations Thread 26" [_thread_blocked, id=24600, stack(0x00000094f1900000,0x00000094f1a00000)]
  0x00000238db0ca150 JavaThread "Unconstrained build operations Thread 27" [_thread_blocked, id=26788, stack(0x00000094f1a00000,0x00000094f1b00000)]
  0x00000238db0c7de0 JavaThread "Unconstrained build operations Thread 28" [_thread_blocked, id=19332, stack(0x00000094f1b00000,0x00000094f1c00000)]
  0x00000238db0cab70 JavaThread "Unconstrained build operations Thread 29" [_thread_blocked, id=28344, stack(0x00000094f1c00000,0x00000094f1d00000)]
  0x00000238db0ca660 JavaThread "Unconstrained build operations Thread 30" [_thread_blocked, id=4308, stack(0x00000094f1d00000,0x00000094f1e00000)]
  0x00000238db0cc4c0 JavaThread "Unconstrained build operations Thread 31" [_thread_blocked, id=24892, stack(0x00000094f1e00000,0x00000094f1f00000)]
  0x00000238db0c82f0 JavaThread "Unconstrained build operations Thread 32" [_thread_blocked, id=10888, stack(0x00000094f1f00000,0x00000094f2000000)]
  0x00000238db0c8d10 JavaThread "Unconstrained build operations Thread 33" [_thread_blocked, id=27372, stack(0x00000094f2000000,0x00000094f2100000)]
  0x00000238db0c69a0 JavaThread "Unconstrained build operations Thread 34" [_thread_blocked, id=5544, stack(0x00000094f2100000,0x00000094f2200000)]
  0x00000238db0cb080 JavaThread "Unconstrained build operations Thread 35" [_thread_blocked, id=10520, stack(0x00000094f2200000,0x00000094f2300000)]
  0x00000238db0cb590 JavaThread "Unconstrained build operations Thread 36" [_thread_blocked, id=13200, stack(0x00000094f2300000,0x00000094f2400000)]
  0x00000238db0cbaa0 JavaThread "Unconstrained build operations Thread 37" [_thread_blocked, id=23148, stack(0x00000094f2400000,0x00000094f2500000)]
  0x00000238db0c78d0 JavaThread "Unconstrained build operations Thread 38" [_thread_blocked, id=23996, stack(0x00000094f2500000,0x00000094f2600000)]
  0x00000238db0cc9d0 JavaThread "Unconstrained build operations Thread 39" [_thread_blocked, id=25964, stack(0x00000094f2600000,0x00000094f2700000)]
  0x00000238db0c9220 JavaThread "Unconstrained build operations Thread 40" [_thread_blocked, id=29560, stack(0x00000094f2700000,0x00000094f2800000)]
  0x00000238db0c73c0 JavaThread "included builds" [_thread_in_Java, id=11452, stack(0x00000094f0a00000,0x00000094f0b00000)]
  0x00000238dbc181f0 JavaThread "Execution worker" [_thread_blocked, id=17576, stack(0x00000094f2800000,0x00000094f2900000)]
  0x00000238dc998ad0 JavaThread "Execution worker Thread 2" [_thread_blocked, id=3820, stack(0x00000094f2900000,0x00000094f2a00000)]
  0x00000238dc99d1b0 JavaThread "Execution worker Thread 3" [_thread_blocked, id=22432, stack(0x00000094f2a00000,0x00000094f2b00000)]
  0x00000238dc99d6c0 JavaThread "Cache worker for execution history cache (C:\Users\dkanr\Desktop\sol-pick-be\.gradle\8.12.1\executionHistory)" [_thread_blocked, id=304, stack(0x00000094f2b00000,0x00000094f2c00000)]
  0x00000238dc99dbd0 JavaThread "Cache worker for Java compile cache (C:\Users\dkanr\.gradle\caches\8.12.1\javaCompile)" [_thread_blocked, id=28560, stack(0x00000094f2c00000,0x00000094f2d00000)]

Other Threads:
  0x00000238bf722d70 VMThread "VM Thread" [stack: 0x00000094ed000000,0x00000094ed100000] [id=26312] _threads_hazard_ptr=0x00000238da5fa850
  0x00000238a56be820 WatcherThread [stack: 0x00000094edc00000,0x00000094edd00000] [id=12312]
  0x00000238a56ebcf0 GCTaskThread "GC Thread#0" [stack: 0x00000094ecb00000,0x00000094ecc00000] [id=7896]
  0x00000238bf89b330 GCTaskThread "GC Thread#1" [stack: 0x00000094edd00000,0x00000094ede00000] [id=22400]
  0x00000238bfa33f80 GCTaskThread "GC Thread#2" [stack: 0x00000094ede00000,0x00000094edf00000] [id=7536]
  0x00000238bfa34240 GCTaskThread "GC Thread#3" [stack: 0x00000094edf00000,0x00000094ee000000] [id=20884]
  0x00000238a364eb40 ConcurrentGCThread "G1 Main Marker" [stack: 0x00000094ecc00000,0x00000094ecd00000] [id=26868]
  0x00000238a56ec500 ConcurrentGCThread "G1 Conc#0" [stack: 0x00000094ecd00000,0x00000094ece00000] [id=29576]
  0x00000238bf5e80d0 ConcurrentGCThread "G1 Refine#0" [stack: 0x00000094ece00000,0x00000094ecf00000] [id=17148]
  0x00000238dc873640 ConcurrentGCThread "G1 Refine#1" [stack: 0x00000094ef900000,0x00000094efa00000] [id=7572]
  0x00000238dc873930 ConcurrentGCThread "G1 Refine#2" [stack: 0x00000094efa00000,0x00000094efb00000] [id=15888]
  0x00000238bf5e8a10 ConcurrentGCThread "G1 Service" [stack: 0x00000094ecf00000,0x00000094ed000000] [id=29056]

Threads with active compile tasks:
C2 CompilerThread0   202919 12396   !   4       lombok.core.AST::buildWithField0 (121 bytes)

VM state: synchronizing (normal execution)

VM Mutex/Monitor currently owned by a thread:  ([mutex/lock_event])
[0x00000238a56baea0] Threads_lock - owner thread: 0x00000238bf722d70

Heap address: 0x00000000e0000000, size: 512 MB, Compressed Oops mode: 32-bit

CDS archive(s) mapped at: [0x00000238c0000000-0x00000238c0bd0000-0x00000238c0bd0000), size 12386304, SharedBaseAddress: 0x00000238c0000000, ArchiveRelocationMode: 1.
Compressed class space mapped at: 0x00000238c1000000-0x00000238d5000000, reserved size: 335544320
Narrow klass base: 0x00000238c0000000, Narrow klass shift: 0, Narrow klass range: 0x100000000

GC Precious Log:
 CPUs: 4 total, 4 available
 Memory: 8107M
 Large Page Support: Disabled
 NUMA Support: Disabled
 Compressed Oops: Enabled (32-bit)
 Heap Region Size: 1M
 Heap Min Capacity: 256M
 Heap Initial Capacity: 256M
 Heap Max Capacity: 512M
 Pre-touch: Disabled
 Parallel Workers: 4
 Concurrent Workers: 1
 Concurrent Refinement Workers: 4
 Periodic GC: Disabled

Heap:
 garbage-first heap   total 262144K, used 191478K [0x00000000e0000000, 0x0000000100000000)
  region size 1024K, 145 young (148480K), 11 survivors (11264K)
 Metaspace       used 67914K, committed 68608K, reserved 393216K
  class space    used 9198K, committed 9536K, reserved 327680K

Heap Regions: E=young(eden), S=young(survivor), O=old, HS=humongous(starts), HC=humongous(continues), CS=collection set, F=free, OA=open archive, CA=closed archive, TAMS=top-at-mark-start (previous, next)
|   0|0x00000000e0000000, 0x00000000e0100000, 0x00000000e0100000|100%|HS|  |TAMS 0x00000000e0100000, 0x00000000e0000000| Complete 
|   1|0x00000000e0100000, 0x00000000e0200000, 0x00000000e0200000|100%|HC|  |TAMS 0x00000000e0200000, 0x00000000e0100000| Complete 
|   2|0x00000000e0200000, 0x00000000e0300000, 0x00000000e0300000|100%|HC|  |TAMS 0x00000000e0300000, 0x00000000e0200000| Complete 
|   3|0x00000000e0300000, 0x00000000e0400000, 0x00000000e0400000|100%| O|  |TAMS 0x00000000e0400000, 0x00000000e0300000| Untracked 
|   4|0x00000000e0400000, 0x00000000e0500000, 0x00000000e0500000|100%| O|  |TAMS 0x00000000e0500000, 0x00000000e0400000| Untracked 
|   5|0x00000000e0500000, 0x00000000e0600000, 0x00000000e0600000|100%| O|  |TAMS 0x00000000e0600000, 0x00000000e0500000| Untracked 
|   6|0x00000000e0600000, 0x00000000e0700000, 0x00000000e0700000|100%| O|  |TAMS 0x00000000e0700000, 0x00000000e0600000| Untracked 
|   7|0x00000000e0700000, 0x00000000e0800000, 0x00000000e0800000|100%|HS|  |TAMS 0x00000000e0800000, 0x00000000e0700000| Complete 
|   8|0x00000000e0800000, 0x00000000e0900000, 0x00000000e0900000|100%| O|  |TAMS 0x00000000e0900000, 0x00000000e0800000| Untracked 
|   9|0x00000000e0900000, 0x00000000e0a00000, 0x00000000e0a00000|100%| O|  |TAMS 0x00000000e0a00000, 0x00000000e0900000| Untracked 
|  10|0x00000000e0a00000, 0x00000000e0b00000, 0x00000000e0b00000|100%| O|  |TAMS 0x00000000e0b00000, 0x00000000e0a00000| Untracked 
|  11|0x00000000e0b00000, 0x00000000e0c00000, 0x00000000e0c00000|100%| O|  |TAMS 0x00000000e0c00000, 0x00000000e0b00000| Untracked 
|  12|0x00000000e0c00000, 0x00000000e0d00000, 0x00000000e0d00000|100%| O|  |TAMS 0x00000000e0d00000, 0x00000000e0c00000| Untracked 
|  13|0x00000000e0d00000, 0x00000000e0e00000, 0x00000000e0e00000|100%| O|  |TAMS 0x00000000e0e00000, 0x00000000e0d00000| Untracked 
|  14|0x00000000e0e00000, 0x00000000e0f00000, 0x00000000e0f00000|100%| O|  |TAMS 0x00000000e0f00000, 0x00000000e0e00000| Untracked 
|  15|0x00000000e0f00000, 0x00000000e1000000, 0x00000000e1000000|100%| O|  |TAMS 0x00000000e1000000, 0x00000000e0f00000| Untracked 
|  16|0x00000000e1000000, 0x00000000e1100000, 0x00000000e1100000|100%| O|  |TAMS 0x00000000e1100000, 0x00000000e1000000| Untracked 
|  17|0x00000000e1100000, 0x00000000e1200000, 0x00000000e1200000|100%| O|  |TAMS 0x00000000e1200000, 0x00000000e1100000| Untracked 
|  18|0x00000000e1200000, 0x00000000e1300000, 0x00000000e1300000|100%| O|  |TAMS 0x00000000e1300000, 0x00000000e1200000| Untracked 
|  19|0x00000000e1300000, 0x00000000e1400000, 0x00000000e1400000|100%| O|  |TAMS 0x00000000e1400000, 0x00000000e1300000| Untracked 
|  20|0x00000000e1400000, 0x00000000e1500000, 0x00000000e1500000|100%| O|  |TAMS 0x00000000e1500000, 0x00000000e1400000| Untracked 
|  21|0x00000000e1500000, 0x00000000e1600000, 0x00000000e1600000|100%| O|  |TAMS 0x00000000e1600000, 0x00000000e1500000| Untracked 
|  22|0x00000000e1600000, 0x00000000e1700000, 0x00000000e1700000|100%| O|  |TAMS 0x00000000e1700000, 0x00000000e1600000| Untracked 
|  23|0x00000000e1700000, 0x00000000e1800000, 0x00000000e1800000|100%| O|  |TAMS 0x00000000e1800000, 0x00000000e1700000| Untracked 
|  24|0x00000000e1800000, 0x00000000e1900000, 0x00000000e1900000|100%| O|  |TAMS 0x00000000e1900000, 0x00000000e1800000| Untracked 
|  25|0x00000000e1900000, 0x00000000e1a00000, 0x00000000e1a00000|100%| O|  |TAMS 0x00000000e1a00000, 0x00000000e1900000| Untracked 
|  26|0x00000000e1a00000, 0x00000000e1b00000, 0x00000000e1b00000|100%| O|  |TAMS 0x00000000e1b00000, 0x00000000e1a00000| Untracked 
|  27|0x00000000e1b00000, 0x00000000e1c00000, 0x00000000e1c00000|100%| O|  |TAMS 0x00000000e1c00000, 0x00000000e1b00000| Untracked 
|  28|0x00000000e1c00000, 0x00000000e1d00000, 0x00000000e1d00000|100%| O|  |TAMS 0x00000000e1d00000, 0x00000000e1c00000| Untracked 
|  29|0x00000000e1d00000, 0x00000000e1e00000, 0x00000000e1e00000|100%| O|  |TAMS 0x00000000e1e00000, 0x00000000e1d00000| Untracked 
|  30|0x00000000e1e00000, 0x00000000e1f00000, 0x00000000e1f00000|100%| O|  |TAMS 0x00000000e1f00000, 0x00000000e1e00000| Untracked 
|  31|0x00000000e1f00000, 0x00000000e2000000, 0x00000000e2000000|100%| O|  |TAMS 0x00000000e2000000, 0x00000000e1f00000| Complete 
|  32|0x00000000e2000000, 0x00000000e2100000, 0x00000000e2100000|100%| O|  |TAMS 0x00000000e2100000, 0x00000000e2000000| Untracked 
|  33|0x00000000e2100000, 0x00000000e2200000, 0x00000000e2200000|100%| O|  |TAMS 0x00000000e2200000, 0x00000000e2100000| Untracked 
|  34|0x00000000e2200000, 0x00000000e2300000, 0x00000000e2300000|100%| O|  |TAMS 0x00000000e2300000, 0x00000000e2200000| Untracked 
|  35|0x00000000e2300000, 0x00000000e2400000, 0x00000000e2400000|100%| O|  |TAMS 0x00000000e2400000, 0x00000000e2300000| Untracked 
|  36|0x00000000e2400000, 0x00000000e2500000, 0x00000000e2500000|100%| O|  |TAMS 0x00000000e2500000, 0x00000000e2400000| Untracked 
|  37|0x00000000e2500000, 0x00000000e2600000, 0x00000000e2600000|100%| O|  |TAMS 0x00000000e2600000, 0x00000000e2500000| Untracked 
|  38|0x00000000e2600000, 0x00000000e2700000, 0x00000000e2700000|100%| O|  |TAMS 0x00000000e2700000, 0x00000000e2600000| Untracked 
|  39|0x00000000e2700000, 0x00000000e2800000, 0x00000000e2800000|100%| O|  |TAMS 0x00000000e2800000, 0x00000000e2700000| Untracked 
|  40|0x00000000e2800000, 0x00000000e2900000, 0x00000000e2900000|100%| O|  |TAMS 0x00000000e2900000, 0x00000000e2800000| Untracked 
|  41|0x00000000e2900000, 0x00000000e2a00000, 0x00000000e2a00000|100%| O|  |TAMS 0x00000000e2a00000, 0x00000000e2900000| Untracked 
|  42|0x00000000e2a00000, 0x00000000e2b00000, 0x00000000e2b00000|100%| O|  |TAMS 0x00000000e2b00000, 0x00000000e2a00000| Untracked 
|  43|0x00000000e2b00000, 0x00000000e2b40000, 0x00000000e2c00000| 25%| O|  |TAMS 0x00000000e2b40000, 0x00000000e2b00000| Untracked 
|  44|0x00000000e2c00000, 0x00000000e2d00000, 0x00000000e2d00000|100%|HS|  |TAMS 0x00000000e2c00000, 0x00000000e2c00000| Complete 
|  45|0x00000000e2d00000, 0x00000000e2d00000, 0x00000000e2e00000|  0%| F|  |TAMS 0x00000000e2d00000, 0x00000000e2d00000| Untracked 
|  46|0x00000000e2e00000, 0x00000000e2e00000, 0x00000000e2f00000|  0%| F|  |TAMS 0x00000000e2e00000, 0x00000000e2e00000| Untracked 
|  47|0x00000000e2f00000, 0x00000000e2f00000, 0x00000000e3000000|  0%| F|  |TAMS 0x00000000e2f00000, 0x00000000e2f00000| Untracked 
|  48|0x00000000e3000000, 0x00000000e3000000, 0x00000000e3100000|  0%| F|  |TAMS 0x00000000e3000000, 0x00000000e3000000| Untracked 
|  49|0x00000000e3100000, 0x00000000e3100000, 0x00000000e3200000|  0%| F|  |TAMS 0x00000000e3100000, 0x00000000e3100000| Untracked 
|  50|0x00000000e3200000, 0x00000000e3200000, 0x00000000e3300000|  0%| F|  |TAMS 0x00000000e3200000, 0x00000000e3200000| Untracked 
|  51|0x00000000e3300000, 0x00000000e3300000, 0x00000000e3400000|  0%| F|  |TAMS 0x00000000e3300000, 0x00000000e3300000| Untracked 
|  52|0x00000000e3400000, 0x00000000e3400000, 0x00000000e3500000|  0%| F|  |TAMS 0x00000000e3400000, 0x00000000e3400000| Untracked 
|  53|0x00000000e3500000, 0x00000000e3500000, 0x00000000e3600000|  0%| F|  |TAMS 0x00000000e3500000, 0x00000000e3500000| Untracked 
|  54|0x00000000e3600000, 0x00000000e3600000, 0x00000000e3700000|  0%| F|  |TAMS 0x00000000e3600000, 0x00000000e3600000| Untracked 
|  55|0x00000000e3700000, 0x00000000e3700000, 0x00000000e3800000|  0%| F|  |TAMS 0x00000000e3700000, 0x00000000e3700000| Untracked 
|  56|0x00000000e3800000, 0x00000000e3800000, 0x00000000e3900000|  0%| F|  |TAMS 0x00000000e3800000, 0x00000000e3800000| Untracked 
|  57|0x00000000e3900000, 0x00000000e3900000, 0x00000000e3a00000|  0%| F|  |TAMS 0x00000000e3900000, 0x00000000e3900000| Untracked 
|  58|0x00000000e3a00000, 0x00000000e3a00000, 0x00000000e3b00000|  0%| F|  |TAMS 0x00000000e3a00000, 0x00000000e3a00000| Untracked 
|  59|0x00000000e3b00000, 0x00000000e3b00000, 0x00000000e3c00000|  0%| F|  |TAMS 0x00000000e3b00000, 0x00000000e3b00000| Untracked 
|  60|0x00000000e3c00000, 0x00000000e3c00000, 0x00000000e3d00000|  0%| F|  |TAMS 0x00000000e3c00000, 0x00000000e3c00000| Untracked 
|  61|0x00000000e3d00000, 0x00000000e3d00000, 0x00000000e3e00000|  0%| F|  |TAMS 0x00000000e3d00000, 0x00000000e3d00000| Untracked 
|  62|0x00000000e3e00000, 0x00000000e3e00000, 0x00000000e3f00000|  0%| F|  |TAMS 0x00000000e3e00000, 0x00000000e3e00000| Untracked 
|  63|0x00000000e3f00000, 0x00000000e3f00000, 0x00000000e4000000|  0%| F|  |TAMS 0x00000000e3f00000, 0x00000000e3f00000| Untracked 
|  64|0x00000000e4000000, 0x00000000e4000000, 0x00000000e4100000|  0%| F|  |TAMS 0x00000000e4000000, 0x00000000e4000000| Untracked 
|  65|0x00000000e4100000, 0x00000000e4100000, 0x00000000e4200000|  0%| F|  |TAMS 0x00000000e4100000, 0x00000000e4100000| Untracked 
|  66|0x00000000e4200000, 0x00000000e4200000, 0x00000000e4300000|  0%| F|  |TAMS 0x00000000e4200000, 0x00000000e4200000| Untracked 
|  67|0x00000000e4300000, 0x00000000e4300000, 0x00000000e4400000|  0%| F|  |TAMS 0x00000000e4300000, 0x00000000e4300000| Untracked 
|  68|0x00000000e4400000, 0x00000000e4400000, 0x00000000e4500000|  0%| F|  |TAMS 0x00000000e4400000, 0x00000000e4400000| Untracked 
|  69|0x00000000e4500000, 0x00000000e4500000, 0x00000000e4600000|  0%| F|  |TAMS 0x00000000e4500000, 0x00000000e4500000| Untracked 
|  70|0x00000000e4600000, 0x00000000e4600000, 0x00000000e4700000|  0%| F|  |TAMS 0x00000000e4600000, 0x00000000e4600000| Untracked 
|  71|0x00000000e4700000, 0x00000000e4700000, 0x00000000e4800000|  0%| F|  |TAMS 0x00000000e4700000, 0x00000000e4700000| Untracked 
|  72|0x00000000e4800000, 0x00000000e4800000, 0x00000000e4900000|  0%| F|  |TAMS 0x00000000e4800000, 0x00000000e4800000| Untracked 
|  73|0x00000000e4900000, 0x00000000e4900000, 0x00000000e4a00000|  0%| F|  |TAMS 0x00000000e4900000, 0x00000000e4900000| Untracked 
|  74|0x00000000e4a00000, 0x00000000e4a00000, 0x00000000e4b00000|  0%| F|  |TAMS 0x00000000e4a00000, 0x00000000e4a00000| Untracked 
|  75|0x00000000e4b00000, 0x00000000e4b00000, 0x00000000e4c00000|  0%| F|  |TAMS 0x00000000e4b00000, 0x00000000e4b00000| Untracked 
|  76|0x00000000e4c00000, 0x00000000e4c00000, 0x00000000e4d00000|  0%| F|  |TAMS 0x00000000e4c00000, 0x00000000e4c00000| Untracked 
|  77|0x00000000e4d00000, 0x00000000e4d00000, 0x00000000e4e00000|  0%| F|  |TAMS 0x00000000e4d00000, 0x00000000e4d00000| Untracked 
|  78|0x00000000e4e00000, 0x00000000e4e00000, 0x00000000e4f00000|  0%| F|  |TAMS 0x00000000e4e00000, 0x00000000e4e00000| Untracked 
|  79|0x00000000e4f00000, 0x00000000e4f00000, 0x00000000e5000000|  0%| F|  |TAMS 0x00000000e4f00000, 0x00000000e4f00000| Untracked 
|  80|0x00000000e5000000, 0x00000000e5000000, 0x00000000e5100000|  0%| F|  |TAMS 0x00000000e5000000, 0x00000000e5000000| Untracked 
|  81|0x00000000e5100000, 0x00000000e5100000, 0x00000000e5200000|  0%| F|  |TAMS 0x00000000e5100000, 0x00000000e5100000| Untracked 
|  82|0x00000000e5200000, 0x00000000e5200000, 0x00000000e5300000|  0%| F|  |TAMS 0x00000000e5200000, 0x00000000e5200000| Untracked 
|  83|0x00000000e5300000, 0x00000000e5300000, 0x00000000e5400000|  0%| F|  |TAMS 0x00000000e5300000, 0x00000000e5300000| Untracked 
|  84|0x00000000e5400000, 0x00000000e5400000, 0x00000000e5500000|  0%| F|  |TAMS 0x00000000e5400000, 0x00000000e5400000| Untracked 
|  85|0x00000000e5500000, 0x00000000e5500000, 0x00000000e5600000|  0%| F|  |TAMS 0x00000000e5500000, 0x00000000e5500000| Untracked 
|  86|0x00000000e5600000, 0x00000000e5600000, 0x00000000e5700000|  0%| F|  |TAMS 0x00000000e5600000, 0x00000000e5600000| Untracked 
|  87|0x00000000e5700000, 0x00000000e5700000, 0x00000000e5800000|  0%| F|  |TAMS 0x00000000e5700000, 0x00000000e5700000| Untracked 
|  88|0x00000000e5800000, 0x00000000e5800000, 0x00000000e5900000|  0%| F|  |TAMS 0x00000000e5800000, 0x00000000e5800000| Untracked 
|  89|0x00000000e5900000, 0x00000000e5900000, 0x00000000e5a00000|  0%| F|  |TAMS 0x00000000e5900000, 0x00000000e5900000| Untracked 
|  90|0x00000000e5a00000, 0x00000000e5a00000, 0x00000000e5b00000|  0%| F|  |TAMS 0x00000000e5a00000, 0x00000000e5a00000| Untracked 
|  91|0x00000000e5b00000, 0x00000000e5b00000, 0x00000000e5c00000|  0%| F|  |TAMS 0x00000000e5b00000, 0x00000000e5b00000| Untracked 
|  92|0x00000000e5c00000, 0x00000000e5c00000, 0x00000000e5d00000|  0%| F|  |TAMS 0x00000000e5c00000, 0x00000000e5c00000| Untracked 
|  93|0x00000000e5d00000, 0x00000000e5d00000, 0x00000000e5e00000|  0%| F|  |TAMS 0x00000000e5d00000, 0x00000000e5d00000| Untracked 
|  94|0x00000000e5e00000, 0x00000000e5e00000, 0x00000000e5f00000|  0%| F|  |TAMS 0x00000000e5e00000, 0x00000000e5e00000| Untracked 
|  95|0x00000000e5f00000, 0x00000000e5f00000, 0x00000000e6000000|  0%| F|  |TAMS 0x00000000e5f00000, 0x00000000e5f00000| Untracked 
|  96|0x00000000e6000000, 0x00000000e6000000, 0x00000000e6100000|  0%| F|  |TAMS 0x00000000e6000000, 0x00000000e6000000| Untracked 
|  97|0x00000000e6100000, 0x00000000e6100000, 0x00000000e6200000|  0%| F|  |TAMS 0x00000000e6100000, 0x00000000e6100000| Untracked 
|  98|0x00000000e6200000, 0x00000000e6200000, 0x00000000e6300000|  0%| F|  |TAMS 0x00000000e6200000, 0x00000000e6200000| Untracked 
|  99|0x00000000e6300000, 0x00000000e6300000, 0x00000000e6400000|  0%| F|  |TAMS 0x00000000e6300000, 0x00000000e6300000| Untracked 
| 100|0x00000000e6400000, 0x00000000e6400000, 0x00000000e6500000|  0%| F|  |TAMS 0x00000000e6400000, 0x00000000e6400000| Untracked 
| 101|0x00000000e6500000, 0x00000000e6500000, 0x00000000e6600000|  0%| F|  |TAMS 0x00000000e6500000, 0x00000000e6500000| Untracked 
| 102|0x00000000e6600000, 0x00000000e6600000, 0x00000000e6700000|  0%| F|  |TAMS 0x00000000e6600000, 0x00000000e6600000| Untracked 
| 103|0x00000000e6700000, 0x00000000e6700000, 0x00000000e6800000|  0%| F|  |TAMS 0x00000000e6700000, 0x00000000e6700000| Untracked 
| 104|0x00000000e6800000, 0x00000000e6800000, 0x00000000e6900000|  0%| F|  |TAMS 0x00000000e6800000, 0x00000000e6800000| Untracked 
| 105|0x00000000e6900000, 0x00000000e6900000, 0x00000000e6a00000|  0%| F|  |TAMS 0x00000000e6900000, 0x00000000e6900000| Untracked 
| 106|0x00000000e6a00000, 0x00000000e6a00000, 0x00000000e6b00000|  0%| F|  |TAMS 0x00000000e6a00000, 0x00000000e6a00000| Untracked 
| 107|0x00000000e6b00000, 0x00000000e6b00000, 0x00000000e6c00000|  0%| F|  |TAMS 0x00000000e6b00000, 0x00000000e6b00000| Untracked 
| 108|0x00000000e6c00000, 0x00000000e6c00000, 0x00000000e6d00000|  0%| F|  |TAMS 0x00000000e6c00000, 0x00000000e6c00000| Untracked 
| 109|0x00000000e6d00000, 0x00000000e6d00000, 0x00000000e6e00000|  0%| F|  |TAMS 0x00000000e6d00000, 0x00000000e6d00000| Untracked 
| 110|0x00000000e6e00000, 0x00000000e6e00000, 0x00000000e6f00000|  0%| F|  |TAMS 0x00000000e6e00000, 0x00000000e6e00000| Untracked 
| 111|0x00000000e6f00000, 0x00000000e6f7a880, 0x00000000e7000000| 47%| E|  |TAMS 0x00000000e6f00000, 0x00000000e6f00000| Complete 
| 112|0x00000000e7000000, 0x00000000e7100000, 0x00000000e7100000|100%| E|CS|TAMS 0x00000000e7000000, 0x00000000e7000000| Complete 
| 113|0x00000000e7100000, 0x00000000e7200000, 0x00000000e7200000|100%| E|CS|TAMS 0x00000000e7100000, 0x00000000e7100000| Complete 
| 114|0x00000000e7200000, 0x00000000e7300000, 0x00000000e7300000|100%| E|CS|TAMS 0x00000000e7200000, 0x00000000e7200000| Complete 
| 115|0x00000000e7300000, 0x00000000e73bd8f0, 0x00000000e7400000| 74%| S|CS|TAMS 0x00000000e7300000, 0x00000000e7300000| Complete 
| 116|0x00000000e7400000, 0x00000000e7500000, 0x00000000e7500000|100%| S|CS|TAMS 0x00000000e7400000, 0x00000000e7400000| Complete 
| 117|0x00000000e7500000, 0x00000000e7600000, 0x00000000e7600000|100%| S|CS|TAMS 0x00000000e7500000, 0x00000000e7500000| Complete 
| 118|0x00000000e7600000, 0x00000000e7700000, 0x00000000e7700000|100%| S|CS|TAMS 0x00000000e7600000, 0x00000000e7600000| Complete 
| 119|0x00000000e7700000, 0x00000000e7800000, 0x00000000e7800000|100%| S|CS|TAMS 0x00000000e7700000, 0x00000000e7700000| Complete 
| 120|0x00000000e7800000, 0x00000000e7900000, 0x00000000e7900000|100%| S|CS|TAMS 0x00000000e7800000, 0x00000000e7800000| Complete 
| 121|0x00000000e7900000, 0x00000000e7a00000, 0x00000000e7a00000|100%| S|CS|TAMS 0x00000000e7900000, 0x00000000e7900000| Complete 
| 122|0x00000000e7a00000, 0x00000000e7b00000, 0x00000000e7b00000|100%| S|CS|TAMS 0x00000000e7a00000, 0x00000000e7a00000| Complete 
| 123|0x00000000e7b00000, 0x00000000e7c00000, 0x00000000e7c00000|100%| S|CS|TAMS 0x00000000e7b00000, 0x00000000e7b00000| Complete 
| 124|0x00000000e7c00000, 0x00000000e7d00000, 0x00000000e7d00000|100%| S|CS|TAMS 0x00000000e7c00000, 0x00000000e7c00000| Complete 
| 125|0x00000000e7d00000, 0x00000000e7e00000, 0x00000000e7e00000|100%| S|CS|TAMS 0x00000000e7d00000, 0x00000000e7d00000| Complete 
| 126|0x00000000e7e00000, 0x00000000e7f00000, 0x00000000e7f00000|100%| E|CS|TAMS 0x00000000e7e00000, 0x00000000e7e00000| Complete 
| 127|0x00000000e7f00000, 0x00000000e8000000, 0x00000000e8000000|100%| E|CS|TAMS 0x00000000e7f00000, 0x00000000e7f00000| Complete 
| 128|0x00000000e8000000, 0x00000000e8100000, 0x00000000e8100000|100%| E|CS|TAMS 0x00000000e8000000, 0x00000000e8000000| Complete 
| 129|0x00000000e8100000, 0x00000000e8200000, 0x00000000e8200000|100%| E|CS|TAMS 0x00000000e8100000, 0x00000000e8100000| Complete 
| 130|0x00000000e8200000, 0x00000000e8300000, 0x00000000e8300000|100%| E|CS|TAMS 0x00000000e8200000, 0x00000000e8200000| Complete 
| 131|0x00000000e8300000, 0x00000000e8400000, 0x00000000e8400000|100%| E|CS|TAMS 0x00000000e8300000, 0x00000000e8300000| Complete 
| 132|0x00000000e8400000, 0x00000000e8500000, 0x00000000e8500000|100%| E|CS|TAMS 0x00000000e8400000, 0x00000000e8400000| Complete 
| 133|0x00000000e8500000, 0x00000000e8600000, 0x00000000e8600000|100%| E|CS|TAMS 0x00000000e8500000, 0x00000000e8500000| Complete 
| 134|0x00000000e8600000, 0x00000000e8700000, 0x00000000e8700000|100%| E|CS|TAMS 0x00000000e8600000, 0x00000000e8600000| Complete 
| 135|0x00000000e8700000, 0x00000000e8800000, 0x00000000e8800000|100%| E|CS|TAMS 0x00000000e8700000, 0x00000000e8700000| Complete 
| 136|0x00000000e8800000, 0x00000000e8900000, 0x00000000e8900000|100%| E|CS|TAMS 0x00000000e8800000, 0x00000000e8800000| Complete 
| 137|0x00000000e8900000, 0x00000000e8a00000, 0x00000000e8a00000|100%| E|CS|TAMS 0x00000000e8900000, 0x00000000e8900000| Complete 
| 138|0x00000000e8a00000, 0x00000000e8b00000, 0x00000000e8b00000|100%| E|CS|TAMS 0x00000000e8a00000, 0x00000000e8a00000| Complete 
| 139|0x00000000e8b00000, 0x00000000e8c00000, 0x00000000e8c00000|100%| E|CS|TAMS 0x00000000e8b00000, 0x00000000e8b00000| Complete 
| 140|0x00000000e8c00000, 0x00000000e8d00000, 0x00000000e8d00000|100%| E|CS|TAMS 0x00000000e8c00000, 0x00000000e8c00000| Complete 
| 141|0x00000000e8d00000, 0x00000000e8e00000, 0x00000000e8e00000|100%| E|CS|TAMS 0x00000000e8d00000, 0x00000000e8d00000| Complete 
| 142|0x00000000e8e00000, 0x00000000e8f00000, 0x00000000e8f00000|100%| E|CS|TAMS 0x00000000e8e00000, 0x00000000e8e00000| Complete 
| 143|0x00000000e8f00000, 0x00000000e9000000, 0x00000000e9000000|100%| E|CS|TAMS 0x00000000e8f00000, 0x00000000e8f00000| Complete 
| 144|0x00000000e9000000, 0x00000000e9100000, 0x00000000e9100000|100%| E|  |TAMS 0x00000000e9000000, 0x00000000e9000000| Complete 
| 145|0x00000000e9100000, 0x00000000e9200000, 0x00000000e9200000|100%| E|CS|TAMS 0x00000000e9100000, 0x00000000e9100000| Complete 
| 146|0x00000000e9200000, 0x00000000e9300000, 0x00000000e9300000|100%| E|CS|TAMS 0x00000000e9200000, 0x00000000e9200000| Complete 
| 147|0x00000000e9300000, 0x00000000e9400000, 0x00000000e9400000|100%| E|CS|TAMS 0x00000000e9300000, 0x00000000e9300000| Complete 
| 148|0x00000000e9400000, 0x00000000e9500000, 0x00000000e9500000|100%| E|CS|TAMS 0x00000000e9400000, 0x00000000e9400000| Complete 
| 149|0x00000000e9500000, 0x00000000e9600000, 0x00000000e9600000|100%| E|CS|TAMS 0x00000000e9500000, 0x00000000e9500000| Complete 
| 150|0x00000000e9600000, 0x00000000e9700000, 0x00000000e9700000|100%| E|CS|TAMS 0x00000000e9600000, 0x00000000e9600000| Complete 
| 151|0x00000000e9700000, 0x00000000e9800000, 0x00000000e9800000|100%| E|CS|TAMS 0x00000000e9700000, 0x00000000e9700000| Complete 
| 152|0x00000000e9800000, 0x00000000e9900000, 0x00000000e9900000|100%| E|CS|TAMS 0x00000000e9800000, 0x00000000e9800000| Complete 
| 153|0x00000000e9900000, 0x00000000e9a00000, 0x00000000e9a00000|100%| E|CS|TAMS 0x00000000e9900000, 0x00000000e9900000| Complete 
| 154|0x00000000e9a00000, 0x00000000e9b00000, 0x00000000e9b00000|100%| E|CS|TAMS 0x00000000e9a00000, 0x00000000e9a00000| Complete 
| 155|0x00000000e9b00000, 0x00000000e9c00000, 0x00000000e9c00000|100%| E|CS|TAMS 0x00000000e9b00000, 0x00000000e9b00000| Complete 
| 156|0x00000000e9c00000, 0x00000000e9d00000, 0x00000000e9d00000|100%| E|CS|TAMS 0x00000000e9c00000, 0x00000000e9c00000| Complete 
| 157|0x00000000e9d00000, 0x00000000e9e00000, 0x00000000e9e00000|100%| E|CS|TAMS 0x00000000e9d00000, 0x00000000e9d00000| Complete 
| 158|0x00000000e9e00000, 0x00000000e9f00000, 0x00000000e9f00000|100%| E|CS|TAMS 0x00000000e9e00000, 0x00000000e9e00000| Complete 
| 159|0x00000000e9f00000, 0x00000000ea000000, 0x00000000ea000000|100%| E|CS|TAMS 0x00000000e9f00000, 0x00000000e9f00000| Complete 
| 160|0x00000000ea000000, 0x00000000ea100000, 0x00000000ea100000|100%| E|CS|TAMS 0x00000000ea000000, 0x00000000ea000000| Complete 
| 161|0x00000000ea100000, 0x00000000ea200000, 0x00000000ea200000|100%| E|CS|TAMS 0x00000000ea100000, 0x00000000ea100000| Complete 
| 162|0x00000000ea200000, 0x00000000ea300000, 0x00000000ea300000|100%| E|CS|TAMS 0x00000000ea200000, 0x00000000ea200000| Complete 
| 163|0x00000000ea300000, 0x00000000ea400000, 0x00000000ea400000|100%| E|CS|TAMS 0x00000000ea300000, 0x00000000ea300000| Complete 
| 164|0x00000000ea400000, 0x00000000ea500000, 0x00000000ea500000|100%| E|CS|TAMS 0x00000000ea400000, 0x00000000ea400000| Complete 
| 165|0x00000000ea500000, 0x00000000ea600000, 0x00000000ea600000|100%| E|CS|TAMS 0x00000000ea500000, 0x00000000ea500000| Complete 
| 166|0x00000000ea600000, 0x00000000ea700000, 0x00000000ea700000|100%| E|CS|TAMS 0x00000000ea600000, 0x00000000ea600000| Complete 
| 167|0x00000000ea700000, 0x00000000ea800000, 0x00000000ea800000|100%| E|CS|TAMS 0x00000000ea700000, 0x00000000ea700000| Complete 
| 168|0x00000000ea800000, 0x00000000ea900000, 0x00000000ea900000|100%| E|CS|TAMS 0x00000000ea800000, 0x00000000ea800000| Complete 
| 169|0x00000000ea900000, 0x00000000eaa00000, 0x00000000eaa00000|100%| E|CS|TAMS 0x00000000ea900000, 0x00000000ea900000| Complete 
| 170|0x00000000eaa00000, 0x00000000eab00000, 0x00000000eab00000|100%| E|CS|TAMS 0x00000000eaa00000, 0x00000000eaa00000| Complete 
| 171|0x00000000eab00000, 0x00000000eac00000, 0x00000000eac00000|100%| E|CS|TAMS 0x00000000eab00000, 0x00000000eab00000| Complete 
| 172|0x00000000eac00000, 0x00000000ead00000, 0x00000000ead00000|100%| E|CS|TAMS 0x00000000eac00000, 0x00000000eac00000| Complete 
| 173|0x00000000ead00000, 0x00000000eae00000, 0x00000000eae00000|100%| E|CS|TAMS 0x00000000ead00000, 0x00000000ead00000| Complete 
| 174|0x00000000eae00000, 0x00000000eaf00000, 0x00000000eaf00000|100%| E|CS|TAMS 0x00000000eae00000, 0x00000000eae00000| Complete 
| 175|0x00000000eaf00000, 0x00000000eb000000, 0x00000000eb000000|100%| E|CS|TAMS 0x00000000eaf00000, 0x00000000eaf00000| Complete 
| 176|0x00000000eb000000, 0x00000000eb100000, 0x00000000eb100000|100%| E|CS|TAMS 0x00000000eb000000, 0x00000000eb000000| Complete 
| 177|0x00000000eb100000, 0x00000000eb200000, 0x00000000eb200000|100%| E|CS|TAMS 0x00000000eb100000, 0x00000000eb100000| Complete 
| 178|0x00000000eb200000, 0x00000000eb300000, 0x00000000eb300000|100%| E|CS|TAMS 0x00000000eb200000, 0x00000000eb200000| Complete 
| 179|0x00000000eb300000, 0x00000000eb400000, 0x00000000eb400000|100%| E|CS|TAMS 0x00000000eb300000, 0x00000000eb300000| Complete 
| 180|0x00000000eb400000, 0x00000000eb500000, 0x00000000eb500000|100%| E|CS|TAMS 0x00000000eb400000, 0x00000000eb400000| Complete 
| 181|0x00000000eb500000, 0x00000000eb600000, 0x00000000eb600000|100%| E|CS|TAMS 0x00000000eb500000, 0x00000000eb500000| Complete 
| 182|0x00000000eb600000, 0x00000000eb700000, 0x00000000eb700000|100%| E|CS|TAMS 0x00000000eb600000, 0x00000000eb600000| Complete 
| 183|0x00000000eb700000, 0x00000000eb800000, 0x00000000eb800000|100%| E|CS|TAMS 0x00000000eb700000, 0x00000000eb700000| Complete 
| 184|0x00000000eb800000, 0x00000000eb900000, 0x00000000eb900000|100%| E|CS|TAMS 0x00000000eb800000, 0x00000000eb800000| Complete 
| 185|0x00000000eb900000, 0x00000000eba00000, 0x00000000eba00000|100%| E|CS|TAMS 0x00000000eb900000, 0x00000000eb900000| Complete 
| 186|0x00000000eba00000, 0x00000000ebb00000, 0x00000000ebb00000|100%| E|CS|TAMS 0x00000000eba00000, 0x00000000eba00000| Complete 
| 187|0x00000000ebb00000, 0x00000000ebc00000, 0x00000000ebc00000|100%| E|CS|TAMS 0x00000000ebb00000, 0x00000000ebb00000| Complete 
| 188|0x00000000ebc00000, 0x00000000ebd00000, 0x00000000ebd00000|100%| E|CS|TAMS 0x00000000ebc00000, 0x00000000ebc00000| Complete 
| 189|0x00000000ebd00000, 0x00000000ebe00000, 0x00000000ebe00000|100%| E|CS|TAMS 0x00000000ebd00000, 0x00000000ebd00000| Complete 
| 190|0x00000000ebe00000, 0x00000000ebf00000, 0x00000000ebf00000|100%| E|CS|TAMS 0x00000000ebe00000, 0x00000000ebe00000| Complete 
| 191|0x00000000ebf00000, 0x00000000ec000000, 0x00000000ec000000|100%| E|CS|TAMS 0x00000000ebf00000, 0x00000000ebf00000| Complete 
| 192|0x00000000ec000000, 0x00000000ec100000, 0x00000000ec100000|100%| E|CS|TAMS 0x00000000ec000000, 0x00000000ec000000| Complete 
| 193|0x00000000ec100000, 0x00000000ec200000, 0x00000000ec200000|100%| E|CS|TAMS 0x00000000ec100000, 0x00000000ec100000| Complete 
| 194|0x00000000ec200000, 0x00000000ec300000, 0x00000000ec300000|100%| E|CS|TAMS 0x00000000ec200000, 0x00000000ec200000| Complete 
| 195|0x00000000ec300000, 0x00000000ec400000, 0x00000000ec400000|100%| E|CS|TAMS 0x00000000ec300000, 0x00000000ec300000| Complete 
| 196|0x00000000ec400000, 0x00000000ec500000, 0x00000000ec500000|100%| E|CS|TAMS 0x00000000ec400000, 0x00000000ec400000| Complete 
| 197|0x00000000ec500000, 0x00000000ec600000, 0x00000000ec600000|100%| E|CS|TAMS 0x00000000ec500000, 0x00000000ec500000| Complete 
| 198|0x00000000ec600000, 0x00000000ec700000, 0x00000000ec700000|100%| E|CS|TAMS 0x00000000ec600000, 0x00000000ec600000| Complete 
| 199|0x00000000ec700000, 0x00000000ec800000, 0x00000000ec800000|100%| E|CS|TAMS 0x00000000ec700000, 0x00000000ec700000| Complete 
| 200|0x00000000ec800000, 0x00000000ec900000, 0x00000000ec900000|100%| E|CS|TAMS 0x00000000ec800000, 0x00000000ec800000| Complete 
| 201|0x00000000ec900000, 0x00000000eca00000, 0x00000000eca00000|100%| E|CS|TAMS 0x00000000ec900000, 0x00000000ec900000| Complete 
| 202|0x00000000eca00000, 0x00000000ecb00000, 0x00000000ecb00000|100%| E|CS|TAMS 0x00000000eca00000, 0x00000000eca00000| Complete 
| 203|0x00000000ecb00000, 0x00000000ecc00000, 0x00000000ecc00000|100%| E|CS|TAMS 0x00000000ecb00000, 0x00000000ecb00000| Complete 
| 204|0x00000000ecc00000, 0x00000000ecd00000, 0x00000000ecd00000|100%| E|CS|TAMS 0x00000000ecc00000, 0x00000000ecc00000| Complete 
| 205|0x00000000ecd00000, 0x00000000ece00000, 0x00000000ece00000|100%| E|CS|TAMS 0x00000000ecd00000, 0x00000000ecd00000| Complete 
| 206|0x00000000ece00000, 0x00000000ecf00000, 0x00000000ecf00000|100%| E|CS|TAMS 0x00000000ece00000, 0x00000000ece00000| Complete 
| 207|0x00000000ecf00000, 0x00000000ed000000, 0x00000000ed000000|100%| E|CS|TAMS 0x00000000ecf00000, 0x00000000ecf00000| Complete 
| 208|0x00000000ed000000, 0x00000000ed100000, 0x00000000ed100000|100%| E|CS|TAMS 0x00000000ed000000, 0x00000000ed000000| Complete 
| 209|0x00000000ed100000, 0x00000000ed200000, 0x00000000ed200000|100%| E|CS|TAMS 0x00000000ed100000, 0x00000000ed100000| Complete 
| 210|0x00000000ed200000, 0x00000000ed300000, 0x00000000ed300000|100%| E|CS|TAMS 0x00000000ed200000, 0x00000000ed200000| Complete 
| 211|0x00000000ed300000, 0x00000000ed400000, 0x00000000ed400000|100%| E|CS|TAMS 0x00000000ed300000, 0x00000000ed300000| Complete 
| 212|0x00000000ed400000, 0x00000000ed500000, 0x00000000ed500000|100%| E|CS|TAMS 0x00000000ed400000, 0x00000000ed400000| Complete 
| 213|0x00000000ed500000, 0x00000000ed600000, 0x00000000ed600000|100%| E|CS|TAMS 0x00000000ed500000, 0x00000000ed500000| Complete 
| 214|0x00000000ed600000, 0x00000000ed700000, 0x00000000ed700000|100%| E|CS|TAMS 0x00000000ed600000, 0x00000000ed600000| Complete 
| 215|0x00000000ed700000, 0x00000000ed800000, 0x00000000ed800000|100%| E|CS|TAMS 0x00000000ed700000, 0x00000000ed700000| Complete 
| 216|0x00000000ed800000, 0x00000000ed900000, 0x00000000ed900000|100%| E|CS|TAMS 0x00000000ed800000, 0x00000000ed800000| Complete 
| 217|0x00000000ed900000, 0x00000000eda00000, 0x00000000eda00000|100%| E|CS|TAMS 0x00000000ed900000, 0x00000000ed900000| Complete 
| 218|0x00000000eda00000, 0x00000000edb00000, 0x00000000edb00000|100%| E|CS|TAMS 0x00000000eda00000, 0x00000000eda00000| Complete 
| 219|0x00000000edb00000, 0x00000000edc00000, 0x00000000edc00000|100%| E|CS|TAMS 0x00000000edb00000, 0x00000000edb00000| Complete 
| 220|0x00000000edc00000, 0x00000000edd00000, 0x00000000edd00000|100%| E|CS|TAMS 0x00000000edc00000, 0x00000000edc00000| Complete 
| 221|0x00000000edd00000, 0x00000000ede00000, 0x00000000ede00000|100%| E|CS|TAMS 0x00000000edd00000, 0x00000000edd00000| Complete 
| 222|0x00000000ede00000, 0x00000000edf00000, 0x00000000edf00000|100%| E|CS|TAMS 0x00000000ede00000, 0x00000000ede00000| Complete 
| 223|0x00000000edf00000, 0x00000000ee000000, 0x00000000ee000000|100%| E|CS|TAMS 0x00000000edf00000, 0x00000000edf00000| Complete 
| 224|0x00000000ee000000, 0x00000000ee100000, 0x00000000ee100000|100%| E|CS|TAMS 0x00000000ee000000, 0x00000000ee000000| Complete 
| 225|0x00000000ee100000, 0x00000000ee200000, 0x00000000ee200000|100%| E|CS|TAMS 0x00000000ee100000, 0x00000000ee100000| Complete 
| 226|0x00000000ee200000, 0x00000000ee300000, 0x00000000ee300000|100%| E|CS|TAMS 0x00000000ee200000, 0x00000000ee200000| Complete 
| 227|0x00000000ee300000, 0x00000000ee400000, 0x00000000ee400000|100%| E|CS|TAMS 0x00000000ee300000, 0x00000000ee300000| Complete 
| 228|0x00000000ee400000, 0x00000000ee500000, 0x00000000ee500000|100%| E|CS|TAMS 0x00000000ee400000, 0x00000000ee400000| Complete 
| 229|0x00000000ee500000, 0x00000000ee600000, 0x00000000ee600000|100%| E|CS|TAMS 0x00000000ee500000, 0x00000000ee500000| Complete 
| 230|0x00000000ee600000, 0x00000000ee700000, 0x00000000ee700000|100%| E|CS|TAMS 0x00000000ee600000, 0x00000000ee600000| Complete 
| 231|0x00000000ee700000, 0x00000000ee800000, 0x00000000ee800000|100%| E|CS|TAMS 0x00000000ee700000, 0x00000000ee700000| Complete 
| 232|0x00000000ee800000, 0x00000000ee900000, 0x00000000ee900000|100%| E|CS|TAMS 0x00000000ee800000, 0x00000000ee800000| Complete 
| 233|0x00000000ee900000, 0x00000000eea00000, 0x00000000eea00000|100%| E|CS|TAMS 0x00000000ee900000, 0x00000000ee900000| Complete 
| 234|0x00000000eea00000, 0x00000000eeb00000, 0x00000000eeb00000|100%| E|CS|TAMS 0x00000000eea00000, 0x00000000eea00000| Complete 
| 235|0x00000000eeb00000, 0x00000000eec00000, 0x00000000eec00000|100%| E|CS|TAMS 0x00000000eeb00000, 0x00000000eeb00000| Complete 
| 236|0x00000000eec00000, 0x00000000eed00000, 0x00000000eed00000|100%| E|CS|TAMS 0x00000000eec00000, 0x00000000eec00000| Complete 
| 237|0x00000000eed00000, 0x00000000eee00000, 0x00000000eee00000|100%| E|CS|TAMS 0x00000000eed00000, 0x00000000eed00000| Complete 
| 238|0x00000000eee00000, 0x00000000eef00000, 0x00000000eef00000|100%| E|CS|TAMS 0x00000000eee00000, 0x00000000eee00000| Complete 
| 239|0x00000000eef00000, 0x00000000ef000000, 0x00000000ef000000|100%| E|CS|TAMS 0x00000000eef00000, 0x00000000eef00000| Complete 
| 240|0x00000000ef000000, 0x00000000ef100000, 0x00000000ef100000|100%| E|CS|TAMS 0x00000000ef000000, 0x00000000ef000000| Complete 
| 241|0x00000000ef100000, 0x00000000ef200000, 0x00000000ef200000|100%| E|CS|TAMS 0x00000000ef100000, 0x00000000ef100000| Complete 
| 242|0x00000000ef200000, 0x00000000ef300000, 0x00000000ef300000|100%| E|CS|TAMS 0x00000000ef200000, 0x00000000ef200000| Complete 
| 243|0x00000000ef300000, 0x00000000ef400000, 0x00000000ef400000|100%| E|CS|TAMS 0x00000000ef300000, 0x00000000ef300000| Complete 
| 244|0x00000000ef400000, 0x00000000ef500000, 0x00000000ef500000|100%| E|CS|TAMS 0x00000000ef400000, 0x00000000ef400000| Complete 
| 245|0x00000000ef500000, 0x00000000ef600000, 0x00000000ef600000|100%| E|CS|TAMS 0x00000000ef500000, 0x00000000ef500000| Complete 
| 246|0x00000000ef600000, 0x00000000ef700000, 0x00000000ef700000|100%| E|CS|TAMS 0x00000000ef600000, 0x00000000ef600000| Complete 
| 247|0x00000000ef700000, 0x00000000ef800000, 0x00000000ef800000|100%| E|CS|TAMS 0x00000000ef700000, 0x00000000ef700000| Complete 
| 248|0x00000000ef800000, 0x00000000ef900000, 0x00000000ef900000|100%| E|CS|TAMS 0x00000000ef800000, 0x00000000ef800000| Complete 
| 249|0x00000000ef900000, 0x00000000efa00000, 0x00000000efa00000|100%| E|CS|TAMS 0x00000000ef900000, 0x00000000ef900000| Complete 
| 250|0x00000000efa00000, 0x00000000efb00000, 0x00000000efb00000|100%| E|CS|TAMS 0x00000000efa00000, 0x00000000efa00000| Complete 
| 251|0x00000000efb00000, 0x00000000efc00000, 0x00000000efc00000|100%| E|CS|TAMS 0x00000000efb00000, 0x00000000efb00000| Complete 
| 252|0x00000000efc00000, 0x00000000efd00000, 0x00000000efd00000|100%| E|CS|TAMS 0x00000000efc00000, 0x00000000efc00000| Complete 
| 253|0x00000000efd00000, 0x00000000efe00000, 0x00000000efe00000|100%| E|CS|TAMS 0x00000000efd00000, 0x00000000efd00000| Complete 
| 254|0x00000000efe00000, 0x00000000eff00000, 0x00000000eff00000|100%| E|CS|TAMS 0x00000000efe00000, 0x00000000efe00000| Complete 
| 255|0x00000000eff00000, 0x00000000f0000000, 0x00000000f0000000|100%| E|CS|TAMS 0x00000000eff00000, 0x00000000eff00000| Complete 

Card table byte_map: [0x00000238bbf80000,0x00000238bc080000] _byte_map_base: 0x00000238bb880000

Marking Bits (Prev, Next): (CMBitMap*) 0x00000238a364a250, (CMBitMap*) 0x00000238a364a210
 Prev Bits: [0x00000238bc980000, 0x00000238bd180000)
 Next Bits: [0x00000238bc180000, 0x00000238bc980000)

Polling page: 0x00000238a4e90000

Metaspace:

Usage:
  Non-class:     57.34 MB used.
      Class:      8.98 MB used.
       Both:     66.32 MB used.

Virtual space:
  Non-class space:       64.00 MB reserved,      57.69 MB ( 90%) committed,  1 nodes.
      Class space:      320.00 MB reserved,       9.31 MB (  3%) committed,  1 nodes.
             Both:      384.00 MB reserved,      67.00 MB ( 17%) committed. 

Chunk freelists:
   Non-Class:  5.82 MB
       Class:  6.59 MB
        Both:  12.41 MB

MaxMetaspaceSize: 384.00 MB
CompressedClassSpaceSize: 320.00 MB
Initial GC threshold: 21.00 MB
Current GC threshold: 100.75 MB
CDS: on
MetaspaceReclaimPolicy: balanced
 - commit_granule_bytes: 65536.
 - commit_granule_words: 8192.
 - virtual_space_node_default_size: 8388608.
 - enlarge_chunks_in_place: 1.
 - new_chunks_are_fully_committed: 0.
 - uncommit_free_chunks: 1.
 - use_allocation_guard: 0.
 - handle_deallocations: 1.


Internal statistics:

num_allocs_failed_limit: 21.
num_arena_births: 752.
num_arena_deaths: 0.
num_vsnodes_births: 2.
num_vsnodes_deaths: 0.
num_space_committed: 1072.
num_space_uncommitted: 0.
num_chunks_returned_to_freelist: 21.
num_chunks_taken_from_freelist: 3617.
num_chunk_merges: 21.
num_chunk_splits: 2346.
num_chunks_enlarged: 1551.
num_inconsistent_stats: 0.

CodeHeap 'non-profiled nmethods': size=120000Kb used=6953Kb max_used=6953Kb free=113046Kb
 bounds [0x00000238b4a50000, 0x00000238b5120000, 0x00000238bbf80000]
CodeHeap 'profiled nmethods': size=120000Kb used=22677Kb max_used=22677Kb free=97322Kb
 bounds [0x00000238acf80000, 0x00000238ae5b0000, 0x00000238b44b0000]
CodeHeap 'non-nmethods': size=5760Kb used=2353Kb max_used=2443Kb free=3406Kb
 bounds [0x00000238b44b0000, 0x00000238b4720000, 0x00000238b4a50000]
 total_blobs=11795 nmethods=10914 adapters=793
 compilation: enabled
              stopped_count=0, restarted_count=0
 full_count=0

Compilation events (20 events):
Event: 202.140 Thread 0x00000238bf748aa0 nmethod 12423 0x00000238b511a190 code [0x00000238b511a300, 0x00000238b511a3b8]
Event: 202.140 Thread 0x00000238bf748aa0 12396   !   4       lombok.core.AST::buildWithField0 (121 bytes)
Event: 202.348 Thread 0x00000238bf74bc10 12425       3       lombok.core.LombokConfiguration::read (16 bytes)
Event: 202.349 Thread 0x00000238bf74bc10 nmethod 12425 0x00000238ae58a490 code [0x00000238ae58a680, 0x00000238ae58ab18]
Event: 202.382 Thread 0x00000238bf74bc10 12426       3       lombok.core.configuration.FileSystemSourceCache::cacheClear (43 bytes)
Event: 202.383 Thread 0x00000238bf74bc10 nmethod 12426 0x00000238ae58ad10 code [0x00000238ae58aec0, 0x00000238ae58b1f8]
Event: 202.393 Thread 0x00000238bf74bc10 12431       3       java.net.URI::hashIgnoringCase (45 bytes)
Event: 202.394 Thread 0x00000238bf74bc10 nmethod 12431 0x00000238ae58b310 code [0x00000238ae58b540, 0x00000238ae58be38]
Event: 202.409 Thread 0x00000238bf74bc10 12434       3       lombok.javac.JavacAST::traverse (12 bytes)
Event: 202.409 Thread 0x00000238bf74bc10 nmethod 12434 0x00000238ae58c290 code [0x00000238ae58c440, 0x00000238ae58c728]
Event: 202.413 Thread 0x00000238bf74bc10 12435   !   3       lombok.javac.JavacAST::getAbsoluteFileLocation (45 bytes)
Event: 202.414 Thread 0x00000238bf74bc10 nmethod 12435 0x00000238ae58c810 code [0x00000238ae58ca20, 0x00000238ae58cf58]
Event: 202.414 Thread 0x00000238bf74bc10 12436       3       com.sun.tools.javac.file.PathFileObject$SimpleFileObject::toUri (13 bytes)
Event: 202.414 Thread 0x00000238bf74bc10 nmethod 12436 0x00000238ae58d290 code [0x00000238ae58d440, 0x00000238ae58d698]
Event: 202.414 Thread 0x00000238bf74bc10 12437       3       sun.nio.fs.WindowsPath::toUri (5 bytes)
Event: 202.414 Thread 0x00000238bf74bc10 nmethod 12437 0x00000238ae58d790 code [0x00000238ae58d920, 0x00000238ae58da48]
Event: 202.415 Thread 0x00000238bf74bc10 12438       3       sun.nio.fs.WindowsPath::isUnc (16 bytes)
Event: 202.416 Thread 0x00000238bf74bc10 nmethod 12438 0x00000238ae58db10 code [0x00000238ae58dca0, 0x00000238ae58de18]
Event: 202.416 Thread 0x00000238bf74bc10 12439   !   3       sun.nio.fs.WindowsUriSupport::toUri (245 bytes)
Event: 202.420 Thread 0x00000238bf74bc10 nmethod 12439 0x00000238ae58de90 code [0x00000238ae58e3e0, 0x00000238ae590608]

GC Heap History (18 events):
Event: 2.797 GC heap before
{Heap before GC invocations=0 (full 0):
 garbage-first heap   total 262144K, used 13312K [0x00000000e0000000, 0x0000000100000000)
  region size 1024K, 13 young (13312K), 0 survivors (0K)
 Metaspace       used 815K, committed 896K, reserved 393216K
  class space    used 66K, committed 128K, reserved 327680K
}
Event: 2.875 GC heap after
{Heap after GC invocations=1 (full 0):
 garbage-first heap   total 262144K, used 1412K [0x00000000e0000000, 0x0000000100000000)
  region size 1024K, 2 young (2048K), 2 survivors (2048K)
 Metaspace       used 815K, committed 896K, reserved 393216K
  class space    used 66K, committed 128K, reserved 327680K
}
Event: 5.435 GC heap before
{Heap before GC invocations=1 (full 0):
 garbage-first heap   total 262144K, used 21892K [0x00000000e0000000, 0x0000000100000000)
  region size 1024K, 20 young (20480K), 2 survivors (2048K)
 Metaspace       used 2548K, committed 2752K, reserved 393216K
  class space    used 275K, committed 384K, reserved 327680K
}
Event: 5.442 GC heap after
{Heap after GC invocations=2 (full 0):
 garbage-first heap   total 262144K, used 9753K [0x00000000e0000000, 0x0000000100000000)
  region size 1024K, 3 young (3072K), 3 survivors (3072K)
 Metaspace       used 2548K, committed 2752K, reserved 393216K
  class space    used 275K, committed 384K, reserved 327680K
}
Event: 45.325 GC heap before
{Heap before GC invocations=2 (full 0):
 garbage-first heap   total 262144K, used 165401K [0x00000000e0000000, 0x0000000100000000)
  region size 1024K, 153 young (156672K), 3 survivors (3072K)
 Metaspace       used 18556K, committed 18880K, reserved 393216K
  class space    used 2676K, committed 2816K, reserved 327680K
}
Event: 45.346 GC heap after
{Heap after GC invocations=3 (full 0):
 garbage-first heap   total 262144K, used 21864K [0x00000000e0000000, 0x0000000100000000)
  region size 1024K, 14 young (14336K), 14 survivors (14336K)
 Metaspace       used 18556K, committed 18880K, reserved 393216K
  class space    used 2676K, committed 2816K, reserved 327680K
}
Event: 54.509 GC heap before
{Heap before GC invocations=3 (full 0):
 garbage-first heap   total 262144K, used 44392K [0x00000000e0000000, 0x0000000100000000)
  region size 1024K, 38 young (38912K), 14 survivors (14336K)
 Metaspace       used 21174K, committed 21504K, reserved 393216K
  class space    used 3085K, committed 3264K, reserved 327680K
}
Event: 54.530 GC heap after
{Heap after GC invocations=4 (full 0):
 garbage-first heap   total 262144K, used 24234K [0x00000000e0000000, 0x0000000100000000)
  region size 1024K, 3 young (3072K), 3 survivors (3072K)
 Metaspace       used 21174K, committed 21504K, reserved 393216K
  class space    used 3085K, committed 3264K, reserved 327680K
}
Event: 70.213 GC heap before
{Heap before GC invocations=5 (full 0):
 garbage-first heap   total 262144K, used 145066K [0x00000000e0000000, 0x0000000100000000)
  region size 1024K, 118 young (120832K), 3 survivors (3072K)
 Metaspace       used 35546K, committed 35968K, reserved 393216K
  class space    used 4926K, committed 5120K, reserved 327680K
}
Event: 70.307 GC heap after
{Heap after GC invocations=6 (full 0):
 garbage-first heap   total 262144K, used 31632K [0x00000000e0000000, 0x0000000100000000)
  region size 1024K, 10 young (10240K), 10 survivors (10240K)
 Metaspace       used 35546K, committed 35968K, reserved 393216K
  class space    used 4926K, committed 5120K, reserved 327680K
}
Event: 89.400 GC heap before
{Heap before GC invocations=7 (full 0):
 garbage-first heap   total 262144K, used 116624K [0x00000000e0000000, 0x0000000100000000)
  region size 1024K, 92 young (94208K), 10 survivors (10240K)
 Metaspace       used 44537K, committed 44992K, reserved 393216K
  class space    used 6272K, committed 6464K, reserved 327680K
}
Event: 89.420 GC heap after
{Heap after GC invocations=8 (full 0):
 garbage-first heap   total 262144K, used 35922K [0x00000000e0000000, 0x0000000100000000)
  region size 1024K, 5 young (5120K), 5 survivors (5120K)
 Metaspace       used 44537K, committed 44992K, reserved 393216K
  class space    used 6272K, committed 6464K, reserved 327680K
}
Event: 131.854 GC heap before
{Heap before GC invocations=8 (full 0):
 garbage-first heap   total 262144K, used 187474K [0x00000000e0000000, 0x0000000100000000)
  region size 1024K, 153 young (156672K), 5 survivors (5120K)
 Metaspace       used 53798K, committed 54400K, reserved 393216K
  class space    used 7577K, committed 7872K, reserved 327680K
}
Event: 132.046 GC heap after
{Heap after GC invocations=9 (full 0):
 garbage-first heap   total 262144K, used 45886K [0x00000000e0000000, 0x0000000100000000)
  region size 1024K, 15 young (15360K), 15 survivors (15360K)
 Metaspace       used 53798K, committed 54400K, reserved 393216K
  class space    used 7577K, committed 7872K, reserved 327680K
}
Event: 166.572 GC heap before
{Heap before GC invocations=9 (full 0):
 garbage-first heap   total 262144K, used 117566K [0x00000000e0000000, 0x0000000100000000)
  region size 1024K, 85 young (87040K), 15 survivors (15360K)
 Metaspace       used 54972K, committed 55616K, reserved 393216K
  class space    used 7619K, committed 7936K, reserved 327680K
}
Event: 166.620 GC heap after
{Heap after GC invocations=10 (full 0):
 garbage-first heap   total 262144K, used 51968K [0x00000000e0000000, 0x0000000100000000)
  region size 1024K, 8 young (8192K), 8 survivors (8192K)
 Metaspace       used 54972K, committed 55616K, reserved 393216K
  class space    used 7619K, committed 7936K, reserved 327680K
}
Event: 186.731 GC heap before
{Heap before GC invocations=10 (full 0):
 garbage-first heap   total 262144K, used 174848K [0x00000000e0000000, 0x0000000100000000)
  region size 1024K, 130 young (133120K), 8 survivors (8192K)
 Metaspace       used 59831K, committed 60416K, reserved 393216K
  class space    used 8308K, committed 8576K, reserved 327680K
}
Event: 186.753 GC heap after
{Heap after GC invocations=11 (full 0):
 garbage-first heap   total 262144K, used 55286K [0x00000000e0000000, 0x0000000100000000)
  region size 1024K, 11 young (11264K), 11 survivors (11264K)
 Metaspace       used 59831K, committed 60416K, reserved 393216K
  class space    used 8308K, committed 8576K, reserved 327680K
}

Deoptimization events (20 events):
Event: 201.103 Thread 0x00000238db0c73c0 Uncommon trap: trap_request=0xffffffc6 fr.pc=0x00000238b4f6fc7c relative=0x000000000000057c
Event: 201.103 Thread 0x00000238db0c73c0 Uncommon trap: reason=bimorphic_or_optimized_type_check action=maybe_recompile pc=0x00000238b4f6fc7c method=java.util.Collections$UnmodifiableCollection.contains(Ljava/lang/Object;)Z @ 5 c2
Event: 201.103 Thread 0x00000238db0c73c0 DEOPT PACKING pc=0x00000238b4f6fc7c sp=0x00000094f0af8170
Event: 201.103 Thread 0x00000238db0c73c0 DEOPT UNPACKING pc=0x00000238b45023a3 sp=0x00000094f0af8118 mode 2
Event: 201.174 Thread 0x00000238db0c73c0 Uncommon trap: trap_request=0xffffffde fr.pc=0x00000238b5102700 relative=0x0000000000000e00
Event: 201.174 Thread 0x00000238db0c73c0 Uncommon trap: reason=class_check action=maybe_recompile pc=0x00000238b5102700 method=lombok.javac.JavacNode.traverse(Llombok/javac/JavacASTVisitor;)V @ 490 c2
Event: 201.174 Thread 0x00000238db0c73c0 DEOPT PACKING pc=0x00000238b5102700 sp=0x00000094f0af7de0
Event: 201.174 Thread 0x00000238db0c73c0 DEOPT UNPACKING pc=0x00000238b45023a3 sp=0x00000094f0af7d70 mode 2
Event: 201.174 Thread 0x00000238db0c73c0 Uncommon trap: trap_request=0xffffffde fr.pc=0x00000238b5102700 relative=0x0000000000000e00
Event: 201.174 Thread 0x00000238db0c73c0 Uncommon trap: reason=class_check action=maybe_recompile pc=0x00000238b5102700 method=lombok.javac.JavacNode.traverse(Llombok/javac/JavacASTVisitor;)V @ 490 c2
Event: 201.174 Thread 0x00000238db0c73c0 DEOPT PACKING pc=0x00000238b5102700 sp=0x00000094f0af7de0
Event: 201.174 Thread 0x00000238db0c73c0 DEOPT UNPACKING pc=0x00000238b45023a3 sp=0x00000094f0af7d70 mode 2
Event: 201.174 Thread 0x00000238db0c73c0 Uncommon trap: trap_request=0xffffffde fr.pc=0x00000238b5102700 relative=0x0000000000000e00
Event: 201.174 Thread 0x00000238db0c73c0 Uncommon trap: reason=class_check action=maybe_recompile pc=0x00000238b5102700 method=lombok.javac.JavacNode.traverse(Llombok/javac/JavacASTVisitor;)V @ 490 c2
Event: 201.174 Thread 0x00000238db0c73c0 DEOPT PACKING pc=0x00000238b5102700 sp=0x00000094f0af7de0
Event: 201.174 Thread 0x00000238db0c73c0 DEOPT UNPACKING pc=0x00000238b45023a3 sp=0x00000094f0af7d70 mode 2
Event: 201.174 Thread 0x00000238db0c73c0 Uncommon trap: trap_request=0xffffffde fr.pc=0x00000238b5102700 relative=0x0000000000000e00
Event: 201.174 Thread 0x00000238db0c73c0 Uncommon trap: reason=class_check action=maybe_recompile pc=0x00000238b5102700 method=lombok.javac.JavacNode.traverse(Llombok/javac/JavacASTVisitor;)V @ 490 c2
Event: 201.174 Thread 0x00000238db0c73c0 DEOPT PACKING pc=0x00000238b5102700 sp=0x00000094f0af7de0
Event: 201.174 Thread 0x00000238db0c73c0 DEOPT UNPACKING pc=0x00000238b45023a3 sp=0x00000094f0af7d70 mode 2

Classes unloaded (0 events):
No events

Classes redefined (0 events):
No events

Internal exceptions (20 events):
Event: 180.458 Thread 0x00000238d9a4ecd0 Exception <a 'java/lang/ClassNotFoundException'{0x00000000ea436ba0}: org/gradle/api/DefaultTask_DecoratedCustomizer> (0x00000000ea436ba0) 
thrown [s\open\src\hotspot\share\classfile\systemDictionary.cpp, line 256]
Event: 180.636 Thread 0x00000238db0c73c0 Exception <a 'java/lang/NoSuchMethodError'{0x00000000ea3b6f98}: 'java.lang.Object java.lang.invoke.DirectMethodHandle$Holder.newInvokeSpecial(java.lang.Object, java.lang.Object, int, java.lang.Object, java.lang.Object)'> (0x00000000ea3b6f98) 
thrown [s\open\src\hotspot\share\interpreter\linkResolver.cpp, line 759]
Event: 180.730 Thread 0x00000238db0c73c0 Exception <a 'java/lang/NoSuchMethodError'{0x00000000ea13b050}: 'void java.lang.invoke.DirectMethodHandle$Holder.invokeSpecial(java.lang.Object, java.lang.Object, java.lang.Object, java.lang.Object, int, java.lang.Object, java.lang.Object)'> (0x00000000ea13b050) 
thrown [s\open\src\hotspot\share\interpreter\linkResolver.cpp, line 759]
Event: 180.805 Thread 0x00000238db0c73c0 Exception <a 'java/lang/NoSuchMethodError'{0x00000000ea1ddd60}: 'void java.lang.invoke.DirectMethodHandle$Holder.invokeInterface(java.lang.Object, java.lang.Object, java.lang.Object, java.lang.Object)'> (0x00000000ea1ddd60) 
thrown [s\open\src\hotspot\share\interpreter\linkResolver.cpp, line 759]
Event: 181.053 Thread 0x00000238d9a50110 Exception <a 'java/lang/NoSuchMethodError'{0x00000000e9e53ec8}: static Lorg/gradle/internal/build/event/types/DefaultTaskStartedProgressEvent;.<clinit>()V> (0x00000000e9e53ec8) 
thrown [s\open\src\hotspot\share\prims\jni.cpp, line 1112]
Event: 181.055 Thread 0x00000238d9a50110 Exception <a 'java/lang/NoSuchMethodError'{0x00000000e9e55f30}: static Lorg/gradle/internal/build/event/types/AbstractProgressEvent;.<clinit>()V> (0x00000000e9e55f30) 
thrown [s\open\src\hotspot\share\prims\jni.cpp, line 1112]
Event: 181.057 Thread 0x00000238d9a50110 Exception <a 'java/lang/NoSuchMethodError'{0x00000000e9e75d08}: static Lorg/gradle/internal/build/event/types/DefaultTaskDescriptor;.<clinit>()V> (0x00000000e9e75d08) 
thrown [s\open\src\hotspot\share\prims\jni.cpp, line 1112]
Event: 181.064 Thread 0x00000238d9a50110 Exception <a 'java/lang/NoSuchMethodError'{0x00000000e9ebf810}: static Lorg/gradle/internal/operations/OperationIdentifier;.<clinit>()V> (0x00000000e9ebf810) 
thrown [s\open\src\hotspot\share\prims\jni.cpp, line 1112]
Event: 181.066 Thread 0x00000238d9a50110 Exception <a 'java/lang/NoSuchMethodError'{0x00000000e9ec9410}: static Lorg/gradle/internal/build/event/types/DefaultBinaryPluginIdentifier;.<clinit>()V> (0x00000000e9ec9410) 
thrown [s\open\src\hotspot\share\prims\jni.cpp, line 1112]
Event: 181.864 Thread 0x00000238db0c73c0 Exception <a 'java/lang/IncompatibleClassChangeError'{0x00000000e9776710}: Found class java.lang.Object, but interface was expected> (0x00000000e9776710) 
thrown [s\open\src\hotspot\share\interpreter\linkResolver.cpp, line 826]
Event: 181.870 Thread 0x00000238db0c73c0 Exception <a 'java/lang/NoSuchMethodError'{0x00000000e9788c38}: static Ljava/lang/Object;.<clinit>()V> (0x00000000e9788c38) 
thrown [s\open\src\hotspot\share\prims\jni.cpp, line 1112]
Event: 183.039 Thread 0x00000238db0c73c0 Exception <a 'java/lang/NoSuchMethodError'{0x00000000e8ea5438}: 'int java.lang.invoke.DirectMethodHandle$Holder.invokeStaticInit(java.lang.Object, java.lang.Object, java.lang.Object, java.lang.Object, java.lang.Object)'> (0x00000000e8ea5438) 
thrown [s\open\src\hotspot\share\interpreter\linkResolver.cpp, line 759]
Event: 183.837 Thread 0x00000238db0c73c0 Exception <a 'java/lang/NoSuchMethodError'{0x00000000e8aff4f8}: 'java.lang.Object java.lang.invoke.DirectMethodHandle$Holder.newInvokeSpecial(java.lang.Object, java.lang.Object, int, java.lang.Object, java.lang.Object, java.lang.Object, java.lang.Object)'> (0x00000000e8aff4f8) 
thrown [s\open\src\hotspot\share\interpreter\linkResolver.cpp, line 759]
Event: 183.840 Thread 0x00000238db0c73c0 Exception <a 'java/lang/NoSuchMethodError'{0x00000000e8909778}: 'java.lang.Object java.lang.invoke.Invokers$Holder.linkToTargetMethod(java.lang.Object, int, java.lang.Object, java.lang.Object, java.lang.Object, java.lang.Object, java.lang.Object)'> (0x00000000e8909778) 
thrown [s\open\src\hotspot\share\interpreter\linkResolver.cpp, line 759]
Event: 190.596 Thread 0x00000238db0c73c0 Exception <a 'sun/nio/fs/WindowsException'{0x00000000ef194a40}> (0x00000000ef194a40) 
thrown [s\open\src\hotspot\share\prims\jni.cpp, line 516]
Event: 190.596 Thread 0x00000238db0c73c0 Exception <a 'sun/nio/fs/WindowsException'{0x00000000ef194d40}> (0x00000000ef194d40) 
thrown [s\open\src\hotspot\share\prims\jni.cpp, line 516]
Event: 190.723 Thread 0x00000238db0c73c0 Exception <a 'java/lang/NoSuchMethodError'{0x00000000ef044340}: 'java.lang.Object java.lang.invoke.DirectMethodHandle$Holder.invokeVirtual(java.lang.Object, java.lang.Object, java.lang.Object, int, int)'> (0x00000000ef044340) 
thrown [s\open\src\hotspot\share\interpreter\linkResolver.cpp, line 759]
Event: 190.884 Thread 0x00000238db0c73c0 Implicit null exception at 0x00000238b4c6f60c to 0x00000238b4c6f742
Event: 193.410 Thread 0x00000238db0c73c0 Exception <a 'java/lang/NoSuchMethodError'{0x00000000ece8d9b0}: 'int java.lang.invoke.DirectMethodHandle$Holder.invokeSpecial(java.lang.Object, java.lang.Object, java.lang.Object, java.lang.Object, java.lang.Object)'> (0x00000000ece8d9b0) 
thrown [s\open\src\hotspot\share\interpreter\linkResolver.cpp, line 759]
Event: 193.591 Thread 0x00000238db0c73c0 Exception <a 'java/lang/NoSuchMethodError'{0x00000000ecce4560}: 'java.lang.Object java.lang.invoke.DirectMethodHandle$Holder.invokeStatic(java.lang.Object, java.lang.Object, int, int)'> (0x00000000ecce4560) 
thrown [s\open\src\hotspot\share\interpreter\linkResolver.cpp, line 759]

VM Operations (20 events):
Event: 193.641 Executing VM operation: Cleanup
Event: 193.658 Executing VM operation: Cleanup done
Event: 194.176 Executing VM operation: ICBufferFull
Event: 194.177 Executing VM operation: ICBufferFull done
Event: 195.178 Executing VM operation: Cleanup
Event: 195.195 Executing VM operation: Cleanup done
Event: 195.741 Executing VM operation: ICBufferFull
Event: 195.741 Executing VM operation: ICBufferFull done
Event: 196.755 Executing VM operation: Cleanup
Event: 196.755 Executing VM operation: Cleanup done
Event: 197.769 Executing VM operation: Cleanup
Event: 197.769 Executing VM operation: Cleanup done
Event: 198.774 Executing VM operation: Cleanup
Event: 198.774 Executing VM operation: Cleanup done
Event: 199.786 Executing VM operation: Cleanup
Event: 199.786 Executing VM operation: Cleanup done
Event: 200.792 Executing VM operation: Cleanup
Event: 200.792 Executing VM operation: Cleanup done
Event: 201.808 Executing VM operation: Cleanup
Event: 201.808 Executing VM operation: Cleanup done

Events (20 events):
Event: 196.752 loading class java/util/regex/Pattern$1
Event: 196.752 loading class java/util/regex/Pattern$1 done
Event: 197.577 loading class java/text/BreakIterator
Event: 197.577 loading class java/text/BreakIterator done
Event: 198.049 loading class java/util/regex/Pattern$LookBehindEndNode
Event: 198.049 loading class java/util/regex/Pattern$LookBehindEndNode done
Event: 198.049 loading class java/util/regex/Pattern$NotBehind
Event: 198.049 loading class java/util/regex/Pattern$NotBehind done
Event: 198.174 loading class java/util/Vector$1
Event: 198.174 loading class java/util/Vector$1 done
Event: 200.343 loading class java/util/Collections$UnmodifiableSortedSet
Event: 200.343 loading class java/util/Collections$UnmodifiableSortedSet done
Event: 200.491 loading class java/util/IdentityHashMap$EntrySet
Event: 200.491 loading class java/util/IdentityHashMap$EntrySet done
Event: 200.491 loading class java/util/IdentityHashMap$EntryIterator
Event: 200.491 loading class java/util/IdentityHashMap$EntryIterator done
Event: 200.491 loading class java/util/IdentityHashMap$EntryIterator$Entry
Event: 200.492 loading class java/util/IdentityHashMap$EntryIterator$Entry done
Event: 200.898 loading class sun/reflect/generics/repository/FieldRepository
Event: 200.898 loading class sun/reflect/generics/repository/FieldRepository done


Dynamic libraries:
0x00007ff753690000 - 0x00007ff7536a0000 	C:\Java\jdk-17\bin\java.exe
0x00007ff9f14d0000 - 0x00007ff9f16c8000 	C:\WINDOWS\SYSTEM32\ntdll.dll
0x00007ff9eff60000 - 0x00007ff9f0022000 	C:\WINDOWS\System32\KERNEL32.DLL
0x00007ff9ef1f0000 - 0x00007ff9ef4ef000 	C:\WINDOWS\System32\KERNELBASE.dll
0x00007ff9eee10000 - 0x00007ff9eef10000 	C:\WINDOWS\System32\ucrtbase.dll
0x00007ff9cbf80000 - 0x00007ff9cbf99000 	C:\Java\jdk-17\bin\jli.dll
0x00007ff9ef510000 - 0x00007ff9ef5bf000 	C:\WINDOWS\System32\ADVAPI32.dll
0x00007ff9ef6f0000 - 0x00007ff9ef78e000 	C:\WINDOWS\System32\msvcrt.dll
0x00007ff9f0d00000 - 0x00007ff9f0d9f000 	C:\WINDOWS\System32\sechost.dll
0x00007ff9f0e60000 - 0x00007ff9f0f83000 	C:\WINDOWS\System32\RPCRT4.dll
0x00007ff9ef080000 - 0x00007ff9ef0a7000 	C:\WINDOWS\System32\bcrypt.dll
0x00007ff9efc10000 - 0x00007ff9efdad000 	C:\WINDOWS\System32\USER32.dll
0x00007ff9eed70000 - 0x00007ff9eed92000 	C:\WINDOWS\System32\win32u.dll
0x00007ff9f0390000 - 0x00007ff9f03bb000 	C:\WINDOWS\System32\GDI32.dll
0x00007ff9eef60000 - 0x00007ff9ef07a000 	C:\WINDOWS\System32\gdi32full.dll
0x00007ff9eeb70000 - 0x00007ff9eec0d000 	C:\WINDOWS\System32\msvcp_win.dll
0x00007ff9de370000 - 0x00007ff9de38b000 	C:\Java\jdk-17\bin\VCRUNTIME140.dll
0x00007ff9dd530000 - 0x00007ff9dd7ca000 	C:\WINDOWS\WinSxS\amd64_microsoft.windows.common-controls_6595b64144ccf1df_6.0.19041.4355_none_60b8b9eb71f62e16\COMCTL32.dll
0x00007ff9e1fc0000 - 0x00007ff9e1fca000 	C:\WINDOWS\SYSTEM32\VERSION.dll
0x00007ff9ef5c0000 - 0x00007ff9ef5ef000 	C:\WINDOWS\System32\IMM32.DLL
0x00007ff9e64d0000 - 0x00007ff9e64dc000 	C:\Java\jdk-17\bin\vcruntime140_1.dll
0x00007ff9cd290000 - 0x00007ff9cd31e000 	C:\Java\jdk-17\bin\msvcp140.dll
0x00007ff95aa50000 - 0x00007ff95b630000 	C:\Java\jdk-17\bin\server\jvm.dll
0x00007ff9ef4f0000 - 0x00007ff9ef4f8000 	C:\WINDOWS\System32\PSAPI.DLL
0x00007ff9def00000 - 0x00007ff9def09000 	C:\WINDOWS\SYSTEM32\WSOCK32.dll
0x00007ff9f0b30000 - 0x00007ff9f0b9b000 	C:\WINDOWS\System32\WS2_32.dll
0x00007ff9de390000 - 0x00007ff9de3b7000 	C:\WINDOWS\SYSTEM32\WINMM.dll
0x00007ff9ed3b0000 - 0x00007ff9ed3c2000 	C:\WINDOWS\SYSTEM32\kernel.appcore.dll
0x00007ff9e4300000 - 0x00007ff9e430a000 	C:\Java\jdk-17\bin\jimage.dll
0x00007ff9ed070000 - 0x00007ff9ed254000 	C:\WINDOWS\SYSTEM32\DBGHELP.DLL
0x00007ff9e3470000 - 0x00007ff9e34a4000 	C:\WINDOWS\SYSTEM32\dbgcore.DLL
0x00007ff9ef0b0000 - 0x00007ff9ef132000 	C:\WINDOWS\System32\bcryptPrimitives.dll
0x00007ff9e34b0000 - 0x00007ff9e34be000 	C:\Java\jdk-17\bin\instrument.dll
0x00007ff9a5e20000 - 0x00007ff9a5e45000 	C:\Java\jdk-17\bin\java.dll
0x00007ff9a5d40000 - 0x00007ff9a5e17000 	C:\Java\jdk-17\bin\jsvml.dll
0x00007ff9f03c0000 - 0x00007ff9f0b2d000 	C:\WINDOWS\System32\SHELL32.dll
0x00007ff9ec7e0000 - 0x00007ff9ecf84000 	C:\WINDOWS\SYSTEM32\windows.storage.dll
0x00007ff9ef8b0000 - 0x00007ff9efc05000 	C:\WINDOWS\System32\combase.dll
0x00007ff9ee5a0000 - 0x00007ff9ee5cb000 	C:\WINDOWS\SYSTEM32\Wldp.dll
0x00007ff9f0210000 - 0x00007ff9f02dd000 	C:\WINDOWS\System32\OLEAUT32.dll
0x00007ff9f02e0000 - 0x00007ff9f038d000 	C:\WINDOWS\System32\SHCORE.dll
0x00007ff9f0e00000 - 0x00007ff9f0e55000 	C:\WINDOWS\System32\shlwapi.dll
0x00007ff9eeaa0000 - 0x00007ff9eeac5000 	C:\WINDOWS\SYSTEM32\profapi.dll
0x00007ff9b8fa0000 - 0x00007ff9b8fb8000 	C:\Java\jdk-17\bin\zip.dll
0x00007ff9b2930000 - 0x00007ff9b2949000 	C:\Java\jdk-17\bin\net.dll
0x00007ff9e2c50000 - 0x00007ff9e2d5a000 	C:\WINDOWS\SYSTEM32\WINHTTP.dll
0x00007ff9ee300000 - 0x00007ff9ee36c000 	C:\WINDOWS\system32\mswsock.dll
0x00007ff9a5d20000 - 0x00007ff9a5d36000 	C:\Java\jdk-17\bin\nio.dll
0x00007ff9e4210000 - 0x00007ff9e4220000 	C:\Java\jdk-17\bin\verify.dll
0x00007ff9e0f80000 - 0x00007ff9e0fa7000 	C:\Users\dkanr\.gradle\native\1def1411415f61bf3af743bc5b6707747c0891f09f0c88961ee8f79bc544acac\windows-amd64\native-platform.dll
0x00007ff9cde30000 - 0x00007ff9cdea8000 	C:\Users\dkanr\.gradle\native\0.2.6\x86_64-windows-gnu\gradle-fileevents.dll
0x00007ff9e4230000 - 0x00007ff9e423a000 	C:\Java\jdk-17\bin\management.dll
0x00007ff9e4220000 - 0x00007ff9e422b000 	C:\Java\jdk-17\bin\management_ext.dll
0x00007ff9edf90000 - 0x00007ff9edfcb000 	C:\WINDOWS\SYSTEM32\IPHLPAPI.DLL
0x00007ff9ef5f0000 - 0x00007ff9ef5f8000 	C:\WINDOWS\System32\NSI.dll
0x00007ff9e2d60000 - 0x00007ff9e2d77000 	C:\WINDOWS\SYSTEM32\dhcpcsvc6.DLL
0x00007ff9e3210000 - 0x00007ff9e322d000 	C:\WINDOWS\SYSTEM32\dhcpcsvc.DLL
0x00007ff9edfe0000 - 0x00007ff9ee0aa000 	C:\WINDOWS\SYSTEM32\DNSAPI.dll
0x00007ff9ee500000 - 0x00007ff9ee518000 	C:\WINDOWS\SYSTEM32\CRYPTSP.dll
0x00007ff9edb90000 - 0x00007ff9edbc8000 	C:\WINDOWS\system32\rsaenh.dll
0x00007ff9eea60000 - 0x00007ff9eea8e000 	C:\WINDOWS\SYSTEM32\USERENV.dll
0x00007ff9ee4f0000 - 0x00007ff9ee4fc000 	C:\WINDOWS\SYSTEM32\CRYPTBASE.dll
0x00007ff9e4120000 - 0x00007ff9e412e000 	C:\Java\jdk-17\bin\sunmscapi.dll
0x00007ff9eec10000 - 0x00007ff9eed6c000 	C:\WINDOWS\System32\CRYPT32.dll
0x00007ff9ee610000 - 0x00007ff9ee637000 	C:\WINDOWS\SYSTEM32\ncrypt.dll
0x00007ff9ee5d0000 - 0x00007ff9ee60b000 	C:\WINDOWS\SYSTEM32\NTASN1.dll
0x00007ff9e42c0000 - 0x00007ff9e42c7000 	C:\WINDOWS\system32\wshunix.dll

dbghelp: loaded successfully - version: 4.0.5 - missing functions: none
symbol engine: initialized successfully - sym options: 0x614 - pdb path: .;C:\Java\jdk-17\bin;C:\WINDOWS\SYSTEM32;C:\WINDOWS\WinSxS\amd64_microsoft.windows.common-controls_6595b64144ccf1df_6.0.19041.4355_none_60b8b9eb71f62e16;C:\Java\jdk-17\bin\server;C:\Users\dkanr\.gradle\native\1def1411415f61bf3af743bc5b6707747c0891f09f0c88961ee8f79bc544acac\windows-amd64;C:\Users\dkanr\.gradle\native\0.2.6\x86_64-windows-gnu

VM Arguments:
jvm_args: --add-opens=java.base/java.lang=ALL-UNNAMED --add-opens=java.base/java.lang.invoke=ALL-UNNAMED --add-opens=java.base/java.util=ALL-UNNAMED --add-opens=java.prefs/java.util.prefs=ALL-UNNAMED --add-exports=jdk.compiler/com.sun.tools.javac.api=ALL-UNNAMED --add-exports=jdk.compiler/com.sun.tools.javac.util=ALL-UNNAMED --add-opens=java.base/java.util=ALL-UNNAMED --add-opens=java.prefs/java.util.prefs=ALL-UNNAMED --add-opens=java.base/java.nio.charset=ALL-UNNAMED --add-opens=java.base/java.net=ALL-UNNAMED --add-opens=java.base/java.util.concurrent.atomic=ALL-UNNAMED --add-opens=java.xml/javax.xml.namespace=ALL-UNNAMED -XX:MaxMetaspaceSize=384m -XX:+HeapDumpOnOutOfMemoryError -Xms256m -Xmx512m -Dfile.encoding=UTF-8 -Duser.country=KR -Duser.language=ko -Duser.variant -javaagent:C:\Users\dkanr\.gradle\wrapper\dists\gradle-8.12.1-bin\eumc4uhoysa37zql93vfjkxy0\gradle-8.12.1\lib\agents\gradle-instrumentation-agent-8.12.1.jar 
java_command: org.gradle.launcher.daemon.bootstrap.GradleDaemon 8.12.1
java_class_path (initial): C:\Users\dkanr\.gradle\wrapper\dists\gradle-8.12.1-bin\eumc4uhoysa37zql93vfjkxy0\gradle-8.12.1\lib\gradle-daemon-main-8.12.1.jar
Launcher Type: SUN_STANDARD

[Global flags]
     intx CICompilerCount                          = 3                                         {product} {ergonomic}
   size_t CompressedClassSpaceSize                 = 335544320                                 {product} {ergonomic}
     uint ConcGCThreads                            = 1                                         {product} {ergonomic}
     uint G1ConcRefinementThreads                  = 4                                         {product} {ergonomic}
   size_t G1HeapRegionSize                         = 1048576                                   {product} {ergonomic}
    uintx GCDrainStackTargetSize                   = 64                                        {product} {ergonomic}
     bool HeapDumpOnOutOfMemoryError               = true                                   {manageable} {command line}
   size_t InitialHeapSize                          = 268435456                                 {product} {command line}
   size_t MarkStackSize                            = 4194304                                   {product} {ergonomic}
   size_t MaxHeapSize                              = 536870912                                 {product} {command line}
   size_t MaxMetaspaceSize                         = 402653184                                 {product} {command line}
   size_t MaxNewSize                               = 321912832                                 {product} {ergonomic}
   size_t MinHeapDeltaBytes                        = 1048576                                   {product} {ergonomic}
   size_t MinHeapSize                              = 268435456                                 {product} {command line}
    uintx NonNMethodCodeHeapSize                   = 5832780                                {pd product} {ergonomic}
    uintx NonProfiledCodeHeapSize                  = 122912730                              {pd product} {ergonomic}
    uintx ProfiledCodeHeapSize                     = 122912730                              {pd product} {ergonomic}
    uintx ReservedCodeCacheSize                    = 251658240                              {pd product} {ergonomic}
     bool SegmentedCodeCache                       = true                                      {product} {ergonomic}
   size_t SoftMaxHeapSize                          = 536870912                              {manageable} {ergonomic}
     bool UseCompressedClassPointers               = true                           {product lp64_product} {ergonomic}
     bool UseCompressedOops                        = true                           {product lp64_product} {ergonomic}
     bool UseG1GC                                  = true                                      {product} {ergonomic}
     bool UseLargePagesIndividualAllocation        = false                                  {pd product} {ergonomic}

Logging:
Log output configuration:
 #0: stdout all=warning uptime,level,tags
 #1: stderr all=off uptime,level,tags

Environment Variables:
JAVA_HOME=C:\Java\jdk-17
PATH=C:\Java\jdk-17\bin;C:\Program Files\Common Files\Oracle\Java\javapath;C:\Python312\Scripts\;C:\Python312\;%CPLEX_STUDIO_BINARIES201%;C:\Program Files (x86)\Intel\iCLS Client\;C:\Program Files\Intel\iCLS Client\;C:\WINDOWS\system32;C:\WINDOWS;C:\WINDOWS\System32\Wbem;C:\WINDOWS\System32\WindowsPowerShell\v1.0\;C:\Program Files (x86)\Intel\Intel(R) Management Engine Components\DAL;C:\Program Files\Intel\Intel(R) Management Engine Components\DAL;C:\Program Files (x86)\Intel\Intel(R) Management Engine Components\IPT;C:\Program Files\Intel\Intel(R) Management Engine Components\IPT;C:\WINDOWS\System32\OpenSSH\;C:\Program Files\Intel\WiFi\bin\;C:\Program Files\Common Files\Intel\WirelessCommon\;C:\Program Files\nodejs\;C:\ProgramData\chocolatey\bin;C:\Users\dkanr\AppData\Roaming\Microsoft\Windows\Start Menu\Programs\Git\Git CMD;C:\Program Files\Bandizip\;C:\Users\dkanr\AppData\Local\Programs\Python\Python312\Scripts\;C:\Users\dkanr\AppData\Local\Programs\Python\Python312\;C:\Users\dkanr\AppData\Local\Microsoft\WindowsApps;C:\Users\dkanr\AppData\Local\Programs\Microsoft VS Code\bin;C:\Users\dkanr\AppData\Roaming\npm;C:\Users\dkanr\AppData\Local\Programs\Git\cmd
USERNAME=dkanr
OS=Windows_NT
PROCESSOR_IDENTIFIER=Intel64 Family 6 Model 142 Stepping 9, GenuineIntel



---------------  S Y S T E M  ---------------

OS:
 Windows 10 , 64 bit Build 19041 (10.0.19041.5438)
OS uptime: 9 days 21:25 hours
Hyper-V role detected

CPU: total 4 (initial active 4) (2 cores per cpu, 2 threads per core) family 6 model 142 stepping 9 microcode 0xb4, cx8, cmov, fxsr, ht, mmx, 3dnowpref, sse, sse2, sse3, ssse3, sse4.1, sse4.2, popcnt, lzcnt, tsc, tscinvbit, avx, avx2, aes, erms, clmul, bmi1, bmi2, adx, fma, vzeroupper, clflush, clflushopt, hv

Memory: 4k page, system-wide physical 8107M (89M free)
TotalPageFile size 32683M (AvailPageFile size 14M)
current process WorkingSet (physical memory assigned to process): 375M, peak: 377M
current process commit charge ("private bytes"): 513M, peak: 517M

vm_info: Java HotSpot(TM) 64-Bit Server VM (17.0.12+8-LTS-286) for windows-amd64 JRE (17.0.12+8-LTS-286), built on Jun  5 2024 06:46:59 by "mach5one" with MS VC++ 17.6 (VS2022)

END.
