#
# There is insufficient memory for the Java Runtime Environment to continue.
# Native memory allocation (malloc) failed to allocate 2071856 bytes for Chunk::new
# Possible reasons:
#   The system is out of physical RAM or swap space
#   The process is running with CompressedOops enabled, and the Java Heap may be blocking the growth of the native heap
# Possible solutions:
#   Reduce memory load on the system
#   Increase physical memory or swap space
#   Check if swap backing store is full
#   Decrease Java heap size (-Xmx/-Xms)
#   Decrease number of Java threads
#   Decrease Java thread stack sizes (-Xss)
#   Set larger code cache with -XX:ReservedCodeCacheSize=
#   JVM is running with Unscaled Compressed Oops mode in which the Java heap is
#     placed in the first 4GB address space. The Java Heap base address is the
#     maximum limit for the native heap growth. Please use -XX:HeapBaseMinAddress
#     to set the Java Heap base and to place the Java Heap above 4GB virtual address.
# This output file may be truncated or incomplete.
#
#  Out of Memory Error (arena.cpp:189), pid=2220, tid=18916
#
# JRE version: Java(TM) SE Runtime Environment (17.0.12+8) (build 17.0.12+8-LTS-286)
# Java VM: Java HotSpot(TM) 64-Bit Server VM (17.0.12+8-LTS-286, mixed mode, sharing, tiered, compressed oops, compressed class ptrs, g1 gc, windows-amd64)
# No core dump will be written. Minidumps are not enabled by default on client versions of Windows
#

---------------  S U M M A R Y ------------

Command Line: --add-opens=java.base/java.lang=ALL-UNNAMED --add-opens=java.base/java.lang.invoke=ALL-UNNAMED --add-opens=java.base/java.util=ALL-UNNAMED --add-opens=java.prefs/java.util.prefs=ALL-UNNAMED --add-exports=jdk.compiler/com.sun.tools.javac.api=ALL-UNNAMED --add-exports=jdk.compiler/com.sun.tools.javac.util=ALL-UNNAMED --add-opens=java.base/java.util=ALL-UNNAMED --add-opens=java.prefs/java.util.prefs=ALL-UNNAMED --add-opens=java.base/java.nio.charset=ALL-UNNAMED --add-opens=java.base/java.net=ALL-UNNAMED --add-opens=java.base/java.util.concurrent.atomic=ALL-UNNAMED --add-opens=java.xml/javax.xml.namespace=ALL-UNNAMED -XX:MaxMetaspaceSize=384m -XX:+HeapDumpOnOutOfMemoryError -Xms256m -Xmx512m -Dfile.encoding=UTF-8 -Duser.country=KR -Duser.language=ko -Duser.variant -javaagent:C:\Users\dkanr\.gradle\wrapper\dists\gradle-8.12.1-bin\eumc4uhoysa37zql93vfjkxy0\gradle-8.12.1\lib\agents\gradle-instrumentation-agent-8.12.1.jar org.gradle.launcher.daemon.bootstrap.GradleDaemon 8.12.1

Host: Intel(R) Core(TM) i3-7100U CPU @ 2.40GHz, 4 cores, 7G,  Windows 10 , 64 bit Build 19041 (10.0.19041.5438)
Time: Sun Mar 23 00:32:18 2025  Windows 10 , 64 bit Build 19041 (10.0.19041.5438) elapsed time: 662.745881 seconds (0d 0h 11m 2s)

---------------  T H R E A D  ---------------

Current thread (0x00000236f782a8d0):  JavaThread "C2 CompilerThread0" daemon [_thread_in_native, id=18916, stack(0x0000008794400000,0x0000008794500000)]


Current CompileTask:
C2: 662746 18549       4       lombok.javac.JavacAST::buildTree (176 bytes)

Stack: [0x0000008794400000,0x0000008794500000]
Native frames: (J=compiled Java code, j=interpreted, Vv=VM code, C=native code)
V  [jvm.dll+0x67a04a]
V  [jvm.dll+0x7da4ed]
V  [jvm.dll+0x7dbe33]
V  [jvm.dll+0x7dc4a3]
V  [jvm.dll+0x24508f]
V  [jvm.dll+0xab773]
V  [jvm.dll+0xabd3c]
V  [jvm.dll+0x361b9f]
V  [jvm.dll+0x32c431]
V  [jvm.dll+0x32b8ca]
V  [jvm.dll+0x21683f]
V  [jvm.dll+0x215c6f]
V  [jvm.dll+0x1a2960]
V  [jvm.dll+0x22610b]
V  [jvm.dll+0x2242ab]
V  [jvm.dll+0x79075c]
V  [jvm.dll+0x78abea]
V  [jvm.dll+0x678f35]
C  [ucrtbase.dll+0x21bb2]
C  [KERNEL32.DLL+0x17374]
C  [ntdll.dll+0x4cc91]


---------------  P R O C E S S  ---------------

Threads class SMR info:
_java_thread_list=0x00000236ff530c60, length=88, elements={
0x00000236dd78dc20, 0x00000236f7808e40, 0x00000236f7809bd0, 0x00000236f7826240,
0x00000236f7826b10, 0x00000236f78283f0, 0x00000236f7828cc0, 0x00000236f782a8d0,
0x00000236f782b290, 0x00000236f789b4c0, 0x00000236f7932740, 0x00000236f7a49240,
0x00000236fc7f6fe0, 0x00000236fcc8a0c0, 0x00000236fcef7020, 0x00000236fc8dd050,
0x00000236fdb8a860, 0x00000236fdb83e10, 0x00000236fdb87fe0, 0x00000236fdb870b0,
0x00000236fdb86ba0, 0x00000236fdb875c0, 0x00000236fdb8a350, 0x00000236fdb8b280,
0x00000236fdb84830, 0x00000236fdc713e0, 0x00000236fdc718f0, 0x00000236fd66b9b0,
0x00000236fd66aa80, 0x00000236fd66c3d0, 0x00000236fd66c8e0, 0x00000236fd66af90,
0x00000236fd66d300, 0x00000236fd66b4a0, 0x00000236fd66cdf0, 0x00000236ff0dd3d0,
0x00000236ff0dbf90, 0x00000236ff0e1fc0, 0x00000236ff0e24d0, 0x00000236ff0dd8e0,
0x00000236ff0db570, 0x00000236ff0de300, 0x00000236ff0de810, 0x00000236ff0ded20,
0x00000236ff0dc9b0, 0x00000236ff0df230, 0x00000236ff0df740, 0x00000236ff0e1ab0,
0x00000236ff0e0b80, 0x00000236ff0dcec0, 0x00000236ff0e0670, 0x00000236ff0dfc50,
0x00000236ff0e0160, 0x00000236ff0e1090, 0x00000236ff0e15a0, 0x00000236ff0e2ef0,
0x00000236ff0dba80, 0x00000236fdc73240, 0x00000236fdc74680, 0x00000236fdc72310,
0x00000236fdc72820, 0x00000236fdc75fd0, 0x00000236fdc73750, 0x00000236fdc72d30,
0x00000236fdc6f070, 0x00000236fdc74b90, 0x00000236fdc6fa90, 0x00000236fdc709c0,
0x00000236fdc6ffa0, 0x00000236fdc6f580, 0x00000236fdc75ac0, 0x00000236fdc73c60,
0x00000236fdc769f0, 0x00000236fdc704b0, 0x00000236fdc70ed0, 0x00000236fdc74170,
0x00000236fdc750a0, 0x00000236fdc764e0, 0x00000236fdc755b0, 0x00000236fdb86690,
0x00000236fdb87ad0, 0x00000236fdb88a00, 0x00000236fdb88f10, 0x00000236fdb89930,
0x00000236fdb8b790, 0x00000236fdb89e40, 0x00000236fdb85250, 0x00000236fdb84d40
}

Java Threads: ( => current thread )
  0x00000236dd78dc20 JavaThread "main" [_thread_blocked, id=17876, stack(0x0000008793700000,0x0000008793800000)]
  0x00000236f7808e40 JavaThread "Reference Handler" daemon [_thread_blocked, id=12224, stack(0x0000008793e00000,0x0000008793f00000)]
  0x00000236f7809bd0 JavaThread "Finalizer" daemon [_thread_blocked, id=28584, stack(0x0000008793f00000,0x0000008794000000)]
  0x00000236f7826240 JavaThread "Signal Dispatcher" daemon [_thread_blocked, id=22072, stack(0x0000008794000000,0x0000008794100000)]
  0x00000236f7826b10 JavaThread "Attach Listener" daemon [_thread_blocked, id=19036, stack(0x0000008794100000,0x0000008794200000)]
  0x00000236f78283f0 JavaThread "Service Thread" daemon [_thread_blocked, id=4880, stack(0x0000008794200000,0x0000008794300000)]
  0x00000236f7828cc0 JavaThread "Monitor Deflation Thread" daemon [_thread_blocked, id=25616, stack(0x0000008794300000,0x0000008794400000)]
=>0x00000236f782a8d0 JavaThread "C2 CompilerThread0" daemon [_thread_in_native, id=18916, stack(0x0000008794400000,0x0000008794500000)]
  0x00000236f782b290 JavaThread "C1 CompilerThread0" daemon [_thread_blocked, id=11160, stack(0x0000008794500000,0x0000008794600000)]
  0x00000236f789b4c0 JavaThread "Sweeper thread" daemon [_thread_blocked, id=10736, stack(0x0000008794600000,0x0000008794700000)]
  0x00000236f7932740 JavaThread "Common-Cleaner" daemon [_thread_blocked, id=7816, stack(0x0000008794700000,0x0000008794800000)]
  0x00000236f7a49240 JavaThread "Notification Thread" daemon [_thread_blocked, id=9656, stack(0x0000008794800000,0x0000008794900000)]
  0x00000236fc7f6fe0 JavaThread "Daemon health stats" [_thread_blocked, id=26196, stack(0x0000008793400000,0x0000008793500000)]
  0x00000236fcc8a0c0 JavaThread "Incoming local TCP Connector on port 14461" [_thread_in_native, id=26128, stack(0x0000008793600000,0x0000008793700000)]
  0x00000236fcef7020 JavaThread "Daemon periodic checks" [_thread_blocked, id=26396, stack(0x0000008794e00000,0x0000008794f00000)]
  0x00000236fc8dd050 JavaThread "Cache worker for journal cache (C:\Users\dkanr\.gradle\caches\journal-1)" [_thread_blocked, id=3084, stack(0x0000008795700000,0x0000008795800000)]
  0x00000236fdb8a860 JavaThread "File lock request listener" [_thread_in_native, id=7964, stack(0x0000008795800000,0x0000008795900000)]
  0x00000236fdb83e10 JavaThread "Cache worker for file hash cache (C:\Users\dkanr\.gradle\caches\8.12.1\fileHashes)" [_thread_blocked, id=28532, stack(0x0000008795900000,0x0000008795a00000)]
  0x00000236fdb87fe0 JavaThread "File watcher server" daemon [_thread_in_native, id=10112, stack(0x0000008793500000,0x0000008793600000)]
  0x00000236fdb870b0 JavaThread "File watcher consumer" daemon [_thread_blocked, id=25224, stack(0x0000008794f00000,0x0000008795000000)]
  0x00000236fdb86ba0 JavaThread "jar transforms" [_thread_blocked, id=27132, stack(0x0000008795f00000,0x0000008796000000)]
  0x00000236fdb875c0 JavaThread "jar transforms Thread 2" [_thread_blocked, id=6792, stack(0x0000008796000000,0x0000008796100000)]
  0x00000236fdb8a350 JavaThread "Cache worker for file content cache (C:\Users\dkanr\.gradle\caches\8.12.1\fileContent)" [_thread_blocked, id=27476, stack(0x0000008796200000,0x0000008796300000)]
  0x00000236fdb8b280 JavaThread "jar transforms Thread 3" [_thread_blocked, id=15316, stack(0x0000008796300000,0x0000008796400000)]
  0x00000236fdb84830 JavaThread "jar transforms Thread 4" [_thread_blocked, id=18556, stack(0x0000008796800000,0x0000008796900000)]
  0x00000236fdc713e0 JavaThread "Memory manager" [_thread_blocked, id=3912, stack(0x0000008797300000,0x0000008797400000)]
  0x00000236fdc718f0 JavaThread "ForkJoinPool.commonPool-worker-1" daemon [_thread_blocked, id=10540, stack(0x0000008797400000,0x0000008797500000)]
  0x00000236fd66b9b0 JavaThread "Cache worker for Java compile cache (C:\Users\dkanr\.gradle\caches\8.12.1\javaCompile)" [_thread_blocked, id=5408, stack(0x0000008799900000,0x0000008799a00000)]
  0x00000236fd66aa80 JavaThread "Daemon Thread 2" [_thread_blocked, id=28352, stack(0x0000008795000000,0x0000008795100000)]
  0x00000236fd66c3d0 JavaThread "Handler for socket connection from /127.0.0.1:14461 to /127.0.0.1:14805" [_thread_in_native, id=1344, stack(0x0000008795100000,0x0000008795200000)]
  0x00000236fd66c8e0 JavaThread "Cancel handler" [_thread_blocked, id=9892, stack(0x0000008795200000,0x0000008795300000)]
  0x00000236fd66af90 JavaThread "Daemon worker Thread 3" [_thread_blocked, id=29660, stack(0x0000008795300000,0x0000008795400000)]
  0x00000236fd66d300 JavaThread "Asynchronous log dispatcher for DefaultDaemonConnection: socket connection from /127.0.0.1:14461 to /127.0.0.1:14805" [_thread_blocked, id=18044, stack(0x0000008795400000,0x0000008795500000)]
  0x00000236fd66b4a0 JavaThread "Stdin handler" [_thread_blocked, id=27112, stack(0x0000008795500000,0x0000008795600000)]
  0x00000236fd66cdf0 JavaThread "Daemon client event forwarder" [_thread_blocked, id=27548, stack(0x0000008795600000,0x0000008795700000)]
  0x00000236ff0dd3d0 JavaThread "Cache worker for file hash cache (C:\Users\dkanr\Desktop\sol-pick-be\.gradle\8.12.1\fileHashes)" [_thread_blocked, id=26620, stack(0x0000008795a00000,0x0000008795b00000)]
  0x00000236ff0dbf90 JavaThread "Cache worker for Build Output Cleanup Cache (C:\Users\dkanr\Desktop\sol-pick-be\.gradle\buildOutputCleanup)" [_thread_blocked, id=1176, stack(0x0000008795d00000,0x0000008795e00000)]
  0x00000236ff0e1fc0 JavaThread "Cache worker for checksums cache (C:\Users\dkanr\Desktop\sol-pick-be\.gradle\8.12.1\checksums)" [_thread_blocked, id=17692, stack(0x0000008795e00000,0x0000008795f00000)]
  0x00000236ff0e24d0 JavaThread "Cache worker for cache directory md-rule (C:\Users\dkanr\.gradle\caches\8.12.1\md-rule)" [_thread_blocked, id=10512, stack(0x0000008796100000,0x0000008796200000)]
  0x00000236ff0dd8e0 JavaThread "Cache worker for cache directory md-supplier (C:\Users\dkanr\.gradle\caches\8.12.1\md-supplier)" [_thread_blocked, id=2924, stack(0x0000008796400000,0x0000008796500000)]
  0x00000236ff0db570 JavaThread "Unconstrained build operations" [_thread_blocked, id=25352, stack(0x0000008796500000,0x0000008796600000)]
  0x00000236ff0de300 JavaThread "Unconstrained build operations Thread 2" [_thread_blocked, id=28744, stack(0x0000008796600000,0x0000008796700000)]
  0x00000236ff0de810 JavaThread "Unconstrained build operations Thread 3" [_thread_blocked, id=23424, stack(0x0000008796700000,0x0000008796800000)]
  0x00000236ff0ded20 JavaThread "Unconstrained build operations Thread 4" [_thread_blocked, id=16876, stack(0x0000008796a00000,0x0000008796b00000)]
  0x00000236ff0dc9b0 JavaThread "Unconstrained build operations Thread 5" [_thread_blocked, id=19616, stack(0x0000008796b00000,0x0000008796c00000)]
  0x00000236ff0df230 JavaThread "Unconstrained build operations Thread 6" [_thread_blocked, id=22700, stack(0x0000008796c00000,0x0000008796d00000)]
  0x00000236ff0df740 JavaThread "Unconstrained build operations Thread 7" [_thread_blocked, id=21620, stack(0x0000008796d00000,0x0000008796e00000)]
  0x00000236ff0e1ab0 JavaThread "ForkJoinPool.commonPool-worker-7" daemon [_thread_blocked, id=27764, stack(0x0000008796e00000,0x0000008796f00000)]
  0x00000236ff0e0b80 JavaThread "ForkJoinPool.commonPool-worker-8" daemon [_thread_blocked, id=10196, stack(0x0000008796f00000,0x0000008797000000)]
  0x00000236ff0dcec0 JavaThread "Unconstrained build operations Thread 8" [_thread_blocked, id=14804, stack(0x0000008797000000,0x0000008797100000)]
  0x00000236ff0e0670 JavaThread "Unconstrained build operations Thread 9" [_thread_blocked, id=15668, stack(0x0000008797100000,0x0000008797200000)]
  0x00000236ff0dfc50 JavaThread "Unconstrained build operations Thread 10" [_thread_blocked, id=18200, stack(0x0000008797200000,0x0000008797300000)]
  0x00000236ff0e0160 JavaThread "Unconstrained build operations Thread 11" [_thread_blocked, id=23212, stack(0x0000008797500000,0x0000008797600000)]
  0x00000236ff0e1090 JavaThread "Unconstrained build operations Thread 12" [_thread_blocked, id=18576, stack(0x0000008797700000,0x0000008797800000)]
  0x00000236ff0e15a0 JavaThread "Unconstrained build operations Thread 13" [_thread_blocked, id=10760, stack(0x0000008797800000,0x0000008797900000)]
  0x00000236ff0e2ef0 JavaThread "Unconstrained build operations Thread 14" [_thread_blocked, id=8152, stack(0x0000008797900000,0x0000008797a00000)]
  0x00000236ff0dba80 JavaThread "Unconstrained build operations Thread 15" [_thread_blocked, id=19388, stack(0x0000008797a00000,0x0000008797b00000)]
  0x00000236fdc73240 JavaThread "Unconstrained build operations Thread 16" [_thread_blocked, id=13004, stack(0x0000008797b00000,0x0000008797c00000)]
  0x00000236fdc74680 JavaThread "Unconstrained build operations Thread 17" [_thread_blocked, id=25404, stack(0x0000008797c00000,0x0000008797d00000)]
  0x00000236fdc72310 JavaThread "Unconstrained build operations Thread 18" [_thread_blocked, id=26224, stack(0x0000008797d00000,0x0000008797e00000)]
  0x00000236fdc72820 JavaThread "Unconstrained build operations Thread 19" [_thread_blocked, id=26688, stack(0x0000008797e00000,0x0000008797f00000)]
  0x00000236fdc75fd0 JavaThread "Unconstrained build operations Thread 20" [_thread_blocked, id=16672, stack(0x0000008797f00000,0x0000008798000000)]
  0x00000236fdc73750 JavaThread "Unconstrained build operations Thread 21" [_thread_blocked, id=7480, stack(0x0000008798000000,0x0000008798100000)]
  0x00000236fdc72d30 JavaThread "Unconstrained build operations Thread 22" [_thread_blocked, id=20320, stack(0x0000008798100000,0x0000008798200000)]
  0x00000236fdc6f070 JavaThread "Unconstrained build operations Thread 23" [_thread_blocked, id=25372, stack(0x0000008798200000,0x0000008798300000)]
  0x00000236fdc74b90 JavaThread "Unconstrained build operations Thread 24" [_thread_blocked, id=29480, stack(0x0000008798300000,0x0000008798400000)]
  0x00000236fdc6fa90 JavaThread "Unconstrained build operations Thread 25" [_thread_blocked, id=15804, stack(0x0000008798400000,0x0000008798500000)]
  0x00000236fdc709c0 JavaThread "Unconstrained build operations Thread 26" [_thread_blocked, id=5496, stack(0x0000008798500000,0x0000008798600000)]
  0x00000236fdc6ffa0 JavaThread "Unconstrained build operations Thread 27" [_thread_blocked, id=10884, stack(0x0000008798600000,0x0000008798700000)]
  0x00000236fdc6f580 JavaThread "Unconstrained build operations Thread 28" [_thread_blocked, id=20848, stack(0x0000008798700000,0x0000008798800000)]
  0x00000236fdc75ac0 JavaThread "Unconstrained build operations Thread 29" [_thread_blocked, id=2532, stack(0x0000008798800000,0x0000008798900000)]
  0x00000236fdc73c60 JavaThread "Unconstrained build operations Thread 30" [_thread_blocked, id=29216, stack(0x0000008798900000,0x0000008798a00000)]
  0x00000236fdc769f0 JavaThread "Unconstrained build operations Thread 31" [_thread_blocked, id=11368, stack(0x0000008798a00000,0x0000008798b00000)]
  0x00000236fdc704b0 JavaThread "Unconstrained build operations Thread 32" [_thread_blocked, id=1560, stack(0x0000008798b00000,0x0000008798c00000)]
  0x00000236fdc70ed0 JavaThread "Unconstrained build operations Thread 33" [_thread_blocked, id=11880, stack(0x0000008798c00000,0x0000008798d00000)]
  0x00000236fdc74170 JavaThread "Unconstrained build operations Thread 34" [_thread_blocked, id=396, stack(0x0000008798d00000,0x0000008798e00000)]
  0x00000236fdc750a0 JavaThread "Unconstrained build operations Thread 35" [_thread_blocked, id=28020, stack(0x0000008798e00000,0x0000008798f00000)]
  0x00000236fdc764e0 JavaThread "Unconstrained build operations Thread 36" [_thread_blocked, id=4964, stack(0x0000008798f00000,0x0000008799000000)]
  0x00000236fdc755b0 JavaThread "Unconstrained build operations Thread 37" [_thread_blocked, id=17480, stack(0x0000008799000000,0x0000008799100000)]
  0x00000236fdb86690 JavaThread "Unconstrained build operations Thread 38" [_thread_blocked, id=19632, stack(0x0000008799100000,0x0000008799200000)]
  0x00000236fdb87ad0 JavaThread "Unconstrained build operations Thread 39" [_thread_blocked, id=28804, stack(0x0000008799200000,0x0000008799300000)]
  0x00000236fdb88a00 JavaThread "Unconstrained build operations Thread 40" [_thread_blocked, id=14440, stack(0x0000008799300000,0x0000008799400000)]
  0x00000236fdb88f10 JavaThread "included builds" [_thread_blocked, id=16740, stack(0x0000008799400000,0x0000008799500000)]
  0x00000236fdb89930 JavaThread "Execution worker" [_thread_blocked, id=10748, stack(0x0000008799500000,0x0000008799600000)]
  0x00000236fdb8b790 JavaThread "Execution worker Thread 2" [_thread_blocked, id=19272, stack(0x0000008799600000,0x0000008799700000)]
  0x00000236fdb89e40 JavaThread "Execution worker Thread 3" [_thread_in_Java, id=28552, stack(0x0000008799700000,0x0000008799800000)]
  0x00000236fdb85250 JavaThread "Cache worker for execution history cache (C:\Users\dkanr\Desktop\sol-pick-be\.gradle\8.12.1\executionHistory)" [_thread_blocked, id=28172, stack(0x0000008799800000,0x0000008799900000)]
  0x00000236fdb84d40 JavaThread "File lock release action executor Thread 3" [_thread_blocked, id=3892, stack(0x0000008799a00000,0x0000008799b00000)]

Other Threads:
  0x00000236f7805330 VMThread "VM Thread" [stack: 0x0000008793d00000,0x0000008793e00000] [id=14072]
  0x00000236dd78e9b0 WatcherThread [stack: 0x0000008794900000,0x0000008794a00000] [id=7544]
  0x00000236db679f60 GCTaskThread "GC Thread#0" [stack: 0x0000008793800000,0x0000008793900000] [id=6824]
  0x00000236f792c380 GCTaskThread "GC Thread#1" [stack: 0x0000008794a00000,0x0000008794b00000] [id=15160]
  0x00000236f7928750 GCTaskThread "GC Thread#2" [stack: 0x0000008794b00000,0x0000008794c00000] [id=16812]
  0x00000236f7928a10 GCTaskThread "GC Thread#3" [stack: 0x0000008794c00000,0x0000008794d00000] [id=2448]
  0x00000236db67ecc0 ConcurrentGCThread "G1 Main Marker" [stack: 0x0000008793900000,0x0000008793a00000] [id=12620]
  0x00000236dd7bc5d0 ConcurrentGCThread "G1 Conc#0" [stack: 0x0000008793a00000,0x0000008793b00000] [id=17504]
  0x00000236dd85d760 ConcurrentGCThread "G1 Refine#0" [stack: 0x0000008793b00000,0x0000008793c00000] [id=27336]
  0x00000236fcff9c40 ConcurrentGCThread "G1 Refine#1" [stack: 0x0000008794d00000,0x0000008794e00000] [id=26948]
  0x00000236fdd94f30 ConcurrentGCThread "G1 Refine#2" [stack: 0x0000008796900000,0x0000008796a00000] [id=25088]
  0x00000236fef7d950 ConcurrentGCThread "G1 Refine#3" [stack: 0x0000008797600000,0x0000008797700000] [id=24396]
  0x00000236f76cf100 ConcurrentGCThread "G1 Service" [stack: 0x0000008793c00000,0x0000008793d00000] [id=7348]

Threads with active compile tasks:
C2 CompilerThread0   662890 18549       4       lombok.javac.JavacAST::buildTree (176 bytes)

VM state: not at safepoint (normal execution)

VM Mutex/Monitor currently owned by a thread: None

Heap address: 0x00000000e0000000, size: 512 MB, Compressed Oops mode: 32-bit

CDS archive(s) mapped at: [0x0000023680000000-0x0000023680bd0000-0x0000023680bd0000), size 12386304, SharedBaseAddress: 0x0000023680000000, ArchiveRelocationMode: 1.
Compressed class space mapped at: 0x0000023681000000-0x0000023695000000, reserved size: 335544320
Narrow klass base: 0x0000023680000000, Narrow klass shift: 0, Narrow klass range: 0x100000000

GC Precious Log:
 CPUs: 4 total, 4 available
 Memory: 8107M
 Large Page Support: Disabled
 NUMA Support: Disabled
 Compressed Oops: Enabled (32-bit)
 Heap Region Size: 1M
 Heap Min Capacity: 256M
 Heap Initial Capacity: 256M
 Heap Max Capacity: 512M
 Pre-touch: Disabled
 Parallel Workers: 4
 Concurrent Workers: 1
 Concurrent Refinement Workers: 4
 Periodic GC: Disabled

Heap:
 garbage-first heap   total 262144K, used 175358K [0x00000000e0000000, 0x0000000100000000)
  region size 1024K, 33 young (33792K), 6 survivors (6144K)
 Metaspace       used 75231K, committed 76160K, reserved 458752K
  class space    used 9834K, committed 10304K, reserved 327680K

Heap Regions: E=young(eden), S=young(survivor), O=old, HS=humongous(starts), HC=humongous(continues), CS=collection set, F=free, OA=open archive, CA=closed archive, TAMS=top-at-mark-start (previous, next)
|   0|0x00000000e0000000, 0x00000000e0100000, 0x00000000e0100000|100%|HS|  |TAMS 0x00000000e0100000, 0x00000000e0000000| Complete 
|   1|0x00000000e0100000, 0x00000000e0200000, 0x00000000e0200000|100%|HC|  |TAMS 0x00000000e0200000, 0x00000000e0100000| Complete 
|   2|0x00000000e0200000, 0x00000000e0300000, 0x00000000e0300000|100%|HC|  |TAMS 0x00000000e0300000, 0x00000000e0200000| Complete 
|   3|0x00000000e0300000, 0x00000000e0400000, 0x00000000e0400000|100%| O|  |TAMS 0x00000000e0400000, 0x00000000e0300000| Untracked 
|   4|0x00000000e0400000, 0x00000000e0500000, 0x00000000e0500000|100%| O|  |TAMS 0x00000000e0500000, 0x00000000e0400000| Untracked 
|   5|0x00000000e0500000, 0x00000000e0600000, 0x00000000e0600000|100%| O|  |TAMS 0x00000000e0600000, 0x00000000e0500000| Untracked 
|   6|0x00000000e0600000, 0x00000000e0700000, 0x00000000e0700000|100%| O|  |TAMS 0x00000000e0700000, 0x00000000e0600000| Untracked 
|   7|0x00000000e0700000, 0x00000000e0800000, 0x00000000e0800000|100%|HS|  |TAMS 0x00000000e0800000, 0x00000000e0700000| Complete 
|   8|0x00000000e0800000, 0x00000000e0900000, 0x00000000e0900000|100%| O|  |TAMS 0x00000000e0900000, 0x00000000e0800000| Untracked 
|   9|0x00000000e0900000, 0x00000000e0a00000, 0x00000000e0a00000|100%| O|  |TAMS 0x00000000e0a00000, 0x00000000e0900000| Untracked 
|  10|0x00000000e0a00000, 0x00000000e0b00000, 0x00000000e0b00000|100%| O|  |TAMS 0x00000000e0b00000, 0x00000000e0a00000| Untracked 
|  11|0x00000000e0b00000, 0x00000000e0c00000, 0x00000000e0c00000|100%| O|  |TAMS 0x00000000e0c00000, 0x00000000e0b00000| Untracked 
|  12|0x00000000e0c00000, 0x00000000e0d00000, 0x00000000e0d00000|100%| O|  |TAMS 0x00000000e0d00000, 0x00000000e0c00000| Untracked 
|  13|0x00000000e0d00000, 0x00000000e0e00000, 0x00000000e0e00000|100%| O|  |TAMS 0x00000000e0e00000, 0x00000000e0d00000| Untracked 
|  14|0x00000000e0e00000, 0x00000000e0f00000, 0x00000000e0f00000|100%| O|  |TAMS 0x00000000e0f00000, 0x00000000e0e00000| Untracked 
|  15|0x00000000e0f00000, 0x00000000e1000000, 0x00000000e1000000|100%| O|  |TAMS 0x00000000e1000000, 0x00000000e0f00000| Untracked 
|  16|0x00000000e1000000, 0x00000000e1100000, 0x00000000e1100000|100%| O|  |TAMS 0x00000000e1100000, 0x00000000e1000000| Untracked 
|  17|0x00000000e1100000, 0x00000000e1200000, 0x00000000e1200000|100%| O|  |TAMS 0x00000000e1200000, 0x00000000e1100000| Untracked 
|  18|0x00000000e1200000, 0x00000000e1300000, 0x00000000e1300000|100%| O|  |TAMS 0x00000000e1300000, 0x00000000e1200000| Untracked 
|  19|0x00000000e1300000, 0x00000000e1400000, 0x00000000e1400000|100%| O|  |TAMS 0x00000000e1400000, 0x00000000e1300000| Untracked 
|  20|0x00000000e1400000, 0x00000000e1500000, 0x00000000e1500000|100%| O|  |TAMS 0x00000000e1500000, 0x00000000e1400000| Untracked 
|  21|0x00000000e1500000, 0x00000000e1600000, 0x00000000e1600000|100%| O|  |TAMS 0x00000000e1600000, 0x00000000e1500000| Untracked 
|  22|0x00000000e1600000, 0x00000000e1700000, 0x00000000e1700000|100%| O|  |TAMS 0x00000000e1700000, 0x00000000e1600000| Untracked 
|  23|0x00000000e1700000, 0x00000000e1800000, 0x00000000e1800000|100%| O|  |TAMS 0x00000000e1800000, 0x00000000e1700000| Untracked 
|  24|0x00000000e1800000, 0x00000000e1900000, 0x00000000e1900000|100%| O|  |TAMS 0x00000000e1900000, 0x00000000e1800000| Untracked 
|  25|0x00000000e1900000, 0x00000000e1a00000, 0x00000000e1a00000|100%| O|  |TAMS 0x00000000e1a00000, 0x00000000e1900000| Untracked 
|  26|0x00000000e1a00000, 0x00000000e1b00000, 0x00000000e1b00000|100%| O|  |TAMS 0x00000000e1b00000, 0x00000000e1a00000| Untracked 
|  27|0x00000000e1b00000, 0x00000000e1c00000, 0x00000000e1c00000|100%| O|  |TAMS 0x00000000e1c00000, 0x00000000e1b00000| Untracked 
|  28|0x00000000e1c00000, 0x00000000e1d00000, 0x00000000e1d00000|100%| O|  |TAMS 0x00000000e1d00000, 0x00000000e1c00000| Untracked 
|  29|0x00000000e1d00000, 0x00000000e1e00000, 0x00000000e1e00000|100%| O|  |TAMS 0x00000000e1e00000, 0x00000000e1d00000| Untracked 
|  30|0x00000000e1e00000, 0x00000000e1f00000, 0x00000000e1f00000|100%| O|  |TAMS 0x00000000e1f00000, 0x00000000e1e00000| Untracked 
|  31|0x00000000e1f00000, 0x00000000e2000000, 0x00000000e2000000|100%| O|  |TAMS 0x00000000e2000000, 0x00000000e1f00000| Untracked 
|  32|0x00000000e2000000, 0x00000000e2100000, 0x00000000e2100000|100%| O|  |TAMS 0x00000000e2100000, 0x00000000e2000000| Untracked 
|  33|0x00000000e2100000, 0x00000000e2200000, 0x00000000e2200000|100%| O|  |TAMS 0x00000000e2200000, 0x00000000e2100000| Untracked 
|  34|0x00000000e2200000, 0x00000000e2300000, 0x00000000e2300000|100%| O|  |TAMS 0x00000000e2300000, 0x00000000e2200000| Untracked 
|  35|0x00000000e2300000, 0x00000000e2400000, 0x00000000e2400000|100%| O|  |TAMS 0x00000000e2400000, 0x00000000e2300000| Untracked 
|  36|0x00000000e2400000, 0x00000000e2500000, 0x00000000e2500000|100%| O|  |TAMS 0x00000000e2500000, 0x00000000e2400000| Untracked 
|  37|0x00000000e2500000, 0x00000000e2600000, 0x00000000e2600000|100%| O|  |TAMS 0x00000000e2600000, 0x00000000e2500000| Untracked 
|  38|0x00000000e2600000, 0x00000000e2700000, 0x00000000e2700000|100%| O|  |TAMS 0x00000000e2700000, 0x00000000e2600000| Untracked 
|  39|0x00000000e2700000, 0x00000000e2800000, 0x00000000e2800000|100%| O|  |TAMS 0x00000000e2800000, 0x00000000e2700000| Untracked 
|  40|0x00000000e2800000, 0x00000000e2900000, 0x00000000e2900000|100%| O|  |TAMS 0x00000000e2900000, 0x00000000e2800000| Untracked 
|  41|0x00000000e2900000, 0x00000000e2a00000, 0x00000000e2a00000|100%| O|  |TAMS 0x00000000e2a00000, 0x00000000e2900000| Untracked 
|  42|0x00000000e2a00000, 0x00000000e2b00000, 0x00000000e2b00000|100%| O|  |TAMS 0x00000000e2b00000, 0x00000000e2a00000| Untracked 
|  43|0x00000000e2b00000, 0x00000000e2c00000, 0x00000000e2c00000|100%| O|  |TAMS 0x00000000e2c00000, 0x00000000e2b00000| Untracked 
|  44|0x00000000e2c00000, 0x00000000e2d00000, 0x00000000e2d00000|100%| O|  |TAMS 0x00000000e2d00000, 0x00000000e2c00000| Untracked 
|  45|0x00000000e2d00000, 0x00000000e2e00000, 0x00000000e2e00000|100%| O|  |TAMS 0x00000000e2d00000, 0x00000000e2d00000| Untracked 
|  46|0x00000000e2e00000, 0x00000000e2f00000, 0x00000000e2f00000|100%| O|  |TAMS 0x00000000e2f00000, 0x00000000e2e00000| Untracked 
|  47|0x00000000e2f00000, 0x00000000e3000000, 0x00000000e3000000|100%| O|  |TAMS 0x00000000e3000000, 0x00000000e2f00000| Untracked 
|  48|0x00000000e3000000, 0x00000000e3100000, 0x00000000e3100000|100%| O|  |TAMS 0x00000000e3100000, 0x00000000e3000000| Untracked 
|  49|0x00000000e3100000, 0x00000000e3200000, 0x00000000e3200000|100%| O|  |TAMS 0x00000000e3200000, 0x00000000e3100000| Untracked 
|  50|0x00000000e3200000, 0x00000000e3300000, 0x00000000e3300000|100%|HS|  |TAMS 0x00000000e3300000, 0x00000000e3200000| Complete 
|  51|0x00000000e3300000, 0x00000000e3400000, 0x00000000e3400000|100%| O|  |TAMS 0x00000000e3400000, 0x00000000e3300000| Untracked 
|  52|0x00000000e3400000, 0x00000000e3500000, 0x00000000e3500000|100%| O|  |TAMS 0x00000000e3500000, 0x00000000e3400000| Untracked 
|  53|0x00000000e3500000, 0x00000000e3600000, 0x00000000e3600000|100%| O|  |TAMS 0x00000000e3600000, 0x00000000e3500000| Untracked 
|  54|0x00000000e3600000, 0x00000000e3700000, 0x00000000e3700000|100%| O|  |TAMS 0x00000000e3700000, 0x00000000e3600000| Untracked 
|  55|0x00000000e3700000, 0x00000000e3800000, 0x00000000e3800000|100%| O|  |TAMS 0x00000000e3700000, 0x00000000e3700000| Untracked 
|  56|0x00000000e3800000, 0x00000000e3900000, 0x00000000e3900000|100%| O|  |TAMS 0x00000000e3900000, 0x00000000e3800000| Untracked 
|  57|0x00000000e3900000, 0x00000000e3a00000, 0x00000000e3a00000|100%| O|  |TAMS 0x00000000e3a00000, 0x00000000e3900000| Untracked 
|  58|0x00000000e3a00000, 0x00000000e3b00000, 0x00000000e3b00000|100%| O|  |TAMS 0x00000000e3b00000, 0x00000000e3a00000| Untracked 
|  59|0x00000000e3b00000, 0x00000000e3c00000, 0x00000000e3c00000|100%| O|  |TAMS 0x00000000e3c00000, 0x00000000e3b00000| Untracked 
|  60|0x00000000e3c00000, 0x00000000e3d00000, 0x00000000e3d00000|100%| O|  |TAMS 0x00000000e3d00000, 0x00000000e3c00000| Untracked 
|  61|0x00000000e3d00000, 0x00000000e3e00000, 0x00000000e3e00000|100%| O|  |TAMS 0x00000000e3e00000, 0x00000000e3d00000| Untracked 
|  62|0x00000000e3e00000, 0x00000000e3f00000, 0x00000000e3f00000|100%| O|  |TAMS 0x00000000e3e00000, 0x00000000e3e00000| Untracked 
|  63|0x00000000e3f00000, 0x00000000e4000000, 0x00000000e4000000|100%|HS|  |TAMS 0x00000000e3f00000, 0x00000000e3f00000| Complete 
|  64|0x00000000e4000000, 0x00000000e4100000, 0x00000000e4100000|100%| O|  |TAMS 0x00000000e4100000, 0x00000000e4000000| Untracked 
|  65|0x00000000e4100000, 0x00000000e4200000, 0x00000000e4200000|100%| O|  |TAMS 0x00000000e4200000, 0x00000000e4100000| Untracked 
|  66|0x00000000e4200000, 0x00000000e4300000, 0x00000000e4300000|100%| O|  |TAMS 0x00000000e4300000, 0x00000000e4200000| Untracked 
|  67|0x00000000e4300000, 0x00000000e4400000, 0x00000000e4400000|100%| O|  |TAMS 0x00000000e4400000, 0x00000000e4300000| Untracked 
|  68|0x00000000e4400000, 0x00000000e4500000, 0x00000000e4500000|100%| O|  |TAMS 0x00000000e4500000, 0x00000000e4400000| Untracked 
|  69|0x00000000e4500000, 0x00000000e4600000, 0x00000000e4600000|100%| O|  |TAMS 0x00000000e4600000, 0x00000000e4500000| Untracked 
|  70|0x00000000e4600000, 0x00000000e4700000, 0x00000000e4700000|100%| O|  |TAMS 0x00000000e4600000, 0x00000000e4600000| Untracked 
|  71|0x00000000e4700000, 0x00000000e4800000, 0x00000000e4800000|100%| O|  |TAMS 0x00000000e4800000, 0x00000000e4700000| Untracked 
|  72|0x00000000e4800000, 0x00000000e4900000, 0x00000000e4900000|100%| O|  |TAMS 0x00000000e4900000, 0x00000000e4800000| Untracked 
|  73|0x00000000e4900000, 0x00000000e4a00000, 0x00000000e4a00000|100%| O|  |TAMS 0x00000000e4900000, 0x00000000e4900000| Untracked 
|  74|0x00000000e4a00000, 0x00000000e4b00000, 0x00000000e4b00000|100%| O|  |TAMS 0x00000000e4b00000, 0x00000000e4a00000| Untracked 
|  75|0x00000000e4b00000, 0x00000000e4c00000, 0x00000000e4c00000|100%| O|  |TAMS 0x00000000e4c00000, 0x00000000e4b00000| Untracked 
|  76|0x00000000e4c00000, 0x00000000e4d00000, 0x00000000e4d00000|100%| O|  |TAMS 0x00000000e4d00000, 0x00000000e4c00000| Untracked 
|  77|0x00000000e4d00000, 0x00000000e4e00000, 0x00000000e4e00000|100%| O|  |TAMS 0x00000000e4e00000, 0x00000000e4d00000| Untracked 
|  78|0x00000000e4e00000, 0x00000000e4f00000, 0x00000000e4f00000|100%| O|  |TAMS 0x00000000e4f00000, 0x00000000e4e00000| Untracked 
|  79|0x00000000e4f00000, 0x00000000e5000000, 0x00000000e5000000|100%| O|  |TAMS 0x00000000e5000000, 0x00000000e4f00000| Untracked 
|  80|0x00000000e5000000, 0x00000000e5100000, 0x00000000e5100000|100%| O|  |TAMS 0x00000000e5100000, 0x00000000e5000000| Untracked 
|  81|0x00000000e5100000, 0x00000000e5200000, 0x00000000e5200000|100%| O|  |TAMS 0x00000000e51f7400, 0x00000000e5100000| Untracked 
|  82|0x00000000e5200000, 0x00000000e5300000, 0x00000000e5300000|100%| O|  |TAMS 0x00000000e5200000, 0x00000000e5200000| Untracked 
|  83|0x00000000e5300000, 0x00000000e5400000, 0x00000000e5400000|100%| O|  |TAMS 0x00000000e5300000, 0x00000000e5300000| Untracked 
|  84|0x00000000e5400000, 0x00000000e5500000, 0x00000000e5500000|100%| O|  |TAMS 0x00000000e5400000, 0x00000000e5400000| Untracked 
|  85|0x00000000e5500000, 0x00000000e5600000, 0x00000000e5600000|100%|HS|  |TAMS 0x00000000e5600000, 0x00000000e5500000| Complete 
|  86|0x00000000e5600000, 0x00000000e5700000, 0x00000000e5700000|100%| O|  |TAMS 0x00000000e5600000, 0x00000000e5600000| Untracked 
|  87|0x00000000e5700000, 0x00000000e5800000, 0x00000000e5800000|100%| O|  |TAMS 0x00000000e5700000, 0x00000000e5700000| Untracked 
|  88|0x00000000e5800000, 0x00000000e5900000, 0x00000000e5900000|100%| O|  |TAMS 0x00000000e5800000, 0x00000000e5800000| Untracked 
|  89|0x00000000e5900000, 0x00000000e5a00000, 0x00000000e5a00000|100%| O|  |TAMS 0x00000000e5900000, 0x00000000e5900000| Untracked 
|  90|0x00000000e5a00000, 0x00000000e5b00000, 0x00000000e5b00000|100%| O|  |TAMS 0x00000000e5a00000, 0x00000000e5a00000| Untracked 
|  91|0x00000000e5b00000, 0x00000000e5c00000, 0x00000000e5c00000|100%| O|  |TAMS 0x00000000e5b00000, 0x00000000e5b00000| Untracked 
|  92|0x00000000e5c00000, 0x00000000e5d00000, 0x00000000e5d00000|100%| O|  |TAMS 0x00000000e5c00000, 0x00000000e5c00000| Untracked 
|  93|0x00000000e5d00000, 0x00000000e5e00000, 0x00000000e5e00000|100%| O|  |TAMS 0x00000000e5d00000, 0x00000000e5d00000| Untracked 
|  94|0x00000000e5e00000, 0x00000000e5f00000, 0x00000000e5f00000|100%| O|  |TAMS 0x00000000e5e00000, 0x00000000e5e00000| Untracked 
|  95|0x00000000e5f00000, 0x00000000e6000000, 0x00000000e6000000|100%| O|  |TAMS 0x00000000e5f00000, 0x00000000e5f00000| Untracked 
|  96|0x00000000e6000000, 0x00000000e6100000, 0x00000000e6100000|100%| O|  |TAMS 0x00000000e6000000, 0x00000000e6000000| Untracked 
|  97|0x00000000e6100000, 0x00000000e6200000, 0x00000000e6200000|100%| O|  |TAMS 0x00000000e6100000, 0x00000000e6100000| Untracked 
|  98|0x00000000e6200000, 0x00000000e6300000, 0x00000000e6300000|100%| O|  |TAMS 0x00000000e6300000, 0x00000000e6200000| Untracked 
|  99|0x00000000e6300000, 0x00000000e6400000, 0x00000000e6400000|100%| O|  |TAMS 0x00000000e6400000, 0x00000000e6300000| Untracked 
| 100|0x00000000e6400000, 0x00000000e6500000, 0x00000000e6500000|100%| O|  |TAMS 0x00000000e6400000, 0x00000000e6400000| Untracked 
| 101|0x00000000e6500000, 0x00000000e6600000, 0x00000000e6600000|100%| O|  |TAMS 0x00000000e6500000, 0x00000000e6500000| Untracked 
| 102|0x00000000e6600000, 0x00000000e6700000, 0x00000000e6700000|100%| O|  |TAMS 0x00000000e6600000, 0x00000000e6600000| Untracked 
| 103|0x00000000e6700000, 0x00000000e6800000, 0x00000000e6800000|100%| O|  |TAMS 0x00000000e6700000, 0x00000000e6700000| Untracked 
| 104|0x00000000e6800000, 0x00000000e6900000, 0x00000000e6900000|100%| O|  |TAMS 0x00000000e6900000, 0x00000000e6800000| Untracked 
| 105|0x00000000e6900000, 0x00000000e6a00000, 0x00000000e6a00000|100%| O|  |TAMS 0x00000000e6a00000, 0x00000000e6900000| Untracked 
| 106|0x00000000e6a00000, 0x00000000e6b00000, 0x00000000e6b00000|100%| O|  |TAMS 0x00000000e6a00000, 0x00000000e6a00000| Untracked 
| 107|0x00000000e6b00000, 0x00000000e6c00000, 0x00000000e6c00000|100%| O|  |TAMS 0x00000000e6b00000, 0x00000000e6b00000| Untracked 
| 108|0x00000000e6c00000, 0x00000000e6d00000, 0x00000000e6d00000|100%| O|  |TAMS 0x00000000e6c00000, 0x00000000e6c00000| Untracked 
| 109|0x00000000e6d00000, 0x00000000e6e00000, 0x00000000e6e00000|100%| O|  |TAMS 0x00000000e6d00000, 0x00000000e6d00000| Untracked 
| 110|0x00000000e6e00000, 0x00000000e6f00000, 0x00000000e6f00000|100%| O|  |TAMS 0x00000000e6e00000, 0x00000000e6e00000| Untracked 
| 111|0x00000000e6f00000, 0x00000000e7000000, 0x00000000e7000000|100%| O|  |TAMS 0x00000000e6f00000, 0x00000000e6f00000| Untracked 
| 112|0x00000000e7000000, 0x00000000e7100000, 0x00000000e7100000|100%| O|  |TAMS 0x00000000e7000000, 0x00000000e7000000| Untracked 
| 113|0x00000000e7100000, 0x00000000e7200000, 0x00000000e7200000|100%| O|  |TAMS 0x00000000e7100000, 0x00000000e7100000| Untracked 
| 114|0x00000000e7200000, 0x00000000e7300000, 0x00000000e7300000|100%| O|  |TAMS 0x00000000e7200000, 0x00000000e7200000| Untracked 
| 115|0x00000000e7300000, 0x00000000e7400000, 0x00000000e7400000|100%| O|  |TAMS 0x00000000e7300000, 0x00000000e7300000| Untracked 
| 116|0x00000000e7400000, 0x00000000e7500000, 0x00000000e7500000|100%| O|  |TAMS 0x00000000e7400000, 0x00000000e7400000| Untracked 
| 117|0x00000000e7500000, 0x00000000e7600000, 0x00000000e7600000|100%| O|  |TAMS 0x00000000e7500000, 0x00000000e7500000| Untracked 
| 118|0x00000000e7600000, 0x00000000e7700000, 0x00000000e7700000|100%| O|  |TAMS 0x00000000e7600000, 0x00000000e7600000| Untracked 
| 119|0x00000000e7700000, 0x00000000e7800000, 0x00000000e7800000|100%| O|  |TAMS 0x00000000e7700000, 0x00000000e7700000| Untracked 
| 120|0x00000000e7800000, 0x00000000e7900000, 0x00000000e7900000|100%| O|  |TAMS 0x00000000e7800000, 0x00000000e7800000| Untracked 
| 121|0x00000000e7900000, 0x00000000e7a00000, 0x00000000e7a00000|100%| O|  |TAMS 0x00000000e7900000, 0x00000000e7900000| Untracked 
| 122|0x00000000e7a00000, 0x00000000e7b00000, 0x00000000e7b00000|100%| O|  |TAMS 0x00000000e7a00000, 0x00000000e7a00000| Untracked 
| 123|0x00000000e7b00000, 0x00000000e7c00000, 0x00000000e7c00000|100%| O|  |TAMS 0x00000000e7b00000, 0x00000000e7b00000| Untracked 
| 124|0x00000000e7c00000, 0x00000000e7d00000, 0x00000000e7d00000|100%| O|  |TAMS 0x00000000e7c00000, 0x00000000e7c00000| Untracked 
| 125|0x00000000e7d00000, 0x00000000e7e00000, 0x00000000e7e00000|100%| O|  |TAMS 0x00000000e7d00000, 0x00000000e7d00000| Untracked 
| 126|0x00000000e7e00000, 0x00000000e7f00000, 0x00000000e7f00000|100%| O|  |TAMS 0x00000000e7e00000, 0x00000000e7e00000| Untracked 
| 127|0x00000000e7f00000, 0x00000000e8000000, 0x00000000e8000000|100%| O|  |TAMS 0x00000000e7f00000, 0x00000000e7f00000| Untracked 
| 128|0x00000000e8000000, 0x00000000e8100000, 0x00000000e8100000|100%| O|  |TAMS 0x00000000e8000000, 0x00000000e8000000| Untracked 
| 129|0x00000000e8100000, 0x00000000e8200000, 0x00000000e8200000|100%| O|  |TAMS 0x00000000e8100000, 0x00000000e8100000| Untracked 
| 130|0x00000000e8200000, 0x00000000e8300000, 0x00000000e8300000|100%| O|  |TAMS 0x00000000e8300000, 0x00000000e8200000| Untracked 
| 131|0x00000000e8300000, 0x00000000e8400000, 0x00000000e8400000|100%| O|  |TAMS 0x00000000e8300000, 0x00000000e8300000| Untracked 
| 132|0x00000000e8400000, 0x00000000e8500000, 0x00000000e8500000|100%| O|  |TAMS 0x00000000e8400000, 0x00000000e8400000| Untracked 
| 133|0x00000000e8500000, 0x00000000e8600000, 0x00000000e8600000|100%| O|  |TAMS 0x00000000e8500000, 0x00000000e8500000| Untracked 
| 134|0x00000000e8600000, 0x00000000e8700000, 0x00000000e8700000|100%| O|  |TAMS 0x00000000e8600000, 0x00000000e8600000| Untracked 
| 135|0x00000000e8700000, 0x00000000e8800000, 0x00000000e8800000|100%| O|  |TAMS 0x00000000e8700000, 0x00000000e8700000| Untracked 
| 136|0x00000000e8800000, 0x00000000e8900000, 0x00000000e8900000|100%| O|  |TAMS 0x00000000e8800000, 0x00000000e8800000| Untracked 
| 137|0x00000000e8900000, 0x00000000e8a00000, 0x00000000e8a00000|100%| O|  |TAMS 0x00000000e8900000, 0x00000000e8900000| Untracked 
| 138|0x00000000e8a00000, 0x00000000e8b00000, 0x00000000e8b00000|100%| O|  |TAMS 0x00000000e8a00000, 0x00000000e8a00000| Untracked 
| 139|0x00000000e8b00000, 0x00000000e8b3fa00, 0x00000000e8c00000| 24%| O|  |TAMS 0x00000000e8b00000, 0x00000000e8b00000| Untracked 
| 140|0x00000000e8c00000, 0x00000000e8c00000, 0x00000000e8d00000|  0%| F|  |TAMS 0x00000000e8c00000, 0x00000000e8c00000| Untracked 
| 141|0x00000000e8d00000, 0x00000000e8d00000, 0x00000000e8e00000|  0%| F|  |TAMS 0x00000000e8d00000, 0x00000000e8d00000| Untracked 
| 142|0x00000000e8e00000, 0x00000000e8e00000, 0x00000000e8f00000|  0%| F|  |TAMS 0x00000000e8e00000, 0x00000000e8e00000| Untracked 
| 143|0x00000000e8f00000, 0x00000000e8f00000, 0x00000000e9000000|  0%| F|  |TAMS 0x00000000e8f00000, 0x00000000e8f00000| Untracked 
| 144|0x00000000e9000000, 0x00000000e9000000, 0x00000000e9100000|  0%| F|  |TAMS 0x00000000e9000000, 0x00000000e9000000| Untracked 
| 145|0x00000000e9100000, 0x00000000e9100000, 0x00000000e9200000|  0%| F|  |TAMS 0x00000000e9100000, 0x00000000e9100000| Untracked 
| 146|0x00000000e9200000, 0x00000000e9200000, 0x00000000e9300000|  0%| F|  |TAMS 0x00000000e9200000, 0x00000000e9200000| Untracked 
| 147|0x00000000e9300000, 0x00000000e9300000, 0x00000000e9400000|  0%| F|  |TAMS 0x00000000e9300000, 0x00000000e9300000| Untracked 
| 148|0x00000000e9400000, 0x00000000e9400000, 0x00000000e9500000|  0%| F|  |TAMS 0x00000000e9400000, 0x00000000e9400000| Untracked 
| 149|0x00000000e9500000, 0x00000000e9500000, 0x00000000e9600000|  0%| F|  |TAMS 0x00000000e9500000, 0x00000000e9500000| Untracked 
| 150|0x00000000e9600000, 0x00000000e9600000, 0x00000000e9700000|  0%| F|  |TAMS 0x00000000e9600000, 0x00000000e9600000| Untracked 
| 151|0x00000000e9700000, 0x00000000e9700000, 0x00000000e9800000|  0%| F|  |TAMS 0x00000000e9700000, 0x00000000e9700000| Untracked 
| 152|0x00000000e9800000, 0x00000000e9800000, 0x00000000e9900000|  0%| F|  |TAMS 0x00000000e9800000, 0x00000000e9800000| Untracked 
| 153|0x00000000e9900000, 0x00000000e9900000, 0x00000000e9a00000|  0%| F|  |TAMS 0x00000000e9900000, 0x00000000e9900000| Untracked 
| 154|0x00000000e9a00000, 0x00000000e9a00000, 0x00000000e9b00000|  0%| F|  |TAMS 0x00000000e9a00000, 0x00000000e9a00000| Untracked 
| 155|0x00000000e9b00000, 0x00000000e9b00000, 0x00000000e9c00000|  0%| F|  |TAMS 0x00000000e9b00000, 0x00000000e9b00000| Untracked 
| 156|0x00000000e9c00000, 0x00000000e9c00000, 0x00000000e9d00000|  0%| F|  |TAMS 0x00000000e9c00000, 0x00000000e9c00000| Untracked 
| 157|0x00000000e9d00000, 0x00000000e9d00000, 0x00000000e9e00000|  0%| F|  |TAMS 0x00000000e9d00000, 0x00000000e9d00000| Untracked 
| 158|0x00000000e9e00000, 0x00000000e9e00000, 0x00000000e9f00000|  0%| F|  |TAMS 0x00000000e9e00000, 0x00000000e9e00000| Untracked 
| 159|0x00000000e9f00000, 0x00000000e9f00000, 0x00000000ea000000|  0%| F|  |TAMS 0x00000000e9f00000, 0x00000000e9f00000| Untracked 
| 160|0x00000000ea000000, 0x00000000ea000000, 0x00000000ea100000|  0%| F|  |TAMS 0x00000000ea000000, 0x00000000ea000000| Untracked 
| 161|0x00000000ea100000, 0x00000000ea100000, 0x00000000ea200000|  0%| F|  |TAMS 0x00000000ea100000, 0x00000000ea100000| Untracked 
| 162|0x00000000ea200000, 0x00000000ea200000, 0x00000000ea300000|  0%| F|  |TAMS 0x00000000ea200000, 0x00000000ea200000| Untracked 
| 163|0x00000000ea300000, 0x00000000ea300000, 0x00000000ea400000|  0%| F|  |TAMS 0x00000000ea300000, 0x00000000ea300000| Untracked 
| 164|0x00000000ea400000, 0x00000000ea400000, 0x00000000ea500000|  0%| F|  |TAMS 0x00000000ea400000, 0x00000000ea400000| Untracked 
| 165|0x00000000ea500000, 0x00000000ea500000, 0x00000000ea600000|  0%| F|  |TAMS 0x00000000ea500000, 0x00000000ea500000| Untracked 
| 166|0x00000000ea600000, 0x00000000ea600000, 0x00000000ea700000|  0%| F|  |TAMS 0x00000000ea600000, 0x00000000ea600000| Untracked 
| 167|0x00000000ea700000, 0x00000000ea700000, 0x00000000ea800000|  0%| F|  |TAMS 0x00000000ea700000, 0x00000000ea700000| Untracked 
| 168|0x00000000ea800000, 0x00000000ea800000, 0x00000000ea900000|  0%| F|  |TAMS 0x00000000ea800000, 0x00000000ea800000| Untracked 
| 169|0x00000000ea900000, 0x00000000ea900000, 0x00000000eaa00000|  0%| F|  |TAMS 0x00000000ea900000, 0x00000000ea900000| Untracked 
| 170|0x00000000eaa00000, 0x00000000eaa00000, 0x00000000eab00000|  0%| F|  |TAMS 0x00000000eaa00000, 0x00000000eaa00000| Untracked 
| 171|0x00000000eab00000, 0x00000000eab00000, 0x00000000eac00000|  0%| F|  |TAMS 0x00000000eab00000, 0x00000000eab00000| Untracked 
| 172|0x00000000eac00000, 0x00000000eac00000, 0x00000000ead00000|  0%| F|  |TAMS 0x00000000eac00000, 0x00000000eac00000| Untracked 
| 173|0x00000000ead00000, 0x00000000ead00000, 0x00000000eae00000|  0%| F|  |TAMS 0x00000000ead00000, 0x00000000ead00000| Untracked 
| 174|0x00000000eae00000, 0x00000000eae00000, 0x00000000eaf00000|  0%| F|  |TAMS 0x00000000eae00000, 0x00000000eae00000| Untracked 
| 175|0x00000000eaf00000, 0x00000000eaf00000, 0x00000000eb000000|  0%| F|  |TAMS 0x00000000eaf00000, 0x00000000eaf00000| Untracked 
| 176|0x00000000eb000000, 0x00000000eb000000, 0x00000000eb100000|  0%| F|  |TAMS 0x00000000eb000000, 0x00000000eb000000| Untracked 
| 177|0x00000000eb100000, 0x00000000eb100000, 0x00000000eb200000|  0%| F|  |TAMS 0x00000000eb100000, 0x00000000eb100000| Untracked 
| 178|0x00000000eb200000, 0x00000000eb200000, 0x00000000eb300000|  0%| F|  |TAMS 0x00000000eb200000, 0x00000000eb200000| Untracked 
| 179|0x00000000eb300000, 0x00000000eb300000, 0x00000000eb400000|  0%| F|  |TAMS 0x00000000eb300000, 0x00000000eb300000| Untracked 
| 180|0x00000000eb400000, 0x00000000eb400000, 0x00000000eb500000|  0%| F|  |TAMS 0x00000000eb400000, 0x00000000eb400000| Untracked 
| 181|0x00000000eb500000, 0x00000000eb500000, 0x00000000eb600000|  0%| F|  |TAMS 0x00000000eb500000, 0x00000000eb500000| Untracked 
| 182|0x00000000eb600000, 0x00000000eb600000, 0x00000000eb700000|  0%| F|  |TAMS 0x00000000eb600000, 0x00000000eb600000| Untracked 
| 183|0x00000000eb700000, 0x00000000eb700000, 0x00000000eb800000|  0%| F|  |TAMS 0x00000000eb700000, 0x00000000eb700000| Untracked 
| 184|0x00000000eb800000, 0x00000000eb900000, 0x00000000eb900000|100%| S|CS|TAMS 0x00000000eb800000, 0x00000000eb800000| Complete 
| 185|0x00000000eb900000, 0x00000000eba00000, 0x00000000eba00000|100%| S|CS|TAMS 0x00000000eb900000, 0x00000000eb900000| Complete 
| 186|0x00000000eba00000, 0x00000000eba00000, 0x00000000ebb00000|  0%| F|  |TAMS 0x00000000eba00000, 0x00000000eba00000| Untracked 
| 187|0x00000000ebb00000, 0x00000000ebb00000, 0x00000000ebc00000|  0%| F|  |TAMS 0x00000000ebb00000, 0x00000000ebb00000| Untracked 
| 188|0x00000000ebc00000, 0x00000000ebc00000, 0x00000000ebd00000|  0%| F|  |TAMS 0x00000000ebc00000, 0x00000000ebc00000| Untracked 
| 189|0x00000000ebd00000, 0x00000000ebd00000, 0x00000000ebe00000|  0%| F|  |TAMS 0x00000000ebd00000, 0x00000000ebd00000| Untracked 
| 190|0x00000000ebe00000, 0x00000000ebe00000, 0x00000000ebf00000|  0%| F|  |TAMS 0x00000000ebe00000, 0x00000000ebe00000| Untracked 
| 191|0x00000000ebf00000, 0x00000000ec000000, 0x00000000ec000000|100%| S|CS|TAMS 0x00000000ebf00000, 0x00000000ebf00000| Complete 
| 192|0x00000000ec000000, 0x00000000ec100000, 0x00000000ec100000|100%| S|CS|TAMS 0x00000000ec000000, 0x00000000ec000000| Complete 
| 193|0x00000000ec100000, 0x00000000ec200000, 0x00000000ec200000|100%| S|CS|TAMS 0x00000000ec100000, 0x00000000ec100000| Complete 
| 194|0x00000000ec200000, 0x00000000ec300000, 0x00000000ec300000|100%| S|CS|TAMS 0x00000000ec200000, 0x00000000ec200000| Complete 
| 195|0x00000000ec300000, 0x00000000ec300000, 0x00000000ec400000|  0%| F|  |TAMS 0x00000000ec300000, 0x00000000ec300000| Untracked 
| 196|0x00000000ec400000, 0x00000000ec400000, 0x00000000ec500000|  0%| F|  |TAMS 0x00000000ec400000, 0x00000000ec400000| Untracked 
| 197|0x00000000ec500000, 0x00000000ec500000, 0x00000000ec600000|  0%| F|  |TAMS 0x00000000ec500000, 0x00000000ec500000| Untracked 
| 198|0x00000000ec600000, 0x00000000ec600000, 0x00000000ec700000|  0%| F|  |TAMS 0x00000000ec600000, 0x00000000ec600000| Untracked 
| 199|0x00000000ec700000, 0x00000000ec700000, 0x00000000ec800000|  0%| F|  |TAMS 0x00000000ec700000, 0x00000000ec700000| Untracked 
| 200|0x00000000ec800000, 0x00000000ec800000, 0x00000000ec900000|  0%| F|  |TAMS 0x00000000ec800000, 0x00000000ec800000| Untracked 
| 201|0x00000000ec900000, 0x00000000ec900000, 0x00000000eca00000|  0%| F|  |TAMS 0x00000000ec900000, 0x00000000ec900000| Untracked 
| 202|0x00000000eca00000, 0x00000000eca00000, 0x00000000ecb00000|  0%| F|  |TAMS 0x00000000eca00000, 0x00000000eca00000| Untracked 
| 203|0x00000000ecb00000, 0x00000000ecb00000, 0x00000000ecc00000|  0%| F|  |TAMS 0x00000000ecb00000, 0x00000000ecb00000| Untracked 
| 204|0x00000000ecc00000, 0x00000000ecc00000, 0x00000000ecd00000|  0%| F|  |TAMS 0x00000000ecc00000, 0x00000000ecc00000| Untracked 
| 205|0x00000000ecd00000, 0x00000000ecd00000, 0x00000000ece00000|  0%| F|  |TAMS 0x00000000ecd00000, 0x00000000ecd00000| Untracked 
| 206|0x00000000ece00000, 0x00000000ece00000, 0x00000000ecf00000|  0%| F|  |TAMS 0x00000000ece00000, 0x00000000ece00000| Untracked 
| 207|0x00000000ecf00000, 0x00000000ecf00000, 0x00000000ed000000|  0%| F|  |TAMS 0x00000000ecf00000, 0x00000000ecf00000| Untracked 
| 208|0x00000000ed000000, 0x00000000ed000000, 0x00000000ed100000|  0%| F|  |TAMS 0x00000000ed000000, 0x00000000ed000000| Untracked 
| 209|0x00000000ed100000, 0x00000000ed100000, 0x00000000ed200000|  0%| F|  |TAMS 0x00000000ed100000, 0x00000000ed100000| Untracked 
| 210|0x00000000ed200000, 0x00000000ed200000, 0x00000000ed300000|  0%| F|  |TAMS 0x00000000ed200000, 0x00000000ed200000| Untracked 
| 211|0x00000000ed300000, 0x00000000ed300000, 0x00000000ed400000|  0%| F|  |TAMS 0x00000000ed300000, 0x00000000ed300000| Untracked 
| 212|0x00000000ed400000, 0x00000000ed400000, 0x00000000ed500000|  0%| F|  |TAMS 0x00000000ed400000, 0x00000000ed400000| Untracked 
| 213|0x00000000ed500000, 0x00000000ed500000, 0x00000000ed600000|  0%| F|  |TAMS 0x00000000ed500000, 0x00000000ed500000| Untracked 
| 214|0x00000000ed600000, 0x00000000ed600000, 0x00000000ed700000|  0%| F|  |TAMS 0x00000000ed600000, 0x00000000ed600000| Untracked 
| 215|0x00000000ed700000, 0x00000000ed700000, 0x00000000ed800000|  0%| F|  |TAMS 0x00000000ed700000, 0x00000000ed700000| Untracked 
| 216|0x00000000ed800000, 0x00000000ed800000, 0x00000000ed900000|  0%| F|  |TAMS 0x00000000ed800000, 0x00000000ed800000| Untracked 
| 217|0x00000000ed900000, 0x00000000ed900000, 0x00000000eda00000|  0%| F|  |TAMS 0x00000000ed900000, 0x00000000ed900000| Untracked 
| 218|0x00000000eda00000, 0x00000000eda00000, 0x00000000edb00000|  0%| F|  |TAMS 0x00000000eda00000, 0x00000000eda00000| Untracked 
| 219|0x00000000edb00000, 0x00000000edb00000, 0x00000000edc00000|  0%| F|  |TAMS 0x00000000edb00000, 0x00000000edb00000| Untracked 
| 220|0x00000000edc00000, 0x00000000edc00000, 0x00000000edd00000|  0%| F|  |TAMS 0x00000000edc00000, 0x00000000edc00000| Untracked 
| 221|0x00000000edd00000, 0x00000000edd00000, 0x00000000ede00000|  0%| F|  |TAMS 0x00000000edd00000, 0x00000000edd00000| Untracked 
| 222|0x00000000ede00000, 0x00000000ede00000, 0x00000000edf00000|  0%| F|  |TAMS 0x00000000ede00000, 0x00000000ede00000| Untracked 
| 223|0x00000000edf00000, 0x00000000edf00000, 0x00000000ee000000|  0%| F|  |TAMS 0x00000000edf00000, 0x00000000edf00000| Untracked 
| 224|0x00000000ee000000, 0x00000000ee000000, 0x00000000ee100000|  0%| F|  |TAMS 0x00000000ee000000, 0x00000000ee000000| Untracked 
| 225|0x00000000ee100000, 0x00000000ee100000, 0x00000000ee200000|  0%| F|  |TAMS 0x00000000ee100000, 0x00000000ee100000| Untracked 
| 226|0x00000000ee200000, 0x00000000ee200000, 0x00000000ee300000|  0%| F|  |TAMS 0x00000000ee200000, 0x00000000ee200000| Untracked 
| 227|0x00000000ee300000, 0x00000000ee300000, 0x00000000ee400000|  0%| F|  |TAMS 0x00000000ee300000, 0x00000000ee300000| Untracked 
| 228|0x00000000ee400000, 0x00000000ee400000, 0x00000000ee500000|  0%| F|  |TAMS 0x00000000ee400000, 0x00000000ee400000| Untracked 
| 229|0x00000000ee500000, 0x00000000ee600000, 0x00000000ee600000|100%| E|  |TAMS 0x00000000ee500000, 0x00000000ee500000| Complete 
| 230|0x00000000ee600000, 0x00000000ee700000, 0x00000000ee700000|100%| E|CS|TAMS 0x00000000ee600000, 0x00000000ee600000| Complete 
| 231|0x00000000ee700000, 0x00000000ee800000, 0x00000000ee800000|100%| E|CS|TAMS 0x00000000ee700000, 0x00000000ee700000| Complete 
| 232|0x00000000ee800000, 0x00000000ee900000, 0x00000000ee900000|100%| E|CS|TAMS 0x00000000ee800000, 0x00000000ee800000| Complete 
| 233|0x00000000ee900000, 0x00000000eea00000, 0x00000000eea00000|100%| E|CS|TAMS 0x00000000ee900000, 0x00000000ee900000| Complete 
| 234|0x00000000eea00000, 0x00000000eeb00000, 0x00000000eeb00000|100%| E|CS|TAMS 0x00000000eea00000, 0x00000000eea00000| Complete 
| 235|0x00000000eeb00000, 0x00000000eec00000, 0x00000000eec00000|100%| E|CS|TAMS 0x00000000eeb00000, 0x00000000eeb00000| Complete 
| 236|0x00000000eec00000, 0x00000000eed00000, 0x00000000eed00000|100%| E|CS|TAMS 0x00000000eec00000, 0x00000000eec00000| Complete 
| 237|0x00000000eed00000, 0x00000000eee00000, 0x00000000eee00000|100%| E|CS|TAMS 0x00000000eed00000, 0x00000000eed00000| Complete 
| 238|0x00000000eee00000, 0x00000000eef00000, 0x00000000eef00000|100%| E|CS|TAMS 0x00000000eee00000, 0x00000000eee00000| Complete 
| 239|0x00000000eef00000, 0x00000000ef000000, 0x00000000ef000000|100%| E|CS|TAMS 0x00000000eef00000, 0x00000000eef00000| Complete 
| 240|0x00000000ef000000, 0x00000000ef100000, 0x00000000ef100000|100%| E|CS|TAMS 0x00000000ef000000, 0x00000000ef000000| Complete 
| 241|0x00000000ef100000, 0x00000000ef200000, 0x00000000ef200000|100%| E|CS|TAMS 0x00000000ef100000, 0x00000000ef100000| Complete 
| 242|0x00000000ef200000, 0x00000000ef300000, 0x00000000ef300000|100%| E|CS|TAMS 0x00000000ef200000, 0x00000000ef200000| Complete 
| 243|0x00000000ef300000, 0x00000000ef400000, 0x00000000ef400000|100%| E|CS|TAMS 0x00000000ef300000, 0x00000000ef300000| Complete 
| 244|0x00000000ef400000, 0x00000000ef500000, 0x00000000ef500000|100%| E|CS|TAMS 0x00000000ef400000, 0x00000000ef400000| Complete 
| 245|0x00000000ef500000, 0x00000000ef600000, 0x00000000ef600000|100%| E|CS|TAMS 0x00000000ef500000, 0x00000000ef500000| Complete 
| 246|0x00000000ef600000, 0x00000000ef700000, 0x00000000ef700000|100%| E|CS|TAMS 0x00000000ef600000, 0x00000000ef600000| Complete 
| 247|0x00000000ef700000, 0x00000000ef800000, 0x00000000ef800000|100%| E|CS|TAMS 0x00000000ef700000, 0x00000000ef700000| Complete 
| 248|0x00000000ef800000, 0x00000000ef900000, 0x00000000ef900000|100%| E|CS|TAMS 0x00000000ef800000, 0x00000000ef800000| Complete 
| 249|0x00000000ef900000, 0x00000000efa00000, 0x00000000efa00000|100%| E|CS|TAMS 0x00000000ef900000, 0x00000000ef900000| Complete 
| 250|0x00000000efa00000, 0x00000000efb00000, 0x00000000efb00000|100%| E|CS|TAMS 0x00000000efa00000, 0x00000000efa00000| Complete 
| 251|0x00000000efb00000, 0x00000000efc00000, 0x00000000efc00000|100%| E|CS|TAMS 0x00000000efb00000, 0x00000000efb00000| Complete 
| 252|0x00000000efc00000, 0x00000000efd00000, 0x00000000efd00000|100%| E|CS|TAMS 0x00000000efc00000, 0x00000000efc00000| Complete 
| 253|0x00000000efd00000, 0x00000000efe00000, 0x00000000efe00000|100%| E|CS|TAMS 0x00000000efd00000, 0x00000000efd00000| Complete 
| 254|0x00000000efe00000, 0x00000000eff00000, 0x00000000eff00000|100%| E|CS|TAMS 0x00000000efe00000, 0x00000000efe00000| Complete 
| 255|0x00000000eff00000, 0x00000000f0000000, 0x00000000f0000000|100%| E|CS|TAMS 0x00000000eff00000, 0x00000000eff00000| Complete 

Card table byte_map: [0x00000236f4050000,0x00000236f4150000] _byte_map_base: 0x00000236f3950000

Marking Bits (Prev, Next): (CMBitMap*) 0x00000236db67a390, (CMBitMap*) 0x00000236db67a3d0
 Prev Bits: [0x00000236f4250000, 0x00000236f4a50000)
 Next Bits: [0x00000236f4a50000, 0x00000236f5250000)

Polling page: 0x00000236db790000

Metaspace:

Usage:
  Non-class:     63.86 MB used.
      Class:      9.60 MB used.
       Both:     73.47 MB used.

Virtual space:
  Non-class space:      128.00 MB reserved,      64.31 MB ( 50%) committed,  2 nodes.
      Class space:      320.00 MB reserved,      10.06 MB (  3%) committed,  1 nodes.
             Both:      448.00 MB reserved,      74.38 MB ( 17%) committed. 

Chunk freelists:
   Non-Class:  15.70 MB
       Class:  5.92 MB
        Both:  21.62 MB

MaxMetaspaceSize: 384.00 MB
CompressedClassSpaceSize: 320.00 MB
Initial GC threshold: 21.00 MB
Current GC threshold: 120.75 MB
CDS: on
MetaspaceReclaimPolicy: balanced
 - commit_granule_bytes: 65536.
 - commit_granule_words: 8192.
 - virtual_space_node_default_size: 8388608.
 - enlarge_chunks_in_place: 1.
 - new_chunks_are_fully_committed: 0.
 - uncommit_free_chunks: 1.
 - use_allocation_guard: 0.
 - handle_deallocations: 1.


Internal statistics:

num_allocs_failed_limit: 54.
num_arena_births: 1200.
num_arena_deaths: 74.
num_vsnodes_births: 3.
num_vsnodes_deaths: 0.
num_space_committed: 1230.
num_space_uncommitted: 40.
num_chunks_returned_to_freelist: 352.
num_chunks_taken_from_freelist: 4804.
num_chunk_merges: 126.
num_chunk_splits: 3005.
num_chunks_enlarged: 1837.
num_inconsistent_stats: 0.

CodeHeap 'non-profiled nmethods': size=120000Kb used=13216Kb max_used=13216Kb free=106783Kb
 bounds [0x00000236ecb20000, 0x00000236ed810000, 0x00000236f4050000]
CodeHeap 'profiled nmethods': size=120000Kb used=30299Kb max_used=30299Kb free=89700Kb
 bounds [0x00000236e5050000, 0x00000236e6df0000, 0x00000236ec580000]
CodeHeap 'non-nmethods': size=5760Kb used=2359Kb max_used=2470Kb free=3400Kb
 bounds [0x00000236ec580000, 0x00000236ec800000, 0x00000236ecb20000]
 total_blobs=15668 nmethods=14778 adapters=802
 compilation: enabled
              stopped_count=0, restarted_count=0
 full_count=0

Compilation events (20 events):
Event: 661.944 Thread 0x00000236f782a8d0 nmethod 18741 0x00000236ed7fde90 code [0x00000236ed7fe020, 0x00000236ed7fe288]
Event: 661.944 Thread 0x00000236f782a8d0 18742   !   4       lombok.javac.Javac::getEndPosition (45 bytes)
Event: 662.428 Thread 0x00000236f782a8d0 nmethod 18742 0x00000236ed7fe410 code [0x00000236ed7fe9c0, 0x00000236ed804420]
Event: 662.428 Thread 0x00000236f782a8d0 18802   !   4       lombok.core.configuration.FileSystemSourceCache::forUri (180 bytes)
Event: 662.437 Thread 0x00000236f782a8d0 nmethod 18802 0x00000236ed806a90 code [0x00000236ed806c40, 0x00000236ed807028]
Event: 662.437 Thread 0x00000236f782a8d0 18803       4       lombok.core.configuration.FileSystemSourceCache::cacheClear (43 bytes)
Event: 662.438 Thread 0x00000236f782a8d0 nmethod 18803 0x00000236ed807490 code [0x00000236ed807600, 0x00000236ed8076d8]
Event: 662.438 Thread 0x00000236f782a8d0 18809       4       lombok.javac.JavacAST::getAbsoluteFileLocation (35 bytes)
Event: 662.448 Thread 0x00000236f782a8d0 nmethod 18809 0x00000236ed807790 code [0x00000236ed807940, 0x00000236ed807ce8]
Event: 662.448 Thread 0x00000236f782a8d0 18546   !   4       lombok.javac.JavacAST::$SWITCH_TABLE$lombok$core$AST$Kind (157 bytes)
Event: 662.449 Thread 0x00000236f782a8d0 nmethod 18546 0x00000236ed808010 code [0x00000236ed808180, 0x00000236ed808218]
Event: 662.449 Thread 0x00000236f782a8d0 18549       4       lombok.javac.JavacAST::buildTree (176 bytes)
Event: 662.636 Thread 0x00000236f782b290 18853   !   3       lombok.core.FieldAugment$MapFieldAugment::getAndSet (42 bytes)
Event: 662.637 Thread 0x00000236f782b290 nmethod 18853 0x00000236e6de6b90 code [0x00000236e6de6da0, 0x00000236e6de74d8]
Event: 662.647 Thread 0x00000236f782b290 18854       2       lombok.javac.JavacAST::buildLambda (10 bytes)
Event: 662.647 Thread 0x00000236f782b290 nmethod 18854 0x00000236e6de7790 code [0x00000236e6de7940, 0x00000236e6de7bc8]
Event: 662.647 Thread 0x00000236f782b290 18855       2       lombok.javac.JavacAST::getBody (20 bytes)
Event: 662.647 Thread 0x00000236f782b290 nmethod 18855 0x00000236e6de7d90 code [0x00000236e6de7f40, 0x00000236e6de8198]
Event: 662.647 Thread 0x00000236f782b290 18856   !   2       lombok.javac.JavacAST::getBodyMethod (64 bytes)
Event: 662.648 Thread 0x00000236f782b290 nmethod 18856 0x00000236e6de8310 code [0x00000236e6de8500, 0x00000236e6de88e8]

GC Heap History (20 events):
Event: 528.583 GC heap before
{Heap before GC invocations=37 (full 0):
 garbage-first heap   total 262144K, used 206830K [0x00000000e0000000, 0x0000000100000000)
  region size 1024K, 100 young (102400K), 1 survivors (1024K)
 Metaspace       used 72903K, committed 74176K, reserved 393216K
  class space    used 9613K, committed 10176K, reserved 327680K
}
Event: 528.592 GC heap after
{Heap after GC invocations=38 (full 0):
 garbage-first heap   total 262144K, used 107199K [0x00000000e0000000, 0x0000000100000000)
  region size 1024K, 3 young (3072K), 3 survivors (3072K)
 Metaspace       used 72903K, committed 74176K, reserved 393216K
  class space    used 9613K, committed 10176K, reserved 327680K
}
Event: 616.935 GC heap before
{Heap before GC invocations=38 (full 0):
 garbage-first heap   total 262144K, used 210623K [0x00000000e0000000, 0x0000000100000000)
  region size 1024K, 104 young (106496K), 3 survivors (3072K)
 Metaspace       used 73050K, committed 74176K, reserved 393216K
  class space    used 9616K, committed 10176K, reserved 327680K
}
Event: 617.091 GC heap after
{Heap after GC invocations=39 (full 0):
 garbage-first heap   total 262144K, used 108978K [0x00000000e0000000, 0x0000000100000000)
  region size 1024K, 5 young (5120K), 5 survivors (5120K)
 Metaspace       used 73050K, committed 74176K, reserved 393216K
  class space    used 9616K, committed 10176K, reserved 327680K
}
Event: 641.115 GC heap before
{Heap before GC invocations=39 (full 0):
 garbage-first heap   total 262144K, used 212402K [0x00000000e0000000, 0x0000000100000000)
  region size 1024K, 107 young (109568K), 5 survivors (5120K)
 Metaspace       used 73158K, committed 74176K, reserved 393216K
  class space    used 9617K, committed 10176K, reserved 327680K
}
Event: 641.168 GC heap after
{Heap after GC invocations=40 (full 0):
 garbage-first heap   total 262144K, used 117480K [0x00000000e0000000, 0x0000000100000000)
  region size 1024K, 13 young (13312K), 13 survivors (13312K)
 Metaspace       used 73158K, committed 74176K, reserved 393216K
  class space    used 9617K, committed 10176K, reserved 327680K
}
Event: 648.923 GC heap before
{Heap before GC invocations=40 (full 0):
 garbage-first heap   total 262144K, used 186088K [0x00000000e0000000, 0x0000000100000000)
  region size 1024K, 80 young (81920K), 13 survivors (13312K)
 Metaspace       used 73346K, committed 74368K, reserved 393216K
  class space    used 9627K, committed 10176K, reserved 327680K
}
Event: 649.410 GC heap after
{Heap after GC invocations=41 (full 0):
 garbage-first heap   total 262144K, used 124194K [0x00000000e0000000, 0x0000000100000000)
  region size 1024K, 10 young (10240K), 10 survivors (10240K)
 Metaspace       used 73346K, committed 74368K, reserved 393216K
  class space    used 9627K, committed 10176K, reserved 327680K
}
Event: 649.903 GC heap before
{Heap before GC invocations=41 (full 0):
 garbage-first heap   total 262144K, used 132386K [0x00000000e0000000, 0x0000000100000000)
  region size 1024K, 18 young (18432K), 10 survivors (10240K)
 Metaspace       used 73354K, committed 74368K, reserved 393216K
  class space    used 9627K, committed 10176K, reserved 327680K
}
Event: 649.949 GC heap after
{Heap after GC invocations=42 (full 0):
 garbage-first heap   total 262144K, used 128000K [0x00000000e0000000, 0x0000000100000000)
  region size 1024K, 3 young (3072K), 3 survivors (3072K)
 Metaspace       used 73354K, committed 74368K, reserved 393216K
  class space    used 9627K, committed 10176K, reserved 327680K
}
Event: 651.716 GC heap before
{Heap before GC invocations=42 (full 0):
 garbage-first heap   total 262144K, used 159744K [0x00000000e0000000, 0x0000000100000000)
  region size 1024K, 34 young (34816K), 3 survivors (3072K)
 Metaspace       used 73359K, committed 74368K, reserved 393216K
  class space    used 9627K, committed 10176K, reserved 327680K
}
Event: 651.745 GC heap after
{Heap after GC invocations=43 (full 0):
 garbage-first heap   total 262144K, used 137045K [0x00000000e0000000, 0x0000000100000000)
  region size 1024K, 5 young (5120K), 5 survivors (5120K)
 Metaspace       used 73359K, committed 74368K, reserved 393216K
  class space    used 9627K, committed 10176K, reserved 327680K
}
Event: 654.160 GC heap before
{Heap before GC invocations=43 (full 0):
 garbage-first heap   total 262144K, used 169813K [0x00000000e0000000, 0x0000000100000000)
  region size 1024K, 38 young (38912K), 5 survivors (5120K)
 Metaspace       used 74058K, committed 74944K, reserved 393216K
  class space    used 9719K, committed 10176K, reserved 327680K
}
Event: 654.207 GC heap after
{Heap after GC invocations=44 (full 0):
 garbage-first heap   total 262144K, used 140843K [0x00000000e0000000, 0x0000000100000000)
  region size 1024K, 4 young (4096K), 4 survivors (4096K)
 Metaspace       used 74058K, committed 74944K, reserved 393216K
  class space    used 9719K, committed 10176K, reserved 327680K
}
Event: 656.868 GC heap before
{Heap before GC invocations=44 (full 0):
 garbage-first heap   total 262144K, used 196139K [0x00000000e0000000, 0x0000000100000000)
  region size 1024K, 58 young (59392K), 4 survivors (4096K)
 Metaspace       used 75016K, committed 75968K, reserved 458752K
  class space    used 9814K, committed 10304K, reserved 327680K
}
Event: 656.883 GC heap after
{Heap after GC invocations=45 (full 0):
 garbage-first heap   total 262144K, used 142824K [0x00000000e0000000, 0x0000000100000000)
  region size 1024K, 6 young (6144K), 6 survivors (6144K)
 Metaspace       used 75016K, committed 75968K, reserved 458752K
  class space    used 9814K, committed 10304K, reserved 327680K
}
Event: 659.054 GC heap before
{Heap before GC invocations=45 (full 0):
 garbage-first heap   total 262144K, used 203240K [0x00000000e0000000, 0x0000000100000000)
  region size 1024K, 65 young (66560K), 6 survivors (6144K)
 Metaspace       used 75184K, committed 76096K, reserved 458752K
  class space    used 9833K, committed 10304K, reserved 327680K
}
Event: 659.079 GC heap after
{Heap after GC invocations=46 (full 0):
 garbage-first heap   total 262144K, used 145797K [0x00000000e0000000, 0x0000000100000000)
  region size 1024K, 5 young (5120K), 5 survivors (5120K)
 Metaspace       used 75184K, committed 76096K, reserved 458752K
  class space    used 9833K, committed 10304K, reserved 327680K
}
Event: 661.565 GC heap before
{Heap before GC invocations=46 (full 0):
 garbage-first heap   total 262144K, used 208261K [0x00000000e0000000, 0x0000000100000000)
  region size 1024K, 66 young (67584K), 5 survivors (5120K)
 Metaspace       used 75229K, committed 76160K, reserved 458752K
  class space    used 9834K, committed 10304K, reserved 327680K
}
Event: 661.580 GC heap after
{Heap after GC invocations=47 (full 0):
 garbage-first heap   total 262144K, used 148734K [0x00000000e0000000, 0x0000000100000000)
  region size 1024K, 6 young (6144K), 6 survivors (6144K)
 Metaspace       used 75229K, committed 76160K, reserved 458752K
  class space    used 9834K, committed 10304K, reserved 327680K
}

Deoptimization events (20 events):
Event: 657.226 Thread 0x00000236fdb89e40 DEOPT PACKING pc=0x00000236ed6c5094 sp=0x00000087997f8cd0
Event: 657.226 Thread 0x00000236fdb89e40 DEOPT UNPACKING pc=0x00000236ec5d23a3 sp=0x00000087997f8b18 mode 2
Event: 657.273 Thread 0x00000236fdb89e40 Uncommon trap: trap_request=0xffffff45 fr.pc=0x00000236ed6ae23c relative=0x000000000000099c
Event: 657.273 Thread 0x00000236fdb89e40 Uncommon trap: reason=unstable_if action=reinterpret pc=0x00000236ed6ae23c method=lombok.core.configuration.FileSystemSourceCache.parseIfNeccesary(Llombok/core/configuration/ConfigurationFile;Llombok/core/configuration/ConfigurationParser;)Llombok/core/co
Event: 657.273 Thread 0x00000236fdb89e40 DEOPT PACKING pc=0x00000236ed6ae23c sp=0x00000087997f8a40
Event: 657.273 Thread 0x00000236fdb89e40 DEOPT UNPACKING pc=0x00000236ec5d23a3 sp=0x00000087997f89e8 mode 2
Event: 658.568 Thread 0x00000236fdb89e40 DEOPT PACKING pc=0x00000236e6d387e7 sp=0x00000087997f8ca0
Event: 658.568 Thread 0x00000236fdb89e40 DEOPT UNPACKING pc=0x00000236ec5d2b43 sp=0x00000087997f81d8 mode 0
Event: 661.119 Thread 0x00000236fdb89e40 DEOPT PACKING pc=0x00000236e6d47e20 sp=0x00000087997f8ba0
Event: 661.119 Thread 0x00000236fdb89e40 DEOPT UNPACKING pc=0x00000236ec5d2b43 sp=0x00000087997f8078 mode 0
Event: 661.141 Thread 0x00000236fdb89e40 DEOPT PACKING pc=0x00000236e6d47e20 sp=0x00000087997f8810
Event: 661.141 Thread 0x00000236fdb89e40 DEOPT UNPACKING pc=0x00000236ec5d2b43 sp=0x00000087997f7ce0 mode 0
Event: 662.337 Thread 0x00000236fdb89e40 Uncommon trap: trap_request=0xffffff45 fr.pc=0x00000236ed7fd2cc relative=0x0000000000000a2c
Event: 662.337 Thread 0x00000236fdb89e40 Uncommon trap: reason=unstable_if action=reinterpret pc=0x00000236ed7fd2cc method=lombok.core.FieldAugment$MapFieldAugment.read(Ljava/lang/Object;)Ljava/lang/Object; @ 12 c2
Event: 662.337 Thread 0x00000236fdb89e40 DEOPT PACKING pc=0x00000236ed7fd2cc sp=0x00000087997f8f90
Event: 662.337 Thread 0x00000236fdb89e40 DEOPT UNPACKING pc=0x00000236ec5d23a3 sp=0x00000087997f8ef8 mode 2
Event: 662.338 Thread 0x00000236fdb89e40 Uncommon trap: trap_request=0xffffff45 fr.pc=0x00000236ed6a2478 relative=0x00000000000002b8
Event: 662.338 Thread 0x00000236fdb89e40 Uncommon trap: reason=unstable_if action=reinterpret pc=0x00000236ed6a2478 method=lombok.core.FieldAugment$MapFieldAugment.read(Ljava/lang/Object;)Ljava/lang/Object; @ 12 c2
Event: 662.338 Thread 0x00000236fdb89e40 DEOPT PACKING pc=0x00000236ed6a2478 sp=0x00000087997f8f00
Event: 662.338 Thread 0x00000236fdb89e40 DEOPT UNPACKING pc=0x00000236ec5d23a3 sp=0x00000087997f8ee8 mode 2

Classes unloaded (20 events):
Event: 522.389 Thread 0x00000236f7805330 Unloading class 0x00000236819c6800 'lombok/launch/AnnotationProcessorHider$AnnotationProcessor'
Event: 522.389 Thread 0x00000236f7805330 Unloading class 0x0000023681224400 'java/lang/invoke/LambdaForm$MH+0x0000023681224400'
Event: 522.390 Thread 0x00000236f7805330 Unloading class 0x00000236811e7c00 'java/lang/invoke/LambdaForm$MH+0x00000236811e7c00'
Event: 522.390 Thread 0x00000236f7805330 Unloading class 0x00000236811e7800 'java/lang/invoke/LambdaForm$MH+0x00000236811e7800'
Event: 522.390 Thread 0x00000236f7805330 Unloading class 0x00000236811e7400 'java/lang/invoke/LambdaForm$MH+0x00000236811e7400'
Event: 522.390 Thread 0x00000236f7805330 Unloading class 0x00000236811e7000 'java/lang/invoke/LambdaForm$MH+0x00000236811e7000'
Event: 522.390 Thread 0x00000236f7805330 Unloading class 0x00000236811e6c00 'java/lang/invoke/LambdaForm$MH+0x00000236811e6c00'
Event: 522.390 Thread 0x00000236f7805330 Unloading class 0x00000236811e6800 'java/lang/invoke/LambdaForm$MH+0x00000236811e6800'
Event: 522.390 Thread 0x00000236f7805330 Unloading class 0x00000236811e6400 'java/lang/invoke/LambdaForm$MH+0x00000236811e6400'
Event: 522.390 Thread 0x00000236f7805330 Unloading class 0x00000236811e6000 'java/lang/invoke/LambdaForm$MH+0x00000236811e6000'
Event: 522.390 Thread 0x00000236f7805330 Unloading class 0x00000236811e5c00 'java/lang/invoke/LambdaForm$MH+0x00000236811e5c00'
Event: 522.390 Thread 0x00000236f7805330 Unloading class 0x00000236811e5800 'java/lang/invoke/LambdaForm$MH+0x00000236811e5800'
Event: 522.390 Thread 0x00000236f7805330 Unloading class 0x00000236811e4800 'java/lang/invoke/LambdaForm$MH+0x00000236811e4800'
Event: 522.390 Thread 0x00000236f7805330 Unloading class 0x00000236811e4400 'java/lang/invoke/LambdaForm$BMH+0x00000236811e4400'
Event: 522.390 Thread 0x00000236f7805330 Unloading class 0x0000023681110800 'java/lang/invoke/LambdaForm$DMH+0x0000023681110800'
Event: 522.390 Thread 0x00000236f7805330 Unloading class 0x0000023681110000 'java/lang/invoke/LambdaForm$DMH+0x0000023681110000'
Event: 522.390 Thread 0x00000236f7805330 Unloading class 0x0000023681038800 'java/lang/invoke/LambdaForm$DMH+0x0000023681038800'
Event: 522.390 Thread 0x00000236f7805330 Unloading class 0x000002368102e800 'java/lang/invoke/LambdaForm$MH+0x000002368102e800'
Event: 522.390 Thread 0x00000236f7805330 Unloading class 0x000002368102e400 'java/lang/invoke/LambdaForm$MH+0x000002368102e400'
Event: 522.391 Thread 0x00000236f7805330 Unloading class 0x000002368102c000 'java/lang/invoke/LambdaForm$MH+0x000002368102c000'

Classes redefined (0 events):
No events

Internal exceptions (20 events):
Event: 491.493 Thread 0x00000236ff0e0b80 Exception <a 'java/lang/NoClassDefFoundError'{0x00000000eaab9698}: org/cyclonedx/gradle/CycloneDxPlugin> (0x00000000eaab9698) 
thrown [s\open\src\hotspot\share\oops\constantPool.cpp, line 837]
Event: 508.508 Thread 0x00000236fdb84d40 Exception <a 'sun/nio/fs/WindowsException'{0x00000000ed6b7818}> (0x00000000ed6b7818) 
thrown [s\open\src\hotspot\share\prims\jni.cpp, line 516]
Event: 508.508 Thread 0x00000236fdb84d40 Exception <a 'sun/nio/fs/WindowsException'{0x00000000ed6b7b18}> (0x00000000ed6b7b18) 
thrown [s\open\src\hotspot\share\prims\jni.cpp, line 516]
Event: 527.441 Thread 0x00000236fdb84d40 Exception <a 'sun/nio/fs/WindowsException'{0x00000000edddbad8}> (0x00000000edddbad8) 
thrown [s\open\src\hotspot\share\prims\jni.cpp, line 516]
Event: 527.442 Thread 0x00000236fdb84d40 Exception <a 'sun/nio/fs/WindowsException'{0x00000000edddbdd8}> (0x00000000edddbdd8) 
thrown [s\open\src\hotspot\share\prims\jni.cpp, line 516]
Event: 528.203 Thread 0x00000236fdb84d40 Exception <a 'sun/nio/fs/WindowsException'{0x00000000eb310f38}> (0x00000000eb310f38) 
thrown [s\open\src\hotspot\share\prims\jni.cpp, line 516]
Event: 528.203 Thread 0x00000236fdb84d40 Exception <a 'sun/nio/fs/WindowsException'{0x00000000eb311238}> (0x00000000eb311238) 
thrown [s\open\src\hotspot\share\prims\jni.cpp, line 516]
Event: 528.921 Thread 0x00000236fdb84d40 Exception <a 'sun/nio/fs/WindowsException'{0x00000000ed50ee68}> (0x00000000ed50ee68) 
thrown [s\open\src\hotspot\share\prims\jni.cpp, line 516]
Event: 528.922 Thread 0x00000236fdb84d40 Exception <a 'sun/nio/fs/WindowsException'{0x00000000ed50f168}> (0x00000000ed50f168) 
thrown [s\open\src\hotspot\share\prims\jni.cpp, line 516]
Event: 530.028 Thread 0x00000236fdb84d40 Implicit null exception at 0x00000236ed69b50d to 0x00000236ed69b75b
Event: 530.114 Thread 0x00000236fdb84d40 Exception <a 'java/lang/reflect/InvocationTargetException'{0x00000000eb55dab8}> (0x00000000eb55dab8) 
thrown [s\open\src\hotspot\share\runtime\reflection.cpp, line 1121]
Event: 615.408 Thread 0x00000236fd66af90 Exception <a 'sun/nio/fs/WindowsException'{0x00000000ea363450}> (0x00000000ea363450) 
thrown [s\open\src\hotspot\share\prims\jni.cpp, line 516]
Event: 615.450 Thread 0x00000236fd66af90 Exception <a 'sun/nio/fs/WindowsException'{0x00000000ea3649c8}> (0x00000000ea3649c8) 
thrown [s\open\src\hotspot\share\prims\jni.cpp, line 516]
Event: 615.457 Thread 0x00000236fd66af90 Exception <a 'sun/nio/fs/WindowsException'{0x00000000ea365f40}> (0x00000000ea365f40) 
thrown [s\open\src\hotspot\share\prims\jni.cpp, line 516]
Event: 615.461 Thread 0x00000236fd66af90 Exception <a 'sun/nio/fs/WindowsException'{0x00000000ea3670a8}> (0x00000000ea3670a8) 
thrown [s\open\src\hotspot\share\prims\jni.cpp, line 516]
Event: 616.792 Thread 0x00000236fd66af90 Exception <a 'java/lang/NoClassDefFoundError'{0x00000000e9c0e760}: org/jetbrains/kotlin/gradle/plugin/KotlinPluginWrapper> (0x00000000e9c0e760) 
thrown [s\open\src\hotspot\share\oops\constantPool.cpp, line 837]
Event: 616.795 Thread 0x00000236fd66af90 Exception <a 'java/lang/NoClassDefFoundError'{0x00000000e9c10858}: org/graalvm/buildtools/gradle/NativeImagePlugin> (0x00000000e9c10858) 
thrown [s\open\src\hotspot\share\oops\constantPool.cpp, line 837]
Event: 616.795 Thread 0x00000236fd66af90 Exception <a 'java/lang/NoClassDefFoundError'{0x00000000e9c12940}: org/cyclonedx/gradle/CycloneDxPlugin> (0x00000000e9c12940) 
thrown [s\open\src\hotspot\share\oops\constantPool.cpp, line 837]
Event: 647.974 Thread 0x00000236fdb89e40 Exception <a 'sun/nio/fs/WindowsException'{0x00000000ece8bff8}> (0x00000000ece8bff8) 
thrown [s\open\src\hotspot\share\prims\jni.cpp, line 516]
Event: 647.974 Thread 0x00000236fdb89e40 Exception <a 'sun/nio/fs/WindowsException'{0x00000000ece8c2f8}> (0x00000000ece8c2f8) 
thrown [s\open\src\hotspot\share\prims\jni.cpp, line 516]

VM Operations (20 events):
Event: 654.160 Executing VM operation: G1CollectForAllocation
Event: 654.207 Executing VM operation: G1CollectForAllocation done
Event: 655.222 Executing VM operation: Cleanup
Event: 655.222 Executing VM operation: Cleanup done
Event: 656.229 Executing VM operation: Cleanup
Event: 656.232 Executing VM operation: Cleanup done
Event: 656.868 Executing VM operation: G1CollectForAllocation
Event: 656.883 Executing VM operation: G1CollectForAllocation done
Event: 658.892 Executing VM operation: Cleanup
Event: 658.989 Executing VM operation: Cleanup done
Event: 659.054 Executing VM operation: G1CollectForAllocation
Event: 659.080 Executing VM operation: G1CollectForAllocation done
Event: 660.095 Executing VM operation: Cleanup
Event: 660.096 Executing VM operation: Cleanup done
Event: 661.565 Executing VM operation: G1CollectForAllocation
Event: 661.580 Executing VM operation: G1CollectForAllocation done
Event: 662.587 Executing VM operation: Cleanup
Event: 662.619 Executing VM operation: Cleanup done
Event: 662.619 Executing VM operation: HandshakeAllThreads
Event: 662.619 Executing VM operation: HandshakeAllThreads done

Events (20 events):
Event: 653.004 Thread 0x00000236f789b4c0 flushing nmethod 0x00000236e6675510
Event: 653.005 Thread 0x00000236f789b4c0 flushing nmethod 0x00000236e66c7690
Event: 653.005 Thread 0x00000236f789b4c0 flushing nmethod 0x00000236e66e0c10
Event: 653.007 Thread 0x00000236f789b4c0 flushing nmethod 0x00000236e6756d90
Event: 653.008 Thread 0x00000236f789b4c0 flushing nmethod 0x00000236e6758210
Event: 653.008 Thread 0x00000236f789b4c0 flushing nmethod 0x00000236e6759890
Event: 653.008 Thread 0x00000236f789b4c0 flushing nmethod 0x00000236e675a190
Event: 653.008 Thread 0x00000236f789b4c0 flushing nmethod 0x00000236e675bf10
Event: 653.008 Thread 0x00000236f789b4c0 flushing nmethod 0x00000236e675cb10
Event: 653.008 Thread 0x00000236f789b4c0 flushing nmethod 0x00000236e675d990
Event: 653.008 Thread 0x00000236f789b4c0 flushing nmethod 0x00000236e675ee10
Event: 653.008 Thread 0x00000236f789b4c0 flushing nmethod 0x00000236e676bd10
Event: 653.008 Thread 0x00000236f789b4c0 flushing nmethod 0x00000236e676e290
Event: 653.008 Thread 0x00000236f789b4c0 flushing nmethod 0x00000236e676e890
Event: 653.011 Thread 0x00000236f789b4c0 flushing nmethod 0x00000236e67ef110
Event: 653.024 Thread 0x00000236f789b4c0 flushing nmethod 0x00000236e6bcf710
Event: 653.024 Thread 0x00000236f789b4c0 flushing nmethod 0x00000236e6bd0090
Event: 653.024 Thread 0x00000236f789b4c0 flushing nmethod 0x00000236e6bd9010
Event: 653.028 Thread 0x00000236f789b4c0 flushing nmethod 0x00000236e6cd7d90
Event: 660.833 Thread 0x00000236fdb84d40 Thread added: 0x00000236fdb84d40


Dynamic libraries:
0x00007ff753690000 - 0x00007ff7536a0000 	C:\Java\jdk-17\bin\java.exe
0x00007ff9f14d0000 - 0x00007ff9f16c8000 	C:\WINDOWS\SYSTEM32\ntdll.dll
0x00007ff9eff60000 - 0x00007ff9f0022000 	C:\WINDOWS\System32\KERNEL32.DLL
0x00007ff9ef1f0000 - 0x00007ff9ef4ef000 	C:\WINDOWS\System32\KERNELBASE.dll
0x00007ff9eee10000 - 0x00007ff9eef10000 	C:\WINDOWS\System32\ucrtbase.dll
0x00007ff9cbf80000 - 0x00007ff9cbf99000 	C:\Java\jdk-17\bin\jli.dll
0x00007ff9de370000 - 0x00007ff9de38b000 	C:\Java\jdk-17\bin\VCRUNTIME140.dll
0x00007ff9ef510000 - 0x00007ff9ef5bf000 	C:\WINDOWS\System32\ADVAPI32.dll
0x00007ff9ef6f0000 - 0x00007ff9ef78e000 	C:\WINDOWS\System32\msvcrt.dll
0x00007ff9f0d00000 - 0x00007ff9f0d9f000 	C:\WINDOWS\System32\sechost.dll
0x00007ff9f0e60000 - 0x00007ff9f0f83000 	C:\WINDOWS\System32\RPCRT4.dll
0x00007ff9ef080000 - 0x00007ff9ef0a7000 	C:\WINDOWS\System32\bcrypt.dll
0x00007ff9efc10000 - 0x00007ff9efdad000 	C:\WINDOWS\System32\USER32.dll
0x00007ff9eed70000 - 0x00007ff9eed92000 	C:\WINDOWS\System32\win32u.dll
0x00007ff9f0390000 - 0x00007ff9f03bb000 	C:\WINDOWS\System32\GDI32.dll
0x00007ff9eef60000 - 0x00007ff9ef07a000 	C:\WINDOWS\System32\gdi32full.dll
0x00007ff9eeb70000 - 0x00007ff9eec0d000 	C:\WINDOWS\System32\msvcp_win.dll
0x00007ff9dd530000 - 0x00007ff9dd7ca000 	C:\WINDOWS\WinSxS\amd64_microsoft.windows.common-controls_6595b64144ccf1df_6.0.19041.4355_none_60b8b9eb71f62e16\COMCTL32.dll
0x00007ff9e1fc0000 - 0x00007ff9e1fca000 	C:\WINDOWS\SYSTEM32\VERSION.dll
0x00007ff9ef5c0000 - 0x00007ff9ef5ef000 	C:\WINDOWS\System32\IMM32.DLL
0x00007ff9e64d0000 - 0x00007ff9e64dc000 	C:\Java\jdk-17\bin\vcruntime140_1.dll
0x00007ff9cd290000 - 0x00007ff9cd31e000 	C:\Java\jdk-17\bin\msvcp140.dll
0x00007ff95aa50000 - 0x00007ff95b630000 	C:\Java\jdk-17\bin\server\jvm.dll
0x00007ff9ef4f0000 - 0x00007ff9ef4f8000 	C:\WINDOWS\System32\PSAPI.DLL
0x00007ff9def00000 - 0x00007ff9def09000 	C:\WINDOWS\SYSTEM32\WSOCK32.dll
0x00007ff9f0b30000 - 0x00007ff9f0b9b000 	C:\WINDOWS\System32\WS2_32.dll
0x00007ff9de390000 - 0x00007ff9de3b7000 	C:\WINDOWS\SYSTEM32\WINMM.dll
0x00007ff9ed3b0000 - 0x00007ff9ed3c2000 	C:\WINDOWS\SYSTEM32\kernel.appcore.dll
0x00007ff9e4300000 - 0x00007ff9e430a000 	C:\Java\jdk-17\bin\jimage.dll
0x00007ff9ed070000 - 0x00007ff9ed254000 	C:\WINDOWS\SYSTEM32\DBGHELP.DLL
0x00007ff9e3470000 - 0x00007ff9e34a4000 	C:\WINDOWS\SYSTEM32\dbgcore.DLL
0x00007ff9ef0b0000 - 0x00007ff9ef132000 	C:\WINDOWS\System32\bcryptPrimitives.dll
0x00007ff9e34b0000 - 0x00007ff9e34be000 	C:\Java\jdk-17\bin\instrument.dll
0x00007ff9a5e20000 - 0x00007ff9a5e45000 	C:\Java\jdk-17\bin\java.dll
0x00007ff9a5d40000 - 0x00007ff9a5e17000 	C:\Java\jdk-17\bin\jsvml.dll
0x00007ff9f03c0000 - 0x00007ff9f0b2d000 	C:\WINDOWS\System32\SHELL32.dll
0x00007ff9ec7e0000 - 0x00007ff9ecf84000 	C:\WINDOWS\SYSTEM32\windows.storage.dll
0x00007ff9ef8b0000 - 0x00007ff9efc05000 	C:\WINDOWS\System32\combase.dll
0x00007ff9ee5a0000 - 0x00007ff9ee5cb000 	C:\WINDOWS\SYSTEM32\Wldp.dll
0x00007ff9f0210000 - 0x00007ff9f02dd000 	C:\WINDOWS\System32\OLEAUT32.dll
0x00007ff9f02e0000 - 0x00007ff9f038d000 	C:\WINDOWS\System32\SHCORE.dll
0x00007ff9f0e00000 - 0x00007ff9f0e55000 	C:\WINDOWS\System32\shlwapi.dll
0x00007ff9eeaa0000 - 0x00007ff9eeac5000 	C:\WINDOWS\SYSTEM32\profapi.dll
0x00007ff9b8fa0000 - 0x00007ff9b8fb8000 	C:\Java\jdk-17\bin\zip.dll
0x00007ff9b2930000 - 0x00007ff9b2949000 	C:\Java\jdk-17\bin\net.dll
0x00007ff9e2c50000 - 0x00007ff9e2d5a000 	C:\WINDOWS\SYSTEM32\WINHTTP.dll
0x00007ff9ee300000 - 0x00007ff9ee36c000 	C:\WINDOWS\system32\mswsock.dll
0x00007ff9a5d20000 - 0x00007ff9a5d36000 	C:\Java\jdk-17\bin\nio.dll
0x00007ff9e4210000 - 0x00007ff9e4220000 	C:\Java\jdk-17\bin\verify.dll
0x00007ff9e0f80000 - 0x00007ff9e0fa7000 	C:\Users\dkanr\.gradle\native\1def1411415f61bf3af743bc5b6707747c0891f09f0c88961ee8f79bc544acac\windows-amd64\native-platform.dll
0x00007ff9cde30000 - 0x00007ff9cdea8000 	C:\Users\dkanr\.gradle\native\0.2.6\x86_64-windows-gnu\gradle-fileevents.dll
0x00007ff9e4230000 - 0x00007ff9e423a000 	C:\Java\jdk-17\bin\management.dll
0x00007ff9e4220000 - 0x00007ff9e422b000 	C:\Java\jdk-17\bin\management_ext.dll
0x00007ff9edf90000 - 0x00007ff9edfcb000 	C:\WINDOWS\SYSTEM32\IPHLPAPI.DLL
0x00007ff9ef5f0000 - 0x00007ff9ef5f8000 	C:\WINDOWS\System32\NSI.dll
0x00007ff9e2d60000 - 0x00007ff9e2d77000 	C:\WINDOWS\SYSTEM32\dhcpcsvc6.DLL
0x00007ff9e3210000 - 0x00007ff9e322d000 	C:\WINDOWS\SYSTEM32\dhcpcsvc.DLL
0x00007ff9edfe0000 - 0x00007ff9ee0aa000 	C:\WINDOWS\SYSTEM32\DNSAPI.dll
0x00007ff9ee500000 - 0x00007ff9ee518000 	C:\WINDOWS\SYSTEM32\CRYPTSP.dll
0x00007ff9edb90000 - 0x00007ff9edbc8000 	C:\WINDOWS\system32\rsaenh.dll
0x00007ff9eea60000 - 0x00007ff9eea8e000 	C:\WINDOWS\SYSTEM32\USERENV.dll
0x00007ff9ee4f0000 - 0x00007ff9ee4fc000 	C:\WINDOWS\SYSTEM32\CRYPTBASE.dll
0x00007ff9e4120000 - 0x00007ff9e412e000 	C:\Java\jdk-17\bin\sunmscapi.dll
0x00007ff9eec10000 - 0x00007ff9eed6c000 	C:\WINDOWS\System32\CRYPT32.dll
0x00007ff9ee610000 - 0x00007ff9ee637000 	C:\WINDOWS\SYSTEM32\ncrypt.dll
0x00007ff9ee5d0000 - 0x00007ff9ee60b000 	C:\WINDOWS\SYSTEM32\NTASN1.dll
0x00007ff9e42c0000 - 0x00007ff9e42c7000 	C:\WINDOWS\system32\wshunix.dll

dbghelp: loaded successfully - version: 4.0.5 - missing functions: none
symbol engine: initialized successfully - sym options: 0x614 - pdb path: .;C:\Java\jdk-17\bin;C:\WINDOWS\SYSTEM32;C:\WINDOWS\WinSxS\amd64_microsoft.windows.common-controls_6595b64144ccf1df_6.0.19041.4355_none_60b8b9eb71f62e16;C:\Java\jdk-17\bin\server;C:\Users\dkanr\.gradle\native\1def1411415f61bf3af743bc5b6707747c0891f09f0c88961ee8f79bc544acac\windows-amd64;C:\Users\dkanr\.gradle\native\0.2.6\x86_64-windows-gnu

VM Arguments:
jvm_args: --add-opens=java.base/java.lang=ALL-UNNAMED --add-opens=java.base/java.lang.invoke=ALL-UNNAMED --add-opens=java.base/java.util=ALL-UNNAMED --add-opens=java.prefs/java.util.prefs=ALL-UNNAMED --add-exports=jdk.compiler/com.sun.tools.javac.api=ALL-UNNAMED --add-exports=jdk.compiler/com.sun.tools.javac.util=ALL-UNNAMED --add-opens=java.base/java.util=ALL-UNNAMED --add-opens=java.prefs/java.util.prefs=ALL-UNNAMED --add-opens=java.base/java.nio.charset=ALL-UNNAMED --add-opens=java.base/java.net=ALL-UNNAMED --add-opens=java.base/java.util.concurrent.atomic=ALL-UNNAMED --add-opens=java.xml/javax.xml.namespace=ALL-UNNAMED -XX:MaxMetaspaceSize=384m -XX:+HeapDumpOnOutOfMemoryError -Xms256m -Xmx512m -Dfile.encoding=UTF-8 -Duser.country=KR -Duser.language=ko -Duser.variant -javaagent:C:\Users\dkanr\.gradle\wrapper\dists\gradle-8.12.1-bin\eumc4uhoysa37zql93vfjkxy0\gradle-8.12.1\lib\agents\gradle-instrumentation-agent-8.12.1.jar 
java_command: org.gradle.launcher.daemon.bootstrap.GradleDaemon 8.12.1
java_class_path (initial): C:\Users\dkanr\.gradle\wrapper\dists\gradle-8.12.1-bin\eumc4uhoysa37zql93vfjkxy0\gradle-8.12.1\lib\gradle-daemon-main-8.12.1.jar
Launcher Type: SUN_STANDARD

[Global flags]
     intx CICompilerCount                          = 3                                         {product} {ergonomic}
   size_t CompressedClassSpaceSize                 = 335544320                                 {product} {ergonomic}
     uint ConcGCThreads                            = 1                                         {product} {ergonomic}
     uint G1ConcRefinementThreads                  = 4                                         {product} {ergonomic}
   size_t G1HeapRegionSize                         = 1048576                                   {product} {ergonomic}
    uintx GCDrainStackTargetSize                   = 64                                        {product} {ergonomic}
     bool HeapDumpOnOutOfMemoryError               = true                                   {manageable} {command line}
   size_t InitialHeapSize                          = 268435456                                 {product} {command line}
   size_t MarkStackSize                            = 4194304                                   {product} {ergonomic}
   size_t MaxHeapSize                              = 536870912                                 {product} {command line}
   size_t MaxMetaspaceSize                         = 402653184                                 {product} {command line}
   size_t MaxNewSize                               = 321912832                                 {product} {ergonomic}
   size_t MinHeapDeltaBytes                        = 1048576                                   {product} {ergonomic}
   size_t MinHeapSize                              = 268435456                                 {product} {command line}
    uintx NonNMethodCodeHeapSize                   = 5832780                                {pd product} {ergonomic}
    uintx NonProfiledCodeHeapSize                  = 122912730                              {pd product} {ergonomic}
    uintx ProfiledCodeHeapSize                     = 122912730                              {pd product} {ergonomic}
    uintx ReservedCodeCacheSize                    = 251658240                              {pd product} {ergonomic}
     bool SegmentedCodeCache                       = true                                      {product} {ergonomic}
   size_t SoftMaxHeapSize                          = 536870912                              {manageable} {ergonomic}
     bool UseCompressedClassPointers               = true                           {product lp64_product} {ergonomic}
     bool UseCompressedOops                        = true                           {product lp64_product} {ergonomic}
     bool UseG1GC                                  = true                                      {product} {ergonomic}
     bool UseLargePagesIndividualAllocation        = false                                  {pd product} {ergonomic}

Logging:
Log output configuration:
 #0: stdout all=warning uptime,level,tags
 #1: stderr all=off uptime,level,tags

Environment Variables:
JAVA_HOME=C:\Java\jdk-17
PATH=C:\Java\jdk-17\bin;C:\Program Files\Common Files\Oracle\Java\javapath;C:\Python312\Scripts\;C:\Python312\;%CPLEX_STUDIO_BINARIES201%;C:\Program Files (x86)\Intel\iCLS Client\;C:\Program Files\Intel\iCLS Client\;C:\WINDOWS\system32;C:\WINDOWS;C:\WINDOWS\System32\Wbem;C:\WINDOWS\System32\WindowsPowerShell\v1.0\;C:\Program Files (x86)\Intel\Intel(R) Management Engine Components\DAL;C:\Program Files\Intel\Intel(R) Management Engine Components\DAL;C:\Program Files (x86)\Intel\Intel(R) Management Engine Components\IPT;C:\Program Files\Intel\Intel(R) Management Engine Components\IPT;C:\WINDOWS\System32\OpenSSH\;C:\Program Files\Intel\WiFi\bin\;C:\Program Files\Common Files\Intel\WirelessCommon\;C:\Program Files\nodejs\;C:\ProgramData\chocolatey\bin;C:\Users\dkanr\AppData\Roaming\Microsoft\Windows\Start Menu\Programs\Git\Git CMD;C:\Program Files\Bandizip\;C:\Users\dkanr\AppData\Local\Programs\Python\Python312\Scripts\;C:\Users\dkanr\AppData\Local\Programs\Python\Python312\;C:\Users\dkanr\AppData\Local\Microsoft\WindowsApps;C:\Users\dkanr\AppData\Local\Programs\Microsoft VS Code\bin;C:\Users\dkanr\AppData\Roaming\npm;C:\Users\dkanr\AppData\Local\Programs\Git\cmd
USERNAME=dkanr
OS=Windows_NT
PROCESSOR_IDENTIFIER=Intel64 Family 6 Model 142 Stepping 9, GenuineIntel



---------------  S Y S T E M  ---------------

OS:
 Windows 10 , 64 bit Build 19041 (10.0.19041.5438)
OS uptime: 9 days 21:21 hours
Hyper-V role detected

CPU: total 4 (initial active 4) (2 cores per cpu, 2 threads per core) family 6 model 142 stepping 9 microcode 0xb4, cx8, cmov, fxsr, ht, mmx, 3dnowpref, sse, sse2, sse3, ssse3, sse4.1, sse4.2, popcnt, lzcnt, tsc, tscinvbit, avx, avx2, aes, erms, clmul, bmi1, bmi2, adx, fma, vzeroupper, clflush, clflushopt, hv

Memory: 4k page, system-wide physical 8107M (102M free)
TotalPageFile size 32683M (AvailPageFile size 3M)
current process WorkingSet (physical memory assigned to process): 370M, peak: 441M
current process commit charge ("private bytes"): 555M, peak: 560M

vm_info: Java HotSpot(TM) 64-Bit Server VM (17.0.12+8-LTS-286) for windows-amd64 JRE (17.0.12+8-LTS-286), built on Jun  5 2024 06:46:59 by "mach5one" with MS VC++ 17.6 (VS2022)

END.
