#
# There is insufficient memory for the Java Runtime Environment to continue.
# Native memory allocation (malloc) failed to allocate 910992 bytes for Chunk::new
# Possible reasons:
#   The system is out of physical RAM or swap space
#   The process is running with CompressedOops enabled, and the Java Heap may be blocking the growth of the native heap
# Possible solutions:
#   Reduce memory load on the system
#   Increase physical memory or swap space
#   Check if swap backing store is full
#   Decrease Java heap size (-Xmx/-Xms)
#   Decrease number of Java threads
#   Decrease Java thread stack sizes (-Xss)
#   Set larger code cache with -XX:ReservedCodeCacheSize=
#   JVM is running with Unscaled Compressed Oops mode in which the Java heap is
#     placed in the first 4GB address space. The Java Heap base address is the
#     maximum limit for the native heap growth. Please use -XX:HeapBaseMinAddress
#     to set the Java Heap base and to place the Java Heap above 4GB virtual address.
# This output file may be truncated or incomplete.
#
#  Out of Memory Error (arena.cpp:189), pid=18168, tid=1504
#
# JRE version: Java(TM) SE Runtime Environment (17.0.12+8) (build 17.0.12+8-LTS-286)
# Java VM: Java HotSpot(TM) 64-Bit Server VM (17.0.12+8-LTS-286, mixed mode, sharing, tiered, compressed oops, compressed class ptrs, g1 gc, windows-amd64)
# No core dump will be written. Minidumps are not enabled by default on client versions of Windows
#

---------------  S U M M A R Y ------------

Command Line: --add-opens=java.base/java.lang=ALL-UNNAMED --add-opens=java.base/java.lang.invoke=ALL-UNNAMED --add-opens=java.base/java.util=ALL-UNNAMED --add-opens=java.prefs/java.util.prefs=ALL-UNNAMED --add-exports=jdk.compiler/com.sun.tools.javac.api=ALL-UNNAMED --add-exports=jdk.compiler/com.sun.tools.javac.util=ALL-UNNAMED --add-opens=java.base/java.util=ALL-UNNAMED --add-opens=java.prefs/java.util.prefs=ALL-UNNAMED --add-opens=java.base/java.nio.charset=ALL-UNNAMED --add-opens=java.base/java.net=ALL-UNNAMED --add-opens=java.base/java.util.concurrent.atomic=ALL-UNNAMED --add-opens=java.xml/javax.xml.namespace=ALL-UNNAMED -XX:MaxMetaspaceSize=384m -XX:+HeapDumpOnOutOfMemoryError -Xms256m -Xmx512m -Dfile.encoding=UTF-8 -Duser.country=KR -Duser.language=ko -Duser.variant -javaagent:C:\Users\dkanr\.gradle\wrapper\dists\gradle-8.12.1-bin\eumc4uhoysa37zql93vfjkxy0\gradle-8.12.1\lib\agents\gradle-instrumentation-agent-8.12.1.jar org.gradle.launcher.daemon.bootstrap.GradleDaemon 8.12.1

Host: Intel(R) Core(TM) i3-7100U CPU @ 2.40GHz, 4 cores, 7G,  Windows 10 , 64 bit Build 19041 (10.0.19041.5438)
Time: Sun Mar 23 00:17:20 2025  Windows 10 , 64 bit Build 19041 (10.0.19041.5438) elapsed time: 80.108117 seconds (0d 0h 1m 20s)

---------------  T H R E A D  ---------------

Current thread (0x00000243b112ef80):  JavaThread "C2 CompilerThread0" daemon [_thread_in_native, id=1504, stack(0x0000006119b00000,0x0000006119c00000)]


Current CompileTask:
C2:  80108 5137       4       org.gradle.internal.service.DefaultServiceRegistry$OwnServices::getService (317 bytes)

Stack: [0x0000006119b00000,0x0000006119c00000]
Native frames: (J=compiled Java code, j=interpreted, Vv=VM code, C=native code)
V  [jvm.dll+0x67a04a]
V  [jvm.dll+0x7da4ed]
V  [jvm.dll+0x7dbe33]
V  [jvm.dll+0x7dc4a3]
V  [jvm.dll+0x24508f]
V  [jvm.dll+0xab773]
V  [jvm.dll+0xabd3c]
V  [jvm.dll+0x361bee]
V  [jvm.dll+0x1ba45a]
V  [jvm.dll+0x216997]
V  [jvm.dll+0x215c6f]
V  [jvm.dll+0x1a2960]
V  [jvm.dll+0x22610b]
V  [jvm.dll+0x2242ab]
V  [jvm.dll+0x79075c]
V  [jvm.dll+0x78abea]
V  [jvm.dll+0x678f35]
C  [ucrtbase.dll+0x21bb2]
C  [KERNEL32.DLL+0x17374]
C  [ntdll.dll+0x4cc91]


---------------  P R O C E S S  ---------------

Threads class SMR info:
_java_thread_list=0x00000243cd938760, length=40, elements={
0x00000243970894d0, 0x00000243b110a8f0, 0x00000243b110b680, 0x00000243b112b850,
0x00000243b112c120, 0x00000243b112da00, 0x00000243b112e2d0, 0x00000243b112ef80,
0x00000243b1130950, 0x00000243b11b22f0, 0x00000243b10f2610, 0x00000243b137cd50,
0x00000243cb94d420, 0x00000243cb037960, 0x00000243b1651fd0, 0x00000243cb907620,
0x00000243b19016f0, 0x00000243cb27af10, 0x00000243cb27b420, 0x00000243cb279fe0,
0x00000243cb27a4f0, 0x00000243cb27b930, 0x00000243cb27d280, 0x00000243cb27cd70,
0x00000243cb27aa00, 0x00000243cb27d790, 0x00000243cb27c350, 0x00000243cb27c860,
0x00000243cb23c980, 0x00000243cb241a80, 0x00000243cb23ce90, 0x00000243cb2433d0,
0x00000243cb2424a0, 0x00000243cb241f90, 0x00000243cb23f710, 0x00000243cb23f200,
0x00000243cb240130, 0x00000243cb2429b0, 0x00000243cb23d8b0, 0x00000243cb23fc20
}

Java Threads: ( => current thread )
  0x00000243970894d0 JavaThread "main" [_thread_blocked, id=28560, stack(0x0000006118e00000,0x0000006118f00000)]
  0x00000243b110a8f0 JavaThread "Reference Handler" daemon [_thread_blocked, id=27352, stack(0x0000006119500000,0x0000006119600000)]
  0x00000243b110b680 JavaThread "Finalizer" daemon [_thread_blocked, id=19260, stack(0x0000006119600000,0x0000006119700000)]
  0x00000243b112b850 JavaThread "Signal Dispatcher" daemon [_thread_blocked, id=27988, stack(0x0000006119700000,0x0000006119800000)]
  0x00000243b112c120 JavaThread "Attach Listener" daemon [_thread_blocked, id=5664, stack(0x0000006119800000,0x0000006119900000)]
  0x00000243b112da00 JavaThread "Service Thread" daemon [_thread_blocked, id=21588, stack(0x0000006119900000,0x0000006119a00000)]
  0x00000243b112e2d0 JavaThread "Monitor Deflation Thread" daemon [_thread_blocked, id=29272, stack(0x0000006119a00000,0x0000006119b00000)]
=>0x00000243b112ef80 JavaThread "C2 CompilerThread0" daemon [_thread_in_native, id=1504, stack(0x0000006119b00000,0x0000006119c00000)]
  0x00000243b1130950 JavaThread "C1 CompilerThread0" daemon [_thread_blocked, id=2392, stack(0x0000006119c00000,0x0000006119d00000)]
  0x00000243b11b22f0 JavaThread "Sweeper thread" daemon [_thread_blocked, id=26920, stack(0x0000006119d00000,0x0000006119e00000)]
  0x00000243b10f2610 JavaThread "Common-Cleaner" daemon [_thread_blocked, id=528, stack(0x0000006119e00000,0x0000006119f00000)]
  0x00000243b137cd50 JavaThread "Notification Thread" daemon [_thread_blocked, id=1072, stack(0x0000006119f00000,0x000000611a000000)]
  0x00000243cb94d420 JavaThread "Daemon health stats" [_thread_blocked, id=404, stack(0x000000611a400000,0x000000611a500000)]
  0x00000243cb037960 JavaThread "Incoming local TCP Connector on port 14166" [_thread_in_native, id=1332, stack(0x000000611a500000,0x000000611a600000)]
  0x00000243b1651fd0 JavaThread "Daemon periodic checks" [_thread_blocked, id=7088, stack(0x000000611a600000,0x000000611a700000)]
  0x00000243cb907620 JavaThread "Daemon" [_thread_blocked, id=18000, stack(0x000000611a700000,0x000000611a800000)]
  0x00000243b19016f0 JavaThread "Handler for socket connection from /127.0.0.1:14166 to /127.0.0.1:14168" [_thread_in_native, id=27888, stack(0x000000611a800000,0x000000611a900000)]
  0x00000243cb27af10 JavaThread "Cancel handler" [_thread_blocked, id=8256, stack(0x000000611a900000,0x000000611aa00000)]
  0x00000243cb27b420 JavaThread "Daemon worker" [_thread_in_vm, id=20740, stack(0x000000611aa00000,0x000000611ab00000)]
  0x00000243cb279fe0 JavaThread "Asynchronous log dispatcher for DefaultDaemonConnection: socket connection from /127.0.0.1:14166 to /127.0.0.1:14168" [_thread_blocked, id=19592, stack(0x000000611ab00000,0x000000611ac00000)]
  0x00000243cb27a4f0 JavaThread "Stdin handler" [_thread_blocked, id=26368, stack(0x000000611ac00000,0x000000611ad00000)]
  0x00000243cb27b930 JavaThread "Daemon client event forwarder" [_thread_blocked, id=25036, stack(0x000000611ad00000,0x000000611ae00000)]
  0x00000243cb27d280 JavaThread "Cache worker for journal cache (C:\Users\dkanr\.gradle\caches\journal-1)" [_thread_blocked, id=11932, stack(0x0000006118d00000,0x0000006118e00000)]
  0x00000243cb27cd70 JavaThread "File lock request listener" [_thread_in_native, id=15184, stack(0x000000611ae00000,0x000000611af00000)]
  0x00000243cb27aa00 JavaThread "File lock release action executor" [_thread_blocked, id=4924, stack(0x000000611af00000,0x000000611b000000)]
  0x00000243cb27d790 JavaThread "Cache worker for file hash cache (C:\Users\dkanr\.gradle\caches\8.12.1\fileHashes)" [_thread_blocked, id=22900, stack(0x000000611b000000,0x000000611b100000)]
  0x00000243cb27c350 JavaThread "Cache worker for file hash cache (C:\Users\dkanr\Desktop\sol-pick-be\.gradle\8.12.1\fileHashes)" [_thread_blocked, id=17624, stack(0x000000611b100000,0x000000611b200000)]
  0x00000243cb27c860 JavaThread "Cache worker for Build Output Cleanup Cache (C:\Users\dkanr\Desktop\sol-pick-be\.gradle\buildOutputCleanup)" [_thread_blocked, id=27428, stack(0x000000611b200000,0x000000611b300000)]
  0x00000243cb23c980 JavaThread "File watcher server" daemon [_thread_in_native, id=10016, stack(0x000000611b300000,0x000000611b400000)]
  0x00000243cb241a80 JavaThread "File watcher consumer" daemon [_thread_blocked, id=12996, stack(0x000000611b400000,0x000000611b500000)]
  0x00000243cb23ce90 JavaThread "jar transforms" [_thread_blocked, id=22944, stack(0x000000611b500000,0x000000611b600000)]
  0x00000243cb2433d0 JavaThread "jar transforms Thread 2" [_thread_blocked, id=27532, stack(0x000000611b600000,0x000000611b700000)]
  0x00000243cb2424a0 JavaThread "Cache worker for checksums cache (C:\Users\dkanr\Desktop\sol-pick-be\.gradle\8.12.1\checksums)" [_thread_blocked, id=20924, stack(0x000000611b700000,0x000000611b800000)]
  0x00000243cb241f90 JavaThread "Cache worker for file content cache (C:\Users\dkanr\.gradle\caches\8.12.1\fileContent)" [_thread_blocked, id=25772, stack(0x000000611ba00000,0x000000611bb00000)]
  0x00000243cb23f710 JavaThread "jar transforms Thread 3" [_thread_blocked, id=27508, stack(0x000000611bb00000,0x000000611bc00000)]
  0x00000243cb23f200 JavaThread "Cache worker for cache directory md-rule (C:\Users\dkanr\.gradle\caches\8.12.1\md-rule)" [_thread_blocked, id=124, stack(0x000000611bc00000,0x000000611bd00000)]
  0x00000243cb240130 JavaThread "Cache worker for cache directory md-supplier (C:\Users\dkanr\.gradle\caches\8.12.1\md-supplier)" [_thread_blocked, id=14516, stack(0x000000611bd00000,0x000000611be00000)]
  0x00000243cb2429b0 JavaThread "Unconstrained build operations" [_thread_blocked, id=3016, stack(0x0000006118b00000,0x0000006118c00000)]
  0x00000243cb23d8b0 JavaThread "Unconstrained build operations Thread 2" [_thread_blocked, id=28584, stack(0x0000006118c00000,0x0000006118d00000)]
  0x00000243cb23fc20 JavaThread "jar transforms Thread 4" [_thread_blocked, id=14248, stack(0x000000611bf00000,0x000000611c000000)]

Other Threads:
  0x00000243b1105980 VMThread "VM Thread" [stack: 0x0000006119400000,0x0000006119500000] [id=8844]
  0x000002439708a140 WatcherThread [stack: 0x000000611a000000,0x000000611a100000] [id=5172]
  0x00000243970b63b0 GCTaskThread "GC Thread#0" [stack: 0x0000006118f00000,0x0000006119000000] [id=24640]
  0x00000243b1387370 GCTaskThread "GC Thread#1" [stack: 0x000000611a100000,0x000000611a200000] [id=3428]
  0x00000243b138d810 GCTaskThread "GC Thread#2" [stack: 0x000000611a200000,0x000000611a300000] [id=8516]
  0x00000243b13b7a10 GCTaskThread "GC Thread#3" [stack: 0x000000611a300000,0x000000611a400000] [id=948]
  0x00000243970bb210 ConcurrentGCThread "G1 Main Marker" [stack: 0x0000006119000000,0x0000006119100000] [id=16740]
  0x00000243970bbb30 ConcurrentGCThread "G1 Conc#0" [stack: 0x0000006119100000,0x0000006119200000] [id=15248]
  0x000002439715e050 ConcurrentGCThread "G1 Refine#0" [stack: 0x0000006119200000,0x0000006119300000] [id=3820]
  0x00000243cc932430 ConcurrentGCThread "G1 Refine#1" [stack: 0x000000611be00000,0x000000611bf00000] [id=220]
  0x000002439715e990 ConcurrentGCThread "G1 Service" [stack: 0x0000006119300000,0x0000006119400000] [id=8424]

Threads with active compile tasks:
C2 CompilerThread0    80428 5137       4       org.gradle.internal.service.DefaultServiceRegistry$OwnServices::getService (317 bytes)

VM state: not at safepoint (normal execution)

VM Mutex/Monitor currently owned by a thread: None

Heap address: 0x00000000e0000000, size: 512 MB, Compressed Oops mode: 32-bit

CDS archive(s) mapped at: [0x00000243b2000000-0x00000243b2bd0000-0x00000243b2bd0000), size 12386304, SharedBaseAddress: 0x00000243b2000000, ArchiveRelocationMode: 1.
Compressed class space mapped at: 0x00000243b3000000-0x00000243c7000000, reserved size: 335544320
Narrow klass base: 0x00000243b2000000, Narrow klass shift: 0, Narrow klass range: 0x100000000

GC Precious Log:
 CPUs: 4 total, 4 available
 Memory: 8107M
 Large Page Support: Disabled
 NUMA Support: Disabled
 Compressed Oops: Enabled (32-bit)
 Heap Region Size: 1M
 Heap Min Capacity: 256M
 Heap Initial Capacity: 256M
 Heap Max Capacity: 512M
 Pre-touch: Disabled
 Parallel Workers: 4
 Concurrent Workers: 1
 Concurrent Refinement Workers: 4
 Periodic GC: Disabled

Heap:
 garbage-first heap   total 262144K, used 122727K [0x00000000e0000000, 0x0000000100000000)
  region size 1024K, 99 young (101376K), 10 survivors (10240K)
 Metaspace       used 44979K, committed 45504K, reserved 393216K
  class space    used 6359K, committed 6592K, reserved 327680K

Heap Regions: E=young(eden), S=young(survivor), O=old, HS=humongous(starts), HC=humongous(continues), CS=collection set, F=free, OA=open archive, CA=closed archive, TAMS=top-at-mark-start (previous, next)
|   0|0x00000000e0000000, 0x00000000e0100000, 0x00000000e0100000|100%|HS|  |TAMS 0x00000000e0100000, 0x00000000e0000000| Complete 
|   1|0x00000000e0100000, 0x00000000e0200000, 0x00000000e0200000|100%|HC|  |TAMS 0x00000000e0200000, 0x00000000e0100000| Complete 
|   2|0x00000000e0200000, 0x00000000e0300000, 0x00000000e0300000|100%|HC|  |TAMS 0x00000000e0300000, 0x00000000e0200000| Complete 
|   3|0x00000000e0300000, 0x00000000e0400000, 0x00000000e0400000|100%| O|  |TAMS 0x00000000e0400000, 0x00000000e0300000| Untracked 
|   4|0x00000000e0400000, 0x00000000e0500000, 0x00000000e0500000|100%| O|  |TAMS 0x00000000e0500000, 0x00000000e0400000| Untracked 
|   5|0x00000000e0500000, 0x00000000e0600000, 0x00000000e0600000|100%| O|  |TAMS 0x00000000e0600000, 0x00000000e0500000| Untracked 
|   6|0x00000000e0600000, 0x00000000e0700000, 0x00000000e0700000|100%| O|  |TAMS 0x00000000e0700000, 0x00000000e0600000| Untracked 
|   7|0x00000000e0700000, 0x00000000e0800000, 0x00000000e0800000|100%|HS|  |TAMS 0x00000000e0800000, 0x00000000e0700000| Complete 
|   8|0x00000000e0800000, 0x00000000e0900000, 0x00000000e0900000|100%| O|  |TAMS 0x00000000e0900000, 0x00000000e0800000| Untracked 
|   9|0x00000000e0900000, 0x00000000e0a00000, 0x00000000e0a00000|100%| O|  |TAMS 0x00000000e0a00000, 0x00000000e0900000| Untracked 
|  10|0x00000000e0a00000, 0x00000000e0b00000, 0x00000000e0b00000|100%| O|  |TAMS 0x00000000e0b00000, 0x00000000e0a00000| Untracked 
|  11|0x00000000e0b00000, 0x00000000e0c00000, 0x00000000e0c00000|100%| O|  |TAMS 0x00000000e0c00000, 0x00000000e0b00000| Untracked 
|  12|0x00000000e0c00000, 0x00000000e0d00000, 0x00000000e0d00000|100%| O|  |TAMS 0x00000000e0d00000, 0x00000000e0c00000| Untracked 
|  13|0x00000000e0d00000, 0x00000000e0e00000, 0x00000000e0e00000|100%| O|  |TAMS 0x00000000e0e00000, 0x00000000e0d00000| Untracked 
|  14|0x00000000e0e00000, 0x00000000e0f00000, 0x00000000e0f00000|100%| O|  |TAMS 0x00000000e0f00000, 0x00000000e0e00000| Untracked 
|  15|0x00000000e0f00000, 0x00000000e1000000, 0x00000000e1000000|100%| O|  |TAMS 0x00000000e1000000, 0x00000000e0f00000| Untracked 
|  16|0x00000000e1000000, 0x00000000e1100000, 0x00000000e1100000|100%| O|  |TAMS 0x00000000e1100000, 0x00000000e1000000| Untracked 
|  17|0x00000000e1100000, 0x00000000e1200000, 0x00000000e1200000|100%| O|  |TAMS 0x00000000e1200000, 0x00000000e1100000| Untracked 
|  18|0x00000000e1200000, 0x00000000e1300000, 0x00000000e1300000|100%| O|  |TAMS 0x00000000e1300000, 0x00000000e1200000| Untracked 
|  19|0x00000000e1300000, 0x00000000e1400000, 0x00000000e1400000|100%| O|  |TAMS 0x00000000e1400000, 0x00000000e1300000| Untracked 
|  20|0x00000000e1400000, 0x00000000e1500000, 0x00000000e1500000|100%| O|  |TAMS 0x00000000e1500000, 0x00000000e1400000| Untracked 
|  21|0x00000000e1500000, 0x00000000e153ba00, 0x00000000e1600000| 23%| O|  |TAMS 0x00000000e153ba00, 0x00000000e1500000| Untracked 
|  22|0x00000000e1600000, 0x00000000e1700000, 0x00000000e1700000|100%|HS|  |TAMS 0x00000000e1600000, 0x00000000e1600000| Complete 
|  23|0x00000000e1700000, 0x00000000e1800000, 0x00000000e1800000|100%|HS|  |TAMS 0x00000000e1700000, 0x00000000e1700000| Complete 
|  24|0x00000000e1800000, 0x00000000e1800000, 0x00000000e1900000|  0%| F|  |TAMS 0x00000000e1800000, 0x00000000e1800000| Untracked 
|  25|0x00000000e1900000, 0x00000000e1900000, 0x00000000e1a00000|  0%| F|  |TAMS 0x00000000e1900000, 0x00000000e1900000| Untracked 
|  26|0x00000000e1a00000, 0x00000000e1a00000, 0x00000000e1b00000|  0%| F|  |TAMS 0x00000000e1a00000, 0x00000000e1a00000| Untracked 
|  27|0x00000000e1b00000, 0x00000000e1b00000, 0x00000000e1c00000|  0%| F|  |TAMS 0x00000000e1b00000, 0x00000000e1b00000| Untracked 
|  28|0x00000000e1c00000, 0x00000000e1c00000, 0x00000000e1d00000|  0%| F|  |TAMS 0x00000000e1c00000, 0x00000000e1c00000| Untracked 
|  29|0x00000000e1d00000, 0x00000000e1d00000, 0x00000000e1e00000|  0%| F|  |TAMS 0x00000000e1d00000, 0x00000000e1d00000| Untracked 
|  30|0x00000000e1e00000, 0x00000000e1e00000, 0x00000000e1f00000|  0%| F|  |TAMS 0x00000000e1e00000, 0x00000000e1e00000| Untracked 
|  31|0x00000000e1f00000, 0x00000000e1f00000, 0x00000000e2000000|  0%| F|  |TAMS 0x00000000e1f00000, 0x00000000e1f00000| Untracked 
|  32|0x00000000e2000000, 0x00000000e2000000, 0x00000000e2100000|  0%| F|  |TAMS 0x00000000e2000000, 0x00000000e2000000| Untracked 
|  33|0x00000000e2100000, 0x00000000e2100000, 0x00000000e2200000|  0%| F|  |TAMS 0x00000000e2100000, 0x00000000e2100000| Untracked 
|  34|0x00000000e2200000, 0x00000000e2200000, 0x00000000e2300000|  0%| F|  |TAMS 0x00000000e2200000, 0x00000000e2200000| Untracked 
|  35|0x00000000e2300000, 0x00000000e2300000, 0x00000000e2400000|  0%| F|  |TAMS 0x00000000e2300000, 0x00000000e2300000| Untracked 
|  36|0x00000000e2400000, 0x00000000e2400000, 0x00000000e2500000|  0%| F|  |TAMS 0x00000000e2400000, 0x00000000e2400000| Untracked 
|  37|0x00000000e2500000, 0x00000000e2500000, 0x00000000e2600000|  0%| F|  |TAMS 0x00000000e2500000, 0x00000000e2500000| Untracked 
|  38|0x00000000e2600000, 0x00000000e2600000, 0x00000000e2700000|  0%| F|  |TAMS 0x00000000e2600000, 0x00000000e2600000| Untracked 
|  39|0x00000000e2700000, 0x00000000e2700000, 0x00000000e2800000|  0%| F|  |TAMS 0x00000000e2700000, 0x00000000e2700000| Untracked 
|  40|0x00000000e2800000, 0x00000000e2800000, 0x00000000e2900000|  0%| F|  |TAMS 0x00000000e2800000, 0x00000000e2800000| Untracked 
|  41|0x00000000e2900000, 0x00000000e2900000, 0x00000000e2a00000|  0%| F|  |TAMS 0x00000000e2900000, 0x00000000e2900000| Untracked 
|  42|0x00000000e2a00000, 0x00000000e2a00000, 0x00000000e2b00000|  0%| F|  |TAMS 0x00000000e2a00000, 0x00000000e2a00000| Untracked 
|  43|0x00000000e2b00000, 0x00000000e2b00000, 0x00000000e2c00000|  0%| F|  |TAMS 0x00000000e2b00000, 0x00000000e2b00000| Untracked 
|  44|0x00000000e2c00000, 0x00000000e2c00000, 0x00000000e2d00000|  0%| F|  |TAMS 0x00000000e2c00000, 0x00000000e2c00000| Untracked 
|  45|0x00000000e2d00000, 0x00000000e2d00000, 0x00000000e2e00000|  0%| F|  |TAMS 0x00000000e2d00000, 0x00000000e2d00000| Untracked 
|  46|0x00000000e2e00000, 0x00000000e2e00000, 0x00000000e2f00000|  0%| F|  |TAMS 0x00000000e2e00000, 0x00000000e2e00000| Untracked 
|  47|0x00000000e2f00000, 0x00000000e2f00000, 0x00000000e3000000|  0%| F|  |TAMS 0x00000000e2f00000, 0x00000000e2f00000| Untracked 
|  48|0x00000000e3000000, 0x00000000e3000000, 0x00000000e3100000|  0%| F|  |TAMS 0x00000000e3000000, 0x00000000e3000000| Untracked 
|  49|0x00000000e3100000, 0x00000000e3100000, 0x00000000e3200000|  0%| F|  |TAMS 0x00000000e3100000, 0x00000000e3100000| Untracked 
|  50|0x00000000e3200000, 0x00000000e3200000, 0x00000000e3300000|  0%| F|  |TAMS 0x00000000e3200000, 0x00000000e3200000| Untracked 
|  51|0x00000000e3300000, 0x00000000e3300000, 0x00000000e3400000|  0%| F|  |TAMS 0x00000000e3300000, 0x00000000e3300000| Untracked 
|  52|0x00000000e3400000, 0x00000000e3400000, 0x00000000e3500000|  0%| F|  |TAMS 0x00000000e3400000, 0x00000000e3400000| Untracked 
|  53|0x00000000e3500000, 0x00000000e3500000, 0x00000000e3600000|  0%| F|  |TAMS 0x00000000e3500000, 0x00000000e3500000| Untracked 
|  54|0x00000000e3600000, 0x00000000e3600000, 0x00000000e3700000|  0%| F|  |TAMS 0x00000000e3600000, 0x00000000e3600000| Untracked 
|  55|0x00000000e3700000, 0x00000000e3700000, 0x00000000e3800000|  0%| F|  |TAMS 0x00000000e3700000, 0x00000000e3700000| Untracked 
|  56|0x00000000e3800000, 0x00000000e3800000, 0x00000000e3900000|  0%| F|  |TAMS 0x00000000e3800000, 0x00000000e3800000| Untracked 
|  57|0x00000000e3900000, 0x00000000e3900000, 0x00000000e3a00000|  0%| F|  |TAMS 0x00000000e3900000, 0x00000000e3900000| Untracked 
|  58|0x00000000e3a00000, 0x00000000e3a00000, 0x00000000e3b00000|  0%| F|  |TAMS 0x00000000e3a00000, 0x00000000e3a00000| Untracked 
|  59|0x00000000e3b00000, 0x00000000e3b00000, 0x00000000e3c00000|  0%| F|  |TAMS 0x00000000e3b00000, 0x00000000e3b00000| Untracked 
|  60|0x00000000e3c00000, 0x00000000e3c00000, 0x00000000e3d00000|  0%| F|  |TAMS 0x00000000e3c00000, 0x00000000e3c00000| Untracked 
|  61|0x00000000e3d00000, 0x00000000e3d00000, 0x00000000e3e00000|  0%| F|  |TAMS 0x00000000e3d00000, 0x00000000e3d00000| Untracked 
|  62|0x00000000e3e00000, 0x00000000e3e00000, 0x00000000e3f00000|  0%| F|  |TAMS 0x00000000e3e00000, 0x00000000e3e00000| Untracked 
|  63|0x00000000e3f00000, 0x00000000e3f00000, 0x00000000e4000000|  0%| F|  |TAMS 0x00000000e3f00000, 0x00000000e3f00000| Untracked 
|  64|0x00000000e4000000, 0x00000000e4000000, 0x00000000e4100000|  0%| F|  |TAMS 0x00000000e4000000, 0x00000000e4000000| Untracked 
|  65|0x00000000e4100000, 0x00000000e4100000, 0x00000000e4200000|  0%| F|  |TAMS 0x00000000e4100000, 0x00000000e4100000| Untracked 
|  66|0x00000000e4200000, 0x00000000e4200000, 0x00000000e4300000|  0%| F|  |TAMS 0x00000000e4200000, 0x00000000e4200000| Untracked 
|  67|0x00000000e4300000, 0x00000000e4300000, 0x00000000e4400000|  0%| F|  |TAMS 0x00000000e4300000, 0x00000000e4300000| Untracked 
|  68|0x00000000e4400000, 0x00000000e4400000, 0x00000000e4500000|  0%| F|  |TAMS 0x00000000e4400000, 0x00000000e4400000| Untracked 
|  69|0x00000000e4500000, 0x00000000e4500000, 0x00000000e4600000|  0%| F|  |TAMS 0x00000000e4500000, 0x00000000e4500000| Untracked 
|  70|0x00000000e4600000, 0x00000000e4600000, 0x00000000e4700000|  0%| F|  |TAMS 0x00000000e4600000, 0x00000000e4600000| Untracked 
|  71|0x00000000e4700000, 0x00000000e4700000, 0x00000000e4800000|  0%| F|  |TAMS 0x00000000e4700000, 0x00000000e4700000| Untracked 
|  72|0x00000000e4800000, 0x00000000e4800000, 0x00000000e4900000|  0%| F|  |TAMS 0x00000000e4800000, 0x00000000e4800000| Untracked 
|  73|0x00000000e4900000, 0x00000000e4900000, 0x00000000e4a00000|  0%| F|  |TAMS 0x00000000e4900000, 0x00000000e4900000| Untracked 
|  74|0x00000000e4a00000, 0x00000000e4a00000, 0x00000000e4b00000|  0%| F|  |TAMS 0x00000000e4a00000, 0x00000000e4a00000| Untracked 
|  75|0x00000000e4b00000, 0x00000000e4b00000, 0x00000000e4c00000|  0%| F|  |TAMS 0x00000000e4b00000, 0x00000000e4b00000| Untracked 
|  76|0x00000000e4c00000, 0x00000000e4c00000, 0x00000000e4d00000|  0%| F|  |TAMS 0x00000000e4c00000, 0x00000000e4c00000| Untracked 
|  77|0x00000000e4d00000, 0x00000000e4d00000, 0x00000000e4e00000|  0%| F|  |TAMS 0x00000000e4d00000, 0x00000000e4d00000| Untracked 
|  78|0x00000000e4e00000, 0x00000000e4e00000, 0x00000000e4f00000|  0%| F|  |TAMS 0x00000000e4e00000, 0x00000000e4e00000| Untracked 
|  79|0x00000000e4f00000, 0x00000000e4f00000, 0x00000000e5000000|  0%| F|  |TAMS 0x00000000e4f00000, 0x00000000e4f00000| Untracked 
|  80|0x00000000e5000000, 0x00000000e5000000, 0x00000000e5100000|  0%| F|  |TAMS 0x00000000e5000000, 0x00000000e5000000| Untracked 
|  81|0x00000000e5100000, 0x00000000e5100000, 0x00000000e5200000|  0%| F|  |TAMS 0x00000000e5100000, 0x00000000e5100000| Untracked 
|  82|0x00000000e5200000, 0x00000000e5200000, 0x00000000e5300000|  0%| F|  |TAMS 0x00000000e5200000, 0x00000000e5200000| Untracked 
|  83|0x00000000e5300000, 0x00000000e5300000, 0x00000000e5400000|  0%| F|  |TAMS 0x00000000e5300000, 0x00000000e5300000| Untracked 
|  84|0x00000000e5400000, 0x00000000e5400000, 0x00000000e5500000|  0%| F|  |TAMS 0x00000000e5400000, 0x00000000e5400000| Untracked 
|  85|0x00000000e5500000, 0x00000000e5500000, 0x00000000e5600000|  0%| F|  |TAMS 0x00000000e5500000, 0x00000000e5500000| Untracked 
|  86|0x00000000e5600000, 0x00000000e5600000, 0x00000000e5700000|  0%| F|  |TAMS 0x00000000e5600000, 0x00000000e5600000| Untracked 
|  87|0x00000000e5700000, 0x00000000e5700000, 0x00000000e5800000|  0%| F|  |TAMS 0x00000000e5700000, 0x00000000e5700000| Untracked 
|  88|0x00000000e5800000, 0x00000000e5800000, 0x00000000e5900000|  0%| F|  |TAMS 0x00000000e5800000, 0x00000000e5800000| Untracked 
|  89|0x00000000e5900000, 0x00000000e5900000, 0x00000000e5a00000|  0%| F|  |TAMS 0x00000000e5900000, 0x00000000e5900000| Untracked 
|  90|0x00000000e5a00000, 0x00000000e5a00000, 0x00000000e5b00000|  0%| F|  |TAMS 0x00000000e5a00000, 0x00000000e5a00000| Untracked 
|  91|0x00000000e5b00000, 0x00000000e5b00000, 0x00000000e5c00000|  0%| F|  |TAMS 0x00000000e5b00000, 0x00000000e5b00000| Untracked 
|  92|0x00000000e5c00000, 0x00000000e5c00000, 0x00000000e5d00000|  0%| F|  |TAMS 0x00000000e5c00000, 0x00000000e5c00000| Untracked 
|  93|0x00000000e5d00000, 0x00000000e5d00000, 0x00000000e5e00000|  0%| F|  |TAMS 0x00000000e5d00000, 0x00000000e5d00000| Untracked 
|  94|0x00000000e5e00000, 0x00000000e5e00000, 0x00000000e5f00000|  0%| F|  |TAMS 0x00000000e5e00000, 0x00000000e5e00000| Untracked 
|  95|0x00000000e5f00000, 0x00000000e5f00000, 0x00000000e6000000|  0%| F|  |TAMS 0x00000000e5f00000, 0x00000000e5f00000| Untracked 
|  96|0x00000000e6000000, 0x00000000e6000000, 0x00000000e6100000|  0%| F|  |TAMS 0x00000000e6000000, 0x00000000e6000000| Untracked 
|  97|0x00000000e6100000, 0x00000000e6100000, 0x00000000e6200000|  0%| F|  |TAMS 0x00000000e6100000, 0x00000000e6100000| Untracked 
|  98|0x00000000e6200000, 0x00000000e6200000, 0x00000000e6300000|  0%| F|  |TAMS 0x00000000e6200000, 0x00000000e6200000| Untracked 
|  99|0x00000000e6300000, 0x00000000e6300000, 0x00000000e6400000|  0%| F|  |TAMS 0x00000000e6300000, 0x00000000e6300000| Untracked 
| 100|0x00000000e6400000, 0x00000000e6400000, 0x00000000e6500000|  0%| F|  |TAMS 0x00000000e6400000, 0x00000000e6400000| Untracked 
| 101|0x00000000e6500000, 0x00000000e6500000, 0x00000000e6600000|  0%| F|  |TAMS 0x00000000e6500000, 0x00000000e6500000| Untracked 
| 102|0x00000000e6600000, 0x00000000e6600000, 0x00000000e6700000|  0%| F|  |TAMS 0x00000000e6600000, 0x00000000e6600000| Untracked 
| 103|0x00000000e6700000, 0x00000000e6700000, 0x00000000e6800000|  0%| F|  |TAMS 0x00000000e6700000, 0x00000000e6700000| Untracked 
| 104|0x00000000e6800000, 0x00000000e6800000, 0x00000000e6900000|  0%| F|  |TAMS 0x00000000e6800000, 0x00000000e6800000| Untracked 
| 105|0x00000000e6900000, 0x00000000e6900000, 0x00000000e6a00000|  0%| F|  |TAMS 0x00000000e6900000, 0x00000000e6900000| Untracked 
| 106|0x00000000e6a00000, 0x00000000e6a00000, 0x00000000e6b00000|  0%| F|  |TAMS 0x00000000e6a00000, 0x00000000e6a00000| Untracked 
| 107|0x00000000e6b00000, 0x00000000e6b00000, 0x00000000e6c00000|  0%| F|  |TAMS 0x00000000e6b00000, 0x00000000e6b00000| Untracked 
| 108|0x00000000e6c00000, 0x00000000e6c00000, 0x00000000e6d00000|  0%| F|  |TAMS 0x00000000e6c00000, 0x00000000e6c00000| Untracked 
| 109|0x00000000e6d00000, 0x00000000e6d00000, 0x00000000e6e00000|  0%| F|  |TAMS 0x00000000e6d00000, 0x00000000e6d00000| Untracked 
| 110|0x00000000e6e00000, 0x00000000e6e00000, 0x00000000e6f00000|  0%| F|  |TAMS 0x00000000e6e00000, 0x00000000e6e00000| Untracked 
| 111|0x00000000e6f00000, 0x00000000e6f00000, 0x00000000e7000000|  0%| F|  |TAMS 0x00000000e6f00000, 0x00000000e6f00000| Untracked 
| 112|0x00000000e7000000, 0x00000000e7000000, 0x00000000e7100000|  0%| F|  |TAMS 0x00000000e7000000, 0x00000000e7000000| Untracked 
| 113|0x00000000e7100000, 0x00000000e7100000, 0x00000000e7200000|  0%| F|  |TAMS 0x00000000e7100000, 0x00000000e7100000| Untracked 
| 114|0x00000000e7200000, 0x00000000e7200000, 0x00000000e7300000|  0%| F|  |TAMS 0x00000000e7200000, 0x00000000e7200000| Untracked 
| 115|0x00000000e7300000, 0x00000000e7300000, 0x00000000e7400000|  0%| F|  |TAMS 0x00000000e7300000, 0x00000000e7300000| Untracked 
| 116|0x00000000e7400000, 0x00000000e7400000, 0x00000000e7500000|  0%| F|  |TAMS 0x00000000e7400000, 0x00000000e7400000| Untracked 
| 117|0x00000000e7500000, 0x00000000e7500000, 0x00000000e7600000|  0%| F|  |TAMS 0x00000000e7500000, 0x00000000e7500000| Untracked 
| 118|0x00000000e7600000, 0x00000000e7600000, 0x00000000e7700000|  0%| F|  |TAMS 0x00000000e7600000, 0x00000000e7600000| Untracked 
| 119|0x00000000e7700000, 0x00000000e7700000, 0x00000000e7800000|  0%| F|  |TAMS 0x00000000e7700000, 0x00000000e7700000| Untracked 
| 120|0x00000000e7800000, 0x00000000e7800000, 0x00000000e7900000|  0%| F|  |TAMS 0x00000000e7800000, 0x00000000e7800000| Untracked 
| 121|0x00000000e7900000, 0x00000000e7900000, 0x00000000e7a00000|  0%| F|  |TAMS 0x00000000e7900000, 0x00000000e7900000| Untracked 
| 122|0x00000000e7a00000, 0x00000000e7a00000, 0x00000000e7b00000|  0%| F|  |TAMS 0x00000000e7a00000, 0x00000000e7a00000| Untracked 
| 123|0x00000000e7b00000, 0x00000000e7b00000, 0x00000000e7c00000|  0%| F|  |TAMS 0x00000000e7b00000, 0x00000000e7b00000| Untracked 
| 124|0x00000000e7c00000, 0x00000000e7c00000, 0x00000000e7d00000|  0%| F|  |TAMS 0x00000000e7c00000, 0x00000000e7c00000| Untracked 
| 125|0x00000000e7d00000, 0x00000000e7d00000, 0x00000000e7e00000|  0%| F|  |TAMS 0x00000000e7d00000, 0x00000000e7d00000| Untracked 
| 126|0x00000000e7e00000, 0x00000000e7e00000, 0x00000000e7f00000|  0%| F|  |TAMS 0x00000000e7e00000, 0x00000000e7e00000| Untracked 
| 127|0x00000000e7f00000, 0x00000000e7f00000, 0x00000000e8000000|  0%| F|  |TAMS 0x00000000e7f00000, 0x00000000e7f00000| Untracked 
| 128|0x00000000e8000000, 0x00000000e8000000, 0x00000000e8100000|  0%| F|  |TAMS 0x00000000e8000000, 0x00000000e8000000| Untracked 
| 129|0x00000000e8100000, 0x00000000e819e3f8, 0x00000000e8200000| 61%| S|CS|TAMS 0x00000000e8100000, 0x00000000e8100000| Complete 
| 130|0x00000000e8200000, 0x00000000e8300000, 0x00000000e8300000|100%| S|CS|TAMS 0x00000000e8200000, 0x00000000e8200000| Complete 
| 131|0x00000000e8300000, 0x00000000e8400000, 0x00000000e8400000|100%| S|CS|TAMS 0x00000000e8300000, 0x00000000e8300000| Complete 
| 132|0x00000000e8400000, 0x00000000e8500000, 0x00000000e8500000|100%| S|CS|TAMS 0x00000000e8400000, 0x00000000e8400000| Complete 
| 133|0x00000000e8500000, 0x00000000e8600000, 0x00000000e8600000|100%| S|CS|TAMS 0x00000000e8500000, 0x00000000e8500000| Complete 
| 134|0x00000000e8600000, 0x00000000e8700000, 0x00000000e8700000|100%| S|CS|TAMS 0x00000000e8600000, 0x00000000e8600000| Complete 
| 135|0x00000000e8700000, 0x00000000e8800000, 0x00000000e8800000|100%| S|CS|TAMS 0x00000000e8700000, 0x00000000e8700000| Complete 
| 136|0x00000000e8800000, 0x00000000e8900000, 0x00000000e8900000|100%| S|CS|TAMS 0x00000000e8800000, 0x00000000e8800000| Complete 
| 137|0x00000000e8900000, 0x00000000e8a00000, 0x00000000e8a00000|100%| S|CS|TAMS 0x00000000e8900000, 0x00000000e8900000| Complete 
| 138|0x00000000e8a00000, 0x00000000e8b00000, 0x00000000e8b00000|100%| S|CS|TAMS 0x00000000e8a00000, 0x00000000e8a00000| Complete 
| 139|0x00000000e8b00000, 0x00000000e8b00000, 0x00000000e8c00000|  0%| F|  |TAMS 0x00000000e8b00000, 0x00000000e8b00000| Untracked 
| 140|0x00000000e8c00000, 0x00000000e8c00000, 0x00000000e8d00000|  0%| F|  |TAMS 0x00000000e8c00000, 0x00000000e8c00000| Untracked 
| 141|0x00000000e8d00000, 0x00000000e8d00000, 0x00000000e8e00000|  0%| F|  |TAMS 0x00000000e8d00000, 0x00000000e8d00000| Untracked 
| 142|0x00000000e8e00000, 0x00000000e8e00000, 0x00000000e8f00000|  0%| F|  |TAMS 0x00000000e8e00000, 0x00000000e8e00000| Untracked 
| 143|0x00000000e8f00000, 0x00000000e8f00000, 0x00000000e9000000|  0%| F|  |TAMS 0x00000000e8f00000, 0x00000000e8f00000| Untracked 
| 144|0x00000000e9000000, 0x00000000e9000000, 0x00000000e9100000|  0%| F|  |TAMS 0x00000000e9000000, 0x00000000e9000000| Untracked 
| 145|0x00000000e9100000, 0x00000000e9100000, 0x00000000e9200000|  0%| F|  |TAMS 0x00000000e9100000, 0x00000000e9100000| Untracked 
| 146|0x00000000e9200000, 0x00000000e9200000, 0x00000000e9300000|  0%| F|  |TAMS 0x00000000e9200000, 0x00000000e9200000| Untracked 
| 147|0x00000000e9300000, 0x00000000e9300000, 0x00000000e9400000|  0%| F|  |TAMS 0x00000000e9300000, 0x00000000e9300000| Untracked 
| 148|0x00000000e9400000, 0x00000000e9400000, 0x00000000e9500000|  0%| F|  |TAMS 0x00000000e9400000, 0x00000000e9400000| Untracked 
| 149|0x00000000e9500000, 0x00000000e9500000, 0x00000000e9600000|  0%| F|  |TAMS 0x00000000e9500000, 0x00000000e9500000| Untracked 
| 150|0x00000000e9600000, 0x00000000e9600000, 0x00000000e9700000|  0%| F|  |TAMS 0x00000000e9600000, 0x00000000e9600000| Untracked 
| 151|0x00000000e9700000, 0x00000000e9700000, 0x00000000e9800000|  0%| F|  |TAMS 0x00000000e9700000, 0x00000000e9700000| Untracked 
| 152|0x00000000e9800000, 0x00000000e9800000, 0x00000000e9900000|  0%| F|  |TAMS 0x00000000e9800000, 0x00000000e9800000| Untracked 
| 153|0x00000000e9900000, 0x00000000e9900000, 0x00000000e9a00000|  0%| F|  |TAMS 0x00000000e9900000, 0x00000000e9900000| Untracked 
| 154|0x00000000e9a00000, 0x00000000e9a00000, 0x00000000e9b00000|  0%| F|  |TAMS 0x00000000e9a00000, 0x00000000e9a00000| Untracked 
| 155|0x00000000e9b00000, 0x00000000e9b00000, 0x00000000e9c00000|  0%| F|  |TAMS 0x00000000e9b00000, 0x00000000e9b00000| Untracked 
| 156|0x00000000e9c00000, 0x00000000e9c00000, 0x00000000e9d00000|  0%| F|  |TAMS 0x00000000e9c00000, 0x00000000e9c00000| Untracked 
| 157|0x00000000e9d00000, 0x00000000e9d00000, 0x00000000e9e00000|  0%| F|  |TAMS 0x00000000e9d00000, 0x00000000e9d00000| Untracked 
| 158|0x00000000e9e00000, 0x00000000e9e00000, 0x00000000e9f00000|  0%| F|  |TAMS 0x00000000e9e00000, 0x00000000e9e00000| Untracked 
| 159|0x00000000e9f00000, 0x00000000e9f00000, 0x00000000ea000000|  0%| F|  |TAMS 0x00000000e9f00000, 0x00000000e9f00000| Untracked 
| 160|0x00000000ea000000, 0x00000000ea000000, 0x00000000ea100000|  0%| F|  |TAMS 0x00000000ea000000, 0x00000000ea000000| Untracked 
| 161|0x00000000ea100000, 0x00000000ea100000, 0x00000000ea200000|  0%| F|  |TAMS 0x00000000ea100000, 0x00000000ea100000| Untracked 
| 162|0x00000000ea200000, 0x00000000ea200000, 0x00000000ea300000|  0%| F|  |TAMS 0x00000000ea200000, 0x00000000ea200000| Untracked 
| 163|0x00000000ea300000, 0x00000000ea300000, 0x00000000ea400000|  0%| F|  |TAMS 0x00000000ea300000, 0x00000000ea300000| Untracked 
| 164|0x00000000ea400000, 0x00000000ea400000, 0x00000000ea500000|  0%| F|  |TAMS 0x00000000ea400000, 0x00000000ea400000| Untracked 
| 165|0x00000000ea500000, 0x00000000ea500000, 0x00000000ea600000|  0%| F|  |TAMS 0x00000000ea500000, 0x00000000ea500000| Untracked 
| 166|0x00000000ea600000, 0x00000000ea600000, 0x00000000ea700000|  0%| F|  |TAMS 0x00000000ea600000, 0x00000000ea600000| Untracked 
| 167|0x00000000ea700000, 0x00000000ea784148, 0x00000000ea800000| 51%| E|  |TAMS 0x00000000ea700000, 0x00000000ea700000| Complete 
| 168|0x00000000ea800000, 0x00000000ea900000, 0x00000000ea900000|100%| E|CS|TAMS 0x00000000ea800000, 0x00000000ea800000| Complete 
| 169|0x00000000ea900000, 0x00000000eaa00000, 0x00000000eaa00000|100%| E|CS|TAMS 0x00000000ea900000, 0x00000000ea900000| Complete 
| 170|0x00000000eaa00000, 0x00000000eab00000, 0x00000000eab00000|100%| E|CS|TAMS 0x00000000eaa00000, 0x00000000eaa00000| Complete 
| 171|0x00000000eab00000, 0x00000000eac00000, 0x00000000eac00000|100%| E|CS|TAMS 0x00000000eab00000, 0x00000000eab00000| Complete 
| 172|0x00000000eac00000, 0x00000000ead00000, 0x00000000ead00000|100%| E|CS|TAMS 0x00000000eac00000, 0x00000000eac00000| Complete 
| 173|0x00000000ead00000, 0x00000000eae00000, 0x00000000eae00000|100%| E|CS|TAMS 0x00000000ead00000, 0x00000000ead00000| Complete 
| 174|0x00000000eae00000, 0x00000000eaf00000, 0x00000000eaf00000|100%| E|CS|TAMS 0x00000000eae00000, 0x00000000eae00000| Complete 
| 175|0x00000000eaf00000, 0x00000000eb000000, 0x00000000eb000000|100%| E|CS|TAMS 0x00000000eaf00000, 0x00000000eaf00000| Complete 
| 176|0x00000000eb000000, 0x00000000eb100000, 0x00000000eb100000|100%| E|CS|TAMS 0x00000000eb000000, 0x00000000eb000000| Complete 
| 177|0x00000000eb100000, 0x00000000eb200000, 0x00000000eb200000|100%| E|CS|TAMS 0x00000000eb100000, 0x00000000eb100000| Complete 
| 178|0x00000000eb200000, 0x00000000eb300000, 0x00000000eb300000|100%| E|CS|TAMS 0x00000000eb200000, 0x00000000eb200000| Complete 
| 179|0x00000000eb300000, 0x00000000eb400000, 0x00000000eb400000|100%| E|  |TAMS 0x00000000eb300000, 0x00000000eb300000| Complete 
| 180|0x00000000eb400000, 0x00000000eb500000, 0x00000000eb500000|100%| E|CS|TAMS 0x00000000eb400000, 0x00000000eb400000| Complete 
| 181|0x00000000eb500000, 0x00000000eb600000, 0x00000000eb600000|100%| E|CS|TAMS 0x00000000eb500000, 0x00000000eb500000| Complete 
| 182|0x00000000eb600000, 0x00000000eb700000, 0x00000000eb700000|100%| E|CS|TAMS 0x00000000eb600000, 0x00000000eb600000| Complete 
| 183|0x00000000eb700000, 0x00000000eb800000, 0x00000000eb800000|100%| E|CS|TAMS 0x00000000eb700000, 0x00000000eb700000| Complete 
| 184|0x00000000eb800000, 0x00000000eb900000, 0x00000000eb900000|100%| E|CS|TAMS 0x00000000eb800000, 0x00000000eb800000| Complete 
| 185|0x00000000eb900000, 0x00000000eba00000, 0x00000000eba00000|100%| E|CS|TAMS 0x00000000eb900000, 0x00000000eb900000| Complete 
| 186|0x00000000eba00000, 0x00000000ebb00000, 0x00000000ebb00000|100%| E|CS|TAMS 0x00000000eba00000, 0x00000000eba00000| Complete 
| 187|0x00000000ebb00000, 0x00000000ebc00000, 0x00000000ebc00000|100%| E|CS|TAMS 0x00000000ebb00000, 0x00000000ebb00000| Complete 
| 188|0x00000000ebc00000, 0x00000000ebd00000, 0x00000000ebd00000|100%| E|CS|TAMS 0x00000000ebc00000, 0x00000000ebc00000| Complete 
| 189|0x00000000ebd00000, 0x00000000ebe00000, 0x00000000ebe00000|100%| E|CS|TAMS 0x00000000ebd00000, 0x00000000ebd00000| Complete 
| 190|0x00000000ebe00000, 0x00000000ebf00000, 0x00000000ebf00000|100%| E|CS|TAMS 0x00000000ebe00000, 0x00000000ebe00000| Complete 
| 191|0x00000000ebf00000, 0x00000000ec000000, 0x00000000ec000000|100%| E|CS|TAMS 0x00000000ebf00000, 0x00000000ebf00000| Complete 
| 192|0x00000000ec000000, 0x00000000ec100000, 0x00000000ec100000|100%| E|CS|TAMS 0x00000000ec000000, 0x00000000ec000000| Complete 
| 193|0x00000000ec100000, 0x00000000ec200000, 0x00000000ec200000|100%| E|CS|TAMS 0x00000000ec100000, 0x00000000ec100000| Complete 
| 194|0x00000000ec200000, 0x00000000ec300000, 0x00000000ec300000|100%| E|CS|TAMS 0x00000000ec200000, 0x00000000ec200000| Complete 
| 195|0x00000000ec300000, 0x00000000ec400000, 0x00000000ec400000|100%| E|CS|TAMS 0x00000000ec300000, 0x00000000ec300000| Complete 
| 196|0x00000000ec400000, 0x00000000ec500000, 0x00000000ec500000|100%| E|CS|TAMS 0x00000000ec400000, 0x00000000ec400000| Complete 
| 197|0x00000000ec500000, 0x00000000ec600000, 0x00000000ec600000|100%| E|CS|TAMS 0x00000000ec500000, 0x00000000ec500000| Complete 
| 198|0x00000000ec600000, 0x00000000ec700000, 0x00000000ec700000|100%| E|CS|TAMS 0x00000000ec600000, 0x00000000ec600000| Complete 
| 199|0x00000000ec700000, 0x00000000ec800000, 0x00000000ec800000|100%| E|CS|TAMS 0x00000000ec700000, 0x00000000ec700000| Complete 
| 200|0x00000000ec800000, 0x00000000ec900000, 0x00000000ec900000|100%| E|CS|TAMS 0x00000000ec800000, 0x00000000ec800000| Complete 
| 201|0x00000000ec900000, 0x00000000eca00000, 0x00000000eca00000|100%| E|CS|TAMS 0x00000000ec900000, 0x00000000ec900000| Complete 
| 202|0x00000000eca00000, 0x00000000ecb00000, 0x00000000ecb00000|100%| E|CS|TAMS 0x00000000eca00000, 0x00000000eca00000| Complete 
| 203|0x00000000ecb00000, 0x00000000ecc00000, 0x00000000ecc00000|100%| E|CS|TAMS 0x00000000ecb00000, 0x00000000ecb00000| Complete 
| 204|0x00000000ecc00000, 0x00000000ecd00000, 0x00000000ecd00000|100%| E|CS|TAMS 0x00000000ecc00000, 0x00000000ecc00000| Complete 
| 205|0x00000000ecd00000, 0x00000000ece00000, 0x00000000ece00000|100%| E|CS|TAMS 0x00000000ecd00000, 0x00000000ecd00000| Complete 
| 206|0x00000000ece00000, 0x00000000ecf00000, 0x00000000ecf00000|100%| E|CS|TAMS 0x00000000ece00000, 0x00000000ece00000| Complete 
| 207|0x00000000ecf00000, 0x00000000ed000000, 0x00000000ed000000|100%| E|CS|TAMS 0x00000000ecf00000, 0x00000000ecf00000| Complete 
| 208|0x00000000ed000000, 0x00000000ed100000, 0x00000000ed100000|100%| E|CS|TAMS 0x00000000ed000000, 0x00000000ed000000| Complete 
| 209|0x00000000ed100000, 0x00000000ed200000, 0x00000000ed200000|100%| E|CS|TAMS 0x00000000ed100000, 0x00000000ed100000| Complete 
| 210|0x00000000ed200000, 0x00000000ed300000, 0x00000000ed300000|100%| E|CS|TAMS 0x00000000ed200000, 0x00000000ed200000| Complete 
| 211|0x00000000ed300000, 0x00000000ed400000, 0x00000000ed400000|100%| E|CS|TAMS 0x00000000ed300000, 0x00000000ed300000| Complete 
| 212|0x00000000ed400000, 0x00000000ed500000, 0x00000000ed500000|100%| E|CS|TAMS 0x00000000ed400000, 0x00000000ed400000| Complete 
| 213|0x00000000ed500000, 0x00000000ed600000, 0x00000000ed600000|100%| E|CS|TAMS 0x00000000ed500000, 0x00000000ed500000| Complete 
| 214|0x00000000ed600000, 0x00000000ed700000, 0x00000000ed700000|100%| E|CS|TAMS 0x00000000ed600000, 0x00000000ed600000| Complete 
| 215|0x00000000ed700000, 0x00000000ed800000, 0x00000000ed800000|100%| E|CS|TAMS 0x00000000ed700000, 0x00000000ed700000| Complete 
| 216|0x00000000ed800000, 0x00000000ed900000, 0x00000000ed900000|100%| E|CS|TAMS 0x00000000ed800000, 0x00000000ed800000| Complete 
| 217|0x00000000ed900000, 0x00000000eda00000, 0x00000000eda00000|100%| E|CS|TAMS 0x00000000ed900000, 0x00000000ed900000| Complete 
| 218|0x00000000eda00000, 0x00000000edb00000, 0x00000000edb00000|100%| E|CS|TAMS 0x00000000eda00000, 0x00000000eda00000| Complete 
| 219|0x00000000edb00000, 0x00000000edc00000, 0x00000000edc00000|100%| E|CS|TAMS 0x00000000edb00000, 0x00000000edb00000| Complete 
| 220|0x00000000edc00000, 0x00000000edd00000, 0x00000000edd00000|100%| E|CS|TAMS 0x00000000edc00000, 0x00000000edc00000| Complete 
| 221|0x00000000edd00000, 0x00000000ede00000, 0x00000000ede00000|100%| E|CS|TAMS 0x00000000edd00000, 0x00000000edd00000| Complete 
| 222|0x00000000ede00000, 0x00000000edf00000, 0x00000000edf00000|100%| E|CS|TAMS 0x00000000ede00000, 0x00000000ede00000| Complete 
| 223|0x00000000edf00000, 0x00000000ee000000, 0x00000000ee000000|100%| E|CS|TAMS 0x00000000edf00000, 0x00000000edf00000| Complete 
| 224|0x00000000ee000000, 0x00000000ee100000, 0x00000000ee100000|100%| E|CS|TAMS 0x00000000ee000000, 0x00000000ee000000| Complete 
| 225|0x00000000ee100000, 0x00000000ee200000, 0x00000000ee200000|100%| E|CS|TAMS 0x00000000ee100000, 0x00000000ee100000| Complete 
| 226|0x00000000ee200000, 0x00000000ee300000, 0x00000000ee300000|100%| E|CS|TAMS 0x00000000ee200000, 0x00000000ee200000| Complete 
| 227|0x00000000ee300000, 0x00000000ee400000, 0x00000000ee400000|100%| E|CS|TAMS 0x00000000ee300000, 0x00000000ee300000| Complete 
| 228|0x00000000ee400000, 0x00000000ee500000, 0x00000000ee500000|100%| E|CS|TAMS 0x00000000ee400000, 0x00000000ee400000| Complete 
| 229|0x00000000ee500000, 0x00000000ee600000, 0x00000000ee600000|100%| E|CS|TAMS 0x00000000ee500000, 0x00000000ee500000| Complete 
| 230|0x00000000ee600000, 0x00000000ee700000, 0x00000000ee700000|100%| E|CS|TAMS 0x00000000ee600000, 0x00000000ee600000| Complete 
| 231|0x00000000ee700000, 0x00000000ee800000, 0x00000000ee800000|100%| E|CS|TAMS 0x00000000ee700000, 0x00000000ee700000| Complete 
| 232|0x00000000ee800000, 0x00000000ee900000, 0x00000000ee900000|100%| E|CS|TAMS 0x00000000ee800000, 0x00000000ee800000| Complete 
| 233|0x00000000ee900000, 0x00000000eea00000, 0x00000000eea00000|100%| E|CS|TAMS 0x00000000ee900000, 0x00000000ee900000| Complete 
| 234|0x00000000eea00000, 0x00000000eeb00000, 0x00000000eeb00000|100%| E|CS|TAMS 0x00000000eea00000, 0x00000000eea00000| Complete 
| 235|0x00000000eeb00000, 0x00000000eec00000, 0x00000000eec00000|100%| E|CS|TAMS 0x00000000eeb00000, 0x00000000eeb00000| Complete 
| 236|0x00000000eec00000, 0x00000000eed00000, 0x00000000eed00000|100%| E|CS|TAMS 0x00000000eec00000, 0x00000000eec00000| Complete 
| 237|0x00000000eed00000, 0x00000000eee00000, 0x00000000eee00000|100%| E|CS|TAMS 0x00000000eed00000, 0x00000000eed00000| Complete 
| 238|0x00000000eee00000, 0x00000000eef00000, 0x00000000eef00000|100%| E|CS|TAMS 0x00000000eee00000, 0x00000000eee00000| Complete 
| 239|0x00000000eef00000, 0x00000000ef000000, 0x00000000ef000000|100%| E|CS|TAMS 0x00000000eef00000, 0x00000000eef00000| Complete 
| 240|0x00000000ef000000, 0x00000000ef100000, 0x00000000ef100000|100%| E|CS|TAMS 0x00000000ef000000, 0x00000000ef000000| Complete 
| 241|0x00000000ef100000, 0x00000000ef200000, 0x00000000ef200000|100%| E|CS|TAMS 0x00000000ef100000, 0x00000000ef100000| Complete 
| 242|0x00000000ef200000, 0x00000000ef300000, 0x00000000ef300000|100%| E|CS|TAMS 0x00000000ef200000, 0x00000000ef200000| Complete 
| 243|0x00000000ef300000, 0x00000000ef400000, 0x00000000ef400000|100%| E|CS|TAMS 0x00000000ef300000, 0x00000000ef300000| Complete 
| 244|0x00000000ef400000, 0x00000000ef500000, 0x00000000ef500000|100%| E|CS|TAMS 0x00000000ef400000, 0x00000000ef400000| Complete 
| 245|0x00000000ef500000, 0x00000000ef600000, 0x00000000ef600000|100%| E|CS|TAMS 0x00000000ef500000, 0x00000000ef500000| Complete 
| 246|0x00000000ef600000, 0x00000000ef700000, 0x00000000ef700000|100%| E|CS|TAMS 0x00000000ef600000, 0x00000000ef600000| Complete 
| 247|0x00000000ef700000, 0x00000000ef800000, 0x00000000ef800000|100%| E|CS|TAMS 0x00000000ef700000, 0x00000000ef700000| Complete 
| 248|0x00000000ef800000, 0x00000000ef900000, 0x00000000ef900000|100%| E|CS|TAMS 0x00000000ef800000, 0x00000000ef800000| Complete 
| 249|0x00000000ef900000, 0x00000000efa00000, 0x00000000efa00000|100%| E|CS|TAMS 0x00000000ef900000, 0x00000000ef900000| Complete 
| 250|0x00000000efa00000, 0x00000000efb00000, 0x00000000efb00000|100%| E|CS|TAMS 0x00000000efa00000, 0x00000000efa00000| Complete 
| 251|0x00000000efb00000, 0x00000000efc00000, 0x00000000efc00000|100%| E|CS|TAMS 0x00000000efb00000, 0x00000000efb00000| Complete 
| 252|0x00000000efc00000, 0x00000000efd00000, 0x00000000efd00000|100%| E|CS|TAMS 0x00000000efc00000, 0x00000000efc00000| Complete 
| 253|0x00000000efd00000, 0x00000000efe00000, 0x00000000efe00000|100%| E|CS|TAMS 0x00000000efd00000, 0x00000000efd00000| Complete 
| 254|0x00000000efe00000, 0x00000000eff00000, 0x00000000eff00000|100%| E|CS|TAMS 0x00000000efe00000, 0x00000000efe00000| Complete 
| 255|0x00000000eff00000, 0x00000000f0000000, 0x00000000f0000000|100%| E|CS|TAMS 0x00000000eff00000, 0x00000000eff00000| Complete 

Card table byte_map: [0x00000243ad950000,0x00000243ada50000] _byte_map_base: 0x00000243ad250000

Marking Bits (Prev, Next): (CMBitMap*) 0x00000243970b68e0, (CMBitMap*) 0x00000243970b6920
 Prev Bits: [0x00000243adb50000, 0x00000243ae350000)
 Next Bits: [0x00000243ae350000, 0x00000243aeb50000)

Polling page: 0x0000024395050000

Metaspace:

Usage:
  Non-class:     37.72 MB used.
      Class:      6.21 MB used.
       Both:     43.93 MB used.

Virtual space:
  Non-class space:       64.00 MB reserved,      38.00 MB ( 59%) committed,  1 nodes.
      Class space:      320.00 MB reserved,       6.44 MB (  2%) committed,  1 nodes.
             Both:      384.00 MB reserved,      44.44 MB ( 12%) committed. 

Chunk freelists:
   Non-Class:  9.16 MB
       Class:  9.61 MB
        Both:  18.77 MB

MaxMetaspaceSize: 384.00 MB
CompressedClassSpaceSize: 320.00 MB
Initial GC threshold: 21.00 MB
Current GC threshold: 58.69 MB
CDS: on
MetaspaceReclaimPolicy: balanced
 - commit_granule_bytes: 65536.
 - commit_granule_words: 8192.
 - virtual_space_node_default_size: 8388608.
 - enlarge_chunks_in_place: 1.
 - new_chunks_are_fully_committed: 0.
 - uncommit_free_chunks: 1.
 - use_allocation_guard: 0.
 - handle_deallocations: 1.


Internal statistics:

num_allocs_failed_limit: 6.
num_arena_births: 540.
num_arena_deaths: 0.
num_vsnodes_births: 2.
num_vsnodes_deaths: 0.
num_space_committed: 711.
num_space_uncommitted: 0.
num_chunks_returned_to_freelist: 6.
num_chunks_taken_from_freelist: 2305.
num_chunk_merges: 6.
num_chunk_splits: 1526.
num_chunks_enlarged: 1047.
num_inconsistent_stats: 0.

CodeHeap 'non-profiled nmethods': size=120000Kb used=2659Kb max_used=3258Kb free=117340Kb
 bounds [0x00000243a6420000, 0x00000243a6750000, 0x00000243ad950000]
CodeHeap 'profiled nmethods': size=120000Kb used=8603Kb max_used=9914Kb free=111396Kb
 bounds [0x000002439e950000, 0x000002439f320000, 0x00000243a5e80000]
CodeHeap 'non-nmethods': size=5760Kb used=2315Kb max_used=2380Kb free=3444Kb
 bounds [0x00000243a5e80000, 0x00000243a60f0000, 0x00000243a6420000]
 total_blobs=5229 nmethods=4396 adapters=745
 compilation: enabled
              stopped_count=0, restarted_count=0
 full_count=0

Compilation events (20 events):
Event: 79.608 Thread 0x00000243b1130950 5143       3       jdk.internal.reflect.Reflection::verifyModuleAccess (24 bytes)
Event: 79.608 Thread 0x00000243b1130950 nmethod 5143 0x000002439ed44310 code [0x000002439ed44520, 0x000002439ed44a58]
Event: 79.610 Thread 0x00000243b1130950 5144       3       org.gradle.internal.service.DefaultServiceRegistry::get (44 bytes)
Event: 79.611 Thread 0x00000243b1130950 nmethod 5144 0x000002439eb22c10 code [0x000002439eb22f20, 0x000002439eb24128]
Event: 79.626 Thread 0x00000243b1130950 5146   !   3       org.gradle.internal.instantiation.generator.DependencyInjectingInstantiator::doCreate (64 bytes)
Event: 79.627 Thread 0x00000243b1130950 nmethod 5146 0x000002439ecaf310 code [0x000002439ecaf500, 0x000002439ecafa08]
Event: 79.627 Thread 0x00000243b1130950 5147   !   3       org.gradle.internal.instantiation.generator.AsmBackedClassGenerator$InvokeConstructorStrategy::newInstance (66 bytes)
Event: 79.628 Thread 0x00000243b1130950 nmethod 5147 0x000002439f057c10 code [0x000002439f057e60, 0x000002439f0589b8]
Event: 79.628 Thread 0x00000243b1130950 5148       3       org.gradle.internal.instantiation.generator.DependencyInjectingInstantiator::newInstance (8 bytes)
Event: 79.628 Thread 0x00000243b1130950 nmethod 5148 0x000002439f0ad490 code [0x000002439f0ad640, 0x000002439f0ad788]
Event: 79.628 Thread 0x00000243b1130950 5149   !   3       org.gradle.internal.deprecation.DeprecationLogger::whileDisabled (22 bytes)
Event: 79.629 Thread 0x00000243b1130950 nmethod 5149 0x000002439eb42090 code [0x000002439eb42300, 0x000002439eb42e38]
Event: 79.633 Thread 0x00000243b1130950 5150       3       org.gradle.internal.instantiation.generator.DependencyInjectingInstantiator::verifyParameters (175 bytes)
Event: 79.636 Thread 0x00000243b1130950 nmethod 5150 0x000002439e960e10 code [0x000002439e961140, 0x000002439e962408]
Event: 79.639 Thread 0x00000243b1130950 5151       3       org.gradle.internal.instantiation.generator.AsmBackedClassGenerator::getServicesForNext (13 bytes)
Event: 79.639 Thread 0x00000243b1130950 nmethod 5151 0x000002439f07d190 code [0x000002439f07d340, 0x000002439f07d5e8]
Event: 79.639 Thread 0x00000243b1130950 5152       3       com.google.common.collect.ObjectArrays::checkElementsNotNull (7 bytes)
Event: 79.640 Thread 0x00000243b1130950 nmethod 5152 0x000002439ecb5a10 code [0x000002439ecb5bc0, 0x000002439ecb5e08]
Event: 79.775 Thread 0x00000243b1130950 5153       3       java.util.HashMap$ValueSpliterator::forEachRemaining (186 bytes)
Event: 79.776 Thread 0x00000243b1130950 nmethod 5153 0x000002439ef64310 code [0x000002439ef64520, 0x000002439ef64d88]

GC Heap History (10 events):
Event: 4.057 GC heap before
{Heap before GC invocations=0 (full 0):
 garbage-first heap   total 262144K, used 12288K [0x00000000e0000000, 0x0000000100000000)
  region size 1024K, 13 young (13312K), 0 survivors (0K)
 Metaspace       used 791K, committed 896K, reserved 393216K
  class space    used 66K, committed 128K, reserved 327680K
}
Event: 4.700 GC heap after
{Heap after GC invocations=1 (full 0):
 garbage-first heap   total 262144K, used 1412K [0x00000000e0000000, 0x0000000100000000)
  region size 1024K, 2 young (2048K), 2 survivors (2048K)
 Metaspace       used 791K, committed 896K, reserved 393216K
  class space    used 66K, committed 128K, reserved 327680K
}
Event: 9.412 GC heap before
{Heap before GC invocations=1 (full 0):
 garbage-first heap   total 262144K, used 21892K [0x00000000e0000000, 0x0000000100000000)
  region size 1024K, 20 young (20480K), 2 survivors (2048K)
 Metaspace       used 2452K, committed 2560K, reserved 393216K
  class space    used 262K, committed 320K, reserved 327680K
}
Event: 9.418 GC heap after
{Heap after GC invocations=2 (full 0):
 garbage-first heap   total 262144K, used 9603K [0x00000000e0000000, 0x0000000100000000)
  region size 1024K, 3 young (3072K), 3 survivors (3072K)
 Metaspace       used 2452K, committed 2560K, reserved 393216K
  class space    used 262K, committed 320K, reserved 327680K
}
Event: 37.246 GC heap before
{Heap before GC invocations=2 (full 0):
 garbage-first heap   total 262144K, used 165251K [0x00000000e0000000, 0x0000000100000000)
  region size 1024K, 153 young (156672K), 3 survivors (3072K)
 Metaspace       used 18522K, committed 18816K, reserved 393216K
  class space    used 2675K, committed 2816K, reserved 327680K
}
Event: 37.266 GC heap after
{Heap after GC invocations=3 (full 0):
 garbage-first heap   total 262144K, used 21844K [0x00000000e0000000, 0x0000000100000000)
  region size 1024K, 14 young (14336K), 14 survivors (14336K)
 Metaspace       used 18522K, committed 18816K, reserved 393216K
  class space    used 2675K, committed 2816K, reserved 327680K
}
Event: 40.989 GC heap before
{Heap before GC invocations=3 (full 0):
 garbage-first heap   total 262144K, used 45396K [0x00000000e0000000, 0x0000000100000000)
  region size 1024K, 39 young (39936K), 14 survivors (14336K)
 Metaspace       used 21201K, committed 21504K, reserved 393216K
  class space    used 3100K, committed 3264K, reserved 327680K
}
Event: 41.008 GC heap after
{Heap after GC invocations=4 (full 0):
 garbage-first heap   total 262144K, used 23790K [0x00000000e0000000, 0x0000000100000000)
  region size 1024K, 2 young (2048K), 2 survivors (2048K)
 Metaspace       used 21201K, committed 21504K, reserved 393216K
  class space    used 3100K, committed 3264K, reserved 327680K
}
Event: 57.410 GC heap before
{Heap before GC invocations=5 (full 0):
 garbage-first heap   total 262144K, used 144622K [0x00000000e0000000, 0x0000000100000000)
  region size 1024K, 117 young (119808K), 2 survivors (2048K)
 Metaspace       used 35529K, committed 35968K, reserved 393216K
  class space    used 4922K, committed 5120K, reserved 327680K
}
Event: 57.427 GC heap after
{Heap after GC invocations=6 (full 0):
 garbage-first heap   total 262144K, used 31591K [0x00000000e0000000, 0x0000000100000000)
  region size 1024K, 10 young (10240K), 10 survivors (10240K)
 Metaspace       used 35529K, committed 35968K, reserved 393216K
  class space    used 4922K, committed 5120K, reserved 327680K
}

Deoptimization events (20 events):
Event: 78.897 Thread 0x00000243cb27b420 Uncommon trap: trap_request=0xffffff45 fr.pc=0x00000243a64a8058 relative=0x0000000000000138
Event: 78.897 Thread 0x00000243cb27b420 Uncommon trap: reason=unstable_if action=reinterpret pc=0x00000243a64a8058 method=java.net.URI.match(CJJ)Z @ 45 c2
Event: 78.897 Thread 0x00000243cb27b420 DEOPT PACKING pc=0x00000243a64a8058 sp=0x000000611aaf95f0
Event: 78.897 Thread 0x00000243cb27b420 DEOPT UNPACKING pc=0x00000243a5ed23a3 sp=0x000000611aaf9528 mode 2
Event: 78.897 Thread 0x00000243cb27b420 Uncommon trap: trap_request=0xffffff45 fr.pc=0x00000243a64503cc relative=0x000000000000004c
Event: 78.897 Thread 0x00000243cb27b420 Uncommon trap: reason=unstable_if action=reinterpret pc=0x00000243a64503cc method=java.net.URI.match(CJJ)Z @ 19 c2
Event: 78.897 Thread 0x00000243cb27b420 DEOPT PACKING pc=0x00000243a64503cc sp=0x000000611aaf9600
Event: 78.897 Thread 0x00000243cb27b420 DEOPT UNPACKING pc=0x00000243a5ed23a3 sp=0x000000611aaf95b0 mode 2
Event: 79.559 Thread 0x00000243cb27b420 Uncommon trap: trap_request=0xffffffc6 fr.pc=0x00000243a65d86b4 relative=0x0000000000000274
Event: 79.559 Thread 0x00000243cb27b420 Uncommon trap: reason=bimorphic_or_optimized_type_check action=maybe_recompile pc=0x00000243a65d86b4 method=com.google.common.base.CharMatcher.indexIn(Ljava/lang/CharSequence;I)I @ 31 c2
Event: 79.559 Thread 0x00000243cb27b420 DEOPT PACKING pc=0x00000243a65d86b4 sp=0x000000611aaf7c60
Event: 79.559 Thread 0x00000243cb27b420 DEOPT UNPACKING pc=0x00000243a5ed23a3 sp=0x000000611aaf7c08 mode 2
Event: 79.560 Thread 0x00000243cb27b420 Uncommon trap: trap_request=0xffffffc6 fr.pc=0x00000243a65d86b4 relative=0x0000000000000274
Event: 79.560 Thread 0x00000243cb27b420 Uncommon trap: reason=bimorphic_or_optimized_type_check action=maybe_recompile pc=0x00000243a65d86b4 method=com.google.common.base.CharMatcher.indexIn(Ljava/lang/CharSequence;I)I @ 31 c2
Event: 79.560 Thread 0x00000243cb27b420 DEOPT PACKING pc=0x00000243a65d86b4 sp=0x000000611aaf7c50
Event: 79.560 Thread 0x00000243cb27b420 DEOPT UNPACKING pc=0x00000243a5ed23a3 sp=0x000000611aaf7bf8 mode 2
Event: 79.576 Thread 0x00000243cb27b420 Uncommon trap: trap_request=0xffffffc6 fr.pc=0x00000243a65d86b4 relative=0x0000000000000274
Event: 79.576 Thread 0x00000243cb27b420 Uncommon trap: reason=bimorphic_or_optimized_type_check action=maybe_recompile pc=0x00000243a65d86b4 method=com.google.common.base.CharMatcher.indexIn(Ljava/lang/CharSequence;I)I @ 31 c2
Event: 79.576 Thread 0x00000243cb27b420 DEOPT PACKING pc=0x00000243a65d86b4 sp=0x000000611aaf7c50
Event: 79.576 Thread 0x00000243cb27b420 DEOPT UNPACKING pc=0x00000243a5ed23a3 sp=0x000000611aaf7bf8 mode 2

Classes unloaded (0 events):
No events

Classes redefined (0 events):
No events

Internal exceptions (20 events):
Event: 72.360 Thread 0x00000243cb27b420 Exception <a 'java/lang/ClassNotFoundException'{0x00000000ecc95718}: org/gradle/plugin/use/internal/PluginsAwareScriptCustomizer> (0x00000000ecc95718) 
thrown [s\open\src\hotspot\share\classfile\systemDictionary.cpp, line 256]
Event: 72.370 Thread 0x00000243cb27b420 Exception <a 'java/lang/ClassNotFoundException'{0x00000000ecca8838}: org/gradle/initialization/SettingsScriptCustomizer> (0x00000000ecca8838) 
thrown [s\open\src\hotspot\share\classfile\systemDictionary.cpp, line 256]
Event: 72.372 Thread 0x00000243cb27b420 Exception <a 'java/lang/ClassNotFoundException'{0x00000000eccb6d70}: settings_6g0bdu891de37kedlw9b2vixqCustomizer> (0x00000000eccb6d70) 
thrown [s\open\src\hotspot\share\classfile\systemDictionary.cpp, line 256]
Event: 72.407 Thread 0x00000243cb27b420 Exception <a 'java/lang/ClassNotFoundException'{0x00000000ecb49a98}: org/gradle/initialization/DefaultSettings_DecoratedBeanInfo> (0x00000000ecb49a98) 
thrown [s\open\src\hotspot\share\classfile\systemDictionary.cpp, line 256]
Event: 72.454 Thread 0x00000243cb27b420 Exception <a 'java/lang/ClassNotFoundException'{0x00000000ecb59388}: org/gradle/initialization/DefaultSettingsBeanInfo> (0x00000000ecb59388) 
thrown [s\open\src\hotspot\share\classfile\systemDictionary.cpp, line 256]
Event: 72.455 Thread 0x00000243cb27b420 Exception <a 'java/lang/ClassNotFoundException'{0x00000000ecb68710}: org/gradle/initialization/DefaultSettingsCustomizer> (0x00000000ecb68710) 
thrown [s\open\src\hotspot\share\classfile\systemDictionary.cpp, line 256]
Event: 72.471 Thread 0x00000243cb27b420 Exception <a 'java/lang/ClassNotFoundException'{0x00000000ecbb0bb0}: org/gradle/initialization/DefaultSettings_DecoratedCustomizer> (0x00000000ecbb0bb0) 
thrown [s\open\src\hotspot\share\classfile\systemDictionary.cpp, line 256]
Event: 72.484 Thread 0x00000243cb27b420 Exception <a 'java/lang/ClassNotFoundException'{0x00000000eca2b960}: org/gradle/initialization/DefaultProjectDescriptorBeanInfo> (0x00000000eca2b960) 
thrown [s\open\src\hotspot\share\classfile\systemDictionary.cpp, line 256]
Event: 72.486 Thread 0x00000243cb27b420 Exception <a 'java/lang/ClassNotFoundException'{0x00000000eca3a9c8}: org/gradle/initialization/DefaultProjectDescriptorCustomizer> (0x00000000eca3a9c8) 
thrown [s\open\src\hotspot\share\classfile\systemDictionary.cpp, line 256]
Event: 72.501 Thread 0x00000243cb27b420 Exception <a 'java/lang/NoSuchMethodError'{0x00000000eca893d0}: 'void java.lang.invoke.DirectMethodHandle$Holder.invokeInterface(java.lang.Object, java.lang.Object)'> (0x00000000eca893d0) 
thrown [s\open\src\hotspot\share\interpreter\linkResolver.cpp, line 759]
Event: 77.255 Thread 0x00000243cb27b420 Exception <a 'java/lang/NoSuchMethodError'{0x00000000eba6ddd0}: 'long java.lang.invoke.DirectMethodHandle$Holder.invokeStatic(java.lang.Object, long)'> (0x00000000eba6ddd0) 
thrown [s\open\src\hotspot\share\interpreter\linkResolver.cpp, line 759]
Event: 77.553 Thread 0x00000243cb27b420 Implicit null exception at 0x00000243a64a7480 to 0x00000243a64a7824
Event: 79.345 Thread 0x00000243cb27b420 Exception <a 'java/lang/ClassNotFoundException'{0x00000000eaeea0b8}: build_11xg4e346fv2foejmhgw1onrwBeanInfo> (0x00000000eaeea0b8) 
thrown [s\open\src\hotspot\share\classfile\systemDictionary.cpp, line 256]
Event: 79.347 Thread 0x00000243cb27b420 Exception <a 'java/lang/ClassNotFoundException'{0x00000000eaef5178}: org/gradle/api/internal/project/ProjectScriptBeanInfo> (0x00000000eaef5178) 
thrown [s\open\src\hotspot\share\classfile\systemDictionary.cpp, line 256]
Event: 79.348 Thread 0x00000243cb27b420 Exception <a 'java/lang/ClassNotFoundException'{0x00000000ead00588}: org/gradle/api/internal/project/ProjectScriptCustomizer> (0x00000000ead00588) 
thrown [s\open\src\hotspot\share\classfile\systemDictionary.cpp, line 256]
Event: 79.353 Thread 0x00000243cb27b420 Exception <a 'java/lang/ClassNotFoundException'{0x00000000ead18938}: build_11xg4e346fv2foejmhgw1onrwCustomizer> (0x00000000ead18938) 
thrown [s\open\src\hotspot\share\classfile\systemDictionary.cpp, line 256]
Event: 79.553 Thread 0x00000243cb27b420 Exception <a 'java/lang/ClassNotFoundException'{0x00000000ead73f70}: org/gradle/plugin/use/internal/PluginRequestCollector$PluginDependenciesSpecImplBeanInfo> (0x00000000ead73f70) 
thrown [s\open\src\hotspot\share\classfile\systemDictionary.cpp, line 256]
Event: 79.555 Thread 0x00000243cb27b420 Exception <a 'java/lang/ClassNotFoundException'{0x00000000ead857c8}: org/gradle/plugin/use/internal/PluginRequestCollector$PluginDependenciesSpecImplCustomizer> (0x00000000ead857c8) 
thrown [s\open\src\hotspot\share\classfile\systemDictionary.cpp, line 256]
Event: 79.571 Thread 0x00000243cb27b420 Exception <a 'java/lang/ClassNotFoundException'{0x00000000eadcb0b0}: org/gradle/plugin/use/internal/PluginRequestCollector$PluginDependencySpecImplBeanInfo> (0x00000000eadcb0b0) 
thrown [s\open\src\hotspot\share\classfile\systemDictionary.cpp, line 256]
Event: 79.572 Thread 0x00000243cb27b420 Exception <a 'java/lang/ClassNotFoundException'{0x00000000eaddc668}: org/gradle/plugin/use/internal/PluginRequestCollector$PluginDependencySpecImplCustomizer> (0x00000000eaddc668) 
thrown [s\open\src\hotspot\share\classfile\systemDictionary.cpp, line 256]

VM Operations (20 events):
Event: 72.332 Executing VM operation: HandshakeAllThreads
Event: 72.333 Executing VM operation: HandshakeAllThreads done
Event: 72.355 Executing VM operation: HandshakeAllThreads
Event: 72.355 Executing VM operation: HandshakeAllThreads done
Event: 72.400 Executing VM operation: HandshakeAllThreads
Event: 72.400 Executing VM operation: HandshakeAllThreads done
Event: 73.405 Executing VM operation: Cleanup
Event: 73.405 Executing VM operation: Cleanup done
Event: 73.929 Executing VM operation: HandshakeAllThreads
Event: 73.929 Executing VM operation: HandshakeAllThreads done
Event: 74.931 Executing VM operation: Cleanup
Event: 74.973 Executing VM operation: Cleanup done
Event: 75.975 Executing VM operation: Cleanup
Event: 75.998 Executing VM operation: Cleanup done
Event: 76.999 Executing VM operation: Cleanup
Event: 77.015 Executing VM operation: Cleanup done
Event: 78.022 Executing VM operation: Cleanup
Event: 78.022 Executing VM operation: Cleanup done
Event: 79.035 Executing VM operation: Cleanup
Event: 79.035 Executing VM operation: Cleanup done

Events (20 events):
Event: 77.254 loading class java/util/function/LongUnaryOperator
Event: 77.255 loading class java/util/function/LongUnaryOperator done
Event: 78.916 loading class javax/net/ssl/HostnameVerifier
Event: 78.926 loading class javax/net/ssl/HostnameVerifier done
Event: 78.932 loading class javax/net/ssl/TrustManager
Event: 78.943 loading class javax/net/ssl/TrustManager done
Event: 78.945 loading class javax/net/ssl/X509TrustManager
Event: 78.947 loading class javax/net/ssl/X509TrustManager done
Event: 78.951 loading class javax/net/ssl/SSLException
Event: 78.964 loading class javax/net/ssl/SSLException done
Event: 78.964 loading class javax/net/ssl/SSLPeerUnverifiedException
Event: 78.971 loading class javax/net/ssl/SSLPeerUnverifiedException done
Event: 78.971 loading class javax/naming/NamingException
Event: 78.972 loading class javax/naming/NamingException done
Event: 78.972 loading class javax/naming/InvalidNameException
Event: 78.973 loading class javax/naming/InvalidNameException done
Event: 78.973 loading class java/security/cert/CertificateParsingException
Event: 78.981 loading class java/security/cert/CertificateException
Event: 78.983 loading class java/security/cert/CertificateException done
Event: 78.983 loading class java/security/cert/CertificateParsingException done


Dynamic libraries:
0x00007ff753690000 - 0x00007ff7536a0000 	C:\Java\jdk-17\bin\java.exe
0x00007ff9f14d0000 - 0x00007ff9f16c8000 	C:\WINDOWS\SYSTEM32\ntdll.dll
0x00007ff9eff60000 - 0x00007ff9f0022000 	C:\WINDOWS\System32\KERNEL32.DLL
0x00007ff9ef1f0000 - 0x00007ff9ef4ef000 	C:\WINDOWS\System32\KERNELBASE.dll
0x00007ff9eee10000 - 0x00007ff9eef10000 	C:\WINDOWS\System32\ucrtbase.dll
0x00007ff9de370000 - 0x00007ff9de38b000 	C:\Java\jdk-17\bin\VCRUNTIME140.dll
0x00007ff9cbf80000 - 0x00007ff9cbf99000 	C:\Java\jdk-17\bin\jli.dll
0x00007ff9ef510000 - 0x00007ff9ef5bf000 	C:\WINDOWS\System32\ADVAPI32.dll
0x00007ff9ef6f0000 - 0x00007ff9ef78e000 	C:\WINDOWS\System32\msvcrt.dll
0x00007ff9f0d00000 - 0x00007ff9f0d9f000 	C:\WINDOWS\System32\sechost.dll
0x00007ff9f0e60000 - 0x00007ff9f0f83000 	C:\WINDOWS\System32\RPCRT4.dll
0x00007ff9ef080000 - 0x00007ff9ef0a7000 	C:\WINDOWS\System32\bcrypt.dll
0x00007ff9efc10000 - 0x00007ff9efdad000 	C:\WINDOWS\System32\USER32.dll
0x00007ff9dd530000 - 0x00007ff9dd7ca000 	C:\WINDOWS\WinSxS\amd64_microsoft.windows.common-controls_6595b64144ccf1df_6.0.19041.4355_none_60b8b9eb71f62e16\COMCTL32.dll
0x00007ff9f0390000 - 0x00007ff9f03bb000 	C:\WINDOWS\System32\GDI32.dll
0x00007ff9eed70000 - 0x00007ff9eed92000 	C:\WINDOWS\System32\win32u.dll
0x00007ff9eef60000 - 0x00007ff9ef07a000 	C:\WINDOWS\System32\gdi32full.dll
0x00007ff9eeb70000 - 0x00007ff9eec0d000 	C:\WINDOWS\System32\msvcp_win.dll
0x00007ff9e1fc0000 - 0x00007ff9e1fca000 	C:\WINDOWS\SYSTEM32\VERSION.dll
0x00007ff9ef5c0000 - 0x00007ff9ef5ef000 	C:\WINDOWS\System32\IMM32.DLL
0x00007ff9e64d0000 - 0x00007ff9e64dc000 	C:\Java\jdk-17\bin\vcruntime140_1.dll
0x00007ff9cd290000 - 0x00007ff9cd31e000 	C:\Java\jdk-17\bin\msvcp140.dll
0x00007ff95aa50000 - 0x00007ff95b630000 	C:\Java\jdk-17\bin\server\jvm.dll
0x00007ff9ef4f0000 - 0x00007ff9ef4f8000 	C:\WINDOWS\System32\PSAPI.DLL
0x00007ff9def00000 - 0x00007ff9def09000 	C:\WINDOWS\SYSTEM32\WSOCK32.dll
0x00007ff9f0b30000 - 0x00007ff9f0b9b000 	C:\WINDOWS\System32\WS2_32.dll
0x00007ff9de390000 - 0x00007ff9de3b7000 	C:\WINDOWS\SYSTEM32\WINMM.dll
0x00007ff9ed3b0000 - 0x00007ff9ed3c2000 	C:\WINDOWS\SYSTEM32\kernel.appcore.dll
0x00007ff9e4300000 - 0x00007ff9e430a000 	C:\Java\jdk-17\bin\jimage.dll
0x00007ff9ed070000 - 0x00007ff9ed254000 	C:\WINDOWS\SYSTEM32\DBGHELP.DLL
0x00007ff9e3470000 - 0x00007ff9e34a4000 	C:\WINDOWS\SYSTEM32\dbgcore.DLL
0x00007ff9ef0b0000 - 0x00007ff9ef132000 	C:\WINDOWS\System32\bcryptPrimitives.dll
0x00007ff9e34b0000 - 0x00007ff9e34be000 	C:\Java\jdk-17\bin\instrument.dll
0x00007ff9a5e20000 - 0x00007ff9a5e45000 	C:\Java\jdk-17\bin\java.dll
0x00007ff9a5d40000 - 0x00007ff9a5e17000 	C:\Java\jdk-17\bin\jsvml.dll
0x00007ff9f03c0000 - 0x00007ff9f0b2d000 	C:\WINDOWS\System32\SHELL32.dll
0x00007ff9ec7e0000 - 0x00007ff9ecf84000 	C:\WINDOWS\SYSTEM32\windows.storage.dll
0x00007ff9ef8b0000 - 0x00007ff9efc05000 	C:\WINDOWS\System32\combase.dll
0x00007ff9ee5a0000 - 0x00007ff9ee5cb000 	C:\WINDOWS\SYSTEM32\Wldp.dll
0x00007ff9f0210000 - 0x00007ff9f02dd000 	C:\WINDOWS\System32\OLEAUT32.dll
0x00007ff9f02e0000 - 0x00007ff9f038d000 	C:\WINDOWS\System32\SHCORE.dll
0x00007ff9f0e00000 - 0x00007ff9f0e55000 	C:\WINDOWS\System32\shlwapi.dll
0x00007ff9eeaa0000 - 0x00007ff9eeac5000 	C:\WINDOWS\SYSTEM32\profapi.dll
0x00007ff9b8fa0000 - 0x00007ff9b8fb8000 	C:\Java\jdk-17\bin\zip.dll
0x00007ff9b2930000 - 0x00007ff9b2949000 	C:\Java\jdk-17\bin\net.dll
0x00007ff9e2c50000 - 0x00007ff9e2d5a000 	C:\WINDOWS\SYSTEM32\WINHTTP.dll
0x00007ff9ee300000 - 0x00007ff9ee36c000 	C:\WINDOWS\system32\mswsock.dll
0x00007ff9a5d20000 - 0x00007ff9a5d36000 	C:\Java\jdk-17\bin\nio.dll
0x00007ff9e4210000 - 0x00007ff9e4220000 	C:\Java\jdk-17\bin\verify.dll
0x00007ff9e0f80000 - 0x00007ff9e0fa7000 	C:\Users\dkanr\.gradle\native\1def1411415f61bf3af743bc5b6707747c0891f09f0c88961ee8f79bc544acac\windows-amd64\native-platform.dll
0x00007ff9cde30000 - 0x00007ff9cdea8000 	C:\Users\dkanr\.gradle\native\0.2.6\x86_64-windows-gnu\gradle-fileevents.dll
0x00007ff9e4230000 - 0x00007ff9e423a000 	C:\Java\jdk-17\bin\management.dll
0x00007ff9e4220000 - 0x00007ff9e422b000 	C:\Java\jdk-17\bin\management_ext.dll
0x00007ff9edf90000 - 0x00007ff9edfcb000 	C:\WINDOWS\SYSTEM32\IPHLPAPI.DLL
0x00007ff9ef5f0000 - 0x00007ff9ef5f8000 	C:\WINDOWS\System32\NSI.dll
0x00007ff9e2d60000 - 0x00007ff9e2d77000 	C:\WINDOWS\SYSTEM32\dhcpcsvc6.DLL
0x00007ff9e3210000 - 0x00007ff9e322d000 	C:\WINDOWS\SYSTEM32\dhcpcsvc.DLL
0x00007ff9edfe0000 - 0x00007ff9ee0aa000 	C:\WINDOWS\SYSTEM32\DNSAPI.dll
0x00007ff9ee500000 - 0x00007ff9ee518000 	C:\WINDOWS\SYSTEM32\CRYPTSP.dll
0x00007ff9edb90000 - 0x00007ff9edbc8000 	C:\WINDOWS\system32\rsaenh.dll
0x00007ff9eea60000 - 0x00007ff9eea8e000 	C:\WINDOWS\SYSTEM32\USERENV.dll
0x00007ff9ee4f0000 - 0x00007ff9ee4fc000 	C:\WINDOWS\SYSTEM32\CRYPTBASE.dll
0x00007ff9e4120000 - 0x00007ff9e412e000 	C:\Java\jdk-17\bin\sunmscapi.dll
0x00007ff9eec10000 - 0x00007ff9eed6c000 	C:\WINDOWS\System32\CRYPT32.dll
0x00007ff9ee610000 - 0x00007ff9ee637000 	C:\WINDOWS\SYSTEM32\ncrypt.dll
0x00007ff9ee5d0000 - 0x00007ff9ee60b000 	C:\WINDOWS\SYSTEM32\NTASN1.dll
0x00007ff9e42c0000 - 0x00007ff9e42c7000 	C:\WINDOWS\system32\wshunix.dll

dbghelp: loaded successfully - version: 4.0.5 - missing functions: none
symbol engine: initialized successfully - sym options: 0x614 - pdb path: .;C:\Java\jdk-17\bin;C:\WINDOWS\SYSTEM32;C:\WINDOWS\WinSxS\amd64_microsoft.windows.common-controls_6595b64144ccf1df_6.0.19041.4355_none_60b8b9eb71f62e16;C:\Java\jdk-17\bin\server;C:\Users\dkanr\.gradle\native\1def1411415f61bf3af743bc5b6707747c0891f09f0c88961ee8f79bc544acac\windows-amd64;C:\Users\dkanr\.gradle\native\0.2.6\x86_64-windows-gnu

VM Arguments:
jvm_args: --add-opens=java.base/java.lang=ALL-UNNAMED --add-opens=java.base/java.lang.invoke=ALL-UNNAMED --add-opens=java.base/java.util=ALL-UNNAMED --add-opens=java.prefs/java.util.prefs=ALL-UNNAMED --add-exports=jdk.compiler/com.sun.tools.javac.api=ALL-UNNAMED --add-exports=jdk.compiler/com.sun.tools.javac.util=ALL-UNNAMED --add-opens=java.base/java.util=ALL-UNNAMED --add-opens=java.prefs/java.util.prefs=ALL-UNNAMED --add-opens=java.base/java.nio.charset=ALL-UNNAMED --add-opens=java.base/java.net=ALL-UNNAMED --add-opens=java.base/java.util.concurrent.atomic=ALL-UNNAMED --add-opens=java.xml/javax.xml.namespace=ALL-UNNAMED -XX:MaxMetaspaceSize=384m -XX:+HeapDumpOnOutOfMemoryError -Xms256m -Xmx512m -Dfile.encoding=UTF-8 -Duser.country=KR -Duser.language=ko -Duser.variant -javaagent:C:\Users\dkanr\.gradle\wrapper\dists\gradle-8.12.1-bin\eumc4uhoysa37zql93vfjkxy0\gradle-8.12.1\lib\agents\gradle-instrumentation-agent-8.12.1.jar 
java_command: org.gradle.launcher.daemon.bootstrap.GradleDaemon 8.12.1
java_class_path (initial): C:\Users\dkanr\.gradle\wrapper\dists\gradle-8.12.1-bin\eumc4uhoysa37zql93vfjkxy0\gradle-8.12.1\lib\gradle-daemon-main-8.12.1.jar
Launcher Type: SUN_STANDARD

[Global flags]
     intx CICompilerCount                          = 3                                         {product} {ergonomic}
   size_t CompressedClassSpaceSize                 = 335544320                                 {product} {ergonomic}
     uint ConcGCThreads                            = 1                                         {product} {ergonomic}
     uint G1ConcRefinementThreads                  = 4                                         {product} {ergonomic}
   size_t G1HeapRegionSize                         = 1048576                                   {product} {ergonomic}
    uintx GCDrainStackTargetSize                   = 64                                        {product} {ergonomic}
     bool HeapDumpOnOutOfMemoryError               = true                                   {manageable} {command line}
   size_t InitialHeapSize                          = 268435456                                 {product} {command line}
   size_t MarkStackSize                            = 4194304                                   {product} {ergonomic}
   size_t MaxHeapSize                              = 536870912                                 {product} {command line}
   size_t MaxMetaspaceSize                         = 402653184                                 {product} {command line}
   size_t MaxNewSize                               = 321912832                                 {product} {ergonomic}
   size_t MinHeapDeltaBytes                        = 1048576                                   {product} {ergonomic}
   size_t MinHeapSize                              = 268435456                                 {product} {command line}
    uintx NonNMethodCodeHeapSize                   = 5832780                                {pd product} {ergonomic}
    uintx NonProfiledCodeHeapSize                  = 122912730                              {pd product} {ergonomic}
    uintx ProfiledCodeHeapSize                     = 122912730                              {pd product} {ergonomic}
    uintx ReservedCodeCacheSize                    = 251658240                              {pd product} {ergonomic}
     bool SegmentedCodeCache                       = true                                      {product} {ergonomic}
   size_t SoftMaxHeapSize                          = 536870912                              {manageable} {ergonomic}
     bool UseCompressedClassPointers               = true                           {product lp64_product} {ergonomic}
     bool UseCompressedOops                        = true                           {product lp64_product} {ergonomic}
     bool UseG1GC                                  = true                                      {product} {ergonomic}
     bool UseLargePagesIndividualAllocation        = false                                  {pd product} {ergonomic}

Logging:
Log output configuration:
 #0: stdout all=warning uptime,level,tags
 #1: stderr all=off uptime,level,tags

Environment Variables:
JAVA_HOME=C:\Java\jdk-17
PATH=C:\Java\jdk-17\bin;C:\Program Files\Common Files\Oracle\Java\javapath;C:\Python312\Scripts\;C:\Python312\;%CPLEX_STUDIO_BINARIES201%;C:\Program Files (x86)\Intel\iCLS Client\;C:\Program Files\Intel\iCLS Client\;C:\WINDOWS\system32;C:\WINDOWS;C:\WINDOWS\System32\Wbem;C:\WINDOWS\System32\WindowsPowerShell\v1.0\;C:\Program Files (x86)\Intel\Intel(R) Management Engine Components\DAL;C:\Program Files\Intel\Intel(R) Management Engine Components\DAL;C:\Program Files (x86)\Intel\Intel(R) Management Engine Components\IPT;C:\Program Files\Intel\Intel(R) Management Engine Components\IPT;C:\WINDOWS\System32\OpenSSH\;C:\Program Files\Intel\WiFi\bin\;C:\Program Files\Common Files\Intel\WirelessCommon\;C:\Program Files\nodejs\;C:\ProgramData\chocolatey\bin;C:\Users\dkanr\AppData\Roaming\Microsoft\Windows\Start Menu\Programs\Git\Git CMD;C:\Program Files\Bandizip\;C:\Users\dkanr\AppData\Local\Programs\Python\Python312\Scripts\;C:\Users\dkanr\AppData\Local\Programs\Python\Python312\;C:\Users\dkanr\AppData\Local\Microsoft\WindowsApps;C:\Users\dkanr\AppData\Local\Programs\Microsoft VS Code\bin;C:\Users\dkanr\AppData\Roaming\npm;C:\Users\dkanr\AppData\Local\Programs\Git\cmd
USERNAME=dkanr
OS=Windows_NT
PROCESSOR_IDENTIFIER=Intel64 Family 6 Model 142 Stepping 9, GenuineIntel



---------------  S Y S T E M  ---------------

OS:
 Windows 10 , 64 bit Build 19041 (10.0.19041.5438)
OS uptime: 9 days 21:06 hours
Hyper-V role detected

CPU: total 4 (initial active 4) (2 cores per cpu, 2 threads per core) family 6 model 142 stepping 9 microcode 0xb4, cx8, cmov, fxsr, ht, mmx, 3dnowpref, sse, sse2, sse3, ssse3, sse4.1, sse4.2, popcnt, lzcnt, tsc, tscinvbit, avx, avx2, aes, erms, clmul, bmi1, bmi2, adx, fma, vzeroupper, clflush, clflushopt, hv

Memory: 4k page, system-wide physical 8107M (182M free)
TotalPageFile size 32683M (AvailPageFile size 0M)
current process WorkingSet (physical memory assigned to process): 321M, peak: 333M
current process commit charge ("private bytes"): 445M, peak: 447M

vm_info: Java HotSpot(TM) 64-Bit Server VM (17.0.12+8-LTS-286) for windows-amd64 JRE (17.0.12+8-LTS-286), built on Jun  5 2024 06:46:59 by "mach5one" with MS VC++ 17.6 (VS2022)

END.
